{"total": {"lines":{"total":2094,"covered":1831,"skipped":0,"pct":87.44},"statements":{"total":2314,"covered":2007,"skipped":0,"pct":86.73},"functions":{"total":713,"covered":619,"skipped":0,"pct":86.81},"branches":{"total":2077,"covered":1679,"skipped":0,"pct":80.83},"branchesTrue":{"total":0,"covered":0,"skipped":0,"pct":100}}
,"C:\\Users\\aditn\\OneDrive\\Desktop\\Cursor\\Aandsz-Forces-ATS-CS490\\frontend\\src\\App.jsx": {"lines":{"total":59,"covered":58,"skipped":0,"pct":98.3},"functions":{"total":47,"covered":45,"skipped":0,"pct":95.74},"statements":{"total":93,"covered":91,"skipped":0,"pct":97.84},"branches":{"total":4,"covered":3,"skipped":0,"pct":75}}
,"C:\\Users\\aditn\\OneDrive\\Desktop\\Cursor\\Aandsz-Forces-ATS-CS490\\frontend\\src\\api.js": {"lines":{"total":83,"covered":77,"skipped":0,"pct":92.77},"functions":{"total":56,"covered":55,"skipped":0,"pct":98.21},"statements":{"total":131,"covered":124,"skipped":0,"pct":94.65},"branches":{"total":25,"covered":17,"skipped":0,"pct":68}}
,"C:\\Users\\aditn\\OneDrive\\Desktop\\Cursor\\Aandsz-Forces-ATS-CS490\\frontend\\src\\components\\CertificationForm.jsx": {"lines":{"total":119,"covered":101,"skipped":0,"pct":84.87},"functions":{"total":36,"covered":32,"skipped":0,"pct":88.88},"statements":{"total":124,"covered":102,"skipped":0,"pct":82.25},"branches":{"total":137,"covered":106,"skipped":0,"pct":77.37}}
,"C:\\Users\\aditn\\OneDrive\\Desktop\\Cursor\\Aandsz-Forces-ATS-CS490\\frontend\\src\\components\\CertificationSection.jsx": {"lines":{"total":75,"covered":61,"skipped":0,"pct":81.33},"functions":{"total":31,"covered":24,"skipped":0,"pct":77.41},"statements":{"total":82,"covered":65,"skipped":0,"pct":79.26},"branches":{"total":80,"covered":66,"skipped":0,"pct":82.5}}
,"C:\\Users\\aditn\\OneDrive\\Desktop\\Cursor\\Aandsz-Forces-ATS-CS490\\frontend\\src\\components\\EducationForm.jsx": {"lines":{"total":21,"covered":21,"skipped":0,"pct":100},"functions":{"total":13,"covered":13,"skipped":0,"pct":100},"statements":{"total":21,"covered":21,"skipped":0,"pct":100},"branches":{"total":12,"covered":12,"skipped":0,"pct":100}}
,"C:\\Users\\aditn\\OneDrive\\Desktop\\Cursor\\Aandsz-Forces-ATS-CS490\\frontend\\src\\components\\EducationSection.jsx": {"lines":{"total":49,"covered":49,"skipped":0,"pct":100},"functions":{"total":19,"covered":19,"skipped":0,"pct":100},"statements":{"total":60,"covered":59,"skipped":0,"pct":98.33},"branches":{"total":64,"covered":59,"skipped":0,"pct":92.18}}
,"C:\\Users\\aditn\\OneDrive\\Desktop\\Cursor\\Aandsz-Forces-ATS-CS490\\frontend\\src\\components\\EmploymentForm.jsx": {"lines":{"total":25,"covered":24,"skipped":0,"pct":96},"functions":{"total":10,"covered":9,"skipped":0,"pct":90},"statements":{"total":25,"covered":24,"skipped":0,"pct":96},"branches":{"total":41,"covered":39,"skipped":0,"pct":95.12}}
,"C:\\Users\\aditn\\OneDrive\\Desktop\\Cursor\\Aandsz-Forces-ATS-CS490\\frontend\\src\\components\\FormField.jsx": {"lines":{"total":4,"covered":4,"skipped":0,"pct":100},"functions":{"total":2,"covered":2,"skipped":0,"pct":100},"statements":{"total":4,"covered":4,"skipped":0,"pct":100},"branches":{"total":5,"covered":5,"skipped":0,"pct":100}}
,"C:\\Users\\aditn\\OneDrive\\Desktop\\Cursor\\Aandsz-Forces-ATS-CS490\\frontend\\src\\components\\FormattingIssuesList.jsx": {"lines":{"total":14,"covered":14,"skipped":0,"pct":100},"functions":{"total":5,"covered":5,"skipped":0,"pct":100},"statements":{"total":14,"covered":14,"skipped":0,"pct":100},"branches":{"total":24,"covered":24,"skipped":0,"pct":100}}
,"C:\\Users\\aditn\\OneDrive\\Desktop\\Cursor\\Aandsz-Forces-ATS-CS490\\frontend\\src\\components\\ImprovementSuggestions.jsx": {"lines":{"total":27,"covered":26,"skipped":0,"pct":96.29},"functions":{"total":6,"covered":6,"skipped":0,"pct":100},"statements":{"total":27,"covered":26,"skipped":0,"pct":96.29},"branches":{"total":38,"covered":37,"skipped":0,"pct":97.36}}
,"C:\\Users\\aditn\\OneDrive\\Desktop\\Cursor\\Aandsz-Forces-ATS-CS490\\frontend\\src\\components\\JobSearchFilter.jsx": {"lines":{"total":23,"covered":23,"skipped":0,"pct":100},"functions":{"total":11,"covered":11,"skipped":0,"pct":100},"statements":{"total":27,"covered":27,"skipped":0,"pct":100},"branches":{"total":40,"covered":35,"skipped":0,"pct":87.5}}
,"C:\\Users\\aditn\\OneDrive\\Desktop\\Cursor\\Aandsz-Forces-ATS-CS490\\frontend\\src\\components\\JobsTabs.jsx": {"lines":{"total":14,"covered":14,"skipped":0,"pct":100},"functions":{"total":4,"covered":4,"skipped":0,"pct":100},"statements":{"total":16,"covered":16,"skipped":0,"pct":100},"branches":{"total":6,"covered":6,"skipped":0,"pct":100}}
,"C:\\Users\\aditn\\OneDrive\\Desktop\\Cursor\\Aandsz-Forces-ATS-CS490\\frontend\\src\\components\\LegalModal.jsx": {"lines":{"total":5,"covered":5,"skipped":0,"pct":100},"functions":{"total":4,"covered":4,"skipped":0,"pct":100},"statements":{"total":6,"covered":6,"skipped":0,"pct":100},"branches":{"total":6,"covered":6,"skipped":0,"pct":100}}
,"C:\\Users\\aditn\\OneDrive\\Desktop\\Cursor\\Aandsz-Forces-ATS-CS490\\frontend\\src\\components\\LinkedInOAuthButton.jsx": {"lines":{"total":18,"covered":18,"skipped":0,"pct":100},"functions":{"total":5,"covered":5,"skipped":0,"pct":100},"statements":{"total":18,"covered":18,"skipped":0,"pct":100},"branches":{"total":12,"covered":12,"skipped":0,"pct":100}}
,"C:\\Users\\aditn\\OneDrive\\Desktop\\Cursor\\Aandsz-Forces-ATS-CS490\\frontend\\src\\components\\LinkedInProfileOptimization.jsx": {"lines":{"total":39,"covered":34,"skipped":0,"pct":87.17},"functions":{"total":9,"covered":6,"skipped":0,"pct":66.66},"statements":{"total":42,"covered":37,"skipped":0,"pct":88.09},"branches":{"total":57,"covered":42,"skipped":0,"pct":73.68}}
,"C:\\Users\\aditn\\OneDrive\\Desktop\\Cursor\\Aandsz-Forces-ATS-CS490\\frontend\\src\\components\\MentorNavBar.jsx": {"lines":{"total":10,"covered":10,"skipped":0,"pct":100},"functions":{"total":4,"covered":4,"skipped":0,"pct":100},"statements":{"total":10,"covered":10,"skipped":0,"pct":100},"branches":{"total":8,"covered":7,"skipped":0,"pct":87.5}}
,"C:\\Users\\aditn\\OneDrive\\Desktop\\Cursor\\Aandsz-Forces-ATS-CS490\\frontend\\src\\components\\MissingItemsList.jsx": {"lines":{"total":5,"covered":5,"skipped":0,"pct":100},"functions":{"total":3,"covered":3,"skipped":0,"pct":100},"statements":{"total":5,"covered":5,"skipped":0,"pct":100},"branches":{"total":10,"covered":10,"skipped":0,"pct":100}}
,"C:\\Users\\aditn\\OneDrive\\Desktop\\Cursor\\Aandsz-Forces-ATS-CS490\\frontend\\src\\components\\NavBar.jsx": {"lines":{"total":23,"covered":23,"skipped":0,"pct":100},"functions":{"total":9,"covered":9,"skipped":0,"pct":100},"statements":{"total":23,"covered":23,"skipped":0,"pct":100},"branches":{"total":25,"covered":21,"skipped":0,"pct":84}}
,"C:\\Users\\aditn\\OneDrive\\Desktop\\Cursor\\Aandsz-Forces-ATS-CS490\\frontend\\src\\components\\OfferForm.jsx": {"lines":{"total":75,"covered":74,"skipped":0,"pct":98.66},"functions":{"total":24,"covered":24,"skipped":0,"pct":100},"statements":{"total":85,"covered":84,"skipped":0,"pct":98.82},"branches":{"total":205,"covered":178,"skipped":0,"pct":86.82}}
,"C:\\Users\\aditn\\OneDrive\\Desktop\\Cursor\\Aandsz-Forces-ATS-CS490\\frontend\\src\\components\\ProfileCompleteness.jsx": {"lines":{"total":4,"covered":4,"skipped":0,"pct":100},"functions":{"total":1,"covered":1,"skipped":0,"pct":100},"statements":{"total":4,"covered":4,"skipped":0,"pct":100},"branches":{"total":10,"covered":10,"skipped":0,"pct":100}}
,"C:\\Users\\aditn\\OneDrive\\Desktop\\Cursor\\Aandsz-Forces-ATS-CS490\\frontend\\src\\components\\ProfileForm.jsx": {"lines":{"total":21,"covered":20,"skipped":0,"pct":95.23},"functions":{"total":6,"covered":6,"skipped":0,"pct":100},"statements":{"total":23,"covered":22,"skipped":0,"pct":95.65},"branches":{"total":10,"covered":9,"skipped":0,"pct":90}}
,"C:\\Users\\aditn\\OneDrive\\Desktop\\Cursor\\Aandsz-Forces-ATS-CS490\\frontend\\src\\components\\ProfileNavBar.jsx": {"lines":{"total":8,"covered":8,"skipped":0,"pct":100},"functions":{"total":3,"covered":3,"skipped":0,"pct":100},"statements":{"total":8,"covered":8,"skipped":0,"pct":100},"branches":{"total":9,"covered":8,"skipped":0,"pct":88.88}}
,"C:\\Users\\aditn\\OneDrive\\Desktop\\Cursor\\Aandsz-Forces-ATS-CS490\\frontend\\src\\components\\ProfilePictureUpload.jsx": {"lines":{"total":23,"covered":22,"skipped":0,"pct":95.65},"functions":{"total":5,"covered":4,"skipped":0,"pct":80},"statements":{"total":26,"covered":25,"skipped":0,"pct":96.15},"branches":{"total":13,"covered":11,"skipped":0,"pct":84.61}}
,"C:\\Users\\aditn\\OneDrive\\Desktop\\Cursor\\Aandsz-Forces-ATS-CS490\\frontend\\src\\components\\ProjectDetailModal.jsx": {"lines":{"total":12,"covered":12,"skipped":0,"pct":100},"functions":{"total":7,"covered":7,"skipped":0,"pct":100},"statements":{"total":14,"covered":14,"skipped":0,"pct":100},"branches":{"total":34,"covered":34,"skipped":0,"pct":100}}
,"C:\\Users\\aditn\\OneDrive\\Desktop\\Cursor\\Aandsz-Forces-ATS-CS490\\frontend\\src\\components\\ProjectForm.jsx": {"lines":{"total":18,"covered":18,"skipped":0,"pct":100},"functions":{"total":3,"covered":3,"skipped":0,"pct":100},"statements":{"total":18,"covered":18,"skipped":0,"pct":100},"branches":{"total":42,"covered":41,"skipped":0,"pct":97.61}}
,"C:\\Users\\aditn\\OneDrive\\Desktop\\Cursor\\Aandsz-Forces-ATS-CS490\\frontend\\src\\components\\ProjectSection.jsx": {"lines":{"total":142,"covered":132,"skipped":0,"pct":92.95},"functions":{"total":51,"covered":48,"skipped":0,"pct":94.11},"statements":{"total":148,"covered":138,"skipped":0,"pct":93.24},"branches":{"total":129,"covered":108,"skipped":0,"pct":83.72}}
,"C:\\Users\\aditn\\OneDrive\\Desktop\\Cursor\\Aandsz-Forces-ATS-CS490\\frontend\\src\\components\\QualityScoreCard.jsx": {"lines":{"total":19,"covered":19,"skipped":0,"pct":100},"functions":{"total":3,"covered":3,"skipped":0,"pct":100},"statements":{"total":25,"covered":25,"skipped":0,"pct":100},"branches":{"total":44,"covered":41,"skipped":0,"pct":93.18}}
,"C:\\Users\\aditn\\OneDrive\\Desktop\\Cursor\\Aandsz-Forces-ATS-CS490\\frontend\\src\\components\\RequirementsMatchAnalysis.jsx": {"lines":{"total":58,"covered":0,"skipped":0,"pct":0},"functions":{"total":16,"covered":0,"skipped":0,"pct":0},"statements":{"total":65,"covered":0,"skipped":0,"pct":0},"branches":{"total":64,"covered":0,"skipped":0,"pct":0}}
,"C:\\Users\\aditn\\OneDrive\\Desktop\\Cursor\\Aandsz-Forces-ATS-CS490\\frontend\\src\\components\\ResumeOptimize.jsx": {"lines":{"total":21,"covered":21,"skipped":0,"pct":100},"functions":{"total":8,"covered":8,"skipped":0,"pct":100},"statements":{"total":24,"covered":24,"skipped":0,"pct":100},"branches":{"total":16,"covered":14,"skipped":0,"pct":87.5}}
,"C:\\Users\\aditn\\OneDrive\\Desktop\\Cursor\\Aandsz-Forces-ATS-CS490\\frontend\\src\\components\\Resumeview.jsx": {"lines":{"total":19,"covered":19,"skipped":0,"pct":100},"functions":{"total":4,"covered":4,"skipped":0,"pct":100},"statements":{"total":20,"covered":20,"skipped":0,"pct":100},"branches":{"total":2,"covered":2,"skipped":0,"pct":100}}
,"C:\\Users\\aditn\\OneDrive\\Desktop\\Cursor\\Aandsz-Forces-ATS-CS490\\frontend\\src\\components\\ScheduleCalendar.jsx": {"lines":{"total":48,"covered":0,"skipped":0,"pct":0},"functions":{"total":12,"covered":0,"skipped":0,"pct":0},"statements":{"total":51,"covered":0,"skipped":0,"pct":0},"branches":{"total":33,"covered":0,"skipped":0,"pct":0}}
,"C:\\Users\\aditn\\OneDrive\\Desktop\\Cursor\\Aandsz-Forces-ATS-CS490\\frontend\\src\\components\\ScoreBreakdown.jsx": {"lines":{"total":14,"covered":12,"skipped":0,"pct":85.71},"functions":{"total":3,"covered":3,"skipped":0,"pct":100},"statements":{"total":16,"covered":14,"skipped":0,"pct":87.5},"branches":{"total":28,"covered":22,"skipped":0,"pct":78.57}}
,"C:\\Users\\aditn\\OneDrive\\Desktop\\Cursor\\Aandsz-Forces-ATS-CS490\\frontend\\src\\components\\SkillDist.jsx": {"lines":{"total":8,"covered":8,"skipped":0,"pct":100},"functions":{"total":3,"covered":3,"skipped":0,"pct":100},"statements":{"total":9,"covered":9,"skipped":0,"pct":100},"branches":{"total":8,"covered":8,"skipped":0,"pct":100}}
,"C:\\Users\\aditn\\OneDrive\\Desktop\\Cursor\\Aandsz-Forces-ATS-CS490\\frontend\\src\\components\\SkillsForm.jsx": {"lines":{"total":21,"covered":21,"skipped":0,"pct":100},"functions":{"total":6,"covered":6,"skipped":0,"pct":100},"statements":{"total":22,"covered":22,"skipped":0,"pct":100},"branches":{"total":8,"covered":7,"skipped":0,"pct":87.5}}
,"C:\\Users\\aditn\\OneDrive\\Desktop\\Cursor\\Aandsz-Forces-ATS-CS490\\frontend\\src\\components\\Spinner.jsx": {"lines":{"total":1,"covered":1,"skipped":0,"pct":100},"functions":{"total":1,"covered":1,"skipped":0,"pct":100},"statements":{"total":1,"covered":1,"skipped":0,"pct":100},"branches":{"total":0,"covered":0,"skipped":0,"pct":100}}
,"C:\\Users\\aditn\\OneDrive\\Desktop\\Cursor\\Aandsz-Forces-ATS-CS490\\frontend\\src\\components\\UpcomingDeadlinesWidget.jsx": {"lines":{"total":32,"covered":30,"skipped":0,"pct":93.75},"functions":{"total":11,"covered":11,"skipped":0,"pct":100},"statements":{"total":39,"covered":34,"skipped":0,"pct":87.17},"branches":{"total":23,"covered":16,"skipped":0,"pct":69.56}}
,"C:\\Users\\aditn\\OneDrive\\Desktop\\Cursor\\Aandsz-Forces-ATS-CS490\\frontend\\src\\components\\charts\\ApplicationsTrendChart.jsx": {"lines":{"total":2,"covered":2,"skipped":0,"pct":100},"functions":{"total":2,"covered":2,"skipped":0,"pct":100},"statements":{"total":3,"covered":3,"skipped":0,"pct":100},"branches":{"total":6,"covered":6,"skipped":0,"pct":100}}
,"C:\\Users\\aditn\\OneDrive\\Desktop\\Cursor\\Aandsz-Forces-ATS-CS490\\frontend\\src\\components\\charts\\FunnelChart.jsx": {"lines":{"total":2,"covered":2,"skipped":0,"pct":100},"functions":{"total":1,"covered":1,"skipped":0,"pct":100},"statements":{"total":2,"covered":2,"skipped":0,"pct":100},"branches":{"total":7,"covered":7,"skipped":0,"pct":100}}
,"C:\\Users\\aditn\\OneDrive\\Desktop\\Cursor\\Aandsz-Forces-ATS-CS490\\frontend\\src\\components\\charts\\GoalRing.jsx": {"lines":{"total":4,"covered":4,"skipped":0,"pct":100},"functions":{"total":1,"covered":1,"skipped":0,"pct":100},"statements":{"total":4,"covered":4,"skipped":0,"pct":100},"branches":{"total":5,"covered":5,"skipped":0,"pct":100}}
,"C:\\Users\\aditn\\OneDrive\\Desktop\\Cursor\\Aandsz-Forces-ATS-CS490\\frontend\\src\\components\\charts\\StageTimeChart.jsx": {"lines":{"total":2,"covered":2,"skipped":0,"pct":100},"functions":{"total":2,"covered":2,"skipped":0,"pct":100},"statements":{"total":3,"covered":3,"skipped":0,"pct":100},"branches":{"total":5,"covered":5,"skipped":0,"pct":100}}
,"C:\\Users\\aditn\\OneDrive\\Desktop\\Cursor\\Aandsz-Forces-ATS-CS490\\frontend\\src\\contexts\\AuthContext.jsx": {"lines":{"total":13,"covered":13,"skipped":0,"pct":100},"functions":{"total":6,"covered":6,"skipped":0,"pct":100},"statements":{"total":14,"covered":14,"skipped":0,"pct":100},"branches":{"total":2,"covered":2,"skipped":0,"pct":100}}
,"C:\\Users\\aditn\\OneDrive\\Desktop\\Cursor\\Aandsz-Forces-ATS-CS490\\frontend\\src\\contexts\\ProfileContext.jsx": {"lines":{"total":9,"covered":9,"skipped":0,"pct":100},"functions":{"total":4,"covered":4,"skipped":0,"pct":100},"statements":{"total":10,"covered":10,"skipped":0,"pct":100},"branches":{"total":2,"covered":2,"skipped":0,"pct":100}}
,"C:\\Users\\aditn\\OneDrive\\Desktop\\Cursor\\Aandsz-Forces-ATS-CS490\\frontend\\src\\contexts\\TeamContext.jsx": {"lines":{"total":34,"covered":34,"skipped":0,"pct":100},"functions":{"total":11,"covered":11,"skipped":0,"pct":100},"statements":{"total":37,"covered":37,"skipped":0,"pct":100},"branches":{"total":26,"covered":26,"skipped":0,"pct":100}}
,"C:\\Users\\aditn\\OneDrive\\Desktop\\Cursor\\Aandsz-Forces-ATS-CS490\\frontend\\src\\pages\\ArchivedJobs.jsx": {"lines":{"total":30,"covered":30,"skipped":0,"pct":100},"functions":{"total":10,"covered":10,"skipped":0,"pct":100},"statements":{"total":32,"covered":32,"skipped":0,"pct":100},"branches":{"total":6,"covered":6,"skipped":0,"pct":100}}
,"C:\\Users\\aditn\\OneDrive\\Desktop\\Cursor\\Aandsz-Forces-ATS-CS490\\frontend\\src\\pages\\ForgotPassword.jsx": {"lines":{"total":9,"covered":9,"skipped":0,"pct":100},"functions":{"total":3,"covered":3,"skipped":0,"pct":100},"statements":{"total":9,"covered":9,"skipped":0,"pct":100},"branches":{"total":4,"covered":4,"skipped":0,"pct":100}}
,"C:\\Users\\aditn\\OneDrive\\Desktop\\Cursor\\Aandsz-Forces-ATS-CS490\\frontend\\src\\pages\\Home.jsx": {"lines":{"total":2,"covered":2,"skipped":0,"pct":100},"functions":{"total":1,"covered":1,"skipped":0,"pct":100},"statements":{"total":2,"covered":2,"skipped":0,"pct":100},"branches":{"total":2,"covered":2,"skipped":0,"pct":100}}
,"C:\\Users\\aditn\\OneDrive\\Desktop\\Cursor\\Aandsz-Forces-ATS-CS490\\frontend\\src\\pages\\Jobs.jsx": {"lines":{"total":67,"covered":41,"skipped":0,"pct":61.19},"functions":{"total":21,"covered":14,"skipped":0,"pct":66.66},"statements":{"total":69,"covered":41,"skipped":0,"pct":59.42},"branches":{"total":56,"covered":36,"skipped":0,"pct":64.28}}
,"C:\\Users\\aditn\\OneDrive\\Desktop\\Cursor\\Aandsz-Forces-ATS-CS490\\frontend\\src\\pages\\LinkedInAuthSuccess.jsx": {"lines":{"total":39,"covered":37,"skipped":0,"pct":94.87},"functions":{"total":7,"covered":2,"skipped":0,"pct":28.57},"statements":{"total":44,"covered":37,"skipped":0,"pct":84.09},"branches":{"total":20,"covered":19,"skipped":0,"pct":95}}
,"C:\\Users\\aditn\\OneDrive\\Desktop\\Cursor\\Aandsz-Forces-ATS-CS490\\frontend\\src\\pages\\LinkedInCallback.jsx": {"lines":{"total":34,"covered":33,"skipped":0,"pct":97.05},"functions":{"total":6,"covered":3,"skipped":0,"pct":50},"statements":{"total":36,"covered":33,"skipped":0,"pct":91.66},"branches":{"total":14,"covered":13,"skipped":0,"pct":92.85}}
,"C:\\Users\\aditn\\OneDrive\\Desktop\\Cursor\\Aandsz-Forces-ATS-CS490\\frontend\\src\\pages\\ResetPassword.jsx": {"lines":{"total":14,"covered":14,"skipped":0,"pct":100},"functions":{"total":6,"covered":6,"skipped":0,"pct":100},"statements":{"total":14,"covered":14,"skipped":0,"pct":100},"branches":{"total":2,"covered":2,"skipped":0,"pct":100}}
,"C:\\Users\\aditn\\OneDrive\\Desktop\\Cursor\\Aandsz-Forces-ATS-CS490\\frontend\\src\\pages\\Help\\FAQ.jsx": {"lines":{"total":7,"covered":7,"skipped":0,"pct":100},"functions":{"total":5,"covered":5,"skipped":0,"pct":100},"statements":{"total":7,"covered":7,"skipped":0,"pct":100},"branches":{"total":6,"covered":6,"skipped":0,"pct":100}}
,"C:\\Users\\aditn\\OneDrive\\Desktop\\Cursor\\Aandsz-Forces-ATS-CS490\\frontend\\src\\pages\\Help\\GettingStarted.jsx": {"lines":{"total":1,"covered":1,"skipped":0,"pct":100},"functions":{"total":1,"covered":1,"skipped":0,"pct":100},"statements":{"total":1,"covered":1,"skipped":0,"pct":100},"branches":{"total":0,"covered":0,"skipped":0,"pct":100}}
,"C:\\Users\\aditn\\OneDrive\\Desktop\\Cursor\\Aandsz-Forces-ATS-CS490\\frontend\\src\\pages\\Help\\PrivacyPolicy.jsx": {"lines":{"total":1,"covered":1,"skipped":0,"pct":100},"functions":{"total":1,"covered":1,"skipped":0,"pct":100},"statements":{"total":1,"covered":1,"skipped":0,"pct":100},"branches":{"total":0,"covered":0,"skipped":0,"pct":100}}
,"C:\\Users\\aditn\\OneDrive\\Desktop\\Cursor\\Aandsz-Forces-ATS-CS490\\frontend\\src\\pages\\Help\\TermsOfService.jsx": {"lines":{"total":1,"covered":1,"skipped":0,"pct":100},"functions":{"total":1,"covered":1,"skipped":0,"pct":100},"statements":{"total":1,"covered":1,"skipped":0,"pct":100},"branches":{"total":0,"covered":0,"skipped":0,"pct":100}}
,"C:\\Users\\aditn\\OneDrive\\Desktop\\Cursor\\Aandsz-Forces-ATS-CS490\\frontend\\src\\pages\\Interviews\\InterviewsLayout.jsx": {"lines":{"total":3,"covered":3,"skipped":0,"pct":100},"functions":{"total":2,"covered":2,"skipped":0,"pct":100},"statements":{"total":4,"covered":4,"skipped":0,"pct":100},"branches":{"total":22,"covered":11,"skipped":0,"pct":50}}
,"C:\\Users\\aditn\\OneDrive\\Desktop\\Cursor\\Aandsz-Forces-ATS-CS490\\frontend\\src\\pages\\Match\\JobMatch.jsx": {"lines":{"total":24,"covered":22,"skipped":0,"pct":91.66},"functions":{"total":7,"covered":6,"skipped":0,"pct":85.71},"statements":{"total":24,"covered":22,"skipped":0,"pct":91.66},"branches":{"total":30,"covered":29,"skipped":0,"pct":96.66}}
,"C:\\Users\\aditn\\OneDrive\\Desktop\\Cursor\\Aandsz-Forces-ATS-CS490\\frontend\\src\\pages\\Match\\MatchAnalysisTab.jsx": {"lines":{"total":102,"covered":76,"skipped":0,"pct":74.5},"functions":{"total":27,"covered":16,"skipped":0,"pct":59.25},"statements":{"total":110,"covered":77,"skipped":0,"pct":70},"branches":{"total":108,"covered":54,"skipped":0,"pct":50}}
,"C:\\Users\\aditn\\OneDrive\\Desktop\\Cursor\\Aandsz-Forces-ATS-CS490\\frontend\\src\\pages\\Match\\MatchCompare.jsx": {"lines":{"total":15,"covered":13,"skipped":0,"pct":86.66},"functions":{"total":5,"covered":3,"skipped":0,"pct":60},"statements":{"total":15,"covered":13,"skipped":0,"pct":86.66},"branches":{"total":10,"covered":8,"skipped":0,"pct":80}}
,"C:\\Users\\aditn\\OneDrive\\Desktop\\Cursor\\Aandsz-Forces-ATS-CS490\\frontend\\src\\pages\\Mentor\\MentorLayout.jsx": {"lines":{"total":16,"covered":16,"skipped":0,"pct":100},"functions":{"total":1,"covered":1,"skipped":0,"pct":100},"statements":{"total":16,"covered":16,"skipped":0,"pct":100},"branches":{"total":16,"covered":15,"skipped":0,"pct":93.75}}
,"C:\\Users\\aditn\\OneDrive\\Desktop\\Cursor\\Aandsz-Forces-ATS-CS490\\frontend\\src\\pages\\Network\\NetworkLayout.jsx": {"lines":{"total":13,"covered":12,"skipped":0,"pct":92.3},"functions":{"total":10,"covered":9,"skipped":0,"pct":90},"statements":{"total":13,"covered":12,"skipped":0,"pct":92.3},"branches":{"total":30,"covered":30,"skipped":0,"pct":100}}
,"C:\\Users\\aditn\\OneDrive\\Desktop\\Cursor\\Aandsz-Forces-ATS-CS490\\frontend\\src\\pages\\Networking\\ContactsTab.jsx": {"lines":{"total":92,"covered":76,"skipped":0,"pct":82.6},"functions":{"total":30,"covered":18,"skipped":0,"pct":60},"statements":{"total":97,"covered":81,"skipped":0,"pct":83.5},"branches":{"total":59,"covered":50,"skipped":0,"pct":84.74}}
,"C:\\Users\\aditn\\OneDrive\\Desktop\\Cursor\\Aandsz-Forces-ATS-CS490\\frontend\\src\\pages\\Networking\\DiscoveryTab.jsx": {"lines":{"total":1,"covered":1,"skipped":0,"pct":100},"functions":{"total":1,"covered":1,"skipped":0,"pct":100},"statements":{"total":1,"covered":1,"skipped":0,"pct":100},"branches":{"total":0,"covered":0,"skipped":0,"pct":100}}
,"C:\\Users\\aditn\\OneDrive\\Desktop\\Cursor\\Aandsz-Forces-ATS-CS490\\frontend\\src\\pages\\Networking\\EventsTab.jsx": {"lines":{"total":1,"covered":1,"skipped":0,"pct":100},"functions":{"total":1,"covered":1,"skipped":0,"pct":100},"statements":{"total":1,"covered":1,"skipped":0,"pct":100},"branches":{"total":0,"covered":0,"skipped":0,"pct":100}}
,"C:\\Users\\aditn\\OneDrive\\Desktop\\Cursor\\Aandsz-Forces-ATS-CS490\\frontend\\src\\pages\\Networking\\InformationalInterviewsTab.jsx": {"lines":{"total":1,"covered":1,"skipped":0,"pct":100},"functions":{"total":1,"covered":1,"skipped":0,"pct":100},"statements":{"total":1,"covered":1,"skipped":0,"pct":100},"branches":{"total":0,"covered":0,"skipped":0,"pct":100}}
,"C:\\Users\\aditn\\OneDrive\\Desktop\\Cursor\\Aandsz-Forces-ATS-CS490\\frontend\\src\\pages\\Networking\\MaintenanceTab.jsx": {"lines":{"total":1,"covered":1,"skipped":0,"pct":100},"functions":{"total":1,"covered":1,"skipped":0,"pct":100},"statements":{"total":1,"covered":1,"skipped":0,"pct":100},"branches":{"total":0,"covered":0,"skipped":0,"pct":100}}
,"C:\\Users\\aditn\\OneDrive\\Desktop\\Cursor\\Aandsz-Forces-ATS-CS490\\frontend\\src\\pages\\Networking\\Networking.jsx": {"lines":{"total":7,"covered":7,"skipped":0,"pct":100},"functions":{"total":3,"covered":3,"skipped":0,"pct":100},"statements":{"total":7,"covered":7,"skipped":0,"pct":100},"branches":{"total":0,"covered":0,"skipped":0,"pct":100}}
,"C:\\Users\\aditn\\OneDrive\\Desktop\\Cursor\\Aandsz-Forces-ATS-CS490\\frontend\\src\\pages\\Networking\\ReferencesTab.jsx": {"lines":{"total":1,"covered":1,"skipped":0,"pct":100},"functions":{"total":1,"covered":1,"skipped":0,"pct":100},"statements":{"total":1,"covered":1,"skipped":0,"pct":100},"branches":{"total":0,"covered":0,"skipped":0,"pct":100}}
,"C:\\Users\\aditn\\OneDrive\\Desktop\\Cursor\\Aandsz-Forces-ATS-CS490\\frontend\\src\\pages\\Networking\\ReferralsTab.jsx": {"lines":{"total":1,"covered":1,"skipped":0,"pct":100},"functions":{"total":1,"covered":1,"skipped":0,"pct":100},"statements":{"total":1,"covered":1,"skipped":0,"pct":100},"branches":{"total":0,"covered":0,"skipped":0,"pct":100}}
,"C:\\Users\\aditn\\OneDrive\\Desktop\\Cursor\\Aandsz-Forces-ATS-CS490\\frontend\\src\\pages\\Profile\\CertificationsTab.jsx": {"lines":{"total":2,"covered":2,"skipped":0,"pct":100},"functions":{"total":1,"covered":1,"skipped":0,"pct":100},"statements":{"total":2,"covered":2,"skipped":0,"pct":100},"branches":{"total":0,"covered":0,"skipped":0,"pct":100}}
,"C:\\Users\\aditn\\OneDrive\\Desktop\\Cursor\\Aandsz-Forces-ATS-CS490\\frontend\\src\\pages\\Profile\\DangerTab.jsx": {"lines":{"total":14,"covered":12,"skipped":0,"pct":85.71},"functions":{"total":2,"covered":2,"skipped":0,"pct":100},"statements":{"total":16,"covered":14,"skipped":0,"pct":87.5},"branches":{"total":8,"covered":6,"skipped":0,"pct":75}}
,"C:\\Users\\aditn\\OneDrive\\Desktop\\Cursor\\Aandsz-Forces-ATS-CS490\\frontend\\src\\pages\\Profile\\DashboardTab.jsx": {"lines":{"total":2,"covered":2,"skipped":0,"pct":100},"functions":{"total":1,"covered":1,"skipped":0,"pct":100},"statements":{"total":2,"covered":2,"skipped":0,"pct":100},"branches":{"total":0,"covered":0,"skipped":0,"pct":100}}
,"C:\\Users\\aditn\\OneDrive\\Desktop\\Cursor\\Aandsz-Forces-ATS-CS490\\frontend\\src\\pages\\Profile\\EducationTab.jsx": {"lines":{"total":11,"covered":11,"skipped":0,"pct":100},"functions":{"total":5,"covered":5,"skipped":0,"pct":100},"statements":{"total":11,"covered":11,"skipped":0,"pct":100},"branches":{"total":11,"covered":11,"skipped":0,"pct":100}}
,"C:\\Users\\aditn\\OneDrive\\Desktop\\Cursor\\Aandsz-Forces-ATS-CS490\\frontend\\src\\pages\\Profile\\EmploymentTab.jsx": {"lines":{"total":52,"covered":48,"skipped":0,"pct":92.3},"functions":{"total":15,"covered":15,"skipped":0,"pct":100},"statements":{"total":58,"covered":52,"skipped":0,"pct":89.65},"branches":{"total":63,"covered":48,"skipped":0,"pct":76.19}}
,"C:\\Users\\aditn\\OneDrive\\Desktop\\Cursor\\Aandsz-Forces-ATS-CS490\\frontend\\src\\pages\\Profile\\GitHubTab.jsx": {"lines":{"total":2,"covered":2,"skipped":0,"pct":100},"functions":{"total":1,"covered":1,"skipped":0,"pct":100},"statements":{"total":2,"covered":2,"skipped":0,"pct":100},"branches":{"total":0,"covered":0,"skipped":0,"pct":100}}
,"C:\\Users\\aditn\\OneDrive\\Desktop\\Cursor\\Aandsz-Forces-ATS-CS490\\frontend\\src\\pages\\Profile\\InfoTab.jsx": {"lines":{"total":74,"covered":74,"skipped":0,"pct":100},"functions":{"total":21,"covered":21,"skipped":0,"pct":100},"statements":{"total":80,"covered":78,"skipped":0,"pct":97.5},"branches":{"total":89,"covered":79,"skipped":0,"pct":88.76}}
,"C:\\Users\\aditn\\OneDrive\\Desktop\\Cursor\\Aandsz-Forces-ATS-CS490\\frontend\\src\\pages\\Profile\\JobsTab.jsx": {"lines":{"total":12,"covered":12,"skipped":0,"pct":100},"functions":{"total":5,"covered":5,"skipped":0,"pct":100},"statements":{"total":13,"covered":13,"skipped":0,"pct":100},"branches":{"total":6,"covered":6,"skipped":0,"pct":100}}
,"C:\\Users\\aditn\\OneDrive\\Desktop\\Cursor\\Aandsz-Forces-ATS-CS490\\frontend\\src\\pages\\Profile\\MentorTab.jsx": {"lines":{"total":106,"covered":94,"skipped":0,"pct":88.67},"functions":{"total":19,"covered":17,"skipped":0,"pct":89.47},"statements":{"total":107,"covered":94,"skipped":0,"pct":87.85},"branches":{"total":61,"covered":50,"skipped":0,"pct":81.96}}
,"C:\\Users\\aditn\\OneDrive\\Desktop\\Cursor\\Aandsz-Forces-ATS-CS490\\frontend\\src\\pages\\Profile\\ProfileLayout.jsx": {"lines":{"total":4,"covered":4,"skipped":0,"pct":100},"functions":{"total":1,"covered":1,"skipped":0,"pct":100},"statements":{"total":4,"covered":4,"skipped":0,"pct":100},"branches":{"total":2,"covered":2,"skipped":0,"pct":100}}
,"C:\\Users\\aditn\\OneDrive\\Desktop\\Cursor\\Aandsz-Forces-ATS-CS490\\frontend\\src\\pages\\Profile\\ProjectsTab.jsx": {"lines":{"total":2,"covered":2,"skipped":0,"pct":100},"functions":{"total":1,"covered":1,"skipped":0,"pct":100},"statements":{"total":2,"covered":2,"skipped":0,"pct":100},"branches":{"total":0,"covered":0,"skipped":0,"pct":100}}
,"C:\\Users\\aditn\\OneDrive\\Desktop\\Cursor\\Aandsz-Forces-ATS-CS490\\frontend\\src\\pages\\Profile\\SkillsTab.jsx": {"lines":{"total":7,"covered":7,"skipped":0,"pct":100},"functions":{"total":4,"covered":4,"skipped":0,"pct":100},"statements":{"total":7,"covered":7,"skipped":0,"pct":100},"branches":{"total":6,"covered":6,"skipped":0,"pct":100}}
,"C:\\Users\\aditn\\OneDrive\\Desktop\\Cursor\\Aandsz-Forces-ATS-CS490\\frontend\\src\\pages\\Resume\\Resume.jsx": {"lines":{"total":14,"covered":14,"skipped":0,"pct":100},"functions":{"total":6,"covered":6,"skipped":0,"pct":100},"statements":{"total":14,"covered":14,"skipped":0,"pct":100},"branches":{"total":6,"covered":5,"skipped":0,"pct":83.33}}
,"C:\\Users\\aditn\\OneDrive\\Desktop\\Cursor\\Aandsz-Forces-ATS-CS490\\frontend\\src\\utils\\apiErrorMessages.js": {"lines":{"total":52,"covered":52,"skipped":0,"pct":100},"functions":{"total":6,"covered":6,"skipped":0,"pct":100},"statements":{"total":53,"covered":53,"skipped":0,"pct":100},"branches":{"total":99,"covered":96,"skipped":0,"pct":96.96}}
,"C:\\Users\\aditn\\OneDrive\\Desktop\\Cursor\\Aandsz-Forces-ATS-CS490\\frontend\\src\\utils\\auth.js": {"lines":{"total":34,"covered":34,"skipped":0,"pct":100},"functions":{"total":4,"covered":4,"skipped":0,"pct":100},"statements":{"total":36,"covered":36,"skipped":0,"pct":100},"branches":{"total":16,"covered":16,"skipped":0,"pct":100}}
}
