TN:
SF:src\App.jsx
FN:14,(anonymous_0)
FN:15,(anonymous_1)
FN:16,(anonymous_2)
FN:17,(anonymous_3)
FN:18,(anonymous_4)
FN:19,(anonymous_5)
FN:20,(anonymous_6)
FN:21,(anonymous_7)
FN:22,(anonymous_8)
FN:25,(anonymous_9)
FN:26,(anonymous_10)
FN:27,(anonymous_11)
FN:30,(anonymous_12)
FN:31,(anonymous_13)
FN:32,(anonymous_14)
FN:33,(anonymous_15)
FN:36,(anonymous_16)
FN:39,(anonymous_17)
FN:40,(anonymous_18)
FN:43,(anonymous_19)
FN:44,(anonymous_20)
FN:45,(anonymous_21)
FN:48,(anonymous_22)
FN:49,(anonymous_23)
FN:52,(anonymous_24)
FN:53,(anonymous_25)
FN:56,(anonymous_26)
FN:59,(anonymous_27)
FN:60,(anonymous_28)
FN:61,(anonymous_29)
FN:64,(anonymous_30)
FN:65,(anonymous_31)
FN:66,(anonymous_32)
FN:67,(anonymous_33)
FN:70,(anonymous_34)
FN:73,(anonymous_35)
FN:76,(anonymous_36)
FN:81,(anonymous_37)
FN:82,(anonymous_38)
FN:83,(anonymous_39)
FN:84,(anonymous_40)
FN:85,(anonymous_41)
FN:86,(anonymous_42)
FN:87,(anonymous_43)
FN:95,ProtectedRoute
FN:101,App
FN:116,MainLayout
FNF:47
FNH:44
FNDA:1,(anonymous_0)
FNDA:1,(anonymous_1)
FNDA:1,(anonymous_2)
FNDA:1,(anonymous_3)
FNDA:1,(anonymous_4)
FNDA:1,(anonymous_5)
FNDA:1,(anonymous_6)
FNDA:0,(anonymous_7)
FNDA:1,(anonymous_8)
FNDA:1,(anonymous_9)
FNDA:1,(anonymous_10)
FNDA:1,(anonymous_11)
FNDA:0,(anonymous_12)
FNDA:1,(anonymous_13)
FNDA:1,(anonymous_14)
FNDA:1,(anonymous_15)
FNDA:1,(anonymous_16)
FNDA:1,(anonymous_17)
FNDA:1,(anonymous_18)
FNDA:1,(anonymous_19)
FNDA:1,(anonymous_20)
FNDA:1,(anonymous_21)
FNDA:1,(anonymous_22)
FNDA:1,(anonymous_23)
FNDA:1,(anonymous_24)
FNDA:1,(anonymous_25)
FNDA:1,(anonymous_26)
FNDA:1,(anonymous_27)
FNDA:1,(anonymous_28)
FNDA:1,(anonymous_29)
FNDA:1,(anonymous_30)
FNDA:1,(anonymous_31)
FNDA:1,(anonymous_32)
FNDA:1,(anonymous_33)
FNDA:1,(anonymous_34)
FNDA:1,(anonymous_35)
FNDA:0,(anonymous_36)
FNDA:1,(anonymous_37)
FNDA:1,(anonymous_38)
FNDA:1,(anonymous_39)
FNDA:1,(anonymous_40)
FNDA:1,(anonymous_41)
FNDA:1,(anonymous_42)
FNDA:1,(anonymous_43)
FNDA:61,ProtectedRoute
FNDA:68,App
FNDA:68,MainLayout
DA:14,1
DA:15,1
DA:16,1
DA:17,1
DA:18,1
DA:19,1
DA:20,1
DA:21,1
DA:22,1
DA:23,1
DA:25,1
DA:26,1
DA:27,1
DA:28,1
DA:30,1
DA:31,1
DA:32,1
DA:33,1
DA:34,1
DA:36,1
DA:37,1
DA:39,1
DA:40,1
DA:41,1
DA:43,1
DA:44,1
DA:45,1
DA:46,1
DA:48,1
DA:49,1
DA:50,1
DA:52,1
DA:53,1
DA:54,1
DA:56,1
DA:57,1
DA:59,1
DA:60,1
DA:61,1
DA:64,1
DA:65,1
DA:66,1
DA:67,1
DA:70,1
DA:73,1
DA:75,1
DA:76,0
DA:81,1
DA:82,1
DA:83,1
DA:84,1
DA:85,1
DA:86,1
DA:87,1
DA:96,61
DA:97,61
DA:102,68
DA:117,68
DA:119,68
LF:59
LH:58
BRDA:97,0,0,60
BRDA:97,0,1,1
BRDA:129,1,0,68
BRDA:129,1,1,0
BRF:4
BRH:3
end_of_record
TN:
SF:src\api.js
FN:17,(anonymous_0)
FN:28,(anonymous_1)
FN:29,(anonymous_2)
FN:55,fetchCompanyResearch
FN:73,(anonymous_4)
FN:77,(anonymous_5)
FN:81,(anonymous_6)
FN:88,exportPDF
FN:94,exportDOCX
FN:100,exportTXT
FN:106,fetchDashboardStats
FN:124,(anonymous_11)
FN:129,(anonymous_12)
FN:131,(anonymous_13)
FN:133,(anonymous_14)
FN:138,(anonymous_15)
FN:143,(anonymous_16)
FN:149,(anonymous_17)
FN:150,(anonymous_18)
FN:151,(anonymous_19)
FN:152,(anonymous_20)
FN:153,(anonymous_21)
FN:156,(anonymous_22)
FN:162,(anonymous_23)
FN:165,(anonymous_24)
FN:166,(anonymous_25)
FN:169,(anonymous_26)
FN:170,(anonymous_27)
FN:171,(anonymous_28)
FN:177,(anonymous_29)
FN:178,(anonymous_30)
FN:179,(anonymous_31)
FN:180,(anonymous_32)
FN:181,(anonymous_33)
FN:182,(anonymous_34)
FN:183,(anonymous_35)
FN:184,(anonymous_36)
FN:187,(anonymous_37)
FN:188,(anonymous_38)
FN:189,(anonymous_39)
FN:190,(anonymous_40)
FN:191,(anonymous_41)
FN:194,(anonymous_42)
FN:195,(anonymous_43)
FN:196,(anonymous_44)
FN:197,(anonymous_45)
FN:200,(anonymous_46)
FN:201,(anonymous_47)
FN:202,(anonymous_48)
FN:203,(anonymous_49)
FN:206,(anonymous_50)
FN:207,(anonymous_51)
FN:208,(anonymous_52)
FN:209,(anonymous_53)
FN:210,(anonymous_54)
FN:211,(anonymous_55)
FNF:56
FNH:55
FNDA:33,(anonymous_0)
FNDA:0,(anonymous_1)
FNDA:33,(anonymous_2)
FNDA:3,fetchCompanyResearch
FNDA:1,(anonymous_4)
FNDA:1,(anonymous_5)
FNDA:1,(anonymous_6)
FNDA:1,exportPDF
FNDA:1,exportDOCX
FNDA:1,exportTXT
FNDA:3,fetchDashboardStats
FNDA:1,(anonymous_11)
FNDA:1,(anonymous_12)
FNDA:1,(anonymous_13)
FNDA:1,(anonymous_14)
FNDA:1,(anonymous_15)
FNDA:1,(anonymous_16)
FNDA:1,(anonymous_17)
FNDA:1,(anonymous_18)
FNDA:1,(anonymous_19)
FNDA:1,(anonymous_20)
FNDA:1,(anonymous_21)
FNDA:2,(anonymous_22)
FNDA:1,(anonymous_23)
FNDA:1,(anonymous_24)
FNDA:1,(anonymous_25)
FNDA:1,(anonymous_26)
FNDA:1,(anonymous_27)
FNDA:1,(anonymous_28)
FNDA:1,(anonymous_29)
FNDA:1,(anonymous_30)
FNDA:1,(anonymous_31)
FNDA:1,(anonymous_32)
FNDA:1,(anonymous_33)
FNDA:1,(anonymous_34)
FNDA:1,(anonymous_35)
FNDA:1,(anonymous_36)
FNDA:1,(anonymous_37)
FNDA:1,(anonymous_38)
FNDA:1,(anonymous_39)
FNDA:1,(anonymous_40)
FNDA:1,(anonymous_41)
FNDA:1,(anonymous_42)
FNDA:1,(anonymous_43)
FNDA:1,(anonymous_44)
FNDA:1,(anonymous_45)
FNDA:1,(anonymous_46)
FNDA:1,(anonymous_47)
FNDA:1,(anonymous_48)
FNDA:1,(anonymous_49)
FNDA:1,(anonymous_50)
FNDA:1,(anonymous_51)
FNDA:1,(anonymous_52)
FNDA:1,(anonymous_53)
FNDA:1,(anonymous_54)
FNDA:1,(anonymous_55)
DA:4,9
DA:9,9
DA:17,9
DA:18,33
DA:19,33
DA:20,33
DA:27,9
DA:28,0
DA:30,33
DA:31,0
DA:32,0
DA:33,0
DA:35,0
DA:45,0
DA:48,33
DA:56,3
DA:57,3
DA:60,1
DA:62,2
DA:63,2
DA:73,9
DA:74,1
DA:77,9
DA:78,1
DA:81,9
DA:82,1
DA:89,1
DA:95,1
DA:101,1
DA:107,3
DA:109,3
DA:110,3
DA:112,3
DA:119,3
DA:120,2
DA:121,2
DA:124,9
DA:129,9
DA:131,9
DA:133,9
DA:138,9
DA:143,9
DA:149,9
DA:150,9
DA:151,9
DA:152,9
DA:153,9
DA:156,9
DA:157,2
DA:160,2
DA:162,9
DA:165,9
DA:166,9
DA:169,9
DA:170,9
DA:171,9
DA:177,9
DA:178,9
DA:179,9
DA:180,9
DA:181,9
DA:182,9
DA:183,9
DA:184,9
DA:187,9
DA:188,9
DA:189,9
DA:190,9
DA:191,9
DA:194,9
DA:195,9
DA:196,9
DA:197,9
DA:200,9
DA:201,9
DA:202,9
DA:203,9
DA:206,9
DA:207,9
DA:208,9
DA:209,9
DA:210,9
DA:211,9
LF:83
LH:77
BRDA:4,0,0,9
BRDA:4,0,1,9
BRDA:5,1,0,9
BRDA:5,1,1,0
BRDA:19,2,0,0
BRDA:19,2,1,33
BRDA:30,3,0,0
BRDA:30,3,1,33
BRDA:30,4,0,33
BRDA:30,4,1,0
BRDA:31,5,0,0
BRDA:31,5,1,0
BRDA:32,6,0,0
BRDA:32,6,1,0
BRDA:64,7,0,2
BRDA:64,7,1,1
BRDA:106,8,0,3
BRDA:109,9,0,1
BRDA:109,9,1,2
BRDA:110,10,0,1
BRDA:110,10,1,2
BRDA:119,11,0,1
BRDA:119,11,1,2
BRDA:157,12,0,1
BRDA:157,12,1,1
BRF:25
BRH:17
end_of_record
TN:
SF:src\components\CertificationForm.jsx
FN:8,PDFViewer
FN:13,(anonymous_1)
FN:17,(anonymous_2)
FN:21,(anonymous_3)
FN:28,(anonymous_4)
FN:35,(anonymous_5)
FN:97,CertificationForm
FN:99,(anonymous_7)
FN:118,(anonymous_8)
FN:140,(anonymous_9)
FN:158,(anonymous_10)
FN:171,(anonymous_11)
FN:181,(anonymous_12)
FN:216,handleSubmit
FN:227,(anonymous_14)
FN:230,(anonymous_15)
FN:268,(anonymous_16)
FN:279,(anonymous_17)
FN:312,(anonymous_18)
FN:324,(anonymous_19)
FN:344,(anonymous_20)
FN:354,(anonymous_21)
FN:365,(anonymous_22)
FN:385,(anonymous_23)
FN:398,(anonymous_24)
FN:431,(anonymous_25)
FN:449,(anonymous_26)
FN:494,(anonymous_27)
FN:502,(anonymous_28)
FN:545,(anonymous_29)
FN:557,(anonymous_30)
FN:571,(anonymous_31)
FN:588,(anonymous_32)
FN:599,(anonymous_33)
FN:610,(anonymous_34)
FN:621,(anonymous_35)
FNF:36
FNH:32
FNDA:5,PDFViewer
FNDA:3,(anonymous_1)
FNDA:0,(anonymous_2)
FNDA:0,(anonymous_3)
FNDA:3,(anonymous_4)
FNDA:3,(anonymous_5)
FNDA:90,CertificationForm
FNDA:147,(anonymous_7)
FNDA:49,(anonymous_8)
FNDA:49,(anonymous_9)
FNDA:49,(anonymous_10)
FNDA:49,(anonymous_11)
FNDA:4,(anonymous_12)
FNDA:5,handleSubmit
FNDA:2,(anonymous_14)
FNDA:3,(anonymous_15)
FNDA:6,(anonymous_16)
FNDA:6,(anonymous_17)
FNDA:1,(anonymous_18)
FNDA:1,(anonymous_19)
FNDA:0,(anonymous_20)
FNDA:5,(anonymous_21)
FNDA:2,(anonymous_22)
FNDA:0,(anonymous_23)
FNDA:2,(anonymous_24)
FNDA:1,(anonymous_25)
FNDA:6,(anonymous_26)
FNDA:1,(anonymous_27)
FNDA:1,(anonymous_28)
FNDA:2,(anonymous_29)
FNDA:1,(anonymous_30)
FNDA:2,(anonymous_31)
FNDA:1,(anonymous_32)
FNDA:1,(anonymous_33)
FNDA:1,(anonymous_34)
FNDA:1,(anonymous_35)
DA:5,1
DA:9,5
DA:10,5
DA:11,5
DA:13,5
DA:14,3
DA:16,3
DA:18,0
DA:19,0
DA:22,0
DA:23,0
DA:24,0
DA:25,0
DA:29,3
DA:30,3
DA:31,3
DA:35,3
DA:36,3
DA:37,3
DA:41,5
DA:42,3
DA:59,2
DA:60,2
DA:81,0
DA:99,90
DA:100,147
DA:102,9
DA:103,9
DA:106,0
DA:107,0
DA:108,0
DA:109,0
DA:110,0
DA:111,0
DA:112,0
DA:114,0
DA:118,90
DA:120,49
DA:121,49
DA:140,90
DA:141,49
DA:142,3
DA:151,46
DA:158,90
DA:160,49
DA:161,5
DA:165,5
DA:167,44
DA:170,90
DA:171,90
DA:173,49
DA:174,49
DA:175,4
DA:177,45
DA:181,90
DA:182,4
DA:183,4
DA:185,4
DA:186,4
DA:187,4
DA:188,4
DA:190,4
DA:198,3
DA:199,1
DA:200,1
DA:203,2
DA:205,2
DA:206,2
DA:207,2
DA:209,2
DA:210,2
DA:212,4
DA:217,5
DA:218,5
DA:220,5
DA:221,5
DA:222,5
DA:223,1
DA:227,2
DA:231,3
DA:232,0
DA:234,3
DA:239,5
DA:244,5
DA:245,1
DA:249,4
DA:253,4
DA:255,1
DA:256,1
DA:260,90
DA:268,6
DA:280,6
DA:281,2
DA:282,2
DA:284,4
DA:285,4
DA:312,1
DA:324,1
DA:344,0
DA:354,5
DA:366,2
DA:386,0
DA:399,2
DA:400,2
DA:431,1
DA:450,6
DA:451,6
DA:452,6
DA:454,6
DA:495,1
DA:503,1
DA:504,1
DA:545,2
DA:557,1
DA:571,2
DA:588,1
DA:599,1
DA:611,1
DA:621,1
LF:119
LH:101
BRDA:18,0,0,0
BRDA:18,0,1,0
BRDA:22,1,0,0
BRDA:22,1,1,0
BRDA:29,2,0,3
BRDA:29,2,1,0
BRDA:37,3,0,0
BRDA:37,3,1,3
BRDA:41,4,0,3
BRDA:41,4,1,2
BRDA:45,5,0,3
BRDA:45,5,1,0
BRDA:46,6,0,3
BRDA:46,6,1,0
BRDA:59,7,0,2
BRDA:59,7,1,0
BRDA:59,8,0,2
BRDA:59,8,1,0
BRDA:86,9,0,0
BRDA:86,9,1,0
BRDA:87,10,0,5
BRDA:87,10,1,0
BRDA:100,11,0,138
BRDA:100,11,1,9
BRDA:102,12,0,9
BRDA:102,12,1,0
BRDA:102,13,0,9
BRDA:102,13,1,9
BRDA:108,14,0,0
BRDA:108,14,1,0
BRDA:120,15,0,49
BRDA:120,15,1,45
BRDA:120,15,2,45
BRDA:122,16,0,49
BRDA:122,16,1,38
BRDA:123,17,0,49
BRDA:123,17,1,44
BRDA:124,18,0,49
BRDA:124,18,1,45
BRDA:125,19,0,49
BRDA:125,19,1,46
BRDA:128,20,0,49
BRDA:128,20,1,49
BRDA:131,21,0,49
BRDA:131,21,1,46
BRDA:132,22,0,49
BRDA:132,22,1,46
BRDA:133,23,0,49
BRDA:133,23,1,46
BRDA:135,24,0,49
BRDA:135,24,1,49
BRDA:141,25,0,3
BRDA:141,25,1,46
BRDA:141,26,0,49
BRDA:141,26,1,3
BRDA:143,27,0,3
BRDA:143,27,1,0
BRDA:144,28,0,3
BRDA:144,28,1,0
BRDA:145,29,0,3
BRDA:145,29,1,0
BRDA:147,30,0,0
BRDA:147,30,1,0
BRDA:160,31,0,5
BRDA:160,31,1,44
BRDA:173,32,0,49
BRDA:173,32,1,45
BRDA:173,32,2,45
BRDA:174,33,0,4
BRDA:174,33,1,45
BRDA:175,34,0,2
BRDA:175,34,1,2
BRDA:183,35,0,0
BRDA:183,35,1,4
BRDA:198,36,0,1
BRDA:198,36,1,2
BRDA:200,37,0,1
BRDA:200,37,1,0
BRDA:210,38,0,2
BRDA:210,38,1,0
BRDA:221,39,0,5
BRDA:221,39,1,4
BRDA:221,39,2,4
BRDA:222,40,0,1
BRDA:222,40,1,4
BRDA:224,41,0,1
BRDA:224,41,1,1
BRDA:224,42,0,1
BRDA:224,42,1,0
BRDA:225,43,0,1
BRDA:225,43,1,0
BRDA:225,44,0,0
BRDA:225,44,1,0
BRDA:226,45,0,1
BRDA:226,45,1,1
BRDA:230,46,0,1
BRDA:230,46,1,1
BRDA:231,47,0,0
BRDA:231,47,1,3
BRDA:231,48,0,3
BRDA:231,48,1,0
BRDA:244,49,0,1
BRDA:244,49,1,4
BRDA:262,50,0,13
BRDA:262,50,1,77
BRDA:278,51,0,4
BRDA:278,51,1,86
BRDA:280,52,0,2
BRDA:280,52,1,4
BRDA:306,53,0,90
BRDA:306,53,1,4
BRDA:369,54,0,2
BRDA:369,54,1,0
BRDA:378,55,0,90
BRDA:378,55,1,88
BRDA:404,56,0,1
BRDA:404,56,1,1
BRDA:404,57,0,2
BRDA:404,57,1,2
BRDA:421,58,0,2
BRDA:421,58,1,88
BRDA:423,59,0,2
BRDA:423,59,1,88
BRDA:430,60,0,90
BRDA:430,60,1,88
BRDA:436,61,0,2
BRDA:436,61,1,88
BRDA:439,62,0,2
BRDA:439,62,1,88
BRDA:447,63,0,90
BRDA:447,63,1,6
BRDA:451,64,0,6
BRDA:451,64,1,3
BRDA:454,65,0,3
BRDA:454,65,1,3
BRDA:529,66,0,90
BRDA:529,66,1,4
BRF:137
BRH:106
end_of_record
TN:
SF:src\components\CertificationSection.jsx
FN:9,PDFViewer
FN:14,(anonymous_1)
FN:18,(anonymous_2)
FN:22,(anonymous_3)
FN:29,(anonymous_4)
FN:36,(anonymous_5)
FN:98,formatDate
FN:107,CertificationSection
FN:113,loadCertifications
FN:124,deleteCert
FN:132,(anonymous_10)
FN:137,(anonymous_11)
FN:140,(anonymous_12)
FN:149,(anonymous_13)
FN:159,(anonymous_14)
FN:168,(anonymous_15)
FN:169,(anonymous_16)
FN:184,(anonymous_17)
FN:189,(anonymous_18)
FN:192,(anonymous_19)
FN:208,(anonymous_20)
FN:224,(anonymous_21)
FN:235,(anonymous_22)
FN:239,(anonymous_23)
FN:247,(anonymous_24)
FN:291,(anonymous_25)
FN:366,(anonymous_26)
FN:366,(anonymous_27)
FN:368,(anonymous_28)
FN:455,(anonymous_29)
FN:472,(anonymous_30)
FNF:31
FNH:24
FNDA:30,PDFViewer
FNDA:30,(anonymous_1)
FNDA:0,(anonymous_2)
FNDA:0,(anonymous_3)
FNDA:30,(anonymous_4)
FNDA:30,(anonymous_5)
FNDA:200,formatDate
FNDA:71,CertificationSection
FNDA:33,loadCertifications
FNDA:3,deleteCert
FNDA:31,(anonymous_10)
FNDA:156,(anonymous_11)
FNDA:156,(anonymous_12)
FNDA:150,(anonymous_13)
FNDA:3,(anonymous_14)
FNDA:1,(anonymous_15)
FNDA:1,(anonymous_16)
FNDA:1,(anonymous_17)
FNDA:1,(anonymous_18)
FNDA:140,(anonymous_19)
FNDA:101,(anonymous_20)
FNDA:134,(anonymous_21)
FNDA:0,(anonymous_22)
FNDA:0,(anonymous_23)
FNDA:68,(anonymous_24)
FNDA:0,(anonymous_25)
FNDA:99,(anonymous_26)
FNDA:0,(anonymous_27)
FNDA:0,(anonymous_28)
FNDA:1,(anonymous_29)
FNDA:3,(anonymous_30)
DA:6,1
DA:10,30
DA:11,30
DA:12,30
DA:14,30
DA:15,30
DA:17,30
DA:19,0
DA:20,0
DA:23,0
DA:24,0
DA:25,0
DA:26,0
DA:30,30
DA:31,0
DA:32,0
DA:36,30
DA:37,30
DA:38,30
DA:42,30
DA:43,30
DA:60,0
DA:61,0
DA:83,0
DA:99,200
DA:100,200
DA:108,71
DA:109,71
DA:110,71
DA:111,71
DA:114,33
DA:115,33
DA:118,32
DA:120,1
DA:125,3
DA:126,2
DA:129,2
DA:132,71
DA:133,31
DA:137,156
DA:140,71
DA:142,156
DA:144,156
DA:145,156
DA:149,71
DA:150,150
DA:151,150
DA:152,150
DA:153,150
DA:156,71
DA:159,3
DA:168,1
DA:170,1
DA:171,1
DA:184,1
DA:189,1
DA:193,140
DA:209,101
DA:225,134
DA:236,0
DA:237,0
DA:240,0
DA:241,0
DA:248,68
DA:249,68
DA:250,68
DA:252,68
DA:253,33
DA:280,35
DA:292,0
DA:366,99
DA:367,0
DA:368,0
DA:455,1
DA:472,3
LF:75
LH:57
BRDA:19,0,0,0
BRDA:19,0,1,0
BRDA:23,1,0,0
BRDA:23,1,1,0
BRDA:30,2,0,0
BRDA:30,2,1,30
BRDA:38,3,0,0
BRDA:38,3,1,30
BRDA:42,4,0,30
BRDA:42,4,1,0
BRDA:60,5,0,0
BRDA:60,5,1,0
BRDA:60,6,0,0
BRDA:60,6,1,0
BRDA:99,7,0,0
BRDA:99,7,1,200
BRDA:118,8,0,32
BRDA:118,8,1,0
BRDA:125,9,0,1
BRDA:125,9,1,2
BRDA:133,10,0,30
BRDA:133,10,1,1
BRDA:142,11,0,156
BRDA:142,11,1,3
BRDA:144,12,0,156
BRDA:144,12,1,4
BRDA:145,13,0,156
BRDA:145,13,1,153
BRDA:150,14,0,150
BRDA:150,14,1,0
BRDA:151,15,0,113
BRDA:151,15,1,37
BRDA:158,16,0,71
BRDA:158,16,1,67
BRDA:164,17,0,71
BRDA:164,17,1,4
BRDA:176,18,0,71
BRDA:176,18,1,67
BRDA:176,18,2,35
BRDA:202,19,0,71
BRDA:202,19,1,67
BRDA:204,20,0,32
BRDA:204,20,1,35
BRDA:245,21,0,134
BRDA:245,21,1,66
BRDA:245,21,2,68
BRDA:248,22,0,68
BRDA:248,22,1,0
BRDA:252,23,0,33
BRDA:252,23,1,35
BRDA:319,24,0,134
BRDA:319,24,1,101
BRDA:319,24,2,33
BRDA:324,25,0,134
BRDA:324,25,1,33
BRDA:330,26,0,134
BRDA:330,26,1,101
BRDA:337,27,0,134
BRDA:337,27,1,33
BRDA:337,27,2,33
BRDA:347,28,0,33
BRDA:347,28,1,33
BRDA:352,29,0,33
BRDA:352,29,1,33
BRDA:357,30,0,33
BRDA:357,30,1,33
BRDA:360,31,0,33
BRDA:360,31,1,0
BRDA:369,32,0,0
BRDA:369,32,1,0
BRDA:377,33,0,134
BRDA:377,33,1,33
BRDA:391,34,0,134
BRDA:391,34,1,33
BRDA:403,35,0,134
BRDA:403,35,1,33
BRDA:424,36,0,68
BRDA:424,36,1,66
BRDA:436,37,0,134
BRDA:436,37,1,33
BRF:80
BRH:62
end_of_record
TN:
SF:src\components\EducationForm.jsx
FN:17,EducationForm
FN:32,handleSubmit
FN:69,(anonymous_2)
FN:85,(anonymous_3)
FN:101,(anonymous_4)
FN:116,(anonymous_5)
FN:138,(anonymous_6)
FN:157,(anonymous_7)
FN:163,(anonymous_8)
FN:169,(anonymous_9)
FN:180,(anonymous_10)
FN:186,(anonymous_11)
FN:207,(anonymous_12)
FNF:13
FNH:13
FNDA:51,EducationForm
FNDA:5,handleSubmit
FNDA:5,(anonymous_2)
FNDA:2,(anonymous_3)
FNDA:2,(anonymous_4)
FNDA:1,(anonymous_5)
FNDA:1,(anonymous_6)
FNDA:1,(anonymous_7)
FNDA:2,(anonymous_8)
FNDA:1,(anonymous_9)
FNDA:2,(anonymous_10)
FNDA:1,(anonymous_11)
FNDA:1,(anonymous_12)
DA:18,51
DA:33,5
DA:34,5
DA:35,5
DA:36,2
DA:40,3
DA:44,4
DA:46,1
DA:47,1
DA:51,51
DA:69,5
DA:85,2
DA:101,2
DA:116,1
DA:138,1
DA:157,1
DA:163,2
DA:170,1
DA:180,2
DA:187,1
DA:207,1
LF:21
LH:21
BRDA:19,0,0,51
BRDA:19,0,1,45
BRDA:35,1,0,2
BRDA:35,1,1,3
BRDA:55,2,0,6
BRDA:55,2,1,45
BRDA:137,3,0,51
BRDA:137,3,1,46
BRDA:156,4,0,51
BRDA:156,4,1,46
BRDA:215,5,0,6
BRDA:215,5,1,45
BRF:12
BRH:12
end_of_record
TN:
SF:src\components\EducationSection.jsx
FN:19,formatDate
FN:29,getDuration
FN:42,EducationSection
FN:45,loadEducation
FN:56,deleteEducation
FN:69,(anonymous_5)
FN:74,(anonymous_6)
FN:75,(anonymous_7)
FN:79,(anonymous_8)
FN:85,(anonymous_9)
FN:89,(anonymous_10)
FN:92,(anonymous_11)
FN:93,(anonymous_12)
FN:94,(anonymous_13)
FN:97,(anonymous_14)
FN:150,(anonymous_15)
FN:162,(anonymous_16)
FN:222,(anonymous_17)
FN:229,(anonymous_18)
FNF:19
FNH:19
FNDA:42,formatDate
FNDA:11,getDuration
FNDA:50,EducationSection
FNDA:26,loadEducation
FNDA:3,deleteEducation
FNDA:25,(anonymous_5)
FNDA:25,(anonymous_6)
FNDA:1,(anonymous_7)
FNDA:25,(anonymous_8)
FNDA:64,(anonymous_9)
FNDA:64,(anonymous_10)
FNDA:63,(anonymous_11)
FNDA:42,(anonymous_12)
FNDA:63,(anonymous_13)
FNDA:64,(anonymous_14)
FNDA:43,(anonymous_15)
FNDA:64,(anonymous_16)
FNDA:1,(anonymous_17)
FNDA:3,(anonymous_18)
DA:20,42
DA:21,42
DA:22,42
DA:30,11
DA:31,10
DA:33,6
DA:34,6
DA:35,6
DA:37,6
DA:38,5
DA:39,2
DA:43,50
DA:46,26
DA:47,26
DA:50,25
DA:52,1
DA:57,3
DA:58,2
DA:59,2
DA:62,1
DA:64,1
DA:65,1
DA:69,50
DA:70,25
DA:74,50
DA:75,25
DA:76,1
DA:78,25
DA:79,25
DA:83,50
DA:84,50
DA:85,64
DA:88,50
DA:89,64
DA:92,63
DA:93,42
DA:94,63
DA:97,64
DA:99,50
DA:152,43
DA:153,43
DA:155,43
DA:156,42
DA:158,21
DA:159,43
DA:160,43
DA:163,64
DA:222,1
DA:229,3
LF:49
LH:49
BRDA:20,0,0,0
BRDA:20,0,1,42
BRDA:30,1,0,1
BRDA:30,1,1,10
BRDA:31,2,0,4
BRDA:31,2,1,6
BRDA:31,3,0,10
BRDA:31,3,1,8
BRDA:37,4,0,1
BRDA:37,4,1,5
BRDA:38,5,0,3
BRDA:38,5,1,2
BRDA:50,6,0,25
BRDA:50,6,1,0
BRDA:57,7,0,1
BRDA:57,7,1,2
BRDA:70,8,0,24
BRDA:70,8,1,1
BRDA:88,9,0,21
BRDA:88,9,1,29
BRDA:88,10,0,50
BRDA:88,10,1,22
BRDA:89,11,0,64
BRDA:89,11,1,64
BRDA:92,12,0,63
BRDA:92,12,1,63
BRDA:93,13,0,42
BRDA:93,13,1,0
BRDA:94,14,0,63
BRDA:94,14,1,63
BRDA:102,15,0,50
BRDA:102,15,1,22
BRDA:122,16,0,21
BRDA:122,16,1,1
BRDA:138,17,0,28
BRDA:138,17,1,22
BRDA:155,18,0,1
BRDA:155,18,1,42
BRDA:155,19,0,43
BRDA:155,19,1,1
BRDA:156,20,0,21
BRDA:156,20,1,21
BRDA:156,21,0,42
BRDA:156,21,1,42
BRDA:158,22,0,21
BRDA:158,22,1,0
BRDA:159,23,0,43
BRDA:159,23,1,0
BRDA:169,24,0,64
BRDA:169,24,1,63
BRDA:183,25,0,64
BRDA:183,25,1,21
BRDA:189,26,0,64
BRDA:189,26,1,22
BRDA:189,26,2,63
BRDA:195,27,0,21
BRDA:195,27,1,42
BRDA:202,28,0,64
BRDA:202,28,1,64
BRDA:202,28,2,42
BRDA:209,29,0,64
BRDA:209,29,1,42
BRDA:222,30,0,1
BRDA:222,30,1,1
BRF:64
BRH:59
end_of_record
TN:
SF:src\components\ElectricBorder.jsx
FN:5,(anonymous_0)
FN:12,(anonymous_1)
FN:38,(anonymous_2)
FN:51,(anonymous_3)
FN:52,(anonymous_4)
FN:64,(anonymous_5)
FN:69,(anonymous_6)
FN:71,(anonymous_7)
FN:74,(anonymous_8)
FNF:9
FNH:6
FNDA:20,(anonymous_0)
FNDA:40,(anonymous_1)
FNDA:0,(anonymous_2)
FNDA:40,(anonymous_3)
FNDA:0,(anonymous_4)
FNDA:20,(anonymous_5)
FNDA:20,(anonymous_6)
FNDA:0,(anonymous_7)
FNDA:20,(anonymous_8)
DA:5,1
DA:6,20
DA:7,20
DA:8,20
DA:9,20
DA:10,20
DA:12,20
DA:13,40
DA:14,40
DA:15,40
DA:17,40
DA:18,40
DA:21,40
DA:22,40
DA:24,40
DA:25,40
DA:26,0
DA:27,0
DA:30,40
DA:31,40
DA:32,0
DA:33,0
DA:36,40
DA:37,40
DA:38,40
DA:40,40
DA:41,40
DA:43,40
DA:44,40
DA:45,40
DA:46,40
DA:47,40
DA:48,40
DA:51,40
DA:52,40
DA:53,0
DA:54,0
DA:55,0
DA:57,0
DA:64,20
DA:65,20
DA:69,20
DA:70,20
DA:71,20
DA:72,20
DA:73,20
DA:74,20
DA:78,20
DA:83,20
LF:49
LH:41
BRDA:5,0,0,20
BRDA:5,1,0,20
BRDA:5,2,0,20
BRDA:5,3,0,20
BRDA:15,4,0,0
BRDA:15,4,1,40
BRDA:15,5,0,40
BRDA:15,5,1,40
BRDA:17,6,0,40
BRDA:17,6,1,0
BRDA:21,7,0,40
BRDA:21,7,1,40
BRDA:21,7,2,40
BRDA:22,8,0,40
BRDA:22,8,1,40
BRDA:22,8,2,40
BRDA:25,9,0,0
BRDA:25,9,1,40
BRDA:31,10,0,0
BRDA:31,10,1,40
BRDA:37,11,0,40
BRDA:37,11,1,0
BRDA:41,12,0,40
BRDA:41,12,1,0
BRDA:41,13,0,40
BRDA:41,13,1,0
BRDA:44,14,0,40
BRDA:44,14,1,0
BRDA:53,15,0,0
BRDA:53,15,1,0
BRDA:70,16,0,0
BRDA:70,16,1,20
BRDA:84,17,0,20
BRDA:84,17,1,19
BRF:34
BRH:23
end_of_record
TN:
SF:src\components\EmploymentForm.jsx
FN:14,EmploymentForm
FN:25,save
FN:72,(anonymous_2)
FN:88,(anonymous_3)
FN:104,(anonymous_4)
FN:120,(anonymous_5)
FN:137,(anonymous_6)
FN:144,(anonymous_7)
FN:150,(anonymous_8)
FN:168,(anonymous_9)
FNF:10
FNH:9
FNDA:44,EmploymentForm
FNDA:6,save
FNDA:5,(anonymous_2)
FNDA:5,(anonymous_3)
FNDA:0,(anonymous_4)
FNDA:4,(anonymous_5)
FNDA:1,(anonymous_6)
FNDA:1,(anonymous_7)
FNDA:1,(anonymous_8)
FNDA:1,(anonymous_9)
DA:15,44
DA:26,6
DA:27,1
DA:28,1
DA:30,5
DA:35,1
DA:36,1
DA:39,4
DA:40,4
DA:41,6
DA:42,6
DA:45,3
DA:46,6
DA:48,1
DA:52,44
DA:53,44
DA:55,44
DA:72,5
DA:88,5
DA:104,0
DA:120,4
DA:137,1
DA:144,1
DA:150,1
DA:168,1
LF:25
LH:24
BRDA:14,0,0,44
BRDA:16,1,0,44
BRDA:16,1,1,39
BRDA:17,2,0,44
BRDA:17,2,1,41
BRDA:18,3,0,44
BRDA:18,3,1,43
BRDA:19,4,0,44
BRDA:19,4,1,41
BRDA:20,5,0,44
BRDA:20,5,1,44
BRDA:21,6,0,44
BRDA:21,6,1,44
BRDA:22,7,0,44
BRDA:22,7,1,43
BRDA:26,8,0,1
BRDA:26,8,1,5
BRDA:26,9,0,6
BRDA:26,9,1,5
BRDA:26,9,2,5
BRDA:30,10,0,1
BRDA:30,10,1,4
BRDA:31,11,0,5
BRDA:31,11,1,5
BRDA:31,11,2,1
BRDA:40,12,0,1
BRDA:40,12,1,3
BRDA:41,13,0,1
BRDA:41,13,1,3
BRDA:45,14,0,1
BRDA:45,14,1,2
BRDA:53,15,0,0
BRDA:53,15,1,44
BRDA:53,16,0,0
BRDA:53,16,1,44
BRDA:59,17,0,5
BRDA:59,17,1,39
BRDA:126,18,0,44
BRDA:126,18,1,43
BRDA:185,19,0,5
BRDA:185,19,1,39
BRF:41
BRH:39
end_of_record
TN:
SF:src\components\FormField.jsx
FN:1,Field
FN:9,TextArea
FNF:2
FNH:2
FNDA:11,Field
FNDA:9,TextArea
DA:2,11
DA:3,11
DA:10,9
DA:11,9
LF:4
LH:4
BRDA:1,0,0,11
BRDA:2,1,0,11
BRDA:2,1,1,9
BRDA:10,2,0,9
BRDA:10,2,1,7
BRF:5
BRH:5
end_of_record
TN:
SF:src\components\FormattingIssuesList.jsx
FN:7,FormattingIssuesList
FN:15,(anonymous_1)
FN:28,(anonymous_2)
FN:55,(anonymous_3)
FN:78,(anonymous_4)
FNF:5
FNH:5
FNDA:26,FormattingIssuesList
FNDA:27,(anonymous_1)
FNDA:27,(anonymous_2)
FNDA:20,(anonymous_3)
FNDA:7,(anonymous_4)
DA:11,26
DA:12,2
DA:15,24
DA:16,27
DA:18,2
DA:20,2
DA:22,2
DA:24,21
DA:28,24
DA:29,27
DA:30,27
DA:40,24
DA:56,20
DA:79,7
LF:14
LH:14
BRDA:8,0,0,26
BRDA:9,1,0,26
BRDA:11,2,0,2
BRDA:11,2,1,24
BRDA:11,3,0,26
BRDA:11,3,1,7
BRDA:16,4,0,2
BRDA:16,4,1,2
BRDA:16,4,2,2
BRDA:16,4,3,21
BRDA:35,5,0,27
BRDA:35,5,1,20
BRDA:48,6,0,24
BRDA:48,6,1,19
BRDA:58,7,0,20
BRDA:58,7,1,19
BRDA:62,8,0,20
BRDA:62,8,1,19
BRDA:71,9,0,26
BRDA:71,9,1,6
BRDA:82,10,0,7
BRDA:82,10,1,6
BRDA:87,11,0,7
BRDA:87,11,1,7
BRF:24
BRH:24
end_of_record
TN:
SF:src\components\ImprovementSuggestions.jsx
FN:7,ImprovementSuggestions
FN:22,(anonymous_1)
FN:27,(anonymous_2)
FN:40,(anonymous_3)
FN:67,(anonymous_4)
FN:81,(anonymous_5)
FNF:6
FNH:6
FNDA:27,ImprovementSuggestions
FNDA:6,(anonymous_1)
FNDA:27,(anonymous_2)
FNDA:27,(anonymous_3)
FNDA:27,(anonymous_4)
FNDA:5,(anonymous_5)
DA:8,27
DA:10,27
DA:11,4
DA:22,23
DA:23,6
DA:24,6
DA:27,23
DA:28,27
DA:30,4
DA:32,2
DA:34,1
DA:36,20
DA:40,23
DA:41,27
DA:43,4
DA:45,1
DA:47,1
DA:49,1
DA:51,1
DA:53,0
DA:55,19
DA:59,23
DA:68,27
DA:69,27
DA:70,27
DA:72,27
DA:81,5
LF:27
LH:26
BRDA:7,0,0,27
BRDA:10,1,0,4
BRDA:10,1,1,23
BRDA:10,2,0,27
BRDA:10,2,1,26
BRDA:24,3,0,6
BRDA:24,3,1,2
BRDA:24,4,0,6
BRDA:24,4,1,2
BRDA:28,5,0,4
BRDA:28,5,1,2
BRDA:28,5,2,1
BRDA:28,5,3,20
BRDA:41,6,0,4
BRDA:41,6,1,1
BRDA:41,6,2,1
BRDA:41,6,3,1
BRDA:41,6,4,1
BRDA:41,6,5,0
BRDA:41,6,6,19
BRDA:76,7,0,4
BRDA:76,7,1,23
BRDA:81,8,0,1
BRDA:81,8,1,4
BRDA:92,9,0,27
BRDA:92,9,1,20
BRDA:99,10,0,27
BRDA:99,10,1,3
BRDA:105,11,0,4
BRDA:105,11,1,23
BRDA:110,12,0,27
BRDA:110,12,1,4
BRDA:113,13,0,4
BRDA:113,13,1,3
BRDA:115,14,0,4
BRDA:115,14,1,2
BRDA:120,15,0,4
BRDA:120,15,1,1
BRF:38
BRH:37
end_of_record
TN:
SF:src\components\JobSearchFilter.jsx
FN:5,JobSearchFilter
FN:18,(anonymous_1)
FN:21,(anonymous_2)
FN:22,(anonymous_3)
FN:23,(anonymous_4)
FN:26,handleChange
FN:28,(anonymous_6)
FN:32,handleSaveSearch
FN:37,handleLoadSearch
FN:64,(anonymous_9)
FN:71,(anonymous_10)
FNF:11
FNH:11
FNDA:19,JobSearchFilter
FNDA:19,(anonymous_1)
FNDA:19,(anonymous_2)
FNDA:1,(anonymous_3)
FNDA:19,(anonymous_4)
FNDA:2,handleChange
FNDA:2,(anonymous_6)
FNDA:1,handleSaveSearch
FNDA:2,handleLoadSearch
FNDA:2,(anonymous_9)
FNDA:1,(anonymous_10)
DA:6,19
DA:7,19
DA:18,19
DA:21,19
DA:22,19
DA:23,19
DA:27,2
DA:28,2
DA:33,1
DA:34,1
DA:38,2
DA:39,2
DA:40,1
DA:41,1
DA:51,2
DA:52,2
DA:53,2
DA:56,19
DA:64,2
DA:72,1
DA:82,1
DA:83,1
DA:84,1
LF:23
LH:23
BRDA:6,0,0,19
BRDA:6,0,1,18
BRDA:8,1,0,19
BRDA:8,1,1,18
BRDA:9,2,0,19
BRDA:9,2,1,18
BRDA:10,3,0,19
BRDA:10,3,1,18
BRDA:11,4,0,19
BRDA:11,4,1,19
BRDA:12,5,0,19
BRDA:12,5,1,19
BRDA:13,6,0,19
BRDA:13,6,1,19
BRDA:14,7,0,19
BRDA:14,7,1,19
BRDA:15,8,0,19
BRDA:15,8,1,19
BRDA:38,9,0,2
BRDA:38,9,1,1
BRDA:39,10,0,1
BRDA:39,10,1,1
BRDA:42,11,0,1
BRDA:42,11,1,0
BRDA:43,12,0,2
BRDA:43,12,1,0
BRDA:44,13,0,2
BRDA:44,13,1,0
BRDA:45,14,0,2
BRDA:45,14,1,1
BRDA:46,15,0,2
BRDA:46,15,1,1
BRDA:47,16,0,2
BRDA:47,16,1,1
BRDA:48,17,0,2
BRDA:48,17,1,1
BRDA:49,18,0,2
BRDA:49,18,1,0
BRDA:51,19,0,2
BRDA:51,19,1,0
BRF:40
BRH:35
end_of_record
TN:
SF:src\components\JobsTabs.jsx
FN:4,JobsTab
FN:8,(anonymous_1)
FN:9,loadJobs
FN:30,(anonymous_3)
FNF:4
FNH:4
FNDA:15,JobsTab
FNDA:8,(anonymous_1)
FNDA:8,loadJobs
FNDA:3,(anonymous_3)
DA:5,15
DA:6,15
DA:8,15
DA:10,8
DA:11,8
DA:14,5
DA:15,5
DA:17,2
DA:19,7
DA:22,8
DA:25,15
DA:26,7
DA:28,2
DA:31,3
LF:14
LH:14
BRDA:15,0,0,5
BRDA:15,0,1,1
BRDA:25,1,0,8
BRDA:25,1,1,7
BRDA:26,2,0,5
BRDA:26,2,1,2
BRF:6
BRH:6
end_of_record
TN:
SF:src\components\LegalModal.jsx
FN:6,TermsContent
FN:106,PrivacyContent
FN:197,LegalModal
FN:202,(anonymous_3)
FNF:4
FNH:4
FNDA:19,TermsContent
FNDA:12,PrivacyContent
FNDA:11,LegalModal
FNDA:2,(anonymous_3)
DA:7,19
DA:107,12
DA:198,11
DA:200,10
DA:202,2
LF:5
LH:5
BRDA:198,0,0,1
BRDA:198,0,1,10
BRDA:207,1,0,10
BRDA:207,1,1,9
BRDA:208,2,0,11
BRDA:208,2,1,1
BRF:6
BRH:6
end_of_record
TN:
SF:src\components\LinkedInOAuthButton.jsx
FN:5,(anonymous_0)
FN:10,(anonymous_1)
FN:29,(anonymous_2)
FN:57,(anonymous_3)
FN:58,(anonymous_4)
FNF:5
FNH:5
FNDA:13,(anonymous_0)
FNDA:10,(anonymous_1)
FNDA:3,(anonymous_2)
FNDA:1,(anonymous_3)
FNDA:1,(anonymous_4)
DA:5,1
DA:6,13
DA:7,13
DA:10,13
DA:11,10
DA:12,10
DA:13,10
DA:15,10
DA:17,3
DA:20,3
DA:21,1
DA:25,3
DA:29,13
DA:30,3
DA:32,3
DA:35,13
DA:57,1
DA:58,1
LF:18
LH:18
BRDA:15,0,0,3
BRDA:15,0,1,7
BRDA:20,1,0,1
BRDA:20,1,1,2
BRDA:51,2,0,3
BRDA:51,2,1,10
BRDA:52,3,0,3
BRDA:52,3,1,10
BRDA:57,4,0,1
BRDA:57,4,1,1
BRDA:68,5,0,3
BRDA:68,5,1,10
BRF:12
BRH:12
end_of_record
TN:
SF:src\components\LinkedInProfileOptimization.jsx
FN:7,(anonymous_0)
FN:14,(anonymous_1)
FN:43,(anonymous_2)
FN:56,(anonymous_3)
FN:60,(anonymous_4)
FN:67,(anonymous_5)
FN:174,(anonymous_6)
FN:178,(anonymous_7)
FN:212,(anonymous_8)
FNF:9
FNH:6
FNDA:43,(anonymous_0)
FNDA:14,(anonymous_1)
FNDA:8,(anonymous_2)
FNDA:0,(anonymous_3)
FNDA:110,(anonymous_4)
FNDA:55,(anonymous_5)
FNDA:8,(anonymous_6)
FNDA:0,(anonymous_7)
FNDA:0,(anonymous_8)
DA:7,1
DA:8,43
DA:9,43
DA:10,43
DA:11,43
DA:12,43
DA:14,43
DA:15,14
DA:16,14
DA:17,14
DA:18,14
DA:20,14
DA:33,11
DA:34,11
DA:36,2
DA:37,2
DA:39,13
DA:43,43
DA:44,8
DA:46,5
DA:48,2
DA:50,1
DA:52,0
DA:56,43
DA:57,0
DA:60,43
DA:61,110
DA:62,88
DA:63,12
DA:64,10
DA:67,43
DA:68,55
DA:78,43
DA:79,16
DA:108,27
DA:175,8
DA:178,0
DA:213,0
DA:214,0
LF:39
LH:34
BRDA:23,0,0,14
BRDA:23,0,1,0
BRDA:24,1,0,14
BRDA:24,1,1,0
BRDA:25,2,0,14
BRDA:25,2,1,0
BRDA:26,3,0,14
BRDA:26,3,1,0
BRDA:27,4,0,14
BRDA:27,4,1,0
BRDA:28,5,0,14
BRDA:28,5,1,0
BRDA:37,6,0,2
BRDA:37,6,1,1
BRDA:44,7,0,5
BRDA:44,7,1,2
BRDA:44,7,2,1
BRDA:44,7,3,0
BRDA:61,8,0,22
BRDA:61,8,1,88
BRDA:62,9,0,76
BRDA:62,9,1,12
BRDA:63,10,0,2
BRDA:63,10,1,10
BRDA:78,11,0,16
BRDA:78,11,1,27
BRDA:78,12,0,43
BRDA:78,12,1,32
BRDA:78,12,2,18
BRDA:94,13,0,0
BRDA:94,13,1,16
BRDA:98,14,0,16
BRDA:98,14,1,0
BRDA:123,15,0,14
BRDA:123,15,1,13
BRDA:127,16,0,43
BRDA:127,16,1,2
BRDA:134,17,0,43
BRDA:134,17,1,14
BRDA:141,18,0,43
BRDA:141,18,1,11
BRDA:178,19,0,0
BRDA:178,19,1,0
BRDA:190,20,0,8
BRDA:190,20,1,0
BRDA:209,21,0,0
BRDA:209,21,1,0
BRDA:231,22,0,11
BRDA:231,22,1,2
BRDA:240,23,0,11
BRDA:240,23,1,10
BRDA:249,24,0,11
BRDA:249,24,1,10
BRDA:258,25,0,11
BRDA:258,25,1,8
BRDA:267,26,0,0
BRDA:267,26,1,11
BRF:57
BRH:42
end_of_record
TN:
SF:src\components\MentorNavBar.jsx
FN:14,MentorNavBar
FN:48,(anonymous_1)
FN:52,(anonymous_2)
FN:58,(anonymous_3)
FNF:4
FNH:4
FNDA:10,MentorNavBar
FNDA:30,(anonymous_1)
FNDA:42,(anonymous_2)
FNDA:42,(anonymous_3)
DA:15,10
DA:16,10
DA:17,10
DA:20,10
DA:23,10
DA:46,10
DA:49,30
DA:53,42
DA:54,42
DA:59,42
LF:10
LH:10
BRDA:15,0,0,10
BRDA:15,0,1,2
BRDA:20,1,0,10
BRDA:20,1,1,9
BRDA:41,2,0,2
BRDA:41,2,1,8
BRDA:59,3,0,0
BRDA:59,3,1,42
BRF:8
BRH:7
end_of_record
TN:
SF:src\components\MissingItemsList.jsx
FN:7,MissingItemsList
FN:27,(anonymous_1)
FN:43,(anonymous_2)
FNF:3
FNH:3
FNDA:15,MissingItemsList
FNDA:11,(anonymous_1)
FNDA:9,(anonymous_2)
DA:8,15
DA:9,2
DA:12,13
DA:28,11
DA:44,9
LF:5
LH:5
BRDA:7,0,0,15
BRDA:7,1,0,15
BRDA:8,2,0,2
BRDA:8,2,1,13
BRDA:8,3,0,15
BRDA:8,3,1,7
BRDA:20,4,0,13
BRDA:20,4,1,8
BRDA:36,5,0,15
BRDA:36,5,1,6
BRF:10
BRH:10
end_of_record
TN:
SF:src\components\NavBar.jsx
FN:34,NavBar
FN:53,(anonymous_1)
FN:59,(anonymous_2)
FN:63,(anonymous_3)
FN:160,(anonymous_4)
FN:183,(anonymous_5)
FN:187,(anonymous_6)
FN:194,(anonymous_7)
FN:208,(anonymous_8)
FNF:9
FNH:9
FNDA:46,NavBar
FNDA:1,(anonymous_1)
FNDA:18,(anonymous_2)
FNDA:2,(anonymous_3)
FNDA:1,(anonymous_4)
FNDA:61,(anonymous_5)
FNDA:140,(anonymous_6)
FNDA:140,(anonymous_7)
FNDA:1,(anonymous_8)
DA:35,46
DA:36,46
DA:37,46
DA:38,46
DA:39,46
DA:44,46
DA:50,46
DA:53,46
DA:54,1
DA:56,1
DA:59,46
DA:60,18
DA:63,46
DA:64,2
DA:68,46
DA:140,46
DA:160,1
DA:184,61
DA:188,140
DA:189,140
DA:195,140
DA:209,1
DA:210,1
LF:23
LH:23
BRDA:36,0,0,46
BRDA:36,0,1,0
BRDA:44,1,0,46
BRDA:44,1,1,46
BRDA:44,1,2,46
BRDA:44,1,3,46
BRDA:44,1,4,0
BRDA:50,2,0,46
BRDA:50,2,1,46
BRDA:68,3,0,19
BRDA:68,3,1,27
BRDA:89,4,0,0
BRDA:89,4,1,19
BRDA:105,5,0,0
BRDA:105,5,1,19
BRDA:142,6,0,17
BRDA:142,6,1,29
BRDA:175,7,0,17
BRDA:175,7,1,29
BRDA:179,8,0,46
BRDA:179,8,1,17
BRDA:195,9,0,9
BRDA:195,9,1,131
BRDA:205,10,0,61
BRDA:205,10,1,9
BRF:25
BRH:21
end_of_record
TN:
SF:src\components\OfferForm.jsx
FN:4,OfferForm
FN:40,(anonymous_1)
FN:45,(anonymous_2)
FN:47,(anonymous_3)
FN:50,(anonymous_4)
FN:67,(anonymous_5)
FN:79,(anonymous_6)
FN:84,(anonymous_7)
FN:85,(anonymous_8)
FN:92,(anonymous_9)
FN:94,(anonymous_10)
FN:100,(anonymous_11)
FN:175,(anonymous_12)
FN:185,(anonymous_13)
FN:186,(anonymous_14)
FN:282,(anonymous_15)
FN:283,(anonymous_16)
FN:289,(anonymous_17)
FN:290,(anonymous_18)
FN:302,(anonymous_19)
FN:303,(anonymous_20)
FN:316,(anonymous_21)
FN:318,(anonymous_22)
FN:466,(anonymous_23)
FNF:24
FNH:24
FNDA:111,OfferForm
FNDA:45,(anonymous_1)
FNDA:65,(anonymous_2)
FNDA:5,(anonymous_3)
FNDA:5,(anonymous_4)
FNDA:111,(anonymous_5)
FNDA:45,(anonymous_6)
FNDA:6,(anonymous_7)
FNDA:6,(anonymous_8)
FNDA:26,(anonymous_9)
FNDA:26,(anonymous_10)
FNDA:9,(anonymous_11)
FNDA:19,(anonymous_12)
FNDA:13,(anonymous_13)
FNDA:13,(anonymous_14)
FNDA:13,(anonymous_15)
FNDA:13,(anonymous_16)
FNDA:1,(anonymous_17)
FNDA:1,(anonymous_18)
FNDA:1,(anonymous_19)
FNDA:1,(anonymous_20)
FNDA:1,(anonymous_21)
FNDA:1,(anonymous_22)
FNDA:5,(anonymous_23)
DA:6,111
DA:8,111
DA:36,111
DA:37,111
DA:38,111
DA:40,111
DA:41,45
DA:45,111
DA:46,65
DA:47,5
DA:48,5
DA:49,5
DA:50,5
DA:67,111
DA:68,111
DA:69,111
DA:70,111
DA:71,23
DA:73,88
DA:76,111
DA:77,111
DA:79,111
DA:80,45
DA:81,45
DA:83,44
DA:84,45
DA:85,45
DA:86,45
DA:88,1
DA:92,111
DA:93,26
DA:94,26
DA:100,111
DA:101,9
DA:102,9
DA:103,9
DA:105,9
DA:107,5
DA:109,5
DA:110,5
DA:113,5
DA:114,3
DA:117,5
DA:119,3
DA:120,3
DA:121,3
DA:124,5
DA:125,5
DA:128,5
DA:129,3
DA:130,3
DA:139,1
DA:145,4
DA:147,4
DA:148,4
DA:150,4
DA:151,3
DA:153,8
DA:155,1
DA:156,1
DA:158,9
DA:162,111
DA:176,19
DA:186,13
DA:187,13
DA:283,13
DA:284,13
DA:285,13
DA:290,1
DA:303,1
DA:317,1
DA:318,1
DA:331,0
DA:466,5
DA:530,1
LF:75
LH:74
BRDA:6,0,0,111
BRDA:6,0,1,83
BRDA:6,0,2,79
BRDA:9,1,0,111
BRDA:9,1,1,77
BRDA:10,2,0,111
BRDA:10,2,1,79
BRDA:11,3,0,111
BRDA:11,3,1,111
BRDA:12,4,0,111
BRDA:12,4,1,110
BRDA:13,5,0,111
BRDA:13,5,1,111
BRDA:14,6,0,111
BRDA:14,6,1,111
BRDA:15,7,0,111
BRDA:15,7,1,111
BRDA:16,8,0,111
BRDA:16,8,1,79
BRDA:18,9,0,111
BRDA:18,9,1,111
BRDA:19,10,0,111
BRDA:19,10,1,111
BRDA:20,11,0,111
BRDA:20,11,1,111
BRDA:21,12,0,111
BRDA:21,12,1,111
BRDA:22,13,0,111
BRDA:22,13,1,111
BRDA:23,14,0,111
BRDA:23,14,1,111
BRDA:24,15,0,111
BRDA:24,15,1,111
BRDA:25,16,0,111
BRDA:25,16,1,111
BRDA:26,17,0,111
BRDA:26,17,1,111
BRDA:27,18,0,111
BRDA:27,18,1,111
BRDA:28,19,0,111
BRDA:28,19,1,111
BRDA:29,20,0,111
BRDA:29,20,1,111
BRDA:30,21,0,111
BRDA:30,21,1,110
BRDA:31,22,0,111
BRDA:31,22,1,111
BRDA:32,23,0,111
BRDA:32,23,1,111
BRDA:33,24,0,111
BRDA:33,24,1,111
BRDA:46,25,0,5
BRDA:46,25,1,60
BRDA:46,26,0,65
BRDA:46,26,1,5
BRDA:48,27,0,5
BRDA:48,27,1,0
BRDA:49,28,0,5
BRDA:49,28,1,0
BRDA:52,29,0,5
BRDA:52,29,1,5
BRDA:52,29,2,0
BRDA:53,30,0,5
BRDA:53,30,1,5
BRDA:53,30,2,0
BRDA:54,31,0,5
BRDA:54,31,1,5
BRDA:54,31,2,4
BRDA:55,32,0,5
BRDA:55,32,1,5
BRDA:55,32,2,4
BRDA:57,33,0,5
BRDA:57,33,1,5
BRDA:59,34,0,5
BRDA:59,34,1,5
BRDA:68,35,0,111
BRDA:68,35,1,71
BRDA:69,36,0,111
BRDA:69,36,1,58
BRDA:70,37,0,23
BRDA:70,37,1,88
BRDA:70,38,0,111
BRDA:70,38,1,40
BRDA:77,39,0,111
BRDA:77,39,1,88
BRDA:77,39,2,13
BRDA:83,40,0,44
BRDA:83,40,1,0
BRDA:84,41,0,6
BRDA:84,41,1,5
BRDA:85,42,0,6
BRDA:85,42,1,5
BRDA:96,43,0,1
BRDA:96,43,1,25
BRDA:96,44,0,7
BRDA:96,44,1,18
BRDA:96,45,0,7
BRDA:96,45,1,0
BRDA:105,46,0,5
BRDA:105,46,1,4
BRDA:109,47,0,5
BRDA:109,47,1,0
BRDA:109,47,2,0
BRDA:109,47,3,0
BRDA:110,48,0,5
BRDA:110,48,1,0
BRDA:113,49,0,3
BRDA:113,49,1,2
BRDA:113,50,0,5
BRDA:113,50,1,3
BRDA:117,51,0,3
BRDA:117,51,1,2
BRDA:117,52,0,5
BRDA:117,52,1,3
BRDA:125,53,0,5
BRDA:125,53,1,0
BRDA:128,54,0,3
BRDA:128,54,1,2
BRDA:128,55,0,5
BRDA:128,55,1,3
BRDA:131,56,0,3
BRDA:131,56,1,0
BRDA:135,57,0,3
BRDA:135,57,1,0
BRDA:136,58,0,2
BRDA:136,58,1,1
BRDA:147,59,0,4
BRDA:147,59,1,0
BRDA:147,60,0,4
BRDA:147,60,1,4
BRDA:151,61,0,3
BRDA:151,61,1,0
BRDA:164,62,0,34
BRDA:164,62,1,77
BRDA:170,63,0,111
BRDA:170,63,1,98
BRDA:178,64,0,18
BRDA:178,64,1,1
BRDA:178,65,0,19
BRDA:178,65,1,1
BRDA:179,66,0,18
BRDA:179,66,1,0
BRDA:179,67,0,18
BRDA:179,67,1,0
BRDA:181,68,0,1
BRDA:181,68,1,18
BRDA:181,69,0,19
BRDA:181,69,1,18
BRDA:185,70,0,111
BRDA:185,70,1,13
BRDA:187,71,0,13
BRDA:187,71,1,0
BRDA:187,72,0,13
BRDA:187,72,1,13
BRDA:187,72,2,0
BRDA:189,73,0,13
BRDA:189,73,1,0
BRDA:189,74,0,13
BRDA:189,74,1,0
BRDA:190,75,0,6
BRDA:190,75,1,7
BRDA:258,76,0,111
BRDA:258,76,1,34
BRDA:258,76,2,32
BRDA:266,77,0,34
BRDA:266,77,1,77
BRDA:277,78,0,111
BRDA:277,78,1,23
BRDA:282,79,0,111
BRDA:282,79,1,13
BRDA:284,80,0,13
BRDA:284,80,1,0
BRDA:284,81,0,13
BRDA:284,81,1,13
BRDA:284,81,2,0
BRDA:292,82,0,1
BRDA:292,82,1,0
BRDA:297,83,0,13
BRDA:297,83,1,0
BRDA:299,84,0,13
BRDA:299,84,1,13
BRDA:305,85,0,1
BRDA:305,85,1,0
BRDA:310,86,0,13
BRDA:310,86,1,0
BRDA:313,87,0,13
BRDA:313,87,1,13
BRDA:313,87,2,13
BRDA:463,88,0,111
BRDA:463,88,1,93
BRDA:463,88,2,93
BRDA:472,89,0,111
BRDA:472,89,1,93
BRDA:472,89,2,93
BRDA:472,89,3,35
BRDA:489,90,0,35
BRDA:489,90,1,21
BRDA:509,91,0,35
BRDA:509,91,1,34
BRDA:509,91,2,32
BRDA:509,91,3,11
BRDA:520,92,0,9
BRDA:520,92,1,102
BRDA:520,93,0,29
BRDA:520,93,1,73
BRF:205
BRH:178
end_of_record
TN:
SF:src\components\ProfileCompleteness.jsx
FN:5,ProfileCompletenessMeter
FNF:1
FNH:1
FNDA:11,ProfileCompletenessMeter
DA:6,11
DA:8,11
DA:10,11
DA:12,11
LF:4
LH:4
BRDA:6,0,0,11
BRDA:6,0,1,3
BRDA:8,1,0,3
BRDA:8,1,1,8
BRDA:8,2,0,3
BRDA:8,2,1,5
BRDA:10,3,0,3
BRDA:10,3,1,8
BRDA:10,4,0,3
BRDA:10,4,1,5
BRF:10
BRH:10
end_of_record
TN:
SF:src\components\ProfileForm.jsx
FN:5,ProfileForm
FN:19,(anonymous_1)
FN:20,fetchProfile
FN:36,handleChange
FN:43,handleSubmit
FN:55,handleCancel
FNF:6
FNH:6
FNDA:46,ProfileForm
FNDA:22,(anonymous_1)
FNDA:22,fetchProfile
FNDA:23,handleChange
FNDA:3,handleSubmit
FNDA:1,handleCancel
DA:6,46
DA:16,46
DA:19,46
DA:21,22
DA:22,22
DA:25,22
DA:26,1
DA:27,1
DA:30,0
DA:33,22
DA:37,23
DA:38,23
DA:39,22
DA:40,22
DA:44,3
DA:45,3
DA:46,3
DA:49,2
DA:51,1
DA:56,1
DA:68,46
LF:21
LH:20
BRDA:25,0,0,1
BRDA:25,0,1,21
BRDA:27,1,0,1
BRDA:27,1,1,0
BRDA:38,2,0,1
BRDA:38,2,1,22
BRDA:38,3,0,23
BRDA:38,3,1,2
BRDA:40,4,0,1
BRDA:40,4,1,21
BRF:10
BRH:9
end_of_record
TN:
SF:src\components\ProfileNavBar.jsx
FN:7,ProfileNavBar
FN:31,(anonymous_1)
FN:35,(anonymous_2)
FNF:3
FNH:3
FNDA:9,ProfileNavBar
FNDA:94,(anonymous_1)
FNDA:94,(anonymous_2)
DA:8,9
DA:9,9
DA:23,9
DA:25,9
DA:26,4
DA:29,9
DA:32,94
DA:36,94
LF:8
LH:8
BRDA:8,0,0,9
BRDA:8,0,1,2
BRDA:23,1,0,9
BRDA:23,1,1,7
BRDA:23,1,2,6
BRDA:25,2,0,4
BRDA:25,2,1,5
BRDA:36,3,0,0
BRDA:36,3,1,94
BRF:9
BRH:8
end_of_record
TN:
SF:src\components\ProfilePictureUpload.jsx
FN:4,ProfilePictureUpload
FN:10,(anonymous_1)
FN:11,fetchPicture
FN:24,handleFile
FN:40,(anonymous_4)
FNF:5
FNH:4
FNDA:21,ProfilePictureUpload
FNDA:10,(anonymous_1)
FNDA:10,fetchPicture
FNDA:5,handleFile
FNDA:0,(anonymous_4)
DA:5,21
DA:6,21
DA:7,21
DA:10,21
DA:12,10
DA:13,10
DA:16,9
DA:18,1
DA:21,10
DA:25,5
DA:26,5
DA:27,4
DA:28,3
DA:30,2
DA:31,2
DA:32,2
DA:34,2
DA:35,2
DA:40,0
DA:43,1
DA:44,1
DA:48,1
DA:52,21
LF:23
LH:22
BRDA:26,0,0,1
BRDA:26,0,1,4
BRDA:27,1,0,1
BRDA:27,1,1,3
BRDA:28,2,0,1
BRDA:28,2,1,2
BRDA:56,3,0,21
BRDA:56,3,1,0
BRDA:56,3,2,0
BRDA:57,4,0,21
BRDA:57,4,1,6
BRDA:58,5,0,21
BRDA:58,5,1,12
BRF:13
BRH:11
end_of_record
TN:
SF:src\components\ProjectDetailModal.jsx
FN:4,ProjectDetailModal
FN:12,(anonymous_1)
FN:13,(anonymous_2)
FN:18,(anonymous_3)
FN:27,(anonymous_4)
FN:44,(anonymous_5)
FN:106,(anonymous_6)
FNF:7
FNH:7
FNDA:42,ProjectDetailModal
FNDA:42,(anonymous_1)
FNDA:2,(anonymous_2)
FNDA:42,(anonymous_3)
FNDA:3,(anonymous_4)
FNDA:1,(anonymous_5)
FNDA:93,(anonymous_6)
DA:12,42
DA:13,42
DA:14,2
DA:16,42
DA:18,42
DA:19,42
DA:23,42
DA:25,41
DA:27,3
DA:29,42
DA:45,1
DA:107,93
LF:12
LH:12
BRDA:14,0,0,1
BRDA:14,0,1,1
BRDA:23,1,0,1
BRDA:23,1,1,41
BRDA:25,2,0,31
BRDA:25,2,1,10
BRDA:27,3,0,10
BRDA:27,3,1,9
BRDA:39,4,0,42
BRDA:39,4,1,32
BRDA:52,5,0,42
BRDA:52,5,1,9
BRDA:53,6,0,42
BRDA:53,6,1,9
BRDA:60,7,0,42
BRDA:60,7,1,9
BRDA:69,8,0,32
BRDA:69,8,1,9
BRDA:77,9,0,42
BRDA:77,9,1,32
BRDA:83,10,0,42
BRDA:83,10,1,32
BRDA:89,11,0,42
BRDA:89,11,1,32
BRDA:99,12,0,42
BRDA:99,12,1,9
BRDA:102,13,0,42
BRDA:102,13,1,31
BRDA:115,14,0,42
BRDA:115,14,1,32
BRDA:122,15,0,42
BRDA:122,15,1,32
BRDA:129,16,0,42
BRDA:129,16,1,32
BRF:34
BRH:34
end_of_record
TN:
SF:src\components\ProjectForm.jsx
FN:4,ProjectForm
FN:25,(anonymous_1)
FN:31,(anonymous_2)
FNF:3
FNH:3
FNDA:46,ProjectForm
FNDA:18,(anonymous_1)
FNDA:5,(anonymous_2)
DA:5,46
DA:25,46
DA:26,18
DA:27,18
DA:31,46
DA:32,5
DA:34,5
DA:35,5
DA:36,70
DA:37,65
DA:40,5
DA:41,5
DA:42,1
DA:46,4
DA:51,4
DA:53,1
DA:54,1
DA:58,46
LF:18
LH:18
BRDA:6,0,0,46
BRDA:6,0,1,39
BRDA:7,1,0,46
BRDA:7,1,1,43
BRDA:8,2,0,46
BRDA:8,2,1,44
BRDA:9,3,0,46
BRDA:9,3,1,43
BRDA:10,4,0,46
BRDA:10,4,1,46
BRDA:11,5,0,2
BRDA:11,5,1,44
BRDA:13,6,0,44
BRDA:13,6,1,43
BRDA:14,7,0,46
BRDA:14,7,1,46
BRDA:15,8,0,46
BRDA:15,8,1,46
BRDA:16,9,0,46
BRDA:16,9,1,46
BRDA:17,10,0,46
BRDA:17,10,1,46
BRDA:18,11,0,46
BRDA:18,11,1,46
BRDA:19,12,0,46
BRDA:19,12,1,46
BRDA:20,13,0,46
BRDA:20,13,1,39
BRDA:27,14,0,0
BRDA:27,14,1,18
BRDA:36,15,0,65
BRDA:36,15,1,5
BRDA:36,16,0,70
BRDA:36,16,1,65
BRDA:41,17,0,1
BRDA:41,17,1,4
BRDA:41,18,0,5
BRDA:41,18,1,2
BRDA:60,19,0,7
BRDA:60,19,1,39
BRDA:60,20,0,46
BRDA:60,20,1,13
BRF:42
BRH:41
end_of_record
TN:
SF:src\components\ProjectSection.jsx
FN:8,ProjectSection
FN:22,(anonymous_1)
FN:25,(anonymous_2)
FN:35,loadProjects
FN:49,(anonymous_4)
FN:53,deleteProject
FN:71,(anonymous_6)
FN:73,(anonymous_7)
FN:75,(anonymous_8)
FN:77,(anonymous_9)
FN:83,(anonymous_10)
FN:85,(anonymous_11)
FN:92,(anonymous_12)
FN:99,(anonymous_13)
FN:104,(anonymous_14)
FN:111,(anonymous_15)
FN:114,(anonymous_16)
FN:115,(anonymous_17)
FN:122,(anonymous_18)
FN:130,(anonymous_19)
FN:149,(anonymous_20)
FN:169,(anonymous_21)
FN:172,(anonymous_22)
FN:174,(anonymous_23)
FN:196,(anonymous_24)
FN:231,(anonymous_25)
FN:268,(anonymous_26)
FN:295,(anonymous_27)
FN:296,(anonymous_28)
FN:311,(anonymous_29)
FN:320,(anonymous_30)
FN:324,(anonymous_31)
FN:335,(anonymous_32)
FN:339,(anonymous_33)
FN:350,(anonymous_34)
FN:364,(anonymous_35)
FN:379,(anonymous_36)
FN:408,(anonymous_37)
FN:419,(anonymous_38)
FN:458,(anonymous_39)
FN:461,(anonymous_40)
FN:476,(anonymous_41)
FN:485,(anonymous_42)
FN:491,(anonymous_43)
FN:497,(anonymous_44)
FN:503,(anonymous_45)
FN:518,(anonymous_46)
FN:522,(anonymous_47)
FN:526,(anonymous_48)
FN:530,(anonymous_49)
FN:531,(anonymous_50)
FNF:51
FNH:48
FNDA:194,ProjectSection
FNDA:110,(anonymous_1)
FNDA:4,(anonymous_2)
FNDA:59,loadProjects
FNDA:55,(anonymous_4)
FNDA:3,deleteProject
FNDA:110,(anonymous_6)
FNDA:55,(anonymous_7)
FNDA:15,(anonymous_8)
FNDA:3,(anonymous_9)
FNDA:110,(anonymous_10)
FNDA:55,(anonymous_11)
FNDA:122,(anonymous_12)
FNDA:5,(anonymous_13)
FNDA:0,(anonymous_14)
FNDA:1,(anonymous_15)
FNDA:0,(anonymous_16)
FNDA:1,(anonymous_17)
FNDA:2,(anonymous_18)
FNDA:7,(anonymous_19)
FNDA:12,(anonymous_20)
FNDA:5,(anonymous_21)
FNDA:3,(anonymous_22)
FNDA:1,(anonymous_23)
FNDA:4,(anonymous_24)
FNDA:3,(anonymous_25)
FNDA:2,(anonymous_26)
FNDA:0,(anonymous_27)
FNDA:1,(anonymous_28)
FNDA:3,(anonymous_29)
FNDA:1,(anonymous_30)
FNDA:21,(anonymous_31)
FNDA:1,(anonymous_32)
FNDA:7,(anonymous_33)
FNDA:3,(anonymous_34)
FNDA:3,(anonymous_35)
FNDA:1,(anonymous_36)
FNDA:85,(anonymous_37)
FNDA:1,(anonymous_38)
FNDA:3,(anonymous_39)
FNDA:19,(anonymous_40)
FNDA:5,(anonymous_41)
FNDA:1,(anonymous_42)
FNDA:4,(anonymous_43)
FNDA:3,(anonymous_44)
FNDA:2,(anonymous_45)
FNDA:1,(anonymous_46)
FNDA:1,(anonymous_47)
FNDA:1,(anonymous_48)
FNDA:1,(anonymous_49)
FNDA:1,(anonymous_50)
DA:9,194
DA:10,194
DA:11,194
DA:12,194
DA:13,194
DA:14,194
DA:15,194
DA:16,194
DA:17,194
DA:18,194
DA:19,194
DA:22,194
DA:23,110
DA:24,110
DA:25,4
DA:26,4
DA:27,4
DA:29,106
DA:31,0
DA:36,59
DA:37,59
DA:38,59
DA:41,58
DA:43,0
DA:45,58
DA:49,194
DA:50,55
DA:54,3
DA:55,0
DA:56,3
DA:57,3
DA:60,3
DA:61,3
DA:62,1
DA:63,1
DA:66,0
DA:71,194
DA:72,110
DA:73,110
DA:74,55
DA:75,15
DA:76,48
DA:77,3
DA:80,110
DA:83,194
DA:84,110
DA:85,110
DA:86,55
DA:88,110
DA:92,194
DA:93,122
DA:96,122
DA:97,4
DA:98,4
DA:100,5
DA:104,0
DA:110,122
DA:111,1
DA:112,1
DA:114,0
DA:115,1
DA:120,122
DA:121,1
DA:122,2
DA:127,122
DA:128,3
DA:129,3
DA:130,3
DA:131,7
DA:132,7
DA:134,2
DA:136,2
DA:138,3
DA:143,0
DA:149,122
DA:150,12
DA:152,9
DA:154,0
DA:156,1
DA:158,1
DA:160,1
DA:162,0
DA:166,122
DA:169,194
DA:170,5
DA:171,5
DA:172,4
DA:173,3
DA:176,1
DA:177,1
DA:178,1
DA:179,1
DA:180,1
DA:181,1
DA:182,1
DA:186,1
DA:187,1
DA:188,1
DA:189,1
DA:190,1
DA:191,1
DA:192,1
DA:196,194
DA:197,4
DA:198,4
DA:231,3
DA:259,4
DA:260,4
DA:263,194
DA:269,2
DA:295,0
DA:297,1
DA:298,1
DA:311,3
DA:320,1
DA:325,21
DA:335,1
DA:340,7
DA:350,3
DA:364,3
DA:380,1
DA:381,1
DA:382,1
DA:383,1
DA:409,85
DA:420,1
DA:458,3
DA:462,19
DA:477,5
DA:478,5
DA:485,1
DA:491,4
DA:497,3
DA:503,2
DA:519,1
DA:520,1
DA:523,1
DA:524,1
DA:527,1
DA:528,1
DA:530,1
DA:531,1
LF:142
LH:132
BRDA:24,0,0,4
BRDA:24,0,1,106
BRDA:24,1,0,110
BRDA:24,1,1,10
BRDA:26,2,0,4
BRDA:26,2,1,0
BRDA:29,3,0,0
BRDA:29,3,1,106
BRDA:29,4,0,106
BRDA:29,4,1,100
BRDA:41,5,0,58
BRDA:41,5,1,0
BRDA:50,6,0,55
BRDA:50,6,1,0
BRDA:54,7,0,0
BRDA:54,7,1,3
BRDA:61,8,0,1
BRDA:61,8,1,2
BRDA:74,9,0,7
BRDA:74,9,1,48
BRDA:76,10,0,1
BRDA:76,10,1,47
BRDA:86,11,0,5
BRDA:86,11,1,50
BRDA:96,12,0,4
BRDA:96,12,1,118
BRDA:100,13,0,5
BRDA:100,13,1,1
BRDA:100,13,2,1
BRDA:100,13,3,1
BRDA:103,14,0,0
BRDA:103,14,1,1
BRDA:110,15,0,1
BRDA:110,15,1,121
BRDA:112,16,0,1
BRDA:112,16,1,0
BRDA:114,17,0,0
BRDA:114,17,1,0
BRDA:120,18,0,1
BRDA:120,18,1,121
BRDA:127,19,0,3
BRDA:127,19,1,119
BRDA:132,20,0,2
BRDA:132,20,1,2
BRDA:132,20,2,3
BRDA:132,20,3,0
BRDA:139,21,0,3
BRDA:139,21,1,2
BRDA:150,22,0,9
BRDA:150,22,1,0
BRDA:150,22,2,1
BRDA:150,22,3,1
BRDA:150,22,4,1
BRDA:150,22,5,0
BRDA:156,23,0,1
BRDA:156,23,1,0
BRDA:156,24,0,1
BRDA:156,24,1,0
BRDA:158,25,0,1
BRDA:158,25,1,0
BRDA:158,26,0,1
BRDA:158,26,1,0
BRDA:160,27,0,1
BRDA:160,27,1,0
BRDA:160,28,0,1
BRDA:160,28,1,0
BRDA:171,29,0,4
BRDA:171,29,1,1
BRDA:171,30,0,5
BRDA:171,30,1,4
BRDA:214,31,0,4
BRDA:214,31,1,3
BRDA:219,32,0,1
BRDA:219,32,1,3
BRDA:222,33,0,4
BRDA:222,33,1,3
BRDA:226,34,0,4
BRDA:226,34,1,2
BRDA:228,35,0,2
BRDA:228,35,1,2
BRDA:231,36,0,2
BRDA:231,36,1,0
BRDA:234,37,0,1
BRDA:234,37,1,3
BRDA:239,38,0,1
BRDA:239,38,1,3
BRDA:245,39,0,1
BRDA:245,39,1,3
BRDA:251,40,0,1
BRDA:251,40,1,3
BRDA:291,41,0,194
BRDA:291,41,1,4
BRDA:303,42,0,194
BRDA:303,42,1,74
BRDA:373,43,0,74
BRDA:373,43,1,70
BRDA:373,43,2,70
BRDA:373,43,3,69
BRDA:373,43,4,8
BRDA:392,44,0,55
BRDA:392,44,1,139
BRDA:394,45,0,66
BRDA:394,45,1,73
BRDA:396,46,0,65
BRDA:396,46,1,1
BRDA:414,47,0,85
BRDA:414,47,1,2
BRDA:428,48,0,85
BRDA:428,48,1,75
BRDA:429,49,0,85
BRDA:429,49,1,75
BRDA:435,50,0,0
BRDA:435,50,1,85
BRDA:443,51,0,2
BRDA:443,51,1,83
BRDA:450,52,0,85
BRDA:450,52,1,6
BRDA:454,53,0,85
BRDA:454,53,1,11
BRDA:456,54,0,10
BRDA:456,54,1,1
BRDA:465,55,0,11
BRDA:465,55,1,1
BRDA:466,56,0,10
BRDA:466,56,1,1
BRDA:469,57,0,1
BRDA:469,57,1,0
BRDA:515,58,0,194
BRDA:515,58,1,8
BRF:129
BRH:108
end_of_record
TN:
SF:src\components\QualityScoreCard.jsx
FN:7,QualityScoreCard
FN:19,(anonymous_1)
FN:25,(anonymous_2)
FNF:3
FNH:3
FNDA:16,QualityScoreCard
FNDA:45,(anonymous_1)
FNDA:15,(anonymous_2)
DA:8,16
DA:10,15
DA:12,16
DA:13,16
DA:14,16
DA:15,16
DA:16,16
DA:19,16
DA:20,45
DA:21,32
DA:22,29
DA:25,16
DA:26,15
DA:27,5
DA:28,3
DA:29,1
DA:32,16
DA:33,16
DA:35,16
LF:19
LH:19
BRDA:8,0,0,1
BRDA:8,0,1,15
BRDA:10,1,0,15
BRDA:10,1,1,0
BRDA:12,2,0,16
BRDA:12,2,1,14
BRDA:13,3,0,16
BRDA:13,3,1,14
BRDA:13,3,2,13
BRDA:14,4,0,16
BRDA:14,4,1,14
BRDA:14,4,2,13
BRDA:15,5,0,16
BRDA:15,5,1,14
BRDA:16,6,0,16
BRDA:16,6,1,13
BRDA:20,7,0,13
BRDA:20,7,1,32
BRDA:21,8,0,3
BRDA:21,8,1,29
BRDA:26,9,0,10
BRDA:26,9,1,5
BRDA:27,10,0,2
BRDA:27,10,1,3
BRDA:28,11,0,2
BRDA:28,11,1,1
BRDA:50,12,0,1
BRDA:50,12,1,14
BRDA:94,13,0,16
BRDA:94,13,1,4
BRDA:94,13,2,1
BRDA:94,13,3,3
BRDA:98,14,0,3
BRDA:98,14,1,3
BRDA:106,15,0,2
BRDA:106,15,1,1
BRDA:109,16,0,2
BRDA:109,16,1,1
BRDA:114,17,0,3
BRDA:114,17,1,1
BRDA:120,18,0,0
BRDA:120,18,1,1
BRDA:123,19,0,0
BRDA:123,19,1,1
BRF:44
BRH:41
end_of_record
TN:
SF:src\components\ResumeOptimize.jsx
FN:6,ResumeOptimize
FN:15,(anonymous_1)
FN:20,(anonymous_2)
FN:21,loadJobs
FN:37,openJob
FN:53,(anonymous_5)
FN:70,(anonymous_6)
FN:71,(anonymous_7)
FNF:8
FNH:8
FNDA:21,ResumeOptimize
FNDA:13,(anonymous_1)
FNDA:13,(anonymous_2)
FNDA:13,loadJobs
FNDA:1,openJob
FNDA:1,(anonymous_5)
FNDA:4,(anonymous_6)
FNDA:1,(anonymous_7)
DA:7,21
DA:8,21
DA:9,21
DA:11,21
DA:12,21
DA:13,21
DA:15,21
DA:17,13
DA:20,21
DA:22,13
DA:23,13
DA:26,11
DA:27,10
DA:29,2
DA:31,12
DA:34,13
DA:38,1
DA:39,1
DA:44,21
DA:53,1
DA:71,4
LF:21
LH:21
BRDA:9,0,0,21
BRDA:9,0,1,1
BRDA:17,1,0,1
BRDA:17,1,1,12
BRDA:27,2,0,10
BRDA:27,2,1,0
BRDA:34,3,0,13
BRDA:34,3,1,0
BRDA:58,4,0,13
BRDA:58,4,1,8
BRDA:60,5,0,4
BRDA:60,5,1,4
BRDA:74,6,0,4
BRDA:74,6,1,3
BRDA:75,7,0,4
BRDA:75,7,1,1
BRF:16
BRH:14
end_of_record
TN:
SF:src\components\Resumeview.jsx
FN:5,ResumeView
FN:10,(anonymous_1)
FN:11,loadResume
FN:23,downloadPDF
FNF:4
FNH:4
FNDA:11,ResumeView
FNDA:6,(anonymous_1)
FNDA:6,loadResume
FNDA:1,downloadPDF
DA:6,11
DA:7,11
DA:8,11
DA:10,11
DA:12,6
DA:16,5
DA:17,5
DA:20,6
DA:24,1
DA:26,1
DA:35,1
DA:36,1
DA:38,1
DA:39,1
DA:40,1
DA:41,1
DA:43,1
DA:46,11
DA:48,5
LF:19
LH:19
BRDA:46,0,0,6
BRDA:46,0,1,5
BRF:2
BRH:2
end_of_record
TN:
SF:src\components\ScoreBreakdown.jsx
FN:15,ScoreBreakdown
FN:99,(anonymous_1)
FN:101,(anonymous_2)
FNF:3
FNH:3
FNDA:6,ScoreBreakdown
FNDA:24,(anonymous_1)
FNDA:48,(anonymous_2)
DA:16,6
DA:17,2
DA:21,4
DA:55,6
DA:56,0
DA:63,4
DA:64,0
DA:71,4
DA:100,24
DA:101,24
DA:102,48
DA:103,18
DA:104,12
DA:107,24
LF:14
LH:12
BRDA:16,0,0,2
BRDA:16,0,1,4
BRDA:16,1,0,6
BRDA:16,1,1,4
BRDA:24,2,0,4
BRDA:24,2,1,1
BRDA:29,3,0,6
BRDA:29,3,1,1
BRDA:34,4,0,6
BRDA:34,4,1,1
BRDA:39,5,0,6
BRDA:39,5,1,1
BRDA:44,6,0,6
BRDA:44,6,1,1
BRDA:49,7,0,6
BRDA:49,7,1,1
BRDA:55,8,0,0
BRDA:55,8,1,6
BRDA:58,9,0,0
BRDA:58,9,1,0
BRDA:63,10,0,0
BRDA:63,10,1,4
BRDA:66,11,0,0
BRDA:66,11,1,0
BRDA:102,12,0,30
BRDA:102,12,1,18
BRDA:103,13,0,6
BRDA:103,13,1,12
BRF:28
BRH:22
end_of_record
TN:
SF:src\components\SkillDist.jsx
FN:4,SkillDistributionChart
FN:17,(anonymous_1)
FN:34,(anonymous_2)
FNF:3
FNH:3
FNDA:11,SkillDistributionChart
FNDA:16,(anonymous_1)
FNDA:14,(anonymous_2)
DA:5,11
DA:6,3
DA:17,16
DA:19,8
DA:20,2
DA:30,6
DA:35,14
DA:36,14
LF:8
LH:8
BRDA:5,0,0,3
BRDA:5,0,1,8
BRDA:5,1,0,11
BRDA:5,1,1,9
BRDA:17,2,0,16
BRDA:17,2,1,2
BRDA:19,3,0,2
BRDA:19,3,1,6
BRF:8
BRH:8
end_of_record
TN:
SF:src\components\SkillsForm.jsx
FN:12,SkillsForm
FN:35,addSkill
FN:78,(anonymous_2)
FN:81,(anonymous_3)
FN:96,(anonymous_4)
FN:114,(anonymous_5)
FNF:6
FNH:6
FNDA:35,SkillsForm
FNDA:8,addSkill
FNDA:8,(anonymous_2)
FNDA:525,(anonymous_3)
FNDA:1,(anonymous_4)
FNDA:1,(anonymous_5)
DA:13,35
DA:14,35
DA:15,35
DA:16,35
DA:36,8
DA:37,8
DA:38,2
DA:39,2
DA:42,6
DA:43,6
DA:48,4
DA:49,4
DA:50,4
DA:51,4
DA:54,2
DA:55,2
DA:59,35
DA:78,8
DA:82,525
DA:96,1
DA:114,1
LF:21
LH:21
BRDA:37,0,0,2
BRDA:37,0,1,6
BRDA:51,1,0,4
BRDA:51,1,1,0
BRDA:54,2,0,2
BRDA:54,2,1,1
BRDA:132,3,0,35
BRDA:132,3,1,2
BRF:8
BRH:7
end_of_record
TN:
SF:src\components\Spinner.jsx
FN:5,Spinner
FNF:1
FNH:1
FNDA:9,Spinner
DA:6,9
LF:1
LH:1
BRF:0
BRH:0
end_of_record
TN:
SF:src\components\UpcomingDeadlinesWidget.jsx
FN:7,daysUntil
FN:15,urgencyColor
FN:24,UpcomingDeadlinesWidget
FN:29,(anonymous_3)
FN:30,load
FN:39,(anonymous_5)
FN:41,(anonymous_6)
FN:66,(anonymous_7)
FN:76,(anonymous_8)
FN:107,(anonymous_9)
FN:118,(anonymous_10)
FNF:11
FNH:11
FNDA:18,daysUntil
FNDA:9,urgencyColor
FNDA:29,UpcomingDeadlinesWidget
FNDA:13,(anonymous_3)
FNDA:13,load
FNDA:15,(anonymous_5)
FNDA:9,(anonymous_6)
FNDA:3,(anonymous_7)
FNDA:9,(anonymous_8)
FNDA:1,(anonymous_9)
FNDA:1,(anonymous_10)
DA:8,18
DA:9,18
DA:12,18
DA:16,9
DA:17,9
DA:18,9
DA:19,2
DA:20,2
DA:21,0
DA:25,29
DA:26,29
DA:27,29
DA:29,29
DA:31,13
DA:32,13
DA:38,11
DA:39,15
DA:40,13
DA:41,9
DA:43,13
DA:45,1
DA:47,12
DA:50,13
DA:53,29
DA:55,16
DA:66,3
DA:77,9
DA:78,9
DA:79,9
DA:108,1
DA:109,0
DA:118,1
LF:32
LH:30
BRDA:8,0,0,0
BRDA:8,0,1,18
BRDA:17,1,0,0
BRDA:17,1,1,9
BRDA:18,2,0,7
BRDA:18,2,1,2
BRDA:19,3,0,0
BRDA:19,3,1,2
BRDA:20,4,0,2
BRDA:20,4,1,0
BRDA:39,5,0,11
BRDA:39,5,1,0
BRDA:39,5,2,0
BRDA:53,6,0,13
BRDA:53,6,1,16
BRDA:72,7,0,11
BRDA:72,7,1,5
BRDA:88,8,0,7
BRDA:88,8,1,2
BRDA:104,9,0,29
BRDA:104,9,1,3
BRDA:108,10,0,0
BRDA:108,10,1,1
BRF:23
BRH:16
end_of_record
TN:
SF:src\components\charts\ApplicationsTrendChart.jsx
FN:13,ApplicationsTrendChart
FN:14,(anonymous_1)
FNF:2
FNH:2
FNDA:14,ApplicationsTrendChart
FNDA:35,(anonymous_1)
DA:14,35
DA:24,14
LF:2
LH:2
BRDA:19,0,0,35
BRDA:19,0,1,1
BRDA:20,1,0,35
BRDA:20,1,1,1
BRDA:21,2,0,35
BRDA:21,2,1,23
BRF:6
BRH:6
end_of_record
TN:
SF:src\components\charts\FunnelChart.jsx
FN:12,FunnelChart
FNF:1
FNH:1
FNDA:11,FunnelChart
DA:13,11
DA:19,11
LF:2
LH:2
BRDA:12,0,0,11
BRDA:14,1,0,11
BRDA:14,1,1,9
BRDA:15,2,0,11
BRDA:15,2,1,10
BRDA:16,3,0,11
BRDA:16,3,1,10
BRF:7
BRH:7
end_of_record
TN:
SF:src\components\charts\GoalRing.jsx
FN:4,GoalRing
FNF:1
FNH:1
FNDA:11,GoalRing
DA:6,11
DA:9,11
DA:13,11
DA:18,11
LF:4
LH:4
BRDA:4,0,0,11
BRDA:6,1,0,10
BRDA:6,1,1,1
BRDA:9,2,0,1
BRDA:9,2,1,10
BRF:5
BRH:5
end_of_record
TN:
SF:src\components\charts\StageTimeChart.jsx
FN:13,StageTimeChart
FN:14,(anonymous_1)
FNF:2
FNH:2
FNDA:15,StageTimeChart
FNDA:33,(anonymous_1)
DA:14,33
DA:19,15
LF:2
LH:2
BRDA:13,0,0,15
BRDA:15,1,0,33
BRDA:15,1,1,1
BRDA:16,2,0,33
BRDA:16,2,1,1
BRF:5
BRH:5
end_of_record
TN:
SF:src\contexts\AuthContext.jsx
FN:5,(anonymous_0)
FN:7,AuthProvider
FN:11,(anonymous_2)
FN:16,login
FN:21,register
FN:26,logout
FNF:6
FNH:6
FNDA:231,(anonymous_0)
FNDA:61,AuthProvider
FNDA:59,(anonymous_2)
FNDA:1,login
FNDA:1,register
FNDA:1,logout
DA:4,4
DA:5,231
DA:8,61
DA:9,61
DA:11,61
DA:12,59
DA:13,14
DA:17,1
DA:18,1
DA:22,1
DA:23,1
DA:27,1
DA:30,61
LF:13
LH:13
BRDA:12,0,0,45
BRDA:12,0,1,14
BRF:2
BRH:2
end_of_record
TN:
SF:src\contexts\ProfileContext.jsx
FN:6,(anonymous_0)
FN:8,ProfileProvider
FN:12,loadProfile
FN:20,saveProfile
FNF:4
FNH:4
FNDA:117,(anonymous_0)
FNDA:67,ProfileProvider
FNDA:28,loadProfile
FNDA:3,saveProfile
DA:5,2
DA:6,117
DA:9,67
DA:10,67
DA:13,28
DA:14,27
DA:17,26
DA:21,3
DA:26,67
LF:9
LH:9
BRDA:13,0,0,1
BRDA:13,0,1,27
BRF:2
BRH:2
end_of_record
TN:
SF:src\contexts\TeamContext.jsx
FN:24,TeamProvider
FN:28,(anonymous_1)
FN:34,(anonymous_2)
FN:44,(anonymous_3)
FN:47,(anonymous_4)
FN:64,(anonymous_5)
FN:72,(anonymous_6)
FN:76,(anonymous_7)
FN:77,(anonymous_8)
FN:83,(anonymous_9)
FN:110,useTeam
FNF:11
FNH:11
FNDA:44,TeamProvider
FNDA:16,(anonymous_1)
FNDA:14,(anonymous_2)
FNDA:11,(anonymous_3)
FNDA:2,(anonymous_4)
FNDA:3,(anonymous_5)
FNDA:14,(anonymous_6)
FNDA:2,(anonymous_7)
FNDA:2,(anonymous_8)
FNDA:44,(anonymous_9)
FNDA:44,useTeam
DA:12,1
DA:14,1
DA:25,44
DA:26,44
DA:28,44
DA:29,16
DA:30,2
DA:31,2
DA:34,14
DA:35,14
DA:36,14
DA:37,12
DA:38,16
DA:39,16
DA:44,16
DA:45,11
DA:46,11
DA:47,2
DA:49,11
DA:51,11
DA:63,3
DA:64,3
DA:72,44
DA:73,14
DA:76,44
DA:77,2
DA:83,44
DA:84,44
DA:85,44
DA:86,44
DA:89,44
DA:91,44
DA:105,44
DA:111,44
LF:34
LH:34
BRDA:29,0,0,2
BRDA:29,0,1,14
BRDA:37,1,0,12
BRDA:37,1,1,1
BRDA:38,2,0,16
BRDA:38,2,1,3
BRDA:38,2,2,3
BRDA:39,3,0,16
BRDA:39,3,1,7
BRDA:46,4,0,1
BRDA:46,4,1,10
BRDA:49,5,0,11
BRDA:49,5,1,10
BRDA:49,5,2,3
BRDA:52,6,0,11
BRDA:52,6,1,2
BRDA:53,7,0,11
BRDA:53,7,1,11
BRDA:67,8,0,3
BRDA:67,8,1,2
BRDA:84,9,0,44
BRDA:84,9,1,42
BRDA:86,10,0,44
BRDA:86,10,1,7
BRDA:89,11,0,44
BRDA:89,11,1,31
BRF:26
BRH:26
end_of_record
TN:
SF:src\pages\ArchivedJobs.jsx
FN:7,(anonymous_0)
FN:11,(anonymous_1)
FN:24,(anonymous_2)
FN:28,(anonymous_3)
FN:33,(anonymous_4)
FN:39,(anonymous_5)
FN:49,(anonymous_6)
FN:72,(anonymous_7)
FN:80,(anonymous_8)
FN:83,(anonymous_9)
FNF:10
FNH:10
FNDA:39,(anonymous_0)
FNDA:18,(anonymous_1)
FNDA:18,(anonymous_2)
FNDA:3,(anonymous_3)
FNDA:2,(anonymous_4)
FNDA:5,(anonymous_5)
FNDA:2,(anonymous_6)
FNDA:15,(anonymous_7)
FNDA:3,(anonymous_8)
FNDA:5,(anonymous_9)
DA:7,1
DA:8,39
DA:9,39
DA:11,39
DA:12,18
DA:13,18
DA:15,18
DA:16,16
DA:18,1
DA:20,17
DA:24,39
DA:25,18
DA:28,39
DA:29,3
DA:31,3
DA:33,2
DA:35,1
DA:39,39
DA:41,5
DA:42,2
DA:45,3
DA:47,3
DA:49,2
DA:51,1
DA:55,39
DA:56,18
DA:63,21
DA:73,15
DA:80,3
DA:83,5
LF:30
LH:30
BRDA:41,0,0,2
BRDA:41,0,1,3
BRDA:55,1,0,18
BRDA:55,1,1,21
BRDA:68,2,0,8
BRDA:68,2,1,13
BRF:6
BRH:6
end_of_record
TN:
SF:src\pages\ForgotPassword.jsx
FN:6,ForgotPassword
FN:10,handleForgot
FN:26,(anonymous_2)
FNF:3
FNH:3
FNDA:18,ForgotPassword
FNDA:7,handleForgot
FNDA:7,(anonymous_2)
DA:7,18
DA:8,18
DA:11,7
DA:12,7
DA:13,4
DA:14,7
DA:16,3
DA:20,18
DA:26,7
LF:9
LH:9
BRDA:13,0,0,4
BRDA:13,0,1,1
BRDA:16,1,0,3
BRDA:16,1,1,1
BRF:4
BRH:4
end_of_record
TN:
SF:src\pages\Home.jsx
FN:6,Home
FNF:1
FNH:1
FNDA:12,Home
DA:7,12
DA:9,12
LF:2
LH:2
BRDA:21,0,0,12
BRDA:21,0,1,11
BRF:2
BRH:2
end_of_record
TN:
SF:src\pages\LinkedInAuthSuccess.jsx
FN:5,(anonymous_0)
FN:11,(anonymous_1)
FN:21,(anonymous_2)
FN:48,(anonymous_3)
FN:53,(anonymous_4)
FN:61,(anonymous_5)
FN:66,(anonymous_6)
FNF:7
FNH:2
FNDA:26,(anonymous_0)
FNDA:13,(anonymous_1)
FNDA:0,(anonymous_2)
FNDA:0,(anonymous_3)
FNDA:0,(anonymous_4)
FNDA:0,(anonymous_5)
FNDA:0,(anonymous_6)
DA:5,1
DA:6,26
DA:7,26
DA:8,26
DA:9,26
DA:11,26
DA:12,13
DA:13,13
DA:14,13
DA:15,13
DA:18,13
DA:19,3
DA:20,3
DA:21,3
DA:22,3
DA:27,10
DA:28,5
DA:30,5
DA:31,5
DA:34,5
DA:35,2
DA:36,2
DA:37,2
DA:40,2
DA:41,2
DA:44,4
DA:45,4
DA:48,4
DA:50,1
DA:51,1
DA:52,1
DA:53,1
DA:58,5
DA:60,0
DA:61,0
DA:64,5
DA:65,5
DA:66,5
DA:71,26
LF:39
LH:37
BRDA:18,0,0,3
BRDA:18,0,1,10
BRDA:27,1,0,5
BRDA:27,1,1,5
BRDA:34,2,0,2
BRDA:34,2,1,3
BRDA:58,3,0,0
BRDA:58,3,1,5
BRDA:78,4,0,9
BRDA:78,4,1,17
BRDA:86,5,0,9
BRDA:86,5,1,17
BRDA:86,6,0,4
BRDA:86,6,1,13
BRDA:93,7,0,9
BRDA:93,7,1,17
BRDA:93,8,0,4
BRDA:93,8,1,13
BRDA:96,9,0,26
BRDA:96,9,1,13
BRF:20
BRH:19
end_of_record
TN:
SF:src\pages\LinkedInCallback.jsx
FN:7,LinkedInCallback
FN:13,(anonymous_1)
FN:14,processLogin
FN:25,(anonymous_3)
FN:53,(anonymous_4)
FN:59,(anonymous_5)
FNF:6
FNH:3
FNDA:22,LinkedInCallback
FNDA:11,(anonymous_1)
FNDA:11,processLogin
FNDA:0,(anonymous_3)
FNDA:0,(anonymous_4)
FNDA:0,(anonymous_5)
DA:8,22
DA:9,22
DA:10,22
DA:11,22
DA:13,22
DA:16,11
DA:17,11
DA:18,11
DA:20,11
DA:21,11
DA:23,11
DA:24,7
DA:25,7
DA:26,7
DA:29,4
DA:31,4
DA:32,4
DA:33,1
DA:34,1
DA:36,1
DA:39,4
DA:42,4
DA:43,4
DA:45,4
DA:46,4
DA:48,4
DA:50,4
DA:53,4
DA:54,0
DA:57,1
DA:58,1
DA:59,1
DA:63,11
DA:66,22
LF:34
LH:33
BRDA:20,0,0,4
BRDA:20,0,1,7
BRDA:21,1,0,1
BRDA:21,1,1,10
BRDA:23,2,0,7
BRDA:23,2,1,4
BRDA:32,3,0,1
BRDA:32,3,1,3
BRDA:58,4,0,1
BRDA:58,4,1,0
BRDA:84,5,0,8
BRDA:84,5,1,14
BRDA:95,6,0,3
BRDA:95,6,1,11
BRF:14
BRH:13
end_of_record
TN:
SF:src\pages\ResetPassword.jsx
FN:7,ResetPassword
FN:17,handleReset
FN:35,(anonymous_2)
FN:40,(anonymous_3)
FN:46,(anonymous_4)
FN:52,(anonymous_5)
FNF:6
FNH:6
FNDA:26,ResetPassword
FNDA:7,handleReset
FNDA:2,(anonymous_2)
FNDA:2,(anonymous_3)
FNDA:2,(anonymous_4)
FNDA:2,(anonymous_5)
DA:8,26
DA:14,26
DA:15,26
DA:18,7
DA:19,7
DA:20,4
DA:21,4
DA:22,4
DA:24,3
DA:28,26
DA:35,2
DA:40,2
DA:46,2
DA:52,2
LF:14
LH:14
BRDA:24,0,0,3
BRDA:24,0,1,1
BRF:2
BRH:2
end_of_record
TN:
SF:src\pages\Help\FAQ.jsx
FN:133,FAQItem
FN:140,(anonymous_1)
FN:155,FAQ
FN:170,(anonymous_3)
FN:174,(anonymous_4)
FNF:5
FNH:5
FNDA:291,FAQItem
FNDA:5,(anonymous_1)
FNDA:13,FAQ
FNDA:91,(anonymous_3)
FNDA:286,(anonymous_4)
DA:7,1
DA:134,291
DA:136,291
DA:140,5
DA:156,13
DA:171,91
DA:175,286
LF:7
LH:7
BRDA:137,0,0,4
BRDA:137,0,1,287
BRDA:144,1,0,4
BRDA:144,1,1,287
BRDA:146,2,0,291
BRDA:146,2,1,4
BRF:6
BRH:6
end_of_record
TN:
SF:src\pages\Help\GettingStarted.jsx
FN:19,GettingStarted
FNF:1
FNH:1
FNDA:15,GettingStarted
DA:20,15
LF:1
LH:1
BRF:0
BRH:0
end_of_record
TN:
SF:src\pages\Help\PrivacyPolicy.jsx
FN:6,PrivacyPolicy
FNF:1
FNH:1
FNDA:12,PrivacyPolicy
DA:7,12
LF:1
LH:1
BRF:0
BRH:0
end_of_record
TN:
SF:src\pages\Help\TermsOfService.jsx
FN:6,TermsOfService
FNF:1
FNH:1
FNDA:15,TermsOfService
DA:7,15
LF:1
LH:1
BRF:0
BRH:0
end_of_record
TN:
SF:src\pages\Interviews\InterviewsLayout.jsx
FN:5,InterviewsLayout
FN:9,(anonymous_1)
FNF:2
FNH:2
FNDA:18,InterviewsLayout
FNDA:198,(anonymous_1)
DA:6,18
DA:9,198
DA:11,18
LF:3
LH:3
BRDA:26,0,0,0
BRDA:26,0,1,18
BRDA:33,1,0,0
BRDA:33,1,1,18
BRDA:47,2,0,0
BRDA:47,2,1,18
BRDA:54,3,0,0
BRDA:54,3,1,18
BRDA:61,4,0,0
BRDA:61,4,1,18
BRDA:68,5,0,0
BRDA:68,5,1,18
BRDA:82,6,0,0
BRDA:82,6,1,18
BRDA:89,7,0,0
BRDA:89,7,1,18
BRDA:96,8,0,0
BRDA:96,8,1,18
BRDA:110,9,0,0
BRDA:110,9,1,18
BRDA:117,10,0,0
BRDA:117,10,1,18
BRF:22
BRH:11
end_of_record
TN:
SF:src\pages\Match\JobMatch.jsx
FN:10,JobMatch
FN:24,(anonymous_1)
FN:39,(anonymous_2)
FN:60,(anonymous_3)
FN:67,(anonymous_4)
FN:74,(anonymous_5)
FN:81,(anonymous_6)
FNF:7
FNH:6
FNDA:19,JobMatch
FNDA:13,(anonymous_1)
FNDA:3,(anonymous_2)
FNDA:0,(anonymous_3)
FNDA:1,(anonymous_4)
FNDA:1,(anonymous_5)
FNDA:1,(anonymous_6)
DA:11,19
DA:12,19
DA:13,19
DA:14,19
DA:16,19
DA:21,19
DA:24,19
DA:25,13
DA:26,1
DA:27,12
DA:28,1
DA:30,1
DA:31,0
DA:33,11
DA:34,1
DA:39,19
DA:40,3
DA:41,3
DA:43,3
DA:46,19
DA:60,0
DA:67,1
DA:74,1
DA:81,1
LF:24
LH:22
BRDA:17,0,0,1
BRDA:17,0,1,18
BRDA:17,1,0,1
BRDA:17,1,1,17
BRDA:17,2,0,1
BRDA:17,2,1,16
BRDA:25,3,0,1
BRDA:25,3,1,12
BRDA:27,4,0,1
BRDA:27,4,1,11
BRDA:30,5,0,0
BRDA:30,5,1,1
BRDA:33,6,0,1
BRDA:33,6,1,10
BRDA:59,7,0,10
BRDA:59,7,1,9
BRDA:66,8,0,3
BRDA:66,8,1,16
BRDA:73,9,0,3
BRDA:73,9,1,16
BRDA:80,10,0,3
BRDA:80,10,1,16
BRDA:92,11,0,19
BRDA:92,11,1,10
BRDA:93,12,0,19
BRDA:93,12,1,3
BRDA:94,13,0,19
BRDA:94,13,1,3
BRDA:95,14,0,19
BRDA:95,14,1,3
BRF:30
BRH:29
end_of_record
TN:
SF:src\pages\Match\MatchCompare.jsx
FN:7,MatchCompare
FN:13,(anonymous_1)
FN:14,(anonymous_2)
FN:28,(anonymous_3)
FN:58,(anonymous_4)
FNF:5
FNH:3
FNDA:7,MatchCompare
FNDA:5,(anonymous_1)
FNDA:5,(anonymous_2)
FNDA:0,(anonymous_3)
FNDA:0,(anonymous_4)
DA:8,7
DA:9,7
DA:11,7
DA:13,7
DA:14,5
DA:15,5
DA:16,5
DA:17,5
DA:19,5
DA:21,5
DA:24,5
DA:27,7
DA:28,0
DA:31,7
DA:59,0
LF:15
LH:13
BRDA:17,0,0,5
BRDA:17,0,1,0
BRDA:35,1,0,7
BRDA:35,1,1,5
BRDA:37,2,0,7
BRDA:37,2,1,2
BRDA:37,2,2,2
BRDA:43,3,0,7
BRDA:43,3,1,2
BRDA:43,3,2,0
BRF:10
BRH:8
end_of_record
TN:
SF:src\pages\Mentor\MentorLayout.jsx
FN:15,MentorLayout
FNF:1
FNH:1
FNDA:12,MentorLayout
DA:16,12
DA:17,12
DA:19,12
DA:20,1
DA:28,11
DA:29,1
DA:38,10
DA:40,12
DA:41,12
DA:42,12
DA:43,12
DA:46,12
DA:47,2
DA:51,8
DA:52,1
DA:60,7
LF:16
LH:16
BRDA:17,0,0,12
BRDA:17,0,1,0
BRDA:19,1,0,1
BRDA:19,1,1,11
BRDA:28,2,0,1
BRDA:28,2,1,10
BRDA:46,3,0,2
BRDA:46,3,1,10
BRDA:46,4,0,12
BRDA:46,4,1,9
BRDA:51,5,0,1
BRDA:51,5,1,7
BRDA:51,6,0,8
BRDA:51,6,1,1
BRDA:51,6,2,1
BRDA:51,6,3,1
BRF:16
BRH:15
end_of_record
TN:
SF:src\pages\Network\NetworkLayout.jsx
FN:11,NetworkLayout
FN:12,(anonymous_1)
FN:18,(anonymous_2)
FN:33,(anonymous_3)
FN:39,(anonymous_4)
FN:45,(anonymous_5)
FN:51,(anonymous_6)
FN:57,(anonymous_7)
FN:63,(anonymous_8)
FN:69,(anonymous_9)
FNF:10
FNH:9
FNDA:23,NetworkLayout
FNDA:15,(anonymous_1)
FNDA:23,(anonymous_2)
FNDA:0,(anonymous_3)
FNDA:3,(anonymous_4)
FNDA:1,(anonymous_5)
FNDA:1,(anonymous_6)
FNDA:1,(anonymous_7)
FNDA:1,(anonymous_8)
FNDA:1,(anonymous_9)
DA:12,23
DA:13,15
DA:14,15
DA:18,23
DA:19,23
DA:22,23
DA:33,0
DA:39,3
DA:45,1
DA:51,1
DA:57,1
DA:63,1
DA:69,1
LF:13
LH:12
BRDA:14,0,0,15
BRDA:14,0,1,14
BRDA:32,1,0,14
BRDA:32,1,1,9
BRDA:38,2,0,3
BRDA:38,2,1,20
BRDA:44,3,0,2
BRDA:44,3,1,21
BRDA:50,4,0,1
BRDA:50,4,1,22
BRDA:56,5,0,1
BRDA:56,5,1,22
BRDA:62,6,0,1
BRDA:62,6,1,22
BRDA:68,7,0,1
BRDA:68,7,1,22
BRDA:77,8,0,23
BRDA:77,8,1,14
BRDA:78,9,0,23
BRDA:78,9,1,3
BRDA:79,10,0,23
BRDA:79,10,1,2
BRDA:80,11,0,23
BRDA:80,11,1,1
BRDA:81,12,0,23
BRDA:81,12,1,1
BRDA:82,13,0,23
BRDA:82,13,1,1
BRDA:83,14,0,23
BRDA:83,14,1,1
BRF:30
BRH:30
end_of_record
TN:
SF:src\pages\Networking\ContactsTab.jsx
FN:9,ContactsTab
FN:44,(anonymous_1)
FN:48,(anonymous_2)
FN:65,(anonymous_3)
FN:82,(anonymous_4)
FN:94,(anonymous_5)
FN:112,(anonymous_6)
FN:130,(anonymous_7)
FN:154,(anonymous_8)
FN:160,(anonymous_9)
FN:177,(anonymous_10)
FN:193,(anonymous_11)
FN:203,(anonymous_12)
FN:212,(anonymous_13)
FN:221,(anonymous_14)
FN:230,(anonymous_15)
FN:239,(anonymous_16)
FN:250,(anonymous_17)
FN:258,(anonymous_18)
FN:296,(anonymous_19)
FN:315,(anonymous_20)
FN:326,(anonymous_21)
FN:333,(anonymous_22)
FN:354,(anonymous_23)
FN:372,(anonymous_24)
FN:387,(anonymous_25)
FN:398,(anonymous_26)
FN:416,(anonymous_27)
FN:424,(anonymous_28)
FN:436,(anonymous_29)
FNF:30
FNH:18
FNDA:54,ContactsTab
FNDA:19,(anonymous_1)
FNDA:23,(anonymous_2)
FNDA:2,(anonymous_3)
FNDA:2,(anonymous_4)
FNDA:1,(anonymous_5)
FNDA:4,(anonymous_6)
FNDA:2,(anonymous_7)
FNDA:67,(anonymous_8)
FNDA:67,(anonymous_9)
FNDA:2,(anonymous_10)
FNDA:1,(anonymous_11)
FNDA:0,(anonymous_12)
FNDA:0,(anonymous_13)
FNDA:0,(anonymous_14)
FNDA:0,(anonymous_15)
FNDA:0,(anonymous_16)
FNDA:0,(anonymous_17)
FNDA:0,(anonymous_18)
FNDA:67,(anonymous_19)
FNDA:7,(anonymous_20)
FNDA:1,(anonymous_21)
FNDA:2,(anonymous_22)
FNDA:1,(anonymous_23)
FNDA:0,(anonymous_24)
FNDA:0,(anonymous_25)
FNDA:0,(anonymous_26)
FNDA:0,(anonymous_27)
FNDA:0,(anonymous_28)
FNDA:1,(anonymous_29)
DA:10,54
DA:11,54
DA:12,54
DA:13,54
DA:14,54
DA:15,54
DA:16,54
DA:18,54
DA:32,54
DA:44,54
DA:45,19
DA:48,54
DA:49,23
DA:50,23
DA:51,23
DA:55,21
DA:56,23
DA:58,1
DA:59,1
DA:61,22
DA:65,54
DA:66,2
DA:67,2
DA:68,2
DA:69,1
DA:71,1
DA:73,2
DA:74,2
DA:75,2
DA:77,0
DA:78,0
DA:82,54
DA:83,2
DA:84,1
DA:85,1
DA:86,1
DA:87,1
DA:89,0
DA:90,0
DA:94,54
DA:95,1
DA:96,1
DA:109,1
DA:112,54
DA:113,4
DA:126,4
DA:127,4
DA:130,54
DA:131,2
DA:132,2
DA:133,2
DA:134,1
DA:135,1
DA:136,1
DA:147,1
DA:149,1
DA:150,1
DA:154,54
DA:155,67
DA:156,34
DA:157,1
DA:160,54
DA:161,67
DA:162,34
DA:163,1
DA:166,54
DA:167,19
DA:170,35
DA:178,2
DA:179,2
DA:193,1
DA:203,0
DA:212,0
DA:221,0
DA:230,0
DA:239,0
DA:250,0
DA:258,0
DA:297,67
DA:316,7
DA:317,7
DA:318,7
DA:326,1
DA:333,2
DA:354,1
DA:372,0
DA:387,0
DA:398,0
DA:416,0
DA:424,0
DA:437,1
DA:438,1
LF:92
LH:76
BRDA:55,0,0,21
BRDA:55,0,1,0
BRDA:56,1,0,23
BRDA:56,1,1,0
BRDA:68,2,0,1
BRDA:68,2,1,1
BRDA:75,3,0,1
BRDA:75,3,1,1
BRDA:83,4,0,1
BRDA:83,4,1,1
BRDA:97,5,0,1
BRDA:97,5,1,0
BRDA:98,6,0,1
BRDA:98,6,1,0
BRDA:99,7,0,1
BRDA:99,7,1,0
BRDA:100,8,0,1
BRDA:100,8,1,0
BRDA:101,9,0,1
BRDA:101,9,1,0
BRDA:102,10,0,1
BRDA:102,10,1,1
BRDA:103,11,0,1
BRDA:103,11,1,0
BRDA:104,12,0,1
BRDA:104,12,1,1
BRDA:105,13,0,1
BRDA:105,13,1,1
BRDA:106,14,0,1
BRDA:106,14,1,0
BRDA:107,15,0,1
BRDA:107,15,1,1
BRDA:155,16,0,33
BRDA:155,16,1,34
BRDA:156,17,0,33
BRDA:156,17,1,1
BRDA:161,18,0,33
BRDA:161,18,1,34
BRDA:162,19,0,33
BRDA:162,19,1,1
BRDA:166,20,0,19
BRDA:166,20,1,35
BRDA:186,21,0,35
BRDA:186,21,1,4
BRDA:265,22,0,1
BRDA:265,22,1,3
BRDA:278,23,0,2
BRDA:278,23,1,33
BRDA:300,24,0,67
BRDA:300,24,1,66
BRDA:302,25,0,67
BRDA:302,25,1,1
BRDA:303,26,0,67
BRDA:303,26,1,1
BRDA:304,27,0,67
BRDA:304,27,1,1
BRDA:346,28,0,54
BRDA:346,28,1,8
BRDA:346,28,2,8
BRF:59
BRH:50
end_of_record
TN:
SF:src\pages\Networking\DiscoveryTab.jsx
FN:4,DiscoveryTab
FNF:1
FNH:1
FNDA:2,DiscoveryTab
DA:5,2
LF:1
LH:1
BRF:0
BRH:0
end_of_record
TN:
SF:src\pages\Networking\EventsTab.jsx
FN:4,EventsTab
FNF:1
FNH:1
FNDA:2,EventsTab
DA:5,2
LF:1
LH:1
BRF:0
BRH:0
end_of_record
TN:
SF:src\pages\Networking\InformationalInterviewsTab.jsx
FN:4,InformationalInterviewsTab
FNF:1
FNH:1
FNDA:2,InformationalInterviewsTab
DA:5,2
LF:1
LH:1
BRF:0
BRH:0
end_of_record
TN:
SF:src\pages\Networking\MaintenanceTab.jsx
FN:4,MaintenanceTab
FNF:1
FNH:1
FNDA:2,MaintenanceTab
DA:5,2
LF:1
LH:1
BRF:0
BRH:0
end_of_record
TN:
SF:src\pages\Networking\Networking.jsx
FN:13,Networking
FN:16,(anonymous_1)
FN:55,(anonymous_2)
FNF:3
FNH:3
FNDA:17,Networking
FNDA:6,(anonymous_1)
FNDA:119,(anonymous_2)
DA:14,17
DA:16,17
DA:17,6
DA:20,17
DA:30,17
DA:32,17
DA:56,119
LF:7
LH:7
BRF:0
BRH:0
end_of_record
TN:
SF:src\pages\Networking\ReferencesTab.jsx
FN:4,ReferencesTab
FNF:1
FNH:1
FNDA:2,ReferencesTab
DA:5,2
LF:1
LH:1
BRF:0
BRH:0
end_of_record
TN:
SF:src\pages\Networking\ReferralsTab.jsx
FN:4,ReferralsTab
FNF:1
FNH:1
FNDA:2,ReferralsTab
DA:5,2
LF:1
LH:1
BRF:0
BRH:0
end_of_record
TN:
SF:src\pages\Profile\CertificationsTab.jsx
FN:6,CertificationsTab
FNF:1
FNH:1
FNDA:3,CertificationsTab
DA:7,3
DA:9,3
LF:2
LH:2
BRF:0
BRH:0
end_of_record
TN:
SF:src\pages\Profile\DangerTab.jsx
FN:6,DangerTab
FN:10,deleteAccount
FNF:2
FNH:2
FNDA:7,DangerTab
FNDA:4,deleteAccount
DA:7,7
DA:11,4
DA:16,4
DA:18,3
DA:19,4
DA:21,1
DA:22,1
DA:28,1
DA:29,1
DA:30,1
DA:31,1
DA:33,0
DA:34,0
DA:38,7
LF:14
LH:12
BRDA:16,0,0,1
BRDA:16,0,1,3
BRDA:18,1,0,3
BRDA:18,1,1,2
BRDA:19,2,0,2
BRDA:19,2,1,2
BRDA:34,3,0,0
BRDA:34,3,1,0
BRF:8
BRH:6
end_of_record
TN:
SF:src\pages\Profile\DashboardTab.jsx
FN:6,DashboardTab
FNF:1
FNH:1
FNDA:1,DashboardTab
DA:7,1
DA:9,1
LF:2
LH:2
BRF:0
BRH:0
end_of_record
TN:
SF:src\pages\Profile\EducationTab.jsx
FN:9,EducationTab
FN:32,(anonymous_1)
FN:45,(anonymous_2)
FN:49,(anonymous_3)
FN:61,(anonymous_4)
FNF:5
FNH:5
FNDA:32,EducationTab
FNDA:8,(anonymous_1)
FNDA:2,(anonymous_2)
FNDA:3,(anonymous_3)
FNDA:3,(anonymous_4)
DA:10,32
DA:11,32
DA:12,32
DA:14,32
DA:32,8
DA:46,2
DA:47,2
DA:50,3
DA:51,3
DA:52,3
DA:61,3
LF:11
LH:11
BRDA:28,0,0,32
BRDA:28,0,1,24
BRDA:28,0,2,21
BRDA:37,1,0,32
BRDA:37,1,1,24
BRDA:37,1,2,11
BRDA:43,2,0,11
BRDA:43,2,1,8
BRDA:58,3,0,32
BRDA:58,3,1,24
BRDA:58,3,2,21
BRF:11
BRH:11
end_of_record
TN:
SF:src\pages\Profile\EmploymentTab.jsx
FN:22,EmploymentTab
FN:29,loadEmployment
FN:44,handleDelete
FN:58,getDuration
FN:76,getTotalExperience
FN:80,(anonymous_5)
FN:94,(anonymous_6)
FN:114,(anonymous_7)
FN:127,(anonymous_8)
FN:128,(anonymous_9)
FN:160,(anonymous_10)
FN:187,(anonymous_11)
FN:200,(anonymous_12)
FN:259,(anonymous_13)
FN:266,(anonymous_14)
FNF:15
FNH:15
FNDA:52,EmploymentTab
FNDA:17,loadEmployment
FNDA:3,handleDelete
FNDA:32,getDuration
FNDA:51,getTotalExperience
FNDA:102,(anonymous_5)
FNDA:15,(anonymous_6)
FNDA:3,(anonymous_7)
FNDA:1,(anonymous_8)
FNDA:1,(anonymous_9)
FNDA:34,(anonymous_10)
FNDA:16,(anonymous_11)
FNDA:32,(anonymous_12)
FNDA:1,(anonymous_13)
FNDA:3,(anonymous_14)
DA:23,52
DA:24,52
DA:25,52
DA:26,52
DA:30,17
DA:31,17
DA:32,17
DA:35,16
DA:37,0
DA:39,16
DA:45,3
DA:46,2
DA:47,2
DA:50,1
DA:51,1
DA:53,1
DA:59,32
DA:60,32
DA:61,32
DA:63,32
DA:64,32
DA:66,32
DA:67,16
DA:70,16
DA:71,0
DA:72,0
DA:77,51
DA:79,51
DA:80,51
DA:81,102
DA:82,102
DA:83,102
DA:84,102
DA:87,51
DA:94,52
DA:95,15
DA:99,52
DA:114,3
DA:127,1
DA:129,1
DA:130,1
DA:160,34
DA:189,16
DA:190,16
DA:192,16
DA:193,15
DA:196,0
DA:197,16
DA:198,16
DA:201,32
DA:259,1
DA:266,3
LF:52
LH:48
BRDA:35,0,0,16
BRDA:35,0,1,0
BRDA:45,1,0,1
BRDA:45,1,1,2
BRDA:60,2,0,16
BRDA:60,2,1,16
BRDA:66,3,0,16
BRDA:66,3,1,16
BRDA:66,4,0,32
BRDA:66,4,1,32
BRDA:67,5,0,16
BRDA:67,5,1,0
BRDA:68,6,0,16
BRDA:68,6,1,0
BRDA:70,7,0,16
BRDA:70,7,1,0
BRDA:70,8,0,16
BRDA:70,8,1,0
BRDA:71,9,0,0
BRDA:71,9,1,0
BRDA:71,10,0,0
BRDA:71,10,1,0
BRDA:77,11,0,0
BRDA:77,11,1,51
BRDA:82,12,0,51
BRDA:82,12,1,51
BRDA:111,13,0,52
BRDA:111,13,1,48
BRDA:123,14,0,52
BRDA:123,14,1,4
BRDA:136,15,0,52
BRDA:136,15,1,48
BRDA:136,15,2,17
BRDA:149,16,0,17
BRDA:149,16,1,0
BRDA:169,17,0,52
BRDA:169,17,1,48
BRDA:171,18,0,16
BRDA:171,18,1,32
BRDA:176,19,0,16
BRDA:176,19,1,16
BRDA:192,20,0,1
BRDA:192,20,1,15
BRDA:192,21,0,16
BRDA:192,21,1,1
BRDA:193,22,0,15
BRDA:193,22,1,0
BRDA:193,23,0,15
BRDA:193,23,1,15
BRDA:196,24,0,0
BRDA:196,24,1,0
BRDA:197,25,0,16
BRDA:197,25,1,0
BRDA:213,26,0,32
BRDA:213,26,1,16
BRDA:220,27,0,32
BRDA:220,27,1,32
BRDA:226,28,0,32
BRDA:226,28,1,32
BRDA:235,29,0,16
BRDA:235,29,1,16
BRDA:247,30,0,32
BRDA:247,30,1,32
BRF:63
BRH:48
end_of_record
TN:
SF:src\pages\Profile\GitHubTab.jsx
FN:6,GitHubTab
FNF:1
FNH:1
FNDA:3,GitHubTab
DA:7,3
DA:9,3
LF:2
LH:2
BRF:0
BRH:0
end_of_record
TN:
SF:src\pages\Profile\InfoTab.jsx
FN:10,InfoTab
FN:26,(anonymous_1)
FN:35,(anonymous_2)
FN:36,(anonymous_3)
FN:61,(anonymous_4)
FN:68,(anonymous_5)
FN:72,uploadPicture
FN:87,(anonymous_7)
FN:110,handleSave
FN:265,(anonymous_9)
FN:266,(anonymous_10)
FN:278,(anonymous_11)
FN:317,(anonymous_12)
FN:355,(anonymous_13)
FN:370,(anonymous_14)
FN:378,(anonymous_15)
FN:389,(anonymous_16)
FN:397,(anonymous_17)
FN:407,(anonymous_18)
FN:418,(anonymous_19)
FN:437,(anonymous_20)
FNF:21
FNH:21
FNDA:104,InfoTab
FNDA:24,(anonymous_1)
FNDA:5,(anonymous_2)
FNDA:4,(anonymous_3)
FNDA:33,(anonymous_4)
FNDA:7,(anonymous_5)
FNDA:4,uploadPicture
FNDA:1,(anonymous_7)
FNDA:2,handleSave
FNDA:1,(anonymous_9)
FNDA:1,(anonymous_10)
FNDA:1,(anonymous_11)
FNDA:7,(anonymous_12)
FNDA:1,(anonymous_13)
FNDA:1,(anonymous_14)
FNDA:1,(anonymous_15)
FNDA:1,(anonymous_16)
FNDA:1,(anonymous_17)
FNDA:1,(anonymous_18)
FNDA:1,(anonymous_19)
FNDA:2,(anonymous_20)
DA:11,104
DA:12,104
DA:13,104
DA:16,104
DA:17,104
DA:18,104
DA:19,104
DA:22,104
DA:23,104
DA:26,104
DA:27,24
DA:29,24
DA:30,24
DA:31,6
DA:32,6
DA:33,6
DA:35,6
DA:36,5
DA:37,4
DA:38,4
DA:39,4
DA:40,1
DA:42,4
DA:43,1
DA:45,4
DA:46,2
DA:48,4
DA:49,2
DA:51,2
DA:55,1
DA:61,104
DA:62,33
DA:63,26
DA:64,26
DA:66,7
DA:67,7
DA:68,7
DA:73,4
DA:74,4
DA:75,1
DA:77,3
DA:78,3
DA:80,3
DA:81,3
DA:82,3
DA:88,1
DA:91,1
DA:97,1
DA:98,1
DA:99,1
DA:100,1
DA:102,1
DA:103,1
DA:105,2
DA:111,2
DA:112,2
DA:113,1
DA:115,1
DA:116,1
DA:120,104
DA:122,56
DA:246,56
DA:266,1
DA:279,1
DA:280,1
DA:317,7
DA:355,1
DA:370,1
DA:378,1
DA:389,1
DA:397,1
DA:407,1
DA:418,1
DA:437,2
LF:74
LH:74
BRDA:30,0,0,6
BRDA:30,0,1,18
BRDA:37,1,0,0
BRDA:37,1,1,4
BRDA:39,2,0,1
BRDA:39,2,1,3
BRDA:39,3,0,4
BRDA:39,3,1,1
BRDA:39,3,2,1
BRDA:42,4,0,1
BRDA:42,4,1,3
BRDA:42,5,0,4
BRDA:42,5,1,1
BRDA:45,6,0,2
BRDA:45,6,1,2
BRDA:45,7,0,4
BRDA:45,7,1,2
BRDA:48,8,0,2
BRDA:48,8,1,2
BRDA:62,9,0,26
BRDA:62,9,1,7
BRDA:73,10,0,0
BRDA:73,10,1,4
BRDA:74,11,0,1
BRDA:74,11,1,3
BRDA:120,12,0,48
BRDA:120,12,1,56
BRDA:249,13,0,56
BRDA:249,13,1,7
BRDA:252,14,0,7
BRDA:252,14,1,7
BRDA:296,15,0,104
BRDA:296,15,1,45
BRDA:296,15,2,38
BRDA:296,15,3,1
BRDA:325,16,0,104
BRDA:325,16,1,1
BRDA:328,17,0,104
BRDA:328,17,1,2
BRDA:331,18,0,104
BRDA:331,18,1,2
BRDA:337,19,0,104
BRDA:337,19,1,18
BRDA:352,20,0,3
BRDA:352,20,1,15
BRDA:369,21,0,104
BRDA:369,21,1,1
BRDA:377,22,0,104
BRDA:377,22,1,1
BRDA:388,23,0,104
BRDA:388,23,1,2
BRDA:396,24,0,104
BRDA:396,24,1,2
BRDA:406,25,0,104
BRDA:406,25,1,2
BRDA:417,26,0,104
BRDA:417,26,1,2
BRDA:445,27,0,1
BRDA:445,27,1,55
BRDA:449,28,0,104
BRDA:449,28,1,1
BRDA:452,29,0,1
BRDA:452,29,1,0
BRDA:453,30,0,1
BRDA:453,30,1,0
BRDA:454,31,0,1
BRDA:454,31,1,1
BRDA:455,32,0,1
BRDA:455,32,1,0
BRDA:456,33,0,1
BRDA:456,33,1,1
BRDA:457,34,0,1
BRDA:457,34,1,1
BRDA:458,35,0,1
BRDA:458,35,1,0
BRDA:463,36,0,1
BRDA:463,36,1,0
BRDA:464,37,0,1
BRDA:464,37,1,0
BRDA:465,38,0,1
BRDA:465,38,1,1
BRDA:466,39,0,1
BRDA:466,39,1,0
BRDA:467,40,0,1
BRDA:467,40,1,1
BRDA:468,41,0,1
BRDA:468,41,1,1
BRDA:469,42,0,1
BRDA:469,42,1,0
BRF:89
BRH:79
end_of_record
TN:
SF:src\pages\Profile\JobsTab.jsx
FN:11,JobsTab
FN:17,(anonymous_1)
FN:33,(anonymous_2)
FN:42,(anonymous_3)
FN:46,(anonymous_4)
FNF:5
FNH:5
FNDA:25,JobsTab
FNDA:2,(anonymous_1)
FNDA:5,(anonymous_2)
FNDA:1,(anonymous_3)
FNDA:2,(anonymous_4)
DA:12,25
DA:13,25
DA:14,25
DA:15,25
DA:17,25
DA:18,2
DA:19,1
DA:22,25
DA:33,5
DA:43,1
DA:44,1
DA:46,2
LF:12
LH:12
BRDA:18,0,0,1
BRDA:18,0,1,1
BRDA:30,1,0,25
BRDA:30,1,1,20
BRDA:39,2,0,25
BRDA:39,2,1,5
BRF:6
BRH:6
end_of_record
TN:
SF:src\pages\Profile\MentorTab.jsx
FN:9,MentorTab
FN:21,(anonymous_1)
FN:30,(anonymous_2)
FN:110,CandidateMentorView
FN:115,(anonymous_4)
FN:137,(anonymous_5)
FN:141,(anonymous_6)
FN:149,(anonymous_7)
FN:178,MentorDashboardView
FN:186,(anonymous_9)
FN:196,(anonymous_10)
FN:207,(anonymous_11)
FN:224,(anonymous_12)
FN:248,(anonymous_13)
FN:255,(anonymous_14)
FN:272,(anonymous_15)
FN:273,(anonymous_16)
FN:296,(anonymous_17)
FN:297,(anonymous_18)
FNF:19
FNH:17
FNDA:40,MentorTab
FNDA:6,(anonymous_1)
FNDA:3,(anonymous_2)
FNDA:4,CandidateMentorView
FNDA:3,(anonymous_4)
FNDA:3,(anonymous_5)
FNDA:0,(anonymous_6)
FNDA:0,(anonymous_7)
FNDA:49,MentorDashboardView
FNDA:14,(anonymous_9)
FNDA:13,(anonymous_10)
FNDA:15,(anonymous_11)
FNDA:15,(anonymous_12)
FNDA:17,(anonymous_13)
FNDA:3,(anonymous_14)
FNDA:1,(anonymous_15)
FNDA:1,(anonymous_16)
FNDA:1,(anonymous_17)
FNDA:1,(anonymous_18)
DA:10,40
DA:11,40
DA:12,40
DA:13,40
DA:14,40
DA:15,40
DA:16,40
DA:17,40
DA:18,40
DA:19,40
DA:21,40
DA:22,6
DA:23,6
DA:24,6
DA:25,6
DA:26,6
DA:27,6
DA:28,3
DA:29,3
DA:30,3
DA:31,3
DA:34,2
DA:36,5
DA:40,40
DA:41,1
DA:49,39
DA:50,19
DA:75,20
DA:76,1
DA:91,19
DA:92,15
DA:95,4
DA:96,3
DA:99,1
DA:111,4
DA:112,4
DA:113,4
DA:115,4
DA:116,3
DA:117,0
DA:118,0
DA:119,0
DA:121,3
DA:122,3
DA:123,3
DA:124,3
DA:125,2
DA:126,3
DA:128,1
DA:129,1
DA:130,1
DA:131,1
DA:133,3
DA:137,4
DA:138,3
DA:141,4
DA:142,0
DA:149,4
DA:150,0
DA:151,0
DA:152,0
DA:153,0
DA:157,4
DA:179,49
DA:180,49
DA:181,49
DA:182,49
DA:183,49
DA:184,49
DA:186,49
DA:187,14
DA:188,0
DA:189,0
DA:191,14
DA:192,14
DA:193,14
DA:195,13
DA:196,13
DA:198,14
DA:200,1
DA:201,1
DA:203,14
DA:207,49
DA:208,15
DA:209,0
DA:210,0
DA:212,15
DA:213,15
DA:214,15
DA:215,14
DA:217,1
DA:218,1
DA:220,15
DA:224,49
DA:225,15
DA:226,14
DA:227,14
DA:231,49
DA:249,17
DA:252,17
DA:256,3
DA:272,1
DA:273,1
DA:296,1
DA:298,1
DA:299,1
LF:106
LH:94
BRDA:22,0,0,0
BRDA:22,0,1,6
BRDA:34,1,0,2
BRDA:34,1,1,1
BRDA:40,2,0,1
BRDA:40,2,1,39
BRDA:49,3,0,19
BRDA:49,3,1,20
BRDA:53,4,0,19
BRDA:53,4,1,2
BRDA:54,5,0,19
BRDA:54,5,1,3
BRDA:68,6,0,6
BRDA:68,6,1,13
BRDA:75,7,0,1
BRDA:75,7,1,19
BRDA:91,8,0,15
BRDA:91,8,1,4
BRDA:91,9,0,19
BRDA:91,9,1,4
BRDA:95,10,0,3
BRDA:95,10,1,1
BRDA:95,11,0,4
BRDA:95,11,1,3
BRDA:116,12,0,0
BRDA:116,12,1,3
BRDA:125,13,0,2
BRDA:125,13,1,2
BRDA:126,14,0,3
BRDA:126,14,1,0
BRDA:150,15,0,0
BRDA:150,15,1,0
BRDA:150,15,2,0
BRDA:160,16,0,4
BRDA:160,16,1,4
BRDA:166,17,0,4
BRDA:166,17,1,1
BRDA:187,18,0,0
BRDA:187,18,1,14
BRDA:195,19,0,13
BRDA:195,19,1,0
BRDA:196,20,0,13
BRDA:196,20,1,12
BRDA:208,21,0,0
BRDA:208,21,1,15
BRDA:215,22,0,14
BRDA:215,22,1,0
BRDA:225,23,0,14
BRDA:225,23,1,1
BRDA:234,24,0,49
BRDA:234,24,1,48
BRDA:244,25,0,49
BRDA:244,25,1,16
BRDA:249,26,0,17
BRDA:249,26,1,2
BRDA:249,26,2,0
BRDA:284,27,0,49
BRDA:284,27,1,48
BRDA:291,28,0,49
BRDA:291,28,1,3
BRDA:291,28,2,3
BRF:61
BRH:50
end_of_record
TN:
SF:src\pages\Profile\ProfileLayout.jsx
FN:21,ProfileLayout
FNF:1
FNH:1
FNDA:16,ProfileLayout
DA:22,16
DA:24,16
DA:25,1
DA:36,15
LF:4
LH:4
BRDA:24,0,0,1
BRDA:24,0,1,15
BRF:2
BRH:2
end_of_record
TN:
SF:src\pages\Profile\ProjectsTab.jsx
FN:6,ProjectsTab
FNF:1
FNH:1
FNDA:3,ProjectsTab
DA:7,3
DA:9,3
LF:2
LH:2
BRF:0
BRH:0
end_of_record
TN:
SF:src\pages\Profile\SkillsTab.jsx
FN:9,SkillsTab
FN:31,(anonymous_1)
FN:43,(anonymous_2)
FN:48,(anonymous_3)
FNF:4
FNH:4
FNDA:11,SkillsTab
FNDA:3,(anonymous_1)
FNDA:1,(anonymous_2)
FNDA:1,(anonymous_3)
DA:10,11
DA:11,11
DA:13,11
DA:31,3
DA:44,1
DA:46,1
DA:48,1
LF:7
LH:7
BRDA:27,0,0,11
BRDA:27,0,1,8
BRDA:40,1,0,11
BRDA:40,1,1,3
BRDA:53,2,0,11
BRDA:53,2,1,8
BRF:6
BRH:6
end_of_record
TN:
SF:src\pages\Resume\Resume.jsx
FN:8,Resume
FN:14,handleTemplateSelect
FN:19,(anonymous_2)
FN:23,loadResumes
FN:32,handleUploadSuccess
FN:47,(anonymous_5)
FNF:6
FNH:6
FNDA:24,Resume
FNDA:1,handleTemplateSelect
FNDA:13,(anonymous_2)
FNDA:15,loadResumes
FNDA:2,handleUploadSuccess
FNDA:6,(anonymous_5)
DA:9,24
DA:10,24
DA:11,24
DA:15,1
DA:19,24
DA:20,13
DA:24,15
DA:25,15
DA:26,14
DA:28,1
DA:33,2
DA:34,2
DA:37,24
DA:47,6
LF:14
LH:14
BRDA:26,0,0,14
BRDA:26,0,1,0
BRDA:58,1,0,5
BRDA:58,1,1,19
BRDA:62,2,0,24
BRDA:62,2,1,5
BRF:6
BRH:5
end_of_record
TN:
SF:src\utils\apiErrorMessages.js
FN:12,getUserFriendlyErrorMessage
FN:77,getServiceNameFromError
FN:92,(anonymous_2)
FN:105,isRateLimitError
FN:121,isServiceUnavailableError
FN:133,getErrorAdvice
FNF:6
FNH:6
FNDA:24,getUserFriendlyErrorMessage
FNDA:11,getServiceNameFromError
FNDA:119,(anonymous_2)
FNDA:11,isRateLimitError
FNDA:8,isServiceUnavailableError
FNDA:8,getErrorAdvice
DA:14,24
DA:15,24
DA:16,24
DA:17,24
DA:20,24
DA:21,7
DA:22,7
DA:26,17
DA:27,2
DA:28,2
DA:32,15
DA:33,1
DA:37,14
DA:38,2
DA:39,2
DA:43,12
DA:44,3
DA:48,9
DA:49,3
DA:53,6
DA:54,2
DA:58,4
DA:59,1
DA:60,1
DA:64,3
DA:65,1
DA:69,2
DA:78,11
DA:79,11
DA:91,11
DA:92,119
DA:93,6
DA:97,5
DA:106,11
DA:107,11
DA:108,11
DA:110,11
DA:122,8
DA:123,8
DA:125,8
DA:135,8
DA:136,5
DA:137,5
DA:138,2
DA:140,3
DA:141,2
DA:143,1
DA:147,3
DA:148,1
DA:151,2
DA:152,1
DA:155,1
LF:52
LH:52
BRDA:12,0,0,24
BRDA:14,1,0,24
BRDA:14,1,1,11
BRDA:15,2,0,24
BRDA:15,2,1,11
BRDA:16,3,0,24
BRDA:16,3,1,11
BRDA:17,4,0,24
BRDA:17,4,1,22
BRDA:17,4,2,16
BRDA:17,4,3,11
BRDA:20,5,0,7
BRDA:20,5,1,17
BRDA:21,6,0,7
BRDA:21,6,1,6
BRDA:22,7,0,6
BRDA:22,7,1,1
BRDA:26,8,0,2
BRDA:26,8,1,15
BRDA:26,9,0,17
BRDA:26,9,1,2
BRDA:26,9,2,1
BRDA:27,10,0,2
BRDA:27,10,1,2
BRDA:28,11,0,0
BRDA:28,11,1,2
BRDA:32,12,0,1
BRDA:32,12,1,14
BRDA:37,13,0,2
BRDA:37,13,1,12
BRDA:38,14,0,2
BRDA:38,14,1,2
BRDA:39,15,0,1
BRDA:39,15,1,1
BRDA:43,16,0,3
BRDA:43,16,1,9
BRDA:43,17,0,12
BRDA:43,17,1,11
BRDA:43,17,2,10
BRDA:48,18,0,3
BRDA:48,18,1,6
BRDA:48,19,0,9
BRDA:48,19,1,8
BRDA:48,19,2,7
BRDA:53,20,0,2
BRDA:53,20,1,4
BRDA:53,21,0,6
BRDA:53,21,1,5
BRDA:58,22,0,1
BRDA:58,22,1,3
BRDA:58,23,0,4
BRDA:58,23,1,4
BRDA:59,24,0,1
BRDA:59,24,1,1
BRDA:60,25,0,0
BRDA:60,25,1,1
BRDA:64,26,0,1
BRDA:64,26,1,2
BRDA:65,27,0,1
BRDA:65,27,1,0
BRDA:69,28,0,2
BRDA:69,28,1,1
BRDA:92,29,0,6
BRDA:92,29,1,63
BRDA:106,30,0,11
BRDA:106,30,1,4
BRDA:107,31,0,11
BRDA:107,31,1,4
BRDA:108,32,0,11
BRDA:108,32,1,10
BRDA:108,32,2,9
BRDA:108,32,3,7
BRDA:110,33,0,11
BRDA:110,33,1,8
BRDA:110,33,2,2
BRDA:110,33,3,1
BRDA:110,33,4,6
BRDA:110,33,5,5
BRDA:122,34,0,8
BRDA:122,34,1,2
BRDA:123,35,0,8
BRDA:123,35,1,1
BRDA:125,36,0,8
BRDA:125,36,1,5
BRDA:125,36,2,3
BRDA:135,37,0,5
BRDA:135,37,1,3
BRDA:137,38,0,2
BRDA:137,38,1,3
BRDA:137,39,0,5
BRDA:137,39,1,4
BRDA:140,40,0,2
BRDA:140,40,1,1
BRDA:140,41,0,3
BRDA:140,41,1,2
BRDA:147,42,0,1
BRDA:147,42,1,2
BRDA:151,43,0,1
BRDA:151,43,1,1
BRF:99
BRH:96
end_of_record
TN:
SF:src\utils\auth.js
FN:9,(anonymous_0)
FN:42,(anonymous_1)
FN:50,(anonymous_2)
FN:68,(anonymous_3)
FNF:4
FNH:4
FNDA:9,(anonymous_0)
FNDA:3,(anonymous_1)
FNDA:4,(anonymous_2)
FNDA:4,(anonymous_3)
DA:9,1
DA:10,9
DA:11,9
DA:13,9
DA:14,1
DA:15,1
DA:19,8
DA:20,8
DA:23,8
DA:25,9
DA:26,1
DA:27,1
DA:31,5
DA:33,2
DA:34,2
DA:42,1
DA:43,3
DA:50,1
DA:51,4
DA:52,4
DA:53,4
DA:55,3
DA:56,3
DA:57,3
DA:59,1
DA:60,1
DA:68,1
DA:69,4
DA:70,4
DA:71,4
DA:73,3
DA:74,3
DA:76,2
DA:77,2
LF:34
LH:34
BRDA:13,0,0,1
BRDA:13,0,1,8
BRDA:23,1,0,8
BRDA:23,1,1,4
BRDA:23,1,2,3
BRDA:23,1,3,2
BRDA:25,2,0,1
BRDA:25,2,1,8
BRDA:31,3,0,4
BRDA:31,3,1,1
BRDA:53,4,0,1
BRDA:53,4,1,3
BRDA:57,5,0,3
BRDA:57,5,1,1
BRDA:71,6,0,1
BRDA:71,6,1,3
BRF:16
BRH:16
end_of_record
