TN:
SF:src\App.jsx
FN:14,(anonymous_0)
FN:15,(anonymous_1)
FN:16,(anonymous_2)
FN:17,(anonymous_3)
FN:18,(anonymous_4)
FN:19,(anonymous_5)
FN:20,(anonymous_6)
FN:21,(anonymous_7)
FN:22,(anonymous_8)
FN:25,(anonymous_9)
FN:26,(anonymous_10)
FN:27,(anonymous_11)
FN:30,(anonymous_12)
FN:31,(anonymous_13)
FN:32,(anonymous_14)
FN:33,(anonymous_15)
FN:36,(anonymous_16)
FN:39,(anonymous_17)
FN:40,(anonymous_18)
FN:43,(anonymous_19)
FN:44,(anonymous_20)
FN:45,(anonymous_21)
FN:48,(anonymous_22)
FN:49,(anonymous_23)
FN:52,(anonymous_24)
FN:53,(anonymous_25)
FN:56,(anonymous_26)
FN:59,(anonymous_27)
FN:60,(anonymous_28)
FN:61,(anonymous_29)
FN:64,(anonymous_30)
FN:65,(anonymous_31)
FN:66,(anonymous_32)
FN:67,(anonymous_33)
FN:70,(anonymous_34)
FN:73,(anonymous_35)
FN:76,(anonymous_36)
FN:81,(anonymous_37)
FN:82,(anonymous_38)
FN:83,(anonymous_39)
FN:84,(anonymous_40)
FN:85,(anonymous_41)
FN:86,(anonymous_42)
FN:87,(anonymous_43)
FN:95,ProtectedRoute
FN:101,App
FN:116,MainLayout
FNF:47
FNH:45
FNDA:1,(anonymous_0)
FNDA:1,(anonymous_1)
FNDA:1,(anonymous_2)
FNDA:1,(anonymous_3)
FNDA:1,(anonymous_4)
FNDA:1,(anonymous_5)
FNDA:1,(anonymous_6)
FNDA:1,(anonymous_7)
FNDA:1,(anonymous_8)
FNDA:1,(anonymous_9)
FNDA:1,(anonymous_10)
FNDA:1,(anonymous_11)
FNDA:0,(anonymous_12)
FNDA:1,(anonymous_13)
FNDA:1,(anonymous_14)
FNDA:1,(anonymous_15)
FNDA:1,(anonymous_16)
FNDA:1,(anonymous_17)
FNDA:1,(anonymous_18)
FNDA:1,(anonymous_19)
FNDA:1,(anonymous_20)
FNDA:1,(anonymous_21)
FNDA:1,(anonymous_22)
FNDA:1,(anonymous_23)
FNDA:1,(anonymous_24)
FNDA:1,(anonymous_25)
FNDA:1,(anonymous_26)
FNDA:1,(anonymous_27)
FNDA:1,(anonymous_28)
FNDA:1,(anonymous_29)
FNDA:1,(anonymous_30)
FNDA:1,(anonymous_31)
FNDA:1,(anonymous_32)
FNDA:1,(anonymous_33)
FNDA:1,(anonymous_34)
FNDA:1,(anonymous_35)
FNDA:0,(anonymous_36)
FNDA:1,(anonymous_37)
FNDA:1,(anonymous_38)
FNDA:1,(anonymous_39)
FNDA:1,(anonymous_40)
FNDA:1,(anonymous_41)
FNDA:1,(anonymous_42)
FNDA:1,(anonymous_43)
FNDA:63,ProtectedRoute
FNDA:69,App
FNDA:69,MainLayout
DA:14,1
DA:15,1
DA:16,1
DA:17,1
DA:18,1
DA:19,1
DA:20,1
DA:21,1
DA:22,1
DA:23,1
DA:25,1
DA:26,1
DA:27,1
DA:28,1
DA:30,1
DA:31,1
DA:32,1
DA:33,1
DA:34,1
DA:36,1
DA:37,1
DA:39,1
DA:40,1
DA:41,1
DA:43,1
DA:44,1
DA:45,1
DA:46,1
DA:48,1
DA:49,1
DA:50,1
DA:52,1
DA:53,1
DA:54,1
DA:56,1
DA:57,1
DA:59,1
DA:60,1
DA:61,1
DA:64,1
DA:65,1
DA:66,1
DA:67,1
DA:70,1
DA:73,1
DA:75,1
DA:76,0
DA:81,1
DA:82,1
DA:83,1
DA:84,1
DA:85,1
DA:86,1
DA:87,1
DA:96,63
DA:97,63
DA:102,69
DA:117,69
DA:119,69
LF:59
LH:58
BRDA:97,0,0,62
BRDA:97,0,1,1
BRDA:129,1,0,69
BRDA:129,1,1,0
BRF:4
BRH:3
end_of_record
TN:
SF:src\api.js
FN:17,(anonymous_0)
FN:28,(anonymous_1)
FN:29,(anonymous_2)
FN:55,fetchCompanyResearch
FN:73,(anonymous_4)
FN:77,(anonymous_5)
FN:81,(anonymous_6)
FN:88,exportPDF
FN:94,exportDOCX
FN:100,exportTXT
FN:106,fetchDashboardStats
FN:124,(anonymous_11)
FN:129,(anonymous_12)
FN:131,(anonymous_13)
FN:133,(anonymous_14)
FN:138,(anonymous_15)
FN:143,(anonymous_16)
FN:149,(anonymous_17)
FN:150,(anonymous_18)
FN:151,(anonymous_19)
FN:152,(anonymous_20)
FN:153,(anonymous_21)
FN:156,(anonymous_22)
FN:162,(anonymous_23)
FN:165,(anonymous_24)
FN:166,(anonymous_25)
FN:169,(anonymous_26)
FN:170,(anonymous_27)
FN:171,(anonymous_28)
FN:177,(anonymous_29)
FN:178,(anonymous_30)
FN:179,(anonymous_31)
FN:180,(anonymous_32)
FN:181,(anonymous_33)
FN:182,(anonymous_34)
FN:183,(anonymous_35)
FN:184,(anonymous_36)
FN:187,(anonymous_37)
FN:188,(anonymous_38)
FN:189,(anonymous_39)
FN:190,(anonymous_40)
FN:191,(anonymous_41)
FN:194,(anonymous_42)
FN:195,(anonymous_43)
FN:196,(anonymous_44)
FN:197,(anonymous_45)
FN:200,(anonymous_46)
FN:201,(anonymous_47)
FN:202,(anonymous_48)
FN:203,(anonymous_49)
FN:206,(anonymous_50)
FN:207,(anonymous_51)
FN:208,(anonymous_52)
FN:209,(anonymous_53)
FN:210,(anonymous_54)
FN:211,(anonymous_55)
FNF:56
FNH:55
FNDA:33,(anonymous_0)
FNDA:0,(anonymous_1)
FNDA:33,(anonymous_2)
FNDA:3,fetchCompanyResearch
FNDA:1,(anonymous_4)
FNDA:1,(anonymous_5)
FNDA:1,(anonymous_6)
FNDA:1,exportPDF
FNDA:1,exportDOCX
FNDA:1,exportTXT
FNDA:3,fetchDashboardStats
FNDA:1,(anonymous_11)
FNDA:1,(anonymous_12)
FNDA:1,(anonymous_13)
FNDA:1,(anonymous_14)
FNDA:1,(anonymous_15)
FNDA:1,(anonymous_16)
FNDA:1,(anonymous_17)
FNDA:1,(anonymous_18)
FNDA:1,(anonymous_19)
FNDA:1,(anonymous_20)
FNDA:1,(anonymous_21)
FNDA:2,(anonymous_22)
FNDA:1,(anonymous_23)
FNDA:1,(anonymous_24)
FNDA:1,(anonymous_25)
FNDA:1,(anonymous_26)
FNDA:1,(anonymous_27)
FNDA:1,(anonymous_28)
FNDA:1,(anonymous_29)
FNDA:1,(anonymous_30)
FNDA:1,(anonymous_31)
FNDA:1,(anonymous_32)
FNDA:1,(anonymous_33)
FNDA:1,(anonymous_34)
FNDA:1,(anonymous_35)
FNDA:1,(anonymous_36)
FNDA:1,(anonymous_37)
FNDA:1,(anonymous_38)
FNDA:1,(anonymous_39)
FNDA:1,(anonymous_40)
FNDA:1,(anonymous_41)
FNDA:1,(anonymous_42)
FNDA:1,(anonymous_43)
FNDA:1,(anonymous_44)
FNDA:1,(anonymous_45)
FNDA:1,(anonymous_46)
FNDA:1,(anonymous_47)
FNDA:1,(anonymous_48)
FNDA:1,(anonymous_49)
FNDA:1,(anonymous_50)
FNDA:1,(anonymous_51)
FNDA:1,(anonymous_52)
FNDA:1,(anonymous_53)
FNDA:1,(anonymous_54)
FNDA:1,(anonymous_55)
DA:4,3
DA:9,3
DA:17,3
DA:18,33
DA:19,33
DA:20,33
DA:27,3
DA:28,0
DA:30,33
DA:31,0
DA:32,0
DA:33,0
DA:35,0
DA:45,0
DA:48,33
DA:56,3
DA:57,3
DA:60,1
DA:62,2
DA:63,2
DA:73,3
DA:74,1
DA:77,3
DA:78,1
DA:81,3
DA:82,1
DA:89,1
DA:95,1
DA:101,1
DA:107,3
DA:109,3
DA:110,3
DA:112,3
DA:119,3
DA:120,2
DA:121,2
DA:124,3
DA:129,3
DA:131,3
DA:133,3
DA:138,3
DA:143,3
DA:149,3
DA:150,3
DA:151,3
DA:152,3
DA:153,3
DA:156,3
DA:157,2
DA:160,2
DA:162,3
DA:165,3
DA:166,3
DA:169,3
DA:170,3
DA:171,3
DA:177,3
DA:178,3
DA:179,3
DA:180,3
DA:181,3
DA:182,3
DA:183,3
DA:184,3
DA:187,3
DA:188,3
DA:189,3
DA:190,3
DA:191,3
DA:194,3
DA:195,3
DA:196,3
DA:197,3
DA:200,3
DA:201,3
DA:202,3
DA:203,3
DA:206,3
DA:207,3
DA:208,3
DA:209,3
DA:210,3
DA:211,3
LF:83
LH:77
BRDA:4,0,0,3
BRDA:4,0,1,3
BRDA:5,1,0,3
BRDA:5,1,1,0
BRDA:19,2,0,0
BRDA:19,2,1,33
BRDA:30,3,0,0
BRDA:30,3,1,33
BRDA:30,4,0,33
BRDA:30,4,1,0
BRDA:31,5,0,0
BRDA:31,5,1,0
BRDA:32,6,0,0
BRDA:32,6,1,0
BRDA:64,7,0,2
BRDA:64,7,1,1
BRDA:106,8,0,3
BRDA:109,9,0,1
BRDA:109,9,1,2
BRDA:110,10,0,1
BRDA:110,10,1,2
BRDA:119,11,0,1
BRDA:119,11,1,2
BRDA:157,12,0,1
BRDA:157,12,1,1
BRF:25
BRH:17
end_of_record
TN:
SF:src\components\CandidateProfileModal.jsx
FN:6,CandidateProfileModal
FN:16,(anonymous_1)
FN:17,fetchProfile
FN:36,(anonymous_3)
FN:44,(anonymous_4)
FN:51,(anonymous_5)
FN:57,(anonymous_6)
FN:58,(anonymous_7)
FN:66,(anonymous_8)
FN:67,(anonymous_9)
FN:75,(anonymous_10)
FN:81,(anonymous_11)
FN:82,(anonymous_12)
FN:92,(anonymous_13)
FN:113,(anonymous_14)
FN:124,(anonymous_15)
FN:142,(anonymous_16)
FN:156,(anonymous_17)
FN:205,(anonymous_18)
FN:227,(anonymous_19)
FN:256,(anonymous_20)
FN:275,(anonymous_21)
FN:305,(anonymous_22)
FN:329,(anonymous_23)
FN:331,(anonymous_24)
FN:338,(anonymous_25)
FNF:26
FNH:0
FNDA:0,CandidateProfileModal
FNDA:0,(anonymous_1)
FNDA:0,fetchProfile
FNDA:0,(anonymous_3)
FNDA:0,(anonymous_4)
FNDA:0,(anonymous_5)
FNDA:0,(anonymous_6)
FNDA:0,(anonymous_7)
FNDA:0,(anonymous_8)
FNDA:0,(anonymous_9)
FNDA:0,(anonymous_10)
FNDA:0,(anonymous_11)
FNDA:0,(anonymous_12)
FNDA:0,(anonymous_13)
FNDA:0,(anonymous_14)
FNDA:0,(anonymous_15)
FNDA:0,(anonymous_16)
FNDA:0,(anonymous_17)
FNDA:0,(anonymous_18)
FNDA:0,(anonymous_19)
FNDA:0,(anonymous_20)
FNDA:0,(anonymous_21)
FNDA:0,(anonymous_22)
FNDA:0,(anonymous_23)
FNDA:0,(anonymous_24)
FNDA:0,(anonymous_25)
DA:12,0
DA:13,0
DA:14,0
DA:16,0
DA:18,0
DA:19,0
DA:20,0
DA:21,0
DA:22,0
DA:25,0
DA:27,0
DA:28,0
DA:30,0
DA:33,0
DA:36,0
DA:37,0
DA:38,0
DA:44,0
DA:45,0
DA:46,0
DA:47,0
DA:48,0
DA:51,0
DA:52,0
DA:55,0
DA:56,0
DA:57,0
DA:58,0
DA:63,0
DA:64,0
DA:66,0
DA:67,0
DA:72,0
DA:75,0
DA:76,0
DA:79,0
DA:81,0
DA:82,0
DA:85,0
DA:86,0
DA:90,0
DA:93,0
DA:99,0
DA:110,0
DA:111,0
DA:113,0
DA:121,0
DA:122,0
DA:124,0
DA:138,0
DA:142,0
DA:157,0
DA:158,0
DA:206,0
DA:228,0
DA:257,0
DA:276,0
DA:306,0
DA:330,0
DA:331,0
DA:333,0
DA:334,0
DA:339,0
DA:384,0
LF:64
LH:0
BRDA:18,0,0,0
BRDA:18,0,1,0
BRDA:18,1,0,0
BRDA:18,1,1,0
BRDA:28,2,0,0
BRDA:28,2,1,0
BRDA:37,3,0,0
BRDA:37,3,1,0
BRDA:45,4,0,0
BRDA:45,4,1,0
BRDA:45,5,0,0
BRDA:45,5,1,0
BRDA:46,6,0,0
BRDA:46,6,1,0
BRDA:46,7,0,0
BRDA:46,7,1,0
BRDA:47,8,0,0
BRDA:47,8,1,0
BRDA:52,9,0,0
BRDA:52,9,1,0
BRDA:55,10,0,0
BRDA:55,10,1,0
BRDA:63,11,0,0
BRDA:63,11,1,0
BRDA:76,12,0,0
BRDA:76,12,1,0
BRDA:85,13,0,0
BRDA:85,13,1,0
BRDA:110,14,0,0
BRDA:110,14,1,0
BRDA:121,15,0,0
BRDA:121,15,1,0
BRDA:121,16,0,0
BRDA:121,16,1,0
BRDA:129,17,0,0
BRDA:129,17,1,0
BRDA:149,18,0,0
BRDA:149,18,1,0
BRDA:151,19,0,0
BRDA:151,19,1,0
BRDA:163,20,0,0
BRDA:163,20,1,0
BRDA:164,21,0,0
BRDA:164,21,1,0
BRDA:165,22,0,0
BRDA:165,22,1,0
BRDA:175,23,0,0
BRDA:175,23,1,0
BRDA:180,24,0,0
BRDA:180,24,1,0
BRDA:185,25,0,0
BRDA:185,25,1,0
BRDA:191,26,0,0
BRDA:191,26,1,0
BRDA:201,27,0,0
BRDA:201,27,1,0
BRDA:201,27,2,0
BRDA:208,28,0,0
BRDA:208,28,1,0
BRDA:211,29,0,0
BRDA:211,29,1,0
BRDA:223,30,0,0
BRDA:223,30,1,0
BRDA:223,30,2,0
BRDA:238,31,0,0
BRDA:238,31,1,0
BRDA:241,32,0,0
BRDA:241,32,1,0
BRDA:244,33,0,0
BRDA:244,33,1,0
BRDA:252,34,0,0
BRDA:252,34,1,0
BRDA:252,34,2,0
BRDA:260,35,0,0
BRDA:260,35,1,0
BRDA:261,36,0,0
BRDA:261,36,1,0
BRDA:262,37,0,0
BRDA:262,37,1,0
BRDA:271,38,0,0
BRDA:271,38,1,0
BRDA:271,38,2,0
BRDA:278,39,0,0
BRDA:278,39,1,0
BRDA:279,40,0,0
BRDA:279,40,1,0
BRDA:284,41,0,0
BRDA:284,41,1,0
BRDA:301,42,0,0
BRDA:301,42,1,0
BRDA:301,42,2,0
BRDA:310,43,0,0
BRDA:310,43,1,0
BRDA:311,44,0,0
BRDA:311,44,1,0
BRDA:325,45,0,0
BRDA:325,45,1,0
BRDA:325,45,2,0
BRDA:333,46,0,0
BRDA:333,46,1,0
BRDA:344,47,0,0
BRDA:344,47,1,0
BRDA:347,48,0,0
BRDA:347,48,1,0
BRDA:350,49,0,0
BRDA:350,49,1,0
BRDA:350,49,2,0
BRDA:357,50,0,0
BRDA:357,50,1,0
BRDA:369,51,0,0
BRDA:369,51,1,0
BRDA:369,51,2,0
BRF:112
BRH:0
end_of_record
TN:
SF:src\components\CareerGoals.jsx
FN:38,TabPanel
FN:46,CareerGoals
FN:70,(anonymous_2)
FN:74,(anonymous_3)
FN:92,(anonymous_4)
FN:110,(anonymous_5)
FN:127,(anonymous_6)
FN:141,(anonymous_7)
FN:154,(anonymous_8)
FN:173,(anonymous_9)
FN:193,(anonymous_10)
FN:208,(anonymous_11)
FN:223,(anonymous_12)
FN:227,(anonymous_13)
FN:231,(anonymous_14)
FN:255,(anonymous_15)
FN:256,(anonymous_16)
FN:269,(anonymous_17)
FN:357,(anonymous_18)
FN:363,(anonymous_19)
FN:369,(anonymous_20)
FN:375,(anonymous_21)
FN:391,(anonymous_22)
FN:468,(anonymous_23)
FN:484,(anonymous_24)
FN:583,(anonymous_25)
FN:637,(anonymous_26)
FN:713,(anonymous_27)
FN:729,(anonymous_28)
FN:755,(anonymous_29)
FN:770,(anonymous_30)
FN:803,(anonymous_31)
FN:824,(anonymous_32)
FN:872,(anonymous_33)
FN:901,(anonymous_34)
FN:912,(anonymous_35)
FN:924,(anonymous_36)
FN:945,(anonymous_37)
FN:959,(anonymous_38)
FN:970,(anonymous_39)
FN:981,(anonymous_40)
FN:992,(anonymous_41)
FN:1004,(anonymous_42)
FN:1015,(anonymous_43)
FN:1026,(anonymous_44)
FN:1035,(anonymous_45)
FN:1051,(anonymous_46)
FN:1065,(anonymous_47)
FNF:48
FNH:0
FNDA:0,TabPanel
FNDA:0,CareerGoals
FNDA:0,(anonymous_2)
FNDA:0,(anonymous_3)
FNDA:0,(anonymous_4)
FNDA:0,(anonymous_5)
FNDA:0,(anonymous_6)
FNDA:0,(anonymous_7)
FNDA:0,(anonymous_8)
FNDA:0,(anonymous_9)
FNDA:0,(anonymous_10)
FNDA:0,(anonymous_11)
FNDA:0,(anonymous_12)
FNDA:0,(anonymous_13)
FNDA:0,(anonymous_14)
FNDA:0,(anonymous_15)
FNDA:0,(anonymous_16)
FNDA:0,(anonymous_17)
FNDA:0,(anonymous_18)
FNDA:0,(anonymous_19)
FNDA:0,(anonymous_20)
FNDA:0,(anonymous_21)
FNDA:0,(anonymous_22)
FNDA:0,(anonymous_23)
FNDA:0,(anonymous_24)
FNDA:0,(anonymous_25)
FNDA:0,(anonymous_26)
FNDA:0,(anonymous_27)
FNDA:0,(anonymous_28)
FNDA:0,(anonymous_29)
FNDA:0,(anonymous_30)
FNDA:0,(anonymous_31)
FNDA:0,(anonymous_32)
FNDA:0,(anonymous_33)
FNDA:0,(anonymous_34)
FNDA:0,(anonymous_35)
FNDA:0,(anonymous_36)
FNDA:0,(anonymous_37)
FNDA:0,(anonymous_38)
FNDA:0,(anonymous_39)
FNDA:0,(anonymous_40)
FNDA:0,(anonymous_41)
FNDA:0,(anonymous_42)
FNDA:0,(anonymous_43)
FNDA:0,(anonymous_44)
FNDA:0,(anonymous_45)
FNDA:0,(anonymous_46)
FNDA:0,(anonymous_47)
DA:39,0
DA:47,0
DA:48,0
DA:49,0
DA:50,0
DA:51,0
DA:52,0
DA:53,0
DA:54,0
DA:70,0
DA:71,0
DA:74,0
DA:75,0
DA:76,0
DA:77,0
DA:81,0
DA:82,0
DA:83,0
DA:85,0
DA:86,0
DA:88,0
DA:92,0
DA:93,0
DA:94,0
DA:95,0
DA:96,0
DA:99,0
DA:100,0
DA:101,0
DA:102,0
DA:103,0
DA:105,0
DA:106,0
DA:110,0
DA:111,0
DA:112,0
DA:116,0
DA:117,0
DA:118,0
DA:119,0
DA:120,0
DA:122,0
DA:123,0
DA:127,0
DA:128,0
DA:129,0
DA:131,0
DA:132,0
DA:133,0
DA:134,0
DA:136,0
DA:137,0
DA:141,0
DA:142,0
DA:143,0
DA:147,0
DA:149,0
DA:150,0
DA:154,0
DA:155,0
DA:170,0
DA:173,0
DA:174,0
DA:175,0
DA:190,0
DA:193,0
DA:194,0
DA:196,0
DA:198,0
DA:200,0
DA:202,0
DA:204,0
DA:208,0
DA:209,0
DA:211,0
DA:213,0
DA:215,0
DA:217,0
DA:219,0
DA:223,0
DA:224,0
DA:225,0
DA:227,0
DA:231,0
DA:232,0
DA:239,0
DA:240,0
DA:247,0
DA:248,0
DA:255,0
DA:256,0
DA:258,0
DA:270,0
DA:271,0
DA:357,0
DA:363,0
DA:369,0
DA:375,0
DA:392,0
DA:468,0
DA:484,0
DA:584,0
DA:638,0
DA:713,0
DA:729,0
DA:756,0
DA:770,0
DA:804,0
DA:825,0
DA:873,0
DA:874,0
DA:901,0
DA:912,0
DA:924,0
DA:945,0
DA:959,0
DA:970,0
DA:981,0
DA:992,0
DA:1004,0
DA:1015,0
DA:1026,0
DA:1035,0
DA:1052,0
DA:1053,0
DA:1065,0
LF:126
LH:0
BRDA:41,0,0,0
BRDA:41,0,1,0
BRDA:81,1,0,0
BRDA:81,1,1,0
BRDA:82,2,0,0
BRDA:82,2,1,0
BRDA:94,3,0,0
BRDA:94,3,1,0
BRDA:94,4,0,0
BRDA:94,4,1,0
BRDA:94,4,2,0
BRDA:94,4,3,0
BRDA:106,5,0,0
BRDA:106,5,1,0
BRDA:123,6,0,0
BRDA:123,6,1,0
BRDA:128,7,0,0
BRDA:128,7,1,0
BRDA:137,8,0,0
BRDA:137,8,1,0
BRDA:150,9,0,0
BRDA:150,9,1,0
BRDA:176,10,0,0
BRDA:176,10,1,0
BRDA:177,11,0,0
BRDA:177,11,1,0
BRDA:178,12,0,0
BRDA:178,12,1,0
BRDA:179,13,0,0
BRDA:179,13,1,0
BRDA:180,14,0,0
BRDA:180,14,1,0
BRDA:181,15,0,0
BRDA:181,15,1,0
BRDA:182,16,0,0
BRDA:182,16,1,0
BRDA:183,17,0,0
BRDA:183,17,1,0
BRDA:184,18,0,0
BRDA:184,18,1,0
BRDA:185,19,0,0
BRDA:185,19,1,0
BRDA:186,20,0,0
BRDA:186,20,1,0
BRDA:187,21,0,0
BRDA:187,21,1,0
BRDA:188,22,0,0
BRDA:188,22,1,0
BRDA:194,23,0,0
BRDA:194,23,1,0
BRDA:194,23,2,0
BRDA:194,23,3,0
BRDA:194,23,4,0
BRDA:209,24,0,0
BRDA:209,24,1,0
BRDA:209,24,2,0
BRDA:209,24,3,0
BRDA:209,24,4,0
BRDA:224,25,0,0
BRDA:224,25,1,0
BRDA:233,26,0,0
BRDA:233,26,1,0
BRDA:233,26,2,0
BRDA:239,27,0,0
BRDA:239,27,1,0
BRDA:247,28,0,0
BRDA:247,28,1,0
BRDA:343,29,0,0
BRDA:343,29,1,0
BRDA:356,30,0,0
BRDA:356,30,1,0
BRDA:362,31,0,0
BRDA:362,31,1,0
BRDA:368,32,0,0
BRDA:368,32,1,0
BRDA:374,33,0,0
BRDA:374,33,1,0
BRDA:383,34,0,0
BRDA:383,34,1,0
BRDA:397,35,0,0
BRDA:397,35,1,0
BRDA:438,36,0,0
BRDA:438,36,1,0
BRDA:442,37,0,0
BRDA:442,37,1,0
BRDA:443,38,0,0
BRDA:443,38,1,0
BRDA:444,39,0,0
BRDA:444,39,1,0
BRDA:451,40,0,0
BRDA:451,40,1,0
BRDA:507,41,0,0
BRDA:507,41,1,0
BRDA:512,42,0,0
BRDA:512,42,1,0
BRDA:523,43,0,0
BRDA:523,43,1,0
BRDA:526,44,0,0
BRDA:526,44,1,0
BRDA:528,45,0,0
BRDA:528,45,1,0
BRDA:530,46,0,0
BRDA:530,46,1,0
BRDA:531,47,0,0
BRDA:531,47,1,0
BRDA:532,48,0,0
BRDA:532,48,1,0
BRDA:549,49,0,0
BRDA:549,49,1,0
BRDA:552,50,0,0
BRDA:552,50,1,0
BRDA:554,51,0,0
BRDA:554,51,1,0
BRDA:562,52,0,0
BRDA:562,52,1,0
BRDA:567,53,0,0
BRDA:567,53,1,0
BRDA:576,54,0,0
BRDA:576,54,1,0
BRDA:582,55,0,0
BRDA:582,55,1,0
BRDA:607,56,0,0
BRDA:607,56,1,0
BRDA:629,57,0,0
BRDA:629,57,1,0
BRDA:642,58,0,0
BRDA:642,58,1,0
BRDA:644,59,0,0
BRDA:644,59,1,0
BRDA:646,60,0,0
BRDA:646,60,1,0
BRDA:650,61,0,0
BRDA:650,61,1,0
BRDA:668,62,0,0
BRDA:668,62,1,0
BRDA:678,63,0,0
BRDA:678,63,1,0
BRDA:690,64,0,0
BRDA:690,64,1,0
BRDA:703,65,0,0
BRDA:703,65,1,0
BRDA:706,66,0,0
BRDA:706,66,1,0
BRDA:707,67,0,0
BRDA:707,67,1,0
BRDA:753,68,0,0
BRDA:753,68,1,0
BRDA:795,69,0,0
BRDA:795,69,1,0
BRDA:798,70,0,0
BRDA:798,70,1,0
BRDA:819,71,0,0
BRDA:819,71,1,0
BRDA:831,72,0,0
BRDA:831,72,1,0
BRDA:832,73,0,0
BRDA:832,73,1,0
BRDA:833,74,0,0
BRDA:833,74,1,0
BRDA:843,75,0,0
BRDA:843,75,1,0
BRDA:854,76,0,0
BRDA:854,76,1,0
BRDA:854,76,2,0
BRDA:891,77,0,0
BRDA:891,77,1,0
BRDA:1065,78,0,0
BRDA:1065,78,1,0
BRDA:1076,79,0,0
BRDA:1076,79,1,0
BRF:170
BRH:0
end_of_record
TN:
SF:src\components\CareerGrowthCalculator.jsx
FN:29,(anonymous_0)
FN:41,(anonymous_1)
FN:45,(anonymous_2)
FN:51,(anonymous_3)
FN:59,(anonymous_4)
FN:66,(anonymous_5)
FN:84,(anonymous_6)
FN:107,(anonymous_7)
FN:115,(anonymous_8)
FN:116,(anonymous_9)
FN:143,(anonymous_10)
FN:170,(anonymous_11)
FN:179,(anonymous_12)
FN:180,(anonymous_13)
FN:182,(anonymous_14)
FN:187,(anonymous_15)
FN:188,(anonymous_16)
FN:194,(anonymous_17)
FN:210,(anonymous_18)
FN:223,(anonymous_19)
FN:234,(anonymous_20)
FN:244,(anonymous_21)
FN:255,(anonymous_22)
FN:261,(anonymous_23)
FN:262,(anonymous_24)
FN:280,(anonymous_25)
FN:296,(anonymous_26)
FN:301,(anonymous_27)
FN:329,(anonymous_28)
FN:332,(anonymous_29)
FN:336,(anonymous_30)
FN:337,(anonymous_31)
FN:342,(anonymous_32)
FN:352,(anonymous_33)
FN:377,(anonymous_34)
FN:391,(anonymous_35)
FN:413,(anonymous_36)
FN:439,(anonymous_37)
FN:462,(anonymous_38)
FN:485,(anonymous_39)
FN:527,(anonymous_40)
FN:536,(anonymous_41)
FN:553,(anonymous_42)
FN:566,(anonymous_43)
FN:579,(anonymous_44)
FN:590,(anonymous_45)
FN:606,(anonymous_46)
FN:613,(anonymous_47)
FNF:48
FNH:0
FNDA:0,(anonymous_0)
FNDA:0,(anonymous_1)
FNDA:0,(anonymous_2)
FNDA:0,(anonymous_3)
FNDA:0,(anonymous_4)
FNDA:0,(anonymous_5)
FNDA:0,(anonymous_6)
FNDA:0,(anonymous_7)
FNDA:0,(anonymous_8)
FNDA:0,(anonymous_9)
FNDA:0,(anonymous_10)
FNDA:0,(anonymous_11)
FNDA:0,(anonymous_12)
FNDA:0,(anonymous_13)
FNDA:0,(anonymous_14)
FNDA:0,(anonymous_15)
FNDA:0,(anonymous_16)
FNDA:0,(anonymous_17)
FNDA:0,(anonymous_18)
FNDA:0,(anonymous_19)
FNDA:0,(anonymous_20)
FNDA:0,(anonymous_21)
FNDA:0,(anonymous_22)
FNDA:0,(anonymous_23)
FNDA:0,(anonymous_24)
FNDA:0,(anonymous_25)
FNDA:0,(anonymous_26)
FNDA:0,(anonymous_27)
FNDA:0,(anonymous_28)
FNDA:0,(anonymous_29)
FNDA:0,(anonymous_30)
FNDA:0,(anonymous_31)
FNDA:0,(anonymous_32)
FNDA:0,(anonymous_33)
FNDA:0,(anonymous_34)
FNDA:0,(anonymous_35)
FNDA:0,(anonymous_36)
FNDA:0,(anonymous_37)
FNDA:0,(anonymous_38)
FNDA:0,(anonymous_39)
FNDA:0,(anonymous_40)
FNDA:0,(anonymous_41)
FNDA:0,(anonymous_42)
FNDA:0,(anonymous_43)
FNDA:0,(anonymous_44)
FNDA:0,(anonymous_45)
FNDA:0,(anonymous_46)
FNDA:0,(anonymous_47)
DA:29,0
DA:30,0
DA:31,0
DA:32,0
DA:33,0
DA:34,0
DA:35,0
DA:36,0
DA:37,0
DA:38,0
DA:39,0
DA:41,0
DA:42,0
DA:45,0
DA:46,0
DA:47,0
DA:51,0
DA:52,0
DA:53,0
DA:54,0
DA:55,0
DA:58,0
DA:59,0
DA:63,0
DA:64,0
DA:65,0
DA:66,0
DA:67,0
DA:69,0
DA:71,0
DA:77,0
DA:78,0
DA:79,0
DA:82,0
DA:83,0
DA:84,0
DA:86,0
DA:87,0
DA:88,0
DA:89,0
DA:93,0
DA:94,0
DA:97,0
DA:98,0
DA:100,0
DA:101,0
DA:103,0
DA:107,0
DA:108,0
DA:110,0
DA:111,0
DA:112,0
DA:115,0
DA:116,0
DA:117,0
DA:118,0
DA:119,0
DA:123,0
DA:124,0
DA:125,0
DA:128,0
DA:131,0
DA:132,0
DA:133,0
DA:135,0
DA:138,0
DA:139,0
DA:141,0
DA:143,0
DA:145,0
DA:146,0
DA:147,0
DA:148,0
DA:151,0
DA:158,0
DA:159,0
DA:167,0
DA:170,0
DA:171,0
DA:179,0
DA:180,0
DA:181,0
DA:182,0
DA:187,0
DA:188,0
DA:194,0
DA:195,0
DA:197,0
DA:198,0
DA:199,0
DA:202,0
DA:208,0
DA:210,0
DA:213,0
DA:214,0
DA:217,0
DA:223,0
DA:224,0
DA:225,0
DA:226,0
DA:230,0
DA:231,0
DA:234,0
DA:235,0
DA:236,0
DA:240,0
DA:244,0
DA:245,0
DA:246,0
DA:250,0
DA:255,0
DA:256,0
DA:258,0
DA:259,0
DA:261,0
DA:262,0
DA:263,0
DA:265,0
DA:266,0
DA:268,0
DA:269,0
DA:273,0
DA:276,0
DA:279,0
DA:280,0
DA:282,0
DA:297,0
DA:301,0
DA:329,0
DA:332,0
DA:336,0
DA:337,0
DA:344,0
DA:345,0
DA:346,0
DA:347,0
DA:349,0
DA:353,0
DA:354,0
DA:356,0
DA:378,0
DA:379,0
DA:380,0
DA:382,0
DA:391,0
DA:413,0
DA:439,0
DA:462,0
DA:485,0
DA:528,0
DA:536,0
DA:553,0
DA:566,0
DA:579,0
DA:590,0
DA:606,0
DA:613,0
LF:157
LH:0
BRDA:46,0,0,0
BRDA:46,0,1,0
BRDA:46,1,0,0
BRDA:46,1,1,0
BRDA:54,2,0,0
BRDA:54,2,1,0
BRDA:58,3,0,0
BRDA:58,3,1,0
BRDA:69,4,0,0
BRDA:69,4,1,0
BRDA:69,4,2,0
BRDA:87,5,0,0
BRDA:87,5,1,0
BRDA:89,6,0,0
BRDA:89,6,1,0
BRDA:97,7,0,0
BRDA:97,7,1,0
BRDA:98,8,0,0
BRDA:98,8,1,0
BRDA:110,9,0,0
BRDA:110,9,1,0
BRDA:117,10,0,0
BRDA:117,10,1,0
BRDA:123,11,0,0
BRDA:123,11,1,0
BRDA:123,11,2,0
BRDA:123,11,3,0
BRDA:124,12,0,0
BRDA:124,12,1,0
BRDA:124,13,0,0
BRDA:124,13,1,0
BRDA:128,14,0,0
BRDA:128,14,1,0
BRDA:131,15,0,0
BRDA:131,15,1,0
BRDA:132,16,0,0
BRDA:132,16,1,0
BRDA:135,17,0,0
BRDA:135,17,1,0
BRDA:145,18,0,0
BRDA:145,18,1,0
BRDA:145,19,0,0
BRDA:145,19,1,0
BRDA:147,20,0,0
BRDA:147,20,1,0
BRDA:154,21,0,0
BRDA:154,21,1,0
BRDA:181,22,0,0
BRDA:181,22,1,0
BRDA:195,23,0,0
BRDA:195,23,1,0
BRDA:197,24,0,0
BRDA:197,24,1,0
BRDA:197,25,0,0
BRDA:197,25,1,0
BRDA:197,25,2,0
BRDA:210,26,0,0
BRDA:210,26,1,0
BRDA:224,27,0,0
BRDA:224,27,1,0
BRDA:263,28,0,0
BRDA:263,28,1,0
BRDA:266,29,0,0
BRDA:266,29,1,0
BRDA:266,30,0,0
BRDA:266,30,1,0
BRDA:305,31,0,0
BRDA:305,31,1,0
BRDA:305,31,2,0
BRDA:312,32,0,0
BRDA:312,32,1,0
BRDA:345,33,0,0
BRDA:345,33,1,0
BRDA:378,34,0,0
BRDA:378,34,1,0
BRDA:379,35,0,0
BRDA:379,35,1,0
BRDA:380,36,0,0
BRDA:380,36,1,0
BRDA:394,37,0,0
BRDA:394,37,1,0
BRDA:395,38,0,0
BRDA:395,38,1,0
BRDA:396,39,0,0
BRDA:396,39,1,0
BRDA:412,40,0,0
BRDA:412,40,1,0
BRDA:412,40,2,0
BRDA:412,40,3,0
BRDA:415,41,0,0
BRDA:415,41,1,0
BRDA:438,42,0,0
BRDA:438,42,1,0
BRDA:442,43,0,0
BRDA:442,43,1,0
BRDA:443,44,0,0
BRDA:443,44,1,0
BRDA:461,45,0,0
BRDA:461,45,1,0
BRDA:465,46,0,0
BRDA:465,46,1,0
BRDA:466,47,0,0
BRDA:466,47,1,0
BRDA:484,48,0,0
BRDA:484,48,1,0
BRDA:488,49,0,0
BRDA:488,49,1,0
BRDA:489,50,0,0
BRDA:489,50,1,0
BRDA:509,51,0,0
BRDA:509,51,1,0
BRDA:515,52,0,0
BRDA:515,52,1,0
BRDA:552,53,0,0
BRDA:552,53,1,0
BRDA:556,54,0,0
BRDA:556,54,1,0
BRDA:565,55,0,0
BRDA:565,55,1,0
BRDA:569,56,0,0
BRDA:569,56,1,0
BRDA:578,57,0,0
BRDA:578,57,1,0
BRDA:582,58,0,0
BRDA:582,58,1,0
BRDA:605,59,0,0
BRDA:605,59,1,0
BRF:127
BRH:0
end_of_record
TN:
SF:src\components\CertificationForm.jsx
FN:8,PDFViewer
FN:13,(anonymous_1)
FN:17,(anonymous_2)
FN:21,(anonymous_3)
FN:28,(anonymous_4)
FN:35,(anonymous_5)
FN:97,CertificationForm
FN:99,(anonymous_7)
FN:118,(anonymous_8)
FN:140,(anonymous_9)
FN:158,(anonymous_10)
FN:171,(anonymous_11)
FN:181,(anonymous_12)
FN:216,handleSubmit
FN:227,(anonymous_14)
FN:230,(anonymous_15)
FN:268,(anonymous_16)
FN:279,(anonymous_17)
FN:312,(anonymous_18)
FN:324,(anonymous_19)
FN:344,(anonymous_20)
FN:354,(anonymous_21)
FN:365,(anonymous_22)
FN:385,(anonymous_23)
FN:398,(anonymous_24)
FN:431,(anonymous_25)
FN:449,(anonymous_26)
FN:494,(anonymous_27)
FN:502,(anonymous_28)
FN:545,(anonymous_29)
FN:557,(anonymous_30)
FN:571,(anonymous_31)
FN:588,(anonymous_32)
FN:599,(anonymous_33)
FN:610,(anonymous_34)
FN:621,(anonymous_35)
FNF:36
FNH:0
FNDA:0,PDFViewer
FNDA:0,(anonymous_1)
FNDA:0,(anonymous_2)
FNDA:0,(anonymous_3)
FNDA:0,(anonymous_4)
FNDA:0,(anonymous_5)
FNDA:0,CertificationForm
FNDA:0,(anonymous_7)
FNDA:0,(anonymous_8)
FNDA:0,(anonymous_9)
FNDA:0,(anonymous_10)
FNDA:0,(anonymous_11)
FNDA:0,(anonymous_12)
FNDA:0,handleSubmit
FNDA:0,(anonymous_14)
FNDA:0,(anonymous_15)
FNDA:0,(anonymous_16)
FNDA:0,(anonymous_17)
FNDA:0,(anonymous_18)
FNDA:0,(anonymous_19)
FNDA:0,(anonymous_20)
FNDA:0,(anonymous_21)
FNDA:0,(anonymous_22)
FNDA:0,(anonymous_23)
FNDA:0,(anonymous_24)
FNDA:0,(anonymous_25)
FNDA:0,(anonymous_26)
FNDA:0,(anonymous_27)
FNDA:0,(anonymous_28)
FNDA:0,(anonymous_29)
FNDA:0,(anonymous_30)
FNDA:0,(anonymous_31)
FNDA:0,(anonymous_32)
FNDA:0,(anonymous_33)
FNDA:0,(anonymous_34)
FNDA:0,(anonymous_35)
DA:5,0
DA:9,0
DA:10,0
DA:11,0
DA:13,0
DA:14,0
DA:16,0
DA:18,0
DA:19,0
DA:22,0
DA:23,0
DA:24,0
DA:25,0
DA:29,0
DA:30,0
DA:31,0
DA:35,0
DA:36,0
DA:37,0
DA:41,0
DA:42,0
DA:59,0
DA:60,0
DA:81,0
DA:99,0
DA:100,0
DA:102,0
DA:103,0
DA:106,0
DA:107,0
DA:108,0
DA:109,0
DA:110,0
DA:111,0
DA:112,0
DA:114,0
DA:118,0
DA:120,0
DA:121,0
DA:140,0
DA:141,0
DA:142,0
DA:151,0
DA:158,0
DA:160,0
DA:161,0
DA:165,0
DA:167,0
DA:170,0
DA:171,0
DA:173,0
DA:174,0
DA:175,0
DA:177,0
DA:181,0
DA:182,0
DA:183,0
DA:185,0
DA:186,0
DA:187,0
DA:188,0
DA:190,0
DA:198,0
DA:199,0
DA:200,0
DA:203,0
DA:205,0
DA:206,0
DA:207,0
DA:209,0
DA:210,0
DA:212,0
DA:217,0
DA:218,0
DA:220,0
DA:221,0
DA:222,0
DA:223,0
DA:227,0
DA:231,0
DA:232,0
DA:234,0
DA:239,0
DA:244,0
DA:245,0
DA:249,0
DA:253,0
DA:255,0
DA:256,0
DA:260,0
DA:268,0
DA:280,0
DA:281,0
DA:282,0
DA:284,0
DA:285,0
DA:312,0
DA:324,0
DA:344,0
DA:354,0
DA:366,0
DA:386,0
DA:399,0
DA:400,0
DA:431,0
DA:450,0
DA:451,0
DA:452,0
DA:454,0
DA:495,0
DA:503,0
DA:504,0
DA:545,0
DA:557,0
DA:571,0
DA:588,0
DA:599,0
DA:611,0
DA:621,0
LF:119
LH:0
BRDA:18,0,0,0
BRDA:18,0,1,0
BRDA:22,1,0,0
BRDA:22,1,1,0
BRDA:29,2,0,0
BRDA:29,2,1,0
BRDA:37,3,0,0
BRDA:37,3,1,0
BRDA:41,4,0,0
BRDA:41,4,1,0
BRDA:45,5,0,0
BRDA:45,5,1,0
BRDA:46,6,0,0
BRDA:46,6,1,0
BRDA:59,7,0,0
BRDA:59,7,1,0
BRDA:59,8,0,0
BRDA:59,8,1,0
BRDA:86,9,0,0
BRDA:86,9,1,0
BRDA:87,10,0,0
BRDA:87,10,1,0
BRDA:100,11,0,0
BRDA:100,11,1,0
BRDA:102,12,0,0
BRDA:102,12,1,0
BRDA:102,13,0,0
BRDA:102,13,1,0
BRDA:108,14,0,0
BRDA:108,14,1,0
BRDA:120,15,0,0
BRDA:120,15,1,0
BRDA:120,15,2,0
BRDA:122,16,0,0
BRDA:122,16,1,0
BRDA:123,17,0,0
BRDA:123,17,1,0
BRDA:124,18,0,0
BRDA:124,18,1,0
BRDA:125,19,0,0
BRDA:125,19,1,0
BRDA:128,20,0,0
BRDA:128,20,1,0
BRDA:131,21,0,0
BRDA:131,21,1,0
BRDA:132,22,0,0
BRDA:132,22,1,0
BRDA:133,23,0,0
BRDA:133,23,1,0
BRDA:135,24,0,0
BRDA:135,24,1,0
BRDA:141,25,0,0
BRDA:141,25,1,0
BRDA:141,26,0,0
BRDA:141,26,1,0
BRDA:143,27,0,0
BRDA:143,27,1,0
BRDA:144,28,0,0
BRDA:144,28,1,0
BRDA:145,29,0,0
BRDA:145,29,1,0
BRDA:147,30,0,0
BRDA:147,30,1,0
BRDA:160,31,0,0
BRDA:160,31,1,0
BRDA:173,32,0,0
BRDA:173,32,1,0
BRDA:173,32,2,0
BRDA:174,33,0,0
BRDA:174,33,1,0
BRDA:175,34,0,0
BRDA:175,34,1,0
BRDA:183,35,0,0
BRDA:183,35,1,0
BRDA:198,36,0,0
BRDA:198,36,1,0
BRDA:200,37,0,0
BRDA:200,37,1,0
BRDA:210,38,0,0
BRDA:210,38,1,0
BRDA:221,39,0,0
BRDA:221,39,1,0
BRDA:221,39,2,0
BRDA:222,40,0,0
BRDA:222,40,1,0
BRDA:224,41,0,0
BRDA:224,41,1,0
BRDA:224,42,0,0
BRDA:224,42,1,0
BRDA:225,43,0,0
BRDA:225,43,1,0
BRDA:225,44,0,0
BRDA:225,44,1,0
BRDA:226,45,0,0
BRDA:226,45,1,0
BRDA:230,46,0,0
BRDA:230,46,1,0
BRDA:231,47,0,0
BRDA:231,47,1,0
BRDA:231,48,0,0
BRDA:231,48,1,0
BRDA:244,49,0,0
BRDA:244,49,1,0
BRDA:262,50,0,0
BRDA:262,50,1,0
BRDA:278,51,0,0
BRDA:278,51,1,0
BRDA:280,52,0,0
BRDA:280,52,1,0
BRDA:306,53,0,0
BRDA:306,53,1,0
BRDA:369,54,0,0
BRDA:369,54,1,0
BRDA:378,55,0,0
BRDA:378,55,1,0
BRDA:404,56,0,0
BRDA:404,56,1,0
BRDA:404,57,0,0
BRDA:404,57,1,0
BRDA:421,58,0,0
BRDA:421,58,1,0
BRDA:423,59,0,0
BRDA:423,59,1,0
BRDA:430,60,0,0
BRDA:430,60,1,0
BRDA:436,61,0,0
BRDA:436,61,1,0
BRDA:439,62,0,0
BRDA:439,62,1,0
BRDA:447,63,0,0
BRDA:447,63,1,0
BRDA:451,64,0,0
BRDA:451,64,1,0
BRDA:454,65,0,0
BRDA:454,65,1,0
BRDA:529,66,0,0
BRDA:529,66,1,0
BRF:137
BRH:0
end_of_record
TN:
SF:src\components\CertificationSection.jsx
FN:9,PDFViewer
FN:14,(anonymous_1)
FN:18,(anonymous_2)
FN:22,(anonymous_3)
FN:29,(anonymous_4)
FN:36,(anonymous_5)
FN:98,formatDate
FN:107,CertificationSection
FN:113,loadCertifications
FN:124,deleteCert
FN:132,(anonymous_10)
FN:137,(anonymous_11)
FN:140,(anonymous_12)
FN:149,(anonymous_13)
FN:159,(anonymous_14)
FN:168,(anonymous_15)
FN:169,(anonymous_16)
FN:184,(anonymous_17)
FN:189,(anonymous_18)
FN:192,(anonymous_19)
FN:208,(anonymous_20)
FN:224,(anonymous_21)
FN:235,(anonymous_22)
FN:239,(anonymous_23)
FN:247,(anonymous_24)
FN:291,(anonymous_25)
FN:366,(anonymous_26)
FN:366,(anonymous_27)
FN:368,(anonymous_28)
FN:455,(anonymous_29)
FN:472,(anonymous_30)
FNF:31
FNH:0
FNDA:0,PDFViewer
FNDA:0,(anonymous_1)
FNDA:0,(anonymous_2)
FNDA:0,(anonymous_3)
FNDA:0,(anonymous_4)
FNDA:0,(anonymous_5)
FNDA:0,formatDate
FNDA:0,CertificationSection
FNDA:0,loadCertifications
FNDA:0,deleteCert
FNDA:0,(anonymous_10)
FNDA:0,(anonymous_11)
FNDA:0,(anonymous_12)
FNDA:0,(anonymous_13)
FNDA:0,(anonymous_14)
FNDA:0,(anonymous_15)
FNDA:0,(anonymous_16)
FNDA:0,(anonymous_17)
FNDA:0,(anonymous_18)
FNDA:0,(anonymous_19)
FNDA:0,(anonymous_20)
FNDA:0,(anonymous_21)
FNDA:0,(anonymous_22)
FNDA:0,(anonymous_23)
FNDA:0,(anonymous_24)
FNDA:0,(anonymous_25)
FNDA:0,(anonymous_26)
FNDA:0,(anonymous_27)
FNDA:0,(anonymous_28)
FNDA:0,(anonymous_29)
FNDA:0,(anonymous_30)
DA:6,0
DA:10,0
DA:11,0
DA:12,0
DA:14,0
DA:15,0
DA:17,0
DA:19,0
DA:20,0
DA:23,0
DA:24,0
DA:25,0
DA:26,0
DA:30,0
DA:31,0
DA:32,0
DA:36,0
DA:37,0
DA:38,0
DA:42,0
DA:43,0
DA:60,0
DA:61,0
DA:83,0
DA:99,0
DA:100,0
DA:108,0
DA:109,0
DA:110,0
DA:111,0
DA:114,0
DA:115,0
DA:118,0
DA:120,0
DA:125,0
DA:126,0
DA:129,0
DA:132,0
DA:133,0
DA:137,0
DA:140,0
DA:142,0
DA:144,0
DA:145,0
DA:149,0
DA:150,0
DA:151,0
DA:152,0
DA:153,0
DA:156,0
DA:159,0
DA:168,0
DA:170,0
DA:171,0
DA:184,0
DA:189,0
DA:193,0
DA:209,0
DA:225,0
DA:236,0
DA:237,0
DA:240,0
DA:241,0
DA:248,0
DA:249,0
DA:250,0
DA:252,0
DA:253,0
DA:280,0
DA:292,0
DA:366,0
DA:367,0
DA:368,0
DA:455,0
DA:472,0
LF:75
LH:0
BRDA:19,0,0,0
BRDA:19,0,1,0
BRDA:23,1,0,0
BRDA:23,1,1,0
BRDA:30,2,0,0
BRDA:30,2,1,0
BRDA:38,3,0,0
BRDA:38,3,1,0
BRDA:42,4,0,0
BRDA:42,4,1,0
BRDA:60,5,0,0
BRDA:60,5,1,0
BRDA:60,6,0,0
BRDA:60,6,1,0
BRDA:99,7,0,0
BRDA:99,7,1,0
BRDA:118,8,0,0
BRDA:118,8,1,0
BRDA:125,9,0,0
BRDA:125,9,1,0
BRDA:133,10,0,0
BRDA:133,10,1,0
BRDA:142,11,0,0
BRDA:142,11,1,0
BRDA:144,12,0,0
BRDA:144,12,1,0
BRDA:145,13,0,0
BRDA:145,13,1,0
BRDA:150,14,0,0
BRDA:150,14,1,0
BRDA:151,15,0,0
BRDA:151,15,1,0
BRDA:158,16,0,0
BRDA:158,16,1,0
BRDA:164,17,0,0
BRDA:164,17,1,0
BRDA:176,18,0,0
BRDA:176,18,1,0
BRDA:176,18,2,0
BRDA:202,19,0,0
BRDA:202,19,1,0
BRDA:204,20,0,0
BRDA:204,20,1,0
BRDA:245,21,0,0
BRDA:245,21,1,0
BRDA:245,21,2,0
BRDA:248,22,0,0
BRDA:248,22,1,0
BRDA:252,23,0,0
BRDA:252,23,1,0
BRDA:319,24,0,0
BRDA:319,24,1,0
BRDA:319,24,2,0
BRDA:324,25,0,0
BRDA:324,25,1,0
BRDA:330,26,0,0
BRDA:330,26,1,0
BRDA:337,27,0,0
BRDA:337,27,1,0
BRDA:337,27,2,0
BRDA:347,28,0,0
BRDA:347,28,1,0
BRDA:352,29,0,0
BRDA:352,29,1,0
BRDA:357,30,0,0
BRDA:357,30,1,0
BRDA:360,31,0,0
BRDA:360,31,1,0
BRDA:369,32,0,0
BRDA:369,32,1,0
BRDA:377,33,0,0
BRDA:377,33,1,0
BRDA:391,34,0,0
BRDA:391,34,1,0
BRDA:403,35,0,0
BRDA:403,35,1,0
BRDA:424,36,0,0
BRDA:424,36,1,0
BRDA:436,37,0,0
BRDA:436,37,1,0
BRF:80
BRH:0
end_of_record
TN:
SF:src\components\CompanyDetailsModal.jsx
FN:5,CompanyDetailsModal
FN:12,fetchCompany
FN:42,(anonymous_2)
FN:47,saveEdits
FN:72,handleLogoUpload
FN:93,(anonymous_5)
FN:122,(anonymous_6)
FN:195,(anonymous_7)
FN:211,(anonymous_8)
FN:215,(anonymous_9)
FN:218,(anonymous_10)
FN:230,(anonymous_11)
FNF:12
FNH:0
FNDA:0,CompanyDetailsModal
FNDA:0,fetchCompany
FNDA:0,(anonymous_2)
FNDA:0,saveEdits
FNDA:0,handleLogoUpload
FNDA:0,(anonymous_5)
FNDA:0,(anonymous_6)
FNDA:0,(anonymous_7)
FNDA:0,(anonymous_8)
FNDA:0,(anonymous_9)
FNDA:0,(anonymous_10)
FNDA:0,(anonymous_11)
DA:6,0
DA:7,0
DA:8,0
DA:9,0
DA:13,0
DA:14,0
DA:18,0
DA:19,0
DA:32,0
DA:34,0
DA:35,0
DA:36,0
DA:38,0
DA:42,0
DA:43,0
DA:48,0
DA:49,0
DA:60,0
DA:61,0
DA:62,0
DA:63,0
DA:64,0
DA:65,0
DA:67,0
DA:73,0
DA:74,0
DA:75,0
DA:77,0
DA:78,0
DA:80,0
DA:81,0
DA:89,0
DA:90,0
DA:91,0
DA:93,0
DA:98,0
DA:99,0
DA:100,0
DA:102,0
DA:106,0
DA:107,0
DA:115,0
DA:120,0
DA:122,0
DA:195,0
DA:212,0
DA:215,0
DA:219,0
DA:230,0
LF:49
LH:0
BRDA:18,0,0,0
BRDA:18,0,1,0
BRDA:60,1,0,0
BRDA:60,1,1,0
BRDA:63,2,0,0
BRDA:63,2,1,0
BRDA:74,3,0,0
BRDA:74,3,1,0
BRDA:90,4,0,0
BRDA:90,4,1,0
BRDA:95,5,0,0
BRDA:95,5,1,0
BRDA:100,6,0,0
BRDA:100,6,1,0
BRDA:106,7,0,0
BRDA:106,7,1,0
BRDA:115,8,0,0
BRDA:115,8,1,0
BRDA:116,9,0,0
BRDA:116,9,1,0
BRDA:149,10,0,0
BRDA:149,10,1,0
BRDA:152,11,0,0
BRDA:152,11,1,0
BRDA:155,12,0,0
BRDA:155,12,1,0
BRDA:158,13,0,0
BRDA:158,13,1,0
BRDA:162,14,0,0
BRDA:162,14,1,0
BRDA:165,15,0,0
BRDA:165,15,1,0
BRDA:182,16,0,0
BRDA:182,16,1,0
BRDA:185,17,0,0
BRDA:185,17,1,0
BRDA:189,18,0,0
BRDA:189,18,1,0
BRDA:192,19,0,0
BRDA:192,19,1,0
BRDA:193,20,0,0
BRDA:193,20,1,0
BRDA:217,21,0,0
BRDA:217,21,1,0
BRF:44
BRH:0
end_of_record
TN:
SF:src\components\CompanyResearchCard.jsx
FN:6,CompanyResearchCard
FN:44,(anonymous_1)
FN:90,(anonymous_2)
FN:108,(anonymous_3)
FN:147,(anonymous_4)
FN:157,(anonymous_5)
FN:164,(anonymous_6)
FN:178,(anonymous_7)
FN:197,(anonymous_8)
FNF:9
FNH:0
FNDA:0,CompanyResearchCard
FNDA:0,(anonymous_1)
FNDA:0,(anonymous_2)
FNDA:0,(anonymous_3)
FNDA:0,(anonymous_4)
FNDA:0,(anonymous_5)
FNDA:0,(anonymous_6)
FNDA:0,(anonymous_7)
FNDA:0,(anonymous_8)
DA:7,0
DA:9,0
DA:10,0
DA:11,0
DA:28,0
DA:41,0
DA:44,0
DA:45,0
DA:46,0
DA:47,0
DA:58,0
DA:61,0
DA:62,0
DA:63,0
DA:64,0
DA:65,0
DA:66,0
DA:69,0
DA:70,0
DA:71,0
DA:72,0
DA:74,0
DA:75,0
DA:77,0
DA:81,0
DA:90,0
DA:108,0
DA:148,0
DA:157,0
DA:164,0
DA:179,0
DA:198,0
LF:32
LH:0
BRDA:9,0,0,0
BRDA:9,0,1,0
BRDA:10,1,0,0
BRDA:10,1,1,0
BRDA:19,2,0,0
BRDA:19,2,1,0
BRDA:28,3,0,0
BRDA:28,3,1,0
BRDA:59,4,0,0
BRDA:59,4,1,0
BRDA:65,5,0,0
BRDA:65,5,1,0
BRDA:65,5,2,0
BRDA:67,6,0,0
BRDA:67,6,1,0
BRDA:99,7,0,0
BRDA:99,7,1,0
BRDA:104,8,0,0
BRDA:104,8,1,0
BRDA:117,9,0,0
BRDA:117,9,1,0
BRDA:122,10,0,0
BRDA:122,10,1,0
BRDA:130,11,0,0
BRDA:130,11,1,0
BRDA:131,12,0,0
BRDA:131,12,1,0
BRDA:132,13,0,0
BRDA:132,13,1,0
BRDA:138,14,0,0
BRDA:138,14,1,0
BRDA:139,15,0,0
BRDA:139,15,1,0
BRDA:140,16,0,0
BRDA:140,16,1,0
BRDA:140,17,0,0
BRDA:140,17,1,0
BRDA:145,18,0,0
BRDA:145,18,1,0
BRDA:156,19,0,0
BRDA:156,19,1,0
BRDA:163,20,0,0
BRDA:163,20,1,0
BRDA:169,21,0,0
BRDA:169,21,1,0
BRDA:176,22,0,0
BRDA:176,22,1,0
BRDA:195,23,0,0
BRDA:195,23,1,0
BRDA:214,24,0,0
BRDA:214,24,1,0
BRDA:215,25,0,0
BRDA:215,25,1,0
BRDA:216,26,0,0
BRDA:216,26,1,0
BRDA:217,27,0,0
BRDA:217,27,1,0
BRDA:223,28,0,0
BRDA:223,28,1,0
BRF:59
BRH:0
end_of_record
TN:
SF:src\components\CompensationAnalysis.jsx
FN:11,CompensationAnalysis
FN:19,(anonymous_1)
FN:20,loadData
FN:39,(anonymous_3)
FN:75,(anonymous_4)
FN:78,(anonymous_5)
FN:84,(anonymous_6)
FN:132,(anonymous_7)
FN:134,(anonymous_8)
FN:152,(anonymous_9)
FN:155,(anonymous_10)
FN:208,(anonymous_11)
FN:210,(anonymous_12)
FN:213,(anonymous_13)
FN:214,(anonymous_14)
FN:248,(anonymous_15)
FN:263,(anonymous_16)
FN:289,(anonymous_17)
FN:302,(anonymous_18)
FN:303,(anonymous_19)
FN:337,(anonymous_20)
FN:348,SummaryCard
FN:358,ChartCard
FNF:23
FNH:0
FNDA:0,CompensationAnalysis
FNDA:0,(anonymous_1)
FNDA:0,loadData
FNDA:0,(anonymous_3)
FNDA:0,(anonymous_4)
FNDA:0,(anonymous_5)
FNDA:0,(anonymous_6)
FNDA:0,(anonymous_7)
FNDA:0,(anonymous_8)
FNDA:0,(anonymous_9)
FNDA:0,(anonymous_10)
FNDA:0,(anonymous_11)
FNDA:0,(anonymous_12)
FNDA:0,(anonymous_13)
FNDA:0,(anonymous_14)
FNDA:0,(anonymous_15)
FNDA:0,(anonymous_16)
FNDA:0,(anonymous_17)
FNDA:0,(anonymous_18)
FNDA:0,(anonymous_19)
FNDA:0,(anonymous_20)
FNDA:0,SummaryCard
FNDA:0,ChartCard
DA:9,0
DA:12,0
DA:13,0
DA:14,0
DA:15,0
DA:16,0
DA:17,0
DA:19,0
DA:21,0
DA:22,0
DA:23,0
DA:27,0
DA:28,0
DA:30,0
DA:31,0
DA:33,0
DA:36,0
DA:39,0
DA:40,0
DA:41,0
DA:42,0
DA:43,0
DA:45,0
DA:49,0
DA:50,0
DA:58,0
DA:59,0
DA:66,0
DA:68,0
DA:71,0
DA:75,0
DA:77,0
DA:78,0
DA:84,0
DA:86,0
DA:132,0
DA:135,0
DA:152,0
DA:155,0
DA:208,0
DA:210,0
DA:213,0
DA:214,0
DA:248,0
DA:264,0
DA:289,0
DA:302,0
DA:303,0
DA:337,0
DA:349,0
DA:359,0
DA:371,0
DA:578,0
DA:579,0
DA:584,0
LF:55
LH:0
BRDA:28,0,0,0
BRDA:28,0,1,0
BRDA:49,1,0,0
BRDA:49,1,1,0
BRDA:58,2,0,0
BRDA:58,2,1,0
BRDA:66,3,0,0
BRDA:66,3,1,0
BRDA:77,4,0,0
BRDA:77,4,1,0
BRDA:106,5,0,0
BRDA:106,5,1,0
BRDA:119,6,0,0
BRDA:119,6,1,0
BRDA:146,7,0,0
BRDA:146,7,1,0
BRDA:166,8,0,0
BRDA:166,8,1,0
BRDA:166,8,2,0
BRDA:199,9,0,0
BRDA:199,9,1,0
BRDA:199,9,2,0
BRDA:239,10,0,0
BRDA:239,10,1,0
BRDA:239,10,2,0
BRDA:259,11,0,0
BRDA:259,11,1,0
BRDA:272,12,0,0
BRDA:272,12,1,0
BRDA:273,13,0,0
BRDA:273,13,1,0
BRDA:274,14,0,0
BRDA:274,14,1,0
BRDA:282,15,0,0
BRDA:282,15,1,0
BRDA:301,16,0,0
BRDA:301,16,1,0
BRDA:301,16,2,0
BRDA:305,17,0,0
BRDA:305,17,1,0
BRDA:316,18,0,0
BRDA:316,18,1,0
BRDA:323,19,0,0
BRDA:323,19,1,0
BRDA:326,20,0,0
BRDA:326,20,1,0
BRDA:327,21,0,0
BRDA:327,21,1,0
BRDA:328,22,0,0
BRDA:328,22,1,0
BRF:50
BRH:0
end_of_record
TN:
SF:src\components\CompetitiveAnalysis.jsx
FN:78,SectionIcon
FN:82,ChartCard
FN:94,KPICard
FN:139,MarketPositionGauge
FN:140,(anonymous_4)
FN:147,(anonymous_5)
FN:194,RecommendationCard
FN:234,SkillGapCard
FN:253,DifferentiationCard
FN:285,PercentileBar
FN:286,(anonymous_10)
FN:321,(anonymous_11)
FN:326,(anonymous_12)
FN:327,(anonymous_13)
FN:524,(anonymous_14)
FN:571,(anonymous_15)
FN:584,(anonymous_16)
FN:593,(anonymous_17)
FNF:18
FNH:0
FNDA:0,SectionIcon
FNDA:0,ChartCard
FNDA:0,KPICard
FNDA:0,MarketPositionGauge
FNDA:0,(anonymous_4)
FNDA:0,(anonymous_5)
FNDA:0,RecommendationCard
FNDA:0,SkillGapCard
FNDA:0,DifferentiationCard
FNDA:0,PercentileBar
FNDA:0,(anonymous_10)
FNDA:0,(anonymous_11)
FNDA:0,(anonymous_12)
FNDA:0,(anonymous_13)
FNDA:0,(anonymous_14)
FNDA:0,(anonymous_15)
FNDA:0,(anonymous_16)
FNDA:0,(anonymous_17)
DA:35,0
DA:75,0
DA:79,0
DA:83,0
DA:95,0
DA:140,0
DA:141,0
DA:142,0
DA:143,0
DA:144,0
DA:147,0
DA:148,0
DA:149,0
DA:150,0
DA:151,0
DA:154,0
DA:156,0
DA:195,0
DA:200,0
DA:202,0
DA:235,0
DA:254,0
DA:286,0
DA:287,0
DA:288,0
DA:289,0
DA:290,0
DA:293,0
DA:321,0
DA:322,0
DA:323,0
DA:324,0
DA:326,0
DA:327,0
DA:328,0
DA:329,0
DA:330,0
DA:332,0
DA:333,0
DA:335,0
DA:338,0
DA:341,0
DA:342,0
DA:350,0
DA:351,0
DA:358,0
DA:359,0
DA:377,0
DA:380,0
DA:413,0
DA:525,0
DA:572,0
DA:585,0
DA:594,0
LF:54
LH:0
BRDA:94,0,0,0
BRDA:112,1,0,0
BRDA:112,1,1,0
BRDA:117,2,0,0
BRDA:117,2,1,0
BRDA:123,3,0,0
BRDA:123,3,1,0
BRDA:124,4,0,0
BRDA:124,4,1,0
BRDA:131,5,0,0
BRDA:131,5,1,0
BRDA:141,6,0,0
BRDA:141,6,1,0
BRDA:142,7,0,0
BRDA:142,7,1,0
BRDA:143,8,0,0
BRDA:143,8,1,0
BRDA:148,9,0,0
BRDA:148,9,1,0
BRDA:149,10,0,0
BRDA:149,10,1,0
BRDA:150,11,0,0
BRDA:150,11,1,0
BRDA:200,12,0,0
BRDA:200,12,1,0
BRDA:287,13,0,0
BRDA:287,13,1,0
BRDA:288,14,0,0
BRDA:288,14,1,0
BRDA:289,15,0,0
BRDA:289,15,1,0
BRDA:341,16,0,0
BRDA:341,16,1,0
BRDA:350,17,0,0
BRDA:350,17,1,0
BRDA:358,18,0,0
BRDA:358,18,1,0
BRDA:367,19,0,0
BRDA:368,20,0,0
BRDA:369,21,0,0
BRDA:370,22,0,0
BRDA:371,23,0,0
BRDA:372,24,0,0
BRDA:373,25,0,0
BRDA:374,26,0,0
BRDA:375,27,0,0
BRDA:376,28,0,0
BRDA:383,29,0,0
BRDA:383,29,1,0
BRDA:384,30,0,0
BRDA:384,30,1,0
BRDA:385,31,0,0
BRDA:385,31,1,0
BRDA:389,32,0,0
BRDA:389,32,1,0
BRDA:390,33,0,0
BRDA:390,33,1,0
BRDA:391,34,0,0
BRDA:391,34,1,0
BRDA:395,35,0,0
BRDA:395,35,1,0
BRDA:396,36,0,0
BRDA:396,36,1,0
BRDA:397,37,0,0
BRDA:397,37,1,0
BRDA:401,38,0,0
BRDA:401,38,1,0
BRDA:402,39,0,0
BRDA:402,39,1,0
BRDA:403,40,0,0
BRDA:403,40,1,0
BRDA:407,41,0,0
BRDA:407,41,1,0
BRDA:408,42,0,0
BRDA:408,42,1,0
BRDA:409,43,0,0
BRDA:409,43,1,0
BRDA:419,44,0,0
BRDA:419,44,1,0
BRDA:420,45,0,0
BRDA:420,45,1,0
BRDA:424,46,0,0
BRDA:424,46,1,0
BRDA:433,47,0,0
BRDA:433,47,1,0
BRDA:434,48,0,0
BRDA:434,48,1,0
BRDA:437,49,0,0
BRDA:437,49,1,0
BRDA:441,50,0,0
BRDA:441,50,1,0
BRDA:442,51,0,0
BRDA:442,51,1,0
BRDA:445,52,0,0
BRDA:445,52,1,0
BRDA:451,53,0,0
BRDA:451,53,1,0
BRDA:452,54,0,0
BRDA:452,54,1,0
BRDA:458,55,0,0
BRDA:458,55,1,0
BRDA:459,56,0,0
BRDA:459,56,1,0
BRDA:537,57,0,0
BRDA:537,57,1,0
BRDA:537,58,0,0
BRDA:537,58,1,0
BRDA:543,59,0,0
BRDA:543,59,1,0
BRDA:549,60,0,0
BRDA:549,60,1,0
BRDA:549,61,0,0
BRDA:549,61,1,0
BRDA:549,62,0,0
BRDA:549,62,1,0
BRDA:552,63,0,0
BRDA:552,63,1,0
BRDA:558,64,0,0
BRDA:558,64,1,0
BRDA:565,65,0,0
BRDA:565,65,1,0
BRDA:579,66,0,0
BRDA:579,66,1,0
BRDA:592,67,0,0
BRDA:592,67,1,0
BRF:125
BRH:0
end_of_record
TN:
SF:src\components\ComprehensiveCompensationAnalysis.jsx
FN:41,TabPanel
FN:50,KPICard
FN:71,RecommendationCard
FN:80,(anonymous_3)
FN:91,(anonymous_4)
FN:134,ComprehensiveCompensationAnalysis
FN:160,(anonymous_6)
FN:201,(anonymous_7)
FN:218,(anonymous_8)
FN:225,(anonymous_9)
FN:229,(anonymous_10)
FN:251,(anonymous_11)
FN:299,(anonymous_12)
FN:327,(anonymous_13)
FN:389,(anonymous_14)
FN:394,(anonymous_15)
FN:401,(anonymous_16)
FN:406,(anonymous_17)
FN:415,(anonymous_18)
FN:471,(anonymous_19)
FN:490,(anonymous_20)
FN:504,(anonymous_21)
FN:544,(anonymous_22)
FN:641,(anonymous_23)
FN:655,(anonymous_24)
FN:658,(anonymous_25)
FN:662,(anonymous_26)
FN:665,(anonymous_27)
FN:684,(anonymous_28)
FN:685,(anonymous_29)
FN:703,(anonymous_30)
FN:717,(anonymous_31)
FN:792,(anonymous_32)
FN:798,(anonymous_33)
FN:802,(anonymous_34)
FN:806,(anonymous_35)
FN:807,(anonymous_36)
FN:810,(anonymous_37)
FN:819,(anonymous_38)
FN:838,(anonymous_39)
FN:851,(anonymous_40)
FN:902,(anonymous_41)
FN:908,(anonymous_42)
FN:914,(anonymous_43)
FN:920,(anonymous_44)
FN:926,(anonymous_45)
FN:932,(anonymous_46)
FN:938,(anonymous_47)
FN:944,(anonymous_48)
FN:988,(anonymous_49)
FN:991,(anonymous_50)
FN:1028,(anonymous_51)
FN:1033,(anonymous_52)
FN:1034,(anonymous_53)
FN:1046,(anonymous_54)
FN:1047,(anonymous_55)
FN:1048,(anonymous_56)
FN:1072,(anonymous_57)
FN:1073,(anonymous_58)
FN:1119,(anonymous_59)
FN:1176,(anonymous_60)
FN:1190,(anonymous_61)
FN:1191,(anonymous_62)
FN:1199,(anonymous_63)
FN:1286,(anonymous_64)
FN:1288,(anonymous_65)
FN:1369,(anonymous_66)
FN:1375,(anonymous_67)
FN:1474,(anonymous_68)
FN:1573,(anonymous_69)
FN:1615,(anonymous_70)
FN:1759,(anonymous_71)
FN:1848,(anonymous_72)
FN:1853,(anonymous_73)
FN:1858,(anonymous_74)
FN:1896,(anonymous_75)
FN:1947,(anonymous_76)
FN:2019,(anonymous_77)
FN:2043,(anonymous_78)
FN:2046,(anonymous_79)
FN:2050,(anonymous_80)
FN:2052,(anonymous_81)
FN:2053,(anonymous_82)
FN:2073,(anonymous_83)
FN:2113,(anonymous_84)
FN:2116,(anonymous_85)
FN:2118,(anonymous_86)
FN:2119,(anonymous_87)
FN:2157,(anonymous_88)
FN:2214,(anonymous_89)
FN:2273,(anonymous_90)
FN:2312,(anonymous_91)
FN:2340,(anonymous_92)
FN:2451,(anonymous_93)
FN:2483,(anonymous_94)
FN:2491,(anonymous_95)
FN:2530,(anonymous_96)
FN:2613,(anonymous_97)
FN:2665,(anonymous_98)
FN:2679,(anonymous_99)
FN:2681,(anonymous_100)
FN:2707,(anonymous_101)
FN:2720,(anonymous_102)
FN:2729,(anonymous_103)
FN:2739,(anonymous_104)
FN:2761,(anonymous_105)
FN:2772,(anonymous_106)
FN:2782,(anonymous_107)
FN:2792,(anonymous_108)
FN:2802,(anonymous_109)
FN:2812,(anonymous_110)
FN:2822,(anonymous_111)
FN:2831,(anonymous_112)
FN:2845,(anonymous_113)
FNF:114
FNH:0
FNDA:0,TabPanel
FNDA:0,KPICard
FNDA:0,RecommendationCard
FNDA:0,(anonymous_3)
FNDA:0,(anonymous_4)
FNDA:0,ComprehensiveCompensationAnalysis
FNDA:0,(anonymous_6)
FNDA:0,(anonymous_7)
FNDA:0,(anonymous_8)
FNDA:0,(anonymous_9)
FNDA:0,(anonymous_10)
FNDA:0,(anonymous_11)
FNDA:0,(anonymous_12)
FNDA:0,(anonymous_13)
FNDA:0,(anonymous_14)
FNDA:0,(anonymous_15)
FNDA:0,(anonymous_16)
FNDA:0,(anonymous_17)
FNDA:0,(anonymous_18)
FNDA:0,(anonymous_19)
FNDA:0,(anonymous_20)
FNDA:0,(anonymous_21)
FNDA:0,(anonymous_22)
FNDA:0,(anonymous_23)
FNDA:0,(anonymous_24)
FNDA:0,(anonymous_25)
FNDA:0,(anonymous_26)
FNDA:0,(anonymous_27)
FNDA:0,(anonymous_28)
FNDA:0,(anonymous_29)
FNDA:0,(anonymous_30)
FNDA:0,(anonymous_31)
FNDA:0,(anonymous_32)
FNDA:0,(anonymous_33)
FNDA:0,(anonymous_34)
FNDA:0,(anonymous_35)
FNDA:0,(anonymous_36)
FNDA:0,(anonymous_37)
FNDA:0,(anonymous_38)
FNDA:0,(anonymous_39)
FNDA:0,(anonymous_40)
FNDA:0,(anonymous_41)
FNDA:0,(anonymous_42)
FNDA:0,(anonymous_43)
FNDA:0,(anonymous_44)
FNDA:0,(anonymous_45)
FNDA:0,(anonymous_46)
FNDA:0,(anonymous_47)
FNDA:0,(anonymous_48)
FNDA:0,(anonymous_49)
FNDA:0,(anonymous_50)
FNDA:0,(anonymous_51)
FNDA:0,(anonymous_52)
FNDA:0,(anonymous_53)
FNDA:0,(anonymous_54)
FNDA:0,(anonymous_55)
FNDA:0,(anonymous_56)
FNDA:0,(anonymous_57)
FNDA:0,(anonymous_58)
FNDA:0,(anonymous_59)
FNDA:0,(anonymous_60)
FNDA:0,(anonymous_61)
FNDA:0,(anonymous_62)
FNDA:0,(anonymous_63)
FNDA:0,(anonymous_64)
FNDA:0,(anonymous_65)
FNDA:0,(anonymous_66)
FNDA:0,(anonymous_67)
FNDA:0,(anonymous_68)
FNDA:0,(anonymous_69)
FNDA:0,(anonymous_70)
FNDA:0,(anonymous_71)
FNDA:0,(anonymous_72)
FNDA:0,(anonymous_73)
FNDA:0,(anonymous_74)
FNDA:0,(anonymous_75)
FNDA:0,(anonymous_76)
FNDA:0,(anonymous_77)
FNDA:0,(anonymous_78)
FNDA:0,(anonymous_79)
FNDA:0,(anonymous_80)
FNDA:0,(anonymous_81)
FNDA:0,(anonymous_82)
FNDA:0,(anonymous_83)
FNDA:0,(anonymous_84)
FNDA:0,(anonymous_85)
FNDA:0,(anonymous_86)
FNDA:0,(anonymous_87)
FNDA:0,(anonymous_88)
FNDA:0,(anonymous_89)
FNDA:0,(anonymous_90)
FNDA:0,(anonymous_91)
FNDA:0,(anonymous_92)
FNDA:0,(anonymous_93)
FNDA:0,(anonymous_94)
FNDA:0,(anonymous_95)
FNDA:0,(anonymous_96)
FNDA:0,(anonymous_97)
FNDA:0,(anonymous_98)
FNDA:0,(anonymous_99)
FNDA:0,(anonymous_100)
FNDA:0,(anonymous_101)
FNDA:0,(anonymous_102)
FNDA:0,(anonymous_103)
FNDA:0,(anonymous_104)
FNDA:0,(anonymous_105)
FNDA:0,(anonymous_106)
FNDA:0,(anonymous_107)
FNDA:0,(anonymous_108)
FNDA:0,(anonymous_109)
FNDA:0,(anonymous_110)
FNDA:0,(anonymous_111)
FNDA:0,(anonymous_112)
FNDA:0,(anonymous_113)
DA:38,0
DA:42,0
DA:51,0
DA:72,0
DA:80,0
DA:81,0
DA:82,0
DA:83,0
DA:84,0
DA:85,0
DA:86,0
DA:91,0
DA:93,0
DA:96,0
DA:135,0
DA:136,0
DA:137,0
DA:138,0
DA:139,0
DA:140,0
DA:141,0
DA:142,0
DA:143,0
DA:144,0
DA:145,0
DA:146,0
DA:160,0
DA:161,0
DA:162,0
DA:163,0
DA:164,0
DA:165,0
DA:166,0
DA:175,0
DA:176,0
DA:179,0
DA:182,0
DA:183,0
DA:184,0
DA:186,0
DA:188,0
DA:192,0
DA:193,0
DA:194,0
DA:195,0
DA:197,0
DA:201,0
DA:202,0
DA:203,0
DA:204,0
DA:207,0
DA:208,0
DA:210,0
DA:211,0
DA:212,0
DA:213,0
DA:218,0
DA:219,0
DA:225,0
DA:226,0
DA:230,0
DA:231,0
DA:232,0
DA:233,0
DA:234,0
DA:241,0
DA:242,0
DA:243,0
DA:244,0
DA:245,0
DA:246,0
DA:247,0
DA:248,0
DA:249,0
DA:250,0
DA:251,0
DA:252,0
DA:254,0
DA:255,0
DA:257,0
DA:259,0
DA:260,0
DA:261,0
DA:264,0
DA:266,0
DA:268,0
DA:269,0
DA:270,0
DA:271,0
DA:274,0
DA:275,0
DA:276,0
DA:278,0
DA:280,0
DA:281,0
DA:283,0
DA:284,0
DA:285,0
DA:286,0
DA:288,0
DA:289,0
DA:292,0
DA:293,0
DA:294,0
DA:298,0
DA:299,0
DA:302,0
DA:303,0
DA:304,0
DA:309,0
DA:312,0
DA:313,0
DA:314,0
DA:315,0
DA:316,0
DA:318,0
DA:319,0
DA:320,0
DA:321,0
DA:323,0
DA:325,0
DA:326,0
DA:327,0
DA:328,0
DA:330,0
DA:331,0
DA:333,0
DA:336,0
DA:337,0
DA:338,0
DA:339,0
DA:343,0
DA:345,0
DA:346,0
DA:347,0
DA:348,0
DA:349,0
DA:350,0
DA:351,0
DA:354,0
DA:356,0
DA:359,0
DA:360,0
DA:365,0
DA:366,0
DA:377,0
DA:384,0
DA:385,0
DA:389,0
DA:390,0
DA:391,0
DA:394,0
DA:395,0
DA:396,0
DA:399,0
DA:401,0
DA:402,0
DA:406,0
DA:407,0
DA:408,0
DA:409,0
DA:411,0
DA:415,0
DA:416,0
DA:417,0
DA:420,0
DA:421,0
DA:422,0
DA:423,0
DA:427,0
DA:441,0
DA:444,0
DA:457,0
DA:460,0
DA:462,0
DA:464,0
DA:465,0
DA:467,0
DA:471,0
DA:472,0
DA:473,0
DA:474,0
DA:477,0
DA:478,0
DA:479,0
DA:480,0
DA:481,0
DA:483,0
DA:484,0
DA:486,0
DA:490,0
DA:491,0
DA:492,0
DA:493,0
DA:495,0
DA:496,0
DA:497,0
DA:498,0
DA:500,0
DA:501,0
DA:502,0
DA:503,0
DA:504,0
DA:505,0
DA:507,0
DA:509,0
DA:511,0
DA:514,0
DA:515,0
DA:516,0
DA:517,0
DA:521,0
DA:522,0
DA:529,0
DA:530,0
DA:537,0
DA:538,0
DA:544,0
DA:558,0
DA:559,0
DA:613,0
DA:614,0
DA:617,0
DA:633,0
DA:634,0
DA:641,0
DA:651,0
DA:655,0
DA:657,0
DA:658,0
DA:662,0
DA:665,0
DA:668,0
DA:683,0
DA:684,0
DA:686,0
DA:687,0
DA:690,0
DA:691,0
DA:692,0
DA:693,0
DA:696,0
DA:705,0
DA:706,0
DA:709,0
DA:717,0
DA:719,0
DA:720,0
DA:721,0
DA:744,0
DA:748,0
DA:749,0
DA:750,0
DA:757,0
DA:761,0
DA:762,0
DA:763,0
DA:769,0
DA:773,0
DA:774,0
DA:775,0
DA:788,0
DA:792,0
DA:793,0
DA:797,0
DA:798,0
DA:802,0
DA:806,0
DA:807,0
DA:810,0
DA:818,0
DA:821,0
DA:823,0
DA:824,0
DA:825,0
DA:827,0
DA:828,0
DA:831,0
DA:838,0
DA:840,0
DA:852,0
DA:853,0
DA:854,0
DA:856,0
DA:902,0
DA:908,0
DA:914,0
DA:920,0
DA:926,0
DA:932,0
DA:938,0
DA:944,0
DA:988,0
DA:991,0
DA:1029,0
DA:1034,0
DA:1035,0
DA:1036,0
DA:1047,0
DA:1048,0
DA:1049,0
DA:1050,0
DA:1072,0
DA:1073,0
DA:1120,0
DA:1123,0
DA:1176,0
DA:1190,0
DA:1193,0
DA:1194,0
DA:1196,0
DA:1200,0
DA:1286,0
DA:1289,0
DA:1370,0
DA:1371,0
DA:1372,0
DA:1376,0
DA:1377,0
DA:1378,0
DA:1380,0
DA:1475,0
DA:1476,0
DA:1477,0
DA:1574,0
DA:1616,0
DA:1759,0
DA:1848,0
DA:1853,0
DA:1858,0
DA:1897,0
DA:1898,0
DA:1899,0
DA:1901,0
DA:1902,0
DA:1904,0
DA:1949,0
DA:1950,0
DA:1953,0
DA:1954,0
DA:1955,0
DA:1956,0
DA:1958,0
DA:2019,0
DA:2043,0
DA:2046,0
DA:2050,0
DA:2052,0
DA:2054,0
DA:2073,0
DA:2113,0
DA:2116,0
DA:2118,0
DA:2119,0
DA:2158,0
DA:2159,0
DA:2161,0
DA:2162,0
DA:2163,0
DA:2164,0
DA:2165,0
DA:2166,0
DA:2167,0
DA:2168,0
DA:2169,0
DA:2170,0
DA:2171,0
DA:2172,0
DA:2173,0
DA:2174,0
DA:2178,0
DA:2215,0
DA:2216,0
DA:2273,0
DA:2313,0
DA:2341,0
DA:2452,0
DA:2484,0
DA:2492,0
DA:2493,0
DA:2494,0
DA:2496,0
DA:2531,0
DA:2614,0
DA:2665,0
DA:2679,0
DA:2681,0
DA:2707,0
DA:2720,0
DA:2729,0
DA:2739,0
DA:2761,0
DA:2772,0
DA:2782,0
DA:2792,0
DA:2802,0
DA:2812,0
DA:2822,0
DA:2831,0
DA:2845,0
LF:400
LH:0
BRDA:44,0,0,0
BRDA:44,0,1,0
BRDA:50,1,0,0
BRDA:60,2,0,0
BRDA:60,2,1,0
BRDA:81,3,0,0
BRDA:81,3,1,0
BRDA:81,3,2,0
BRDA:81,3,3,0
BRDA:81,3,4,0
BRDA:99,4,0,0
BRDA:99,4,1,0
BRDA:113,5,0,0
BRDA:113,5,1,0
BRDA:113,6,0,0
BRDA:113,6,1,0
BRDA:169,7,0,0
BRDA:169,7,1,0
BRDA:170,8,0,0
BRDA:170,8,1,0
BRDA:171,9,0,0
BRDA:171,9,1,0
BRDA:175,10,0,0
BRDA:175,10,1,0
BRDA:175,11,0,0
BRDA:175,11,1,0
BRDA:184,12,0,0
BRDA:184,12,1,0
BRDA:193,13,0,0
BRDA:193,13,1,0
BRDA:193,13,2,0
BRDA:208,14,0,0
BRDA:208,14,1,0
BRDA:210,15,0,0
BRDA:210,15,1,0
BRDA:219,16,0,0
BRDA:219,16,1,0
BRDA:219,16,2,0
BRDA:226,17,0,0
BRDA:226,17,1,0
BRDA:226,17,2,0
BRDA:231,18,0,0
BRDA:231,18,1,0
BRDA:232,19,0,0
BRDA:232,19,1,0
BRDA:233,20,0,0
BRDA:233,20,1,0
BRDA:235,21,0,0
BRDA:235,21,1,0
BRDA:236,22,0,0
BRDA:236,22,1,0
BRDA:241,23,0,0
BRDA:241,23,1,0
BRDA:249,24,0,0
BRDA:249,24,1,0
BRDA:254,25,0,0
BRDA:254,25,1,0
BRDA:283,26,0,0
BRDA:283,26,1,0
BRDA:284,27,0,0
BRDA:284,27,1,0
BRDA:292,28,0,0
BRDA:292,28,1,0
BRDA:298,29,0,0
BRDA:298,29,1,0
BRDA:315,30,0,0
BRDA:315,30,1,0
BRDA:320,31,0,0
BRDA:320,31,1,0
BRDA:325,32,0,0
BRDA:325,32,1,0
BRDA:330,33,0,0
BRDA:330,33,1,0
BRDA:336,34,0,0
BRDA:336,34,1,0
BRDA:336,35,0,0
BRDA:336,35,1,0
BRDA:338,36,0,0
BRDA:338,36,1,0
BRDA:343,37,0,0
BRDA:343,37,1,0
BRDA:343,38,0,0
BRDA:343,38,1,0
BRDA:343,38,2,0
BRDA:350,39,0,0
BRDA:350,39,1,0
BRDA:350,40,0,0
BRDA:350,40,1,0
BRDA:359,41,0,0
BRDA:359,41,1,0
BRDA:359,41,2,0
BRDA:360,42,0,0
BRDA:360,42,1,0
BRDA:360,42,2,0
BRDA:360,42,3,0
BRDA:365,43,0,0
BRDA:365,43,1,0
BRDA:409,44,0,0
BRDA:409,44,1,0
BRDA:420,45,0,0
BRDA:420,45,1,0
BRDA:420,46,0,0
BRDA:420,46,1,0
BRDA:420,46,2,0
BRDA:430,47,0,0
BRDA:430,47,1,0
BRDA:432,48,0,0
BRDA:432,48,1,0
BRDA:433,49,0,0
BRDA:433,49,1,0
BRDA:434,50,0,0
BRDA:434,50,1,0
BRDA:434,51,0,0
BRDA:434,51,1,0
BRDA:435,52,0,0
BRDA:435,52,1,0
BRDA:435,52,2,0
BRDA:436,53,0,0
BRDA:436,53,1,0
BRDA:436,53,2,0
BRDA:437,54,0,0
BRDA:437,54,1,0
BRDA:438,55,0,0
BRDA:438,55,1,0
BRDA:465,56,0,0
BRDA:465,56,1,0
BRDA:465,56,2,0
BRDA:473,57,0,0
BRDA:473,57,1,0
BRDA:484,58,0,0
BRDA:484,58,1,0
BRDA:484,58,2,0
BRDA:492,59,0,0
BRDA:492,59,1,0
BRDA:500,60,0,0
BRDA:500,60,1,0
BRDA:502,61,0,0
BRDA:502,61,1,0
BRDA:502,62,0,0
BRDA:502,62,1,0
BRDA:515,63,0,0
BRDA:515,63,1,0
BRDA:515,63,2,0
BRDA:515,63,3,0
BRDA:516,64,0,0
BRDA:516,64,1,0
BRDA:517,65,0,0
BRDA:517,65,1,0
BRDA:521,66,0,0
BRDA:521,66,1,0
BRDA:529,67,0,0
BRDA:529,67,1,0
BRDA:537,68,0,0
BRDA:537,68,1,0
BRDA:560,69,0,0
BRDA:571,70,0,0
BRDA:579,71,0,0
BRDA:580,72,0,0
BRDA:586,73,0,0
BRDA:598,74,0,0
BRDA:599,75,0,0
BRDA:600,76,0,0
BRDA:601,77,0,0
BRDA:609,78,0,0
BRDA:610,79,0,0
BRDA:610,79,1,0
BRDA:613,80,0,0
BRDA:613,80,1,0
BRDA:623,81,0,0
BRDA:623,81,1,0
BRDA:624,82,0,0
BRDA:624,82,1,0
BRDA:625,83,0,0
BRDA:625,83,1,0
BRDA:628,84,0,0
BRDA:628,84,1,0
BRDA:629,85,0,0
BRDA:629,85,1,0
BRDA:657,86,0,0
BRDA:657,86,1,0
BRDA:660,87,0,0
BRDA:660,87,1,0
BRDA:661,88,0,0
BRDA:661,88,1,0
BRDA:683,89,0,0
BRDA:683,89,1,0
BRDA:687,90,0,0
BRDA:687,90,1,0
BRDA:690,91,0,0
BRDA:690,91,1,0
BRDA:690,92,0,0
BRDA:690,92,1,0
BRDA:690,92,2,0
BRDA:692,93,0,0
BRDA:692,93,1,0
BRDA:692,94,0,0
BRDA:692,94,1,0
BRDA:692,94,2,0
BRDA:698,95,0,0
BRDA:698,95,1,0
BRDA:700,96,0,0
BRDA:700,96,1,0
BRDA:705,97,0,0
BRDA:705,97,1,0
BRDA:712,98,0,0
BRDA:712,98,1,0
BRDA:719,99,0,0
BRDA:719,99,1,0
BRDA:744,100,0,0
BRDA:744,100,1,0
BRDA:748,101,0,0
BRDA:748,101,1,0
BRDA:757,102,0,0
BRDA:757,102,1,0
BRDA:761,103,0,0
BRDA:761,103,1,0
BRDA:769,104,0,0
BRDA:769,104,1,0
BRDA:773,105,0,0
BRDA:773,105,1,0
BRDA:788,106,0,0
BRDA:788,106,1,0
BRDA:797,107,0,0
BRDA:797,107,1,0
BRDA:800,108,0,0
BRDA:800,108,1,0
BRDA:801,109,0,0
BRDA:801,109,1,0
BRDA:812,110,0,0
BRDA:812,110,1,0
BRDA:813,111,0,0
BRDA:813,111,1,0
BRDA:815,112,0,0
BRDA:815,112,1,0
BRDA:821,113,0,0
BRDA:821,113,1,0
BRDA:823,114,0,0
BRDA:823,114,1,0
BRDA:827,115,0,0
BRDA:827,115,1,0
BRDA:838,116,0,0
BRDA:838,116,1,0
BRDA:893,117,0,0
BRDA:893,117,1,0
BRDA:901,118,0,0
BRDA:901,118,1,0
BRDA:907,119,0,0
BRDA:907,119,1,0
BRDA:913,120,0,0
BRDA:913,120,1,0
BRDA:919,121,0,0
BRDA:919,121,1,0
BRDA:925,122,0,0
BRDA:925,122,1,0
BRDA:931,123,0,0
BRDA:931,123,1,0
BRDA:937,124,0,0
BRDA:937,124,1,0
BRDA:943,125,0,0
BRDA:943,125,1,0
BRDA:952,126,0,0
BRDA:952,126,1,0
BRDA:968,127,0,0
BRDA:968,127,1,0
BRDA:969,128,0,0
BRDA:969,128,1,0
BRDA:970,129,0,0
BRDA:970,129,1,0
BRDA:979,130,0,0
BRDA:979,130,1,0
BRDA:980,131,0,0
BRDA:980,131,1,0
BRDA:987,132,0,0
BRDA:987,132,1,0
BRDA:990,133,0,0
BRDA:990,133,1,0
BRDA:999,134,0,0
BRDA:999,134,1,0
BRDA:999,135,0,0
BRDA:999,135,1,0
BRDA:1000,136,0,0
BRDA:1000,136,1,0
BRDA:1014,137,0,0
BRDA:1014,137,1,0
BRDA:1049,138,0,0
BRDA:1049,138,1,0
BRDA:1050,139,0,0
BRDA:1050,139,1,0
BRDA:1067,140,0,0
BRDA:1067,140,1,0
BRDA:1099,141,0,0
BRDA:1099,141,1,0
BRDA:1114,142,0,0
BRDA:1114,142,1,0
BRDA:1116,143,0,0
BRDA:1116,143,1,0
BRDA:1120,144,0,0
BRDA:1120,144,1,0
BRDA:1122,145,0,0
BRDA:1122,145,1,0
BRDA:1123,146,0,0
BRDA:1123,146,1,0
BRDA:1138,147,0,0
BRDA:1138,147,1,0
BRDA:1146,148,0,0
BRDA:1146,148,1,0
BRDA:1176,149,0,0
BRDA:1176,149,1,0
BRDA:1187,150,0,0
BRDA:1187,150,1,0
BRDA:1190,151,0,0
BRDA:1190,151,1,0
BRDA:1193,152,0,0
BRDA:1193,152,1,0
BRDA:1196,153,0,0
BRDA:1196,153,1,0
BRDA:1196,154,0,0
BRDA:1196,154,1,0
BRDA:1223,155,0,0
BRDA:1223,155,1,0
BRDA:1225,156,0,0
BRDA:1225,156,1,0
BRDA:1225,157,0,0
BRDA:1225,157,1,0
BRDA:1272,158,0,0
BRDA:1272,158,1,0
BRDA:1283,159,0,0
BRDA:1283,159,1,0
BRDA:1283,160,0,0
BRDA:1283,160,1,0
BRDA:1312,161,0,0
BRDA:1312,161,1,0
BRDA:1366,162,0,0
BRDA:1366,162,1,0
BRDA:1370,163,0,0
BRDA:1370,163,1,0
BRDA:1370,164,0,0
BRDA:1370,164,1,0
BRDA:1371,165,0,0
BRDA:1371,165,1,0
BRDA:1371,166,0,0
BRDA:1371,166,1,0
BRDA:1376,167,0,0
BRDA:1376,167,1,0
BRDA:1376,168,0,0
BRDA:1376,168,1,0
BRDA:1377,169,0,0
BRDA:1377,169,1,0
BRDA:1378,170,0,0
BRDA:1378,170,1,0
BRDA:1404,171,0,0
BRDA:1404,171,1,0
BRDA:1406,172,0,0
BRDA:1406,172,1,0
BRDA:1406,173,0,0
BRDA:1406,173,1,0
BRDA:1407,174,0,0
BRDA:1407,174,1,0
BRDA:1407,174,2,0
BRDA:1408,175,0,0
BRDA:1408,175,1,0
BRDA:1408,176,0,0
BRDA:1408,176,1,0
BRDA:1414,177,0,0
BRDA:1414,177,1,0
BRDA:1416,178,0,0
BRDA:1416,178,1,0
BRDA:1472,179,0,0
BRDA:1472,179,1,0
BRDA:1475,180,0,0
BRDA:1475,180,1,0
BRDA:1483,181,0,0
BRDA:1483,181,1,0
BRDA:1485,182,0,0
BRDA:1485,182,1,0
BRDA:1488,183,0,0
BRDA:1488,183,1,0
BRDA:1489,184,0,0
BRDA:1489,184,1,0
BRDA:1496,185,0,0
BRDA:1496,185,1,0
BRDA:1497,186,0,0
BRDA:1497,186,1,0
BRDA:1500,187,0,0
BRDA:1500,187,1,0
BRDA:1503,188,0,0
BRDA:1503,188,1,0
BRDA:1517,189,0,0
BRDA:1517,189,1,0
BRDA:1517,190,0,0
BRDA:1517,190,1,0
BRDA:1520,191,0,0
BRDA:1520,191,1,0
BRDA:1521,192,0,0
BRDA:1521,192,1,0
BRDA:1549,193,0,0
BRDA:1549,193,1,0
BRDA:1549,193,2,0
BRDA:1549,193,3,0
BRDA:1571,194,0,0
BRDA:1571,194,1,0
BRDA:1610,195,0,0
BRDA:1610,195,1,0
BRDA:1610,195,2,0
BRDA:1634,196,0,0
BRDA:1634,196,1,0
BRDA:1655,197,0,0
BRDA:1655,197,1,0
BRDA:1655,198,0,0
BRDA:1655,198,1,0
BRDA:1655,199,0,0
BRDA:1655,199,1,0
BRDA:1678,200,0,0
BRDA:1678,200,1,0
BRDA:1686,201,0,0
BRDA:1686,201,1,0
BRDA:1694,202,0,0
BRDA:1694,202,1,0
BRDA:1702,203,0,0
BRDA:1702,203,1,0
BRDA:1714,204,0,0
BRDA:1714,204,1,0
BRDA:1753,205,0,0
BRDA:1753,205,1,0
BRDA:1776,206,0,0
BRDA:1776,206,1,0
BRDA:1791,207,0,0
BRDA:1791,207,1,0
BRDA:1804,208,0,0
BRDA:1804,208,1,0
BRDA:1806,209,0,0
BRDA:1806,209,1,0
BRDA:1811,210,0,0
BRDA:1811,210,1,0
BRDA:1844,211,0,0
BRDA:1844,211,1,0
BRDA:1874,212,0,0
BRDA:1874,212,1,0
BRDA:1897,213,0,0
BRDA:1897,213,1,0
BRDA:1898,214,0,0
BRDA:1898,214,1,0
BRDA:1901,215,0,0
BRDA:1901,215,1,0
BRDA:1901,216,0,0
BRDA:1901,216,1,0
BRDA:1902,217,0,0
BRDA:1902,217,1,0
BRDA:1933,218,0,0
BRDA:1933,218,1,0
BRDA:1934,219,0,0
BRDA:1934,219,1,0
BRDA:1936,220,0,0
BRDA:1936,220,1,0
BRDA:1942,221,0,0
BRDA:1942,221,1,0
BRDA:1942,222,0,0
BRDA:1942,222,1,0
BRDA:1945,223,0,0
BRDA:1945,223,1,0
BRDA:1949,224,0,0
BRDA:1949,224,1,0
BRDA:1949,225,0,0
BRDA:1949,225,1,0
BRDA:1949,225,2,0
BRDA:1953,226,0,0
BRDA:1953,226,1,0
BRDA:1954,227,0,0
BRDA:1954,227,1,0
BRDA:1955,228,0,0
BRDA:1955,228,1,0
BRDA:1966,229,0,0
BRDA:1966,229,1,0
BRDA:1966,230,0,0
BRDA:1966,230,1,0
BRDA:1974,231,0,0
BRDA:1974,231,1,0
BRDA:1974,232,0,0
BRDA:1974,232,1,0
BRDA:1975,233,0,0
BRDA:1975,233,1,0
BRDA:1975,234,0,0
BRDA:1975,234,1,0
BRDA:1991,235,0,0
BRDA:1991,235,1,0
BRDA:1995,236,0,0
BRDA:1995,236,1,0
BRDA:1959,237,0,0
BRDA:1959,237,1,0
BRDA:2025,238,0,0
BRDA:2025,238,1,0
BRDA:2039,239,0,0
BRDA:2039,239,1,0
BRDA:2046,240,0,0
BRDA:2046,240,1,0
BRDA:2048,241,0,0
BRDA:2048,241,1,0
BRDA:2050,242,0,0
BRDA:2050,242,1,0
BRDA:2065,243,0,0
BRDA:2065,243,1,0
BRDA:2066,244,0,0
BRDA:2066,244,1,0
BRDA:2107,245,0,0
BRDA:2107,245,1,0
BRDA:2150,246,0,0
BRDA:2150,246,1,0
BRDA:2150,246,2,0
BRDA:2161,247,0,0
BRDA:2161,247,1,0
BRDA:2164,248,0,0
BRDA:2164,248,1,0
BRDA:2167,249,0,0
BRDA:2167,249,1,0
BRDA:2170,250,0,0
BRDA:2170,250,1,0
BRDA:2173,251,0,0
BRDA:2173,251,1,0
BRDA:2194,252,0,0
BRDA:2194,252,1,0
BRDA:2206,253,0,0
BRDA:2206,253,1,0
BRDA:2215,254,0,0
BRDA:2215,254,1,0
BRDA:2222,255,0,0
BRDA:2222,255,1,0
BRDA:2223,256,0,0
BRDA:2223,256,1,0
BRDA:2233,257,0,0
BRDA:2233,257,1,0
BRDA:2246,258,0,0
BRDA:2246,258,1,0
BRDA:2261,259,0,0
BRDA:2261,259,1,0
BRDA:2262,260,0,0
BRDA:2262,260,1,0
BRDA:2263,261,0,0
BRDA:2263,261,1,0
BRDA:2266,262,0,0
BRDA:2266,262,1,0
BRDA:2266,262,2,0
BRDA:2267,263,0,0
BRDA:2267,263,1,0
BRDA:2267,263,2,0
BRDA:2286,264,0,0
BRDA:2286,264,1,0
BRDA:2218,265,0,0
BRDA:2218,265,1,0
BRDA:2310,266,0,0
BRDA:2310,266,1,0
BRDA:2318,267,0,0
BRDA:2318,267,1,0
BRDA:2318,268,0,0
BRDA:2318,268,1,0
BRDA:2338,269,0,0
BRDA:2338,269,1,0
BRDA:2346,270,0,0
BRDA:2346,270,1,0
BRDA:2346,271,0,0
BRDA:2346,271,1,0
BRDA:2367,272,0,0
BRDA:2367,272,1,0
BRDA:2367,273,0,0
BRDA:2367,273,1,0
BRDA:2388,274,0,0
BRDA:2388,274,1,0
BRDA:2398,275,0,0
BRDA:2398,275,1,0
BRDA:2400,276,0,0
BRDA:2400,276,1,0
BRDA:2402,277,0,0
BRDA:2402,277,1,0
BRDA:2411,278,0,0
BRDA:2411,278,1,0
BRDA:2421,279,0,0
BRDA:2421,279,1,0
BRDA:2428,280,0,0
BRDA:2428,280,1,0
BRDA:2433,281,0,0
BRDA:2433,281,1,0
BRDA:2438,282,0,0
BRDA:2438,282,1,0
BRDA:2449,283,0,0
BRDA:2449,283,1,0
BRDA:2460,284,0,0
BRDA:2460,284,1,0
BRDA:2481,285,0,0
BRDA:2481,285,1,0
BRDA:2491,286,0,0
BRDA:2491,286,1,0
BRDA:2491,287,0,0
BRDA:2491,287,1,0
BRDA:2494,288,0,0
BRDA:2494,288,1,0
BRDA:2500,289,0,0
BRDA:2500,289,1,0
BRDA:2501,290,0,0
BRDA:2501,290,1,0
BRDA:2503,291,0,0
BRDA:2503,291,1,0
BRDA:2510,292,0,0
BRDA:2510,292,1,0
BRDA:2511,293,0,0
BRDA:2511,293,1,0
BRDA:2528,294,0,0
BRDA:2528,294,1,0
BRDA:2547,295,0,0
BRDA:2547,295,1,0
BRDA:2547,296,0,0
BRDA:2547,296,1,0
BRDA:2565,297,0,0
BRDA:2565,297,1,0
BRDA:2580,298,0,0
BRDA:2580,298,1,0
BRDA:2585,299,0,0
BRDA:2585,299,1,0
BRDA:2611,300,0,0
BRDA:2611,300,1,0
BRDA:2628,301,0,0
BRDA:2628,301,1,0
BRDA:2629,302,0,0
BRDA:2629,302,1,0
BRDA:2629,303,0,0
BRDA:2629,303,1,0
BRDA:2629,304,0,0
BRDA:2629,304,1,0
BRDA:2629,305,0,0
BRDA:2629,305,1,0
BRDA:2630,306,0,0
BRDA:2630,306,1,0
BRDA:2630,307,0,0
BRDA:2630,307,1,0
BRDA:2631,308,0,0
BRDA:2631,308,1,0
BRDA:2632,309,0,0
BRDA:2632,309,1,0
BRDA:2634,310,0,0
BRDA:2634,310,1,0
BRDA:2634,311,0,0
BRDA:2634,311,1,0
BRDA:2634,312,0,0
BRDA:2634,312,1,0
BRDA:2634,313,0,0
BRDA:2634,313,1,0
BRDA:2644,314,0,0
BRDA:2644,314,1,0
BRDA:2649,315,0,0
BRDA:2649,315,1,0
BRDA:2660,316,0,0
BRDA:2660,316,1,0
BRDA:2707,317,0,0
BRDA:2707,317,1,0
BRDA:2852,318,0,0
BRDA:2852,318,1,0
BRDA:2854,319,0,0
BRDA:2854,319,1,0
BRF:656
BRH:0
end_of_record
TN:
SF:src\components\CustomReportGenerator.jsx
FN:75,(anonymous_0)
FN:108,(anonymous_1)
FN:109,(anonymous_2)
FN:127,(anonymous_3)
FN:129,(anonymous_4)
FN:133,(anonymous_5)
FN:141,(anonymous_6)
FN:142,(anonymous_7)
FN:144,(anonymous_8)
FN:149,(anonymous_9)
FN:198,(anonymous_10)
FN:227,(anonymous_11)
FN:258,(anonymous_12)
FN:263,(anonymous_13)
FN:274,(anonymous_14)
FN:313,(anonymous_15)
FN:317,(anonymous_16)
FN:330,(anonymous_17)
FN:341,(anonymous_18)
FN:347,(anonymous_19)
FN:375,(anonymous_20)
FN:375,(anonymous_21)
FN:388,(anonymous_22)
FN:388,(anonymous_23)
FN:402,(anonymous_24)
FN:402,(anonymous_25)
FN:404,(anonymous_26)
FN:406,(anonymous_27)
FN:412,(anonymous_28)
FN:425,(anonymous_29)
FN:425,(anonymous_30)
FN:427,(anonymous_31)
FN:429,(anonymous_32)
FN:435,(anonymous_33)
FN:448,(anonymous_34)
FN:448,(anonymous_35)
FN:450,(anonymous_36)
FN:452,(anonymous_37)
FN:458,(anonymous_38)
FN:471,(anonymous_39)
FN:471,(anonymous_40)
FN:473,(anonymous_41)
FN:475,(anonymous_42)
FN:481,(anonymous_43)
FN:498,(anonymous_44)
FN:511,(anonymous_45)
FN:522,(anonymous_46)
FN:619,(anonymous_47)
FN:792,(anonymous_48)
FN:816,(anonymous_49)
FNF:50
FNH:0
FNDA:0,(anonymous_0)
FNDA:0,(anonymous_1)
FNDA:0,(anonymous_2)
FNDA:0,(anonymous_3)
FNDA:0,(anonymous_4)
FNDA:0,(anonymous_5)
FNDA:0,(anonymous_6)
FNDA:0,(anonymous_7)
FNDA:0,(anonymous_8)
FNDA:0,(anonymous_9)
FNDA:0,(anonymous_10)
FNDA:0,(anonymous_11)
FNDA:0,(anonymous_12)
FNDA:0,(anonymous_13)
FNDA:0,(anonymous_14)
FNDA:0,(anonymous_15)
FNDA:0,(anonymous_16)
FNDA:0,(anonymous_17)
FNDA:0,(anonymous_18)
FNDA:0,(anonymous_19)
FNDA:0,(anonymous_20)
FNDA:0,(anonymous_21)
FNDA:0,(anonymous_22)
FNDA:0,(anonymous_23)
FNDA:0,(anonymous_24)
FNDA:0,(anonymous_25)
FNDA:0,(anonymous_26)
FNDA:0,(anonymous_27)
FNDA:0,(anonymous_28)
FNDA:0,(anonymous_29)
FNDA:0,(anonymous_30)
FNDA:0,(anonymous_31)
FNDA:0,(anonymous_32)
FNDA:0,(anonymous_33)
FNDA:0,(anonymous_34)
FNDA:0,(anonymous_35)
FNDA:0,(anonymous_36)
FNDA:0,(anonymous_37)
FNDA:0,(anonymous_38)
FNDA:0,(anonymous_39)
FNDA:0,(anonymous_40)
FNDA:0,(anonymous_41)
FNDA:0,(anonymous_42)
FNDA:0,(anonymous_43)
FNDA:0,(anonymous_44)
FNDA:0,(anonymous_45)
FNDA:0,(anonymous_46)
FNDA:0,(anonymous_47)
FNDA:0,(anonymous_48)
FNDA:0,(anonymous_49)
DA:40,0
DA:60,0
DA:75,0
DA:76,0
DA:77,0
DA:84,0
DA:85,0
DA:86,0
DA:87,0
DA:90,0
DA:91,0
DA:92,0
DA:93,0
DA:100,0
DA:101,0
DA:102,0
DA:103,0
DA:104,0
DA:106,0
DA:108,0
DA:109,0
DA:110,0
DA:111,0
DA:115,0
DA:116,0
DA:118,0
DA:119,0
DA:121,0
DA:124,0
DA:127,0
DA:128,0
DA:129,0
DA:130,0
DA:132,0
DA:133,0
DA:135,0
DA:137,0
DA:141,0
DA:142,0
DA:143,0
DA:144,0
DA:149,0
DA:150,0
DA:151,0
DA:152,0
DA:155,0
DA:156,0
DA:157,0
DA:159,0
DA:161,0
DA:163,0
DA:184,0
DA:186,0
DA:187,0
DA:188,0
DA:197,0
DA:198,0
DA:199,0
DA:202,0
DA:203,0
DA:204,0
DA:205,0
DA:206,0
DA:207,0
DA:208,0
DA:209,0
DA:210,0
DA:212,0
DA:213,0
DA:216,0
DA:217,0
DA:220,0
DA:221,0
DA:223,0
DA:227,0
DA:228,0
DA:231,0
DA:239,0
DA:240,0
DA:242,0
DA:243,0
DA:244,0
DA:251,0
DA:254,0
DA:258,0
DA:259,0
DA:260,0
DA:263,0
DA:264,0
DA:266,0
DA:267,0
DA:268,0
DA:269,0
DA:270,0
DA:272,0
DA:273,0
DA:274,0
DA:275,0
DA:279,0
DA:280,0
DA:283,0
DA:285,0
DA:286,0
DA:294,0
DA:295,0
DA:302,0
DA:313,0
DA:318,0
DA:330,0
DA:342,0
DA:347,0
DA:375,0
DA:388,0
DA:402,0
DA:405,0
DA:407,0
DA:413,0
DA:425,0
DA:428,0
DA:430,0
DA:436,0
DA:448,0
DA:451,0
DA:453,0
DA:459,0
DA:471,0
DA:474,0
DA:476,0
DA:482,0
DA:498,0
DA:511,0
DA:522,0
DA:620,0
DA:792,0
DA:816,0
LF:135
LH:0
BRDA:115,0,0,0
BRDA:115,0,1,0
BRDA:116,1,0,0
BRDA:116,1,1,0
BRDA:130,2,0,0
BRDA:130,2,1,0
BRDA:132,3,0,0
BRDA:132,3,1,0
BRDA:135,4,0,0
BRDA:135,4,1,0
BRDA:137,5,0,0
BRDA:137,5,1,0
BRDA:143,6,0,0
BRDA:143,6,1,0
BRDA:150,7,0,0
BRDA:150,7,1,0
BRDA:164,8,0,0
BRDA:164,8,1,0
BRDA:165,9,0,0
BRDA:165,9,1,0
BRDA:168,10,0,0
BRDA:168,10,1,0
BRDA:168,11,0,0
BRDA:168,11,1,0
BRDA:170,12,0,0
BRDA:170,12,1,0
BRDA:171,13,0,0
BRDA:171,13,1,0
BRDA:174,14,0,0
BRDA:174,14,1,0
BRDA:175,15,0,0
BRDA:175,15,1,0
BRDA:176,16,0,0
BRDA:176,16,1,0
BRDA:177,17,0,0
BRDA:177,17,1,0
BRDA:184,18,0,0
BRDA:184,18,1,0
BRDA:184,19,0,0
BRDA:184,19,1,0
BRDA:184,19,2,0
BRDA:197,20,0,0
BRDA:197,20,1,0
BRDA:199,21,0,0
BRDA:199,21,1,0
BRDA:206,22,0,0
BRDA:206,22,1,0
BRDA:221,23,0,0
BRDA:221,23,1,0
BRDA:228,24,0,0
BRDA:228,24,1,0
BRDA:242,25,0,0
BRDA:242,25,1,0
BRDA:259,26,0,0
BRDA:259,26,1,0
BRDA:264,27,0,0
BRDA:264,27,1,0
BRDA:272,28,0,0
BRDA:272,28,1,0
BRDA:272,29,0,0
BRDA:272,29,1,0
BRDA:285,30,0,0
BRDA:285,30,1,0
BRDA:294,31,0,0
BRDA:294,31,1,0
BRDA:294,32,0,0
BRDA:294,32,1,0
BRDA:458,33,0,0
BRDA:458,33,1,0
BRDA:535,34,0,0
BRDA:535,34,1,0
BRDA:544,35,0,0
BRDA:544,35,1,0
BRDA:556,36,0,0
BRDA:556,36,1,0
BRDA:556,36,2,0
BRDA:579,37,0,0
BRDA:579,37,1,0
BRDA:614,38,0,0
BRDA:614,38,1,0
BRDA:614,38,2,0
BRDA:625,39,0,0
BRDA:625,39,1,0
BRDA:625,40,0,0
BRDA:625,40,1,0
BRDA:628,41,0,0
BRDA:628,41,1,0
BRDA:628,42,0,0
BRDA:628,42,1,0
BRDA:644,43,0,0
BRDA:644,43,1,0
BRDA:644,43,2,0
BRDA:651,44,0,0
BRDA:651,44,1,0
BRDA:678,45,0,0
BRDA:678,45,1,0
BRDA:678,45,2,0
BRDA:699,46,0,0
BRDA:699,46,1,0
BRDA:699,46,2,0
BRDA:721,47,0,0
BRDA:721,47,1,0
BRDA:721,47,2,0
BRDA:721,47,3,0
BRDA:744,48,0,0
BRDA:744,48,1,0
BRDA:744,48,2,0
BRDA:768,49,0,0
BRDA:768,49,1,0
BRF:109
BRH:0
end_of_record
TN:
SF:src\components\DecryptedText.jsx
FN:21,DecryptedText
FN:43,(anonymous_1)
FN:47,(anonymous_2)
FN:74,(anonymous_3)
FN:77,(anonymous_4)
FN:79,(anonymous_5)
FN:86,(anonymous_6)
FN:86,(anonymous_7)
FN:95,(anonymous_8)
FN:104,(anonymous_9)
FN:115,(anonymous_10)
FN:116,(anonymous_11)
FN:147,(anonymous_12)
FN:152,(anonymous_13)
FN:156,(anonymous_14)
FN:162,(anonymous_15)
FN:175,(anonymous_16)
FN:176,(anonymous_17)
FN:178,(anonymous_18)
FN:198,(anonymous_19)
FN:209,(anonymous_20)
FN:210,(anonymous_21)
FN:219,(anonymous_22)
FNF:23
FNH:0
FNDA:0,DecryptedText
FNDA:0,(anonymous_1)
FNDA:0,(anonymous_2)
FNDA:0,(anonymous_3)
FNDA:0,(anonymous_4)
FNDA:0,(anonymous_5)
FNDA:0,(anonymous_6)
FNDA:0,(anonymous_7)
FNDA:0,(anonymous_8)
FNDA:0,(anonymous_9)
FNDA:0,(anonymous_10)
FNDA:0,(anonymous_11)
FNDA:0,(anonymous_12)
FNDA:0,(anonymous_13)
FNDA:0,(anonymous_14)
FNDA:0,(anonymous_15)
FNDA:0,(anonymous_16)
FNDA:0,(anonymous_17)
FNDA:0,(anonymous_18)
FNDA:0,(anonymous_19)
FNDA:0,(anonymous_20)
FNDA:0,(anonymous_21)
FNDA:0,(anonymous_22)
DA:4,0
DA:36,0
DA:37,0
DA:38,0
DA:39,0
DA:40,0
DA:41,0
DA:43,0
DA:45,0
DA:47,0
DA:48,0
DA:49,0
DA:51,0
DA:53,0
DA:55,0
DA:56,0
DA:57,0
DA:59,0
DA:60,0
DA:63,0
DA:64,0
DA:66,0
DA:69,0
DA:73,0
DA:74,0
DA:77,0
DA:78,0
DA:79,0
DA:86,0
DA:88,0
DA:89,0
DA:90,0
DA:93,0
DA:94,0
DA:96,0
DA:97,0
DA:98,0
DA:102,0
DA:105,0
DA:106,0
DA:107,0
DA:113,0
DA:114,0
DA:115,0
DA:116,0
DA:117,0
DA:118,0
DA:119,0
DA:120,0
DA:121,0
DA:122,0
DA:123,0
DA:125,0
DA:126,0
DA:127,0
DA:130,0
DA:131,0
DA:132,0
DA:133,0
DA:134,0
DA:135,0
DA:137,0
DA:142,0
DA:143,0
DA:144,0
DA:147,0
DA:148,0
DA:152,0
DA:153,0
DA:156,0
DA:157,0
DA:158,0
DA:159,0
DA:160,0
DA:162,0
DA:163,0
DA:164,0
DA:166,0
DA:169,0
DA:173,0
DA:175,0
DA:176,0
DA:177,0
DA:178,0
DA:179,0
DA:180,0
DA:186,0
DA:192,0
DA:193,0
DA:194,0
DA:195,0
DA:198,0
DA:199,0
DA:200,0
DA:207,0
DA:209,0
DA:210,0
DA:214,0
DA:220,0
DA:222,0
LF:100
LH:0
BRDA:23,0,0,0
BRDA:24,1,0,0
BRDA:25,2,0,0
BRDA:26,3,0,0
BRDA:27,4,0,0
BRDA:28,5,0,0
BRDA:29,6,0,0
BRDA:30,7,0,0
BRDA:31,8,0,0
BRDA:32,9,0,0
BRDA:33,10,0,0
BRDA:49,11,0,0
BRDA:49,11,1,0
BRDA:49,11,2,0
BRDA:49,11,3,0
BRDA:57,12,0,0
BRDA:57,12,1,0
BRDA:59,13,0,0
BRDA:59,13,1,0
BRDA:59,14,0,0
BRDA:59,14,1,0
BRDA:59,14,2,0
BRDA:64,15,0,0
BRDA:64,15,1,0
BRDA:73,16,0,0
BRDA:73,16,1,0
BRDA:78,17,0,0
BRDA:78,17,1,0
BRDA:86,18,0,0
BRDA:86,18,1,0
BRDA:96,19,0,0
BRDA:96,19,1,0
BRDA:97,20,0,0
BRDA:97,20,1,0
BRDA:105,21,0,0
BRDA:105,21,1,0
BRDA:106,22,0,0
BRDA:106,22,1,0
BRDA:113,23,0,0
BRDA:113,23,1,0
BRDA:117,24,0,0
BRDA:117,24,1,0
BRDA:118,25,0,0
BRDA:118,25,1,0
BRDA:132,26,0,0
BRDA:132,26,1,0
BRDA:148,27,0,0
BRDA:148,27,1,0
BRDA:153,28,0,0
BRDA:153,28,1,0
BRDA:153,29,0,0
BRDA:153,29,1,0
BRDA:157,30,0,0
BRDA:157,30,1,0
BRDA:157,31,0,0
BRDA:157,31,1,0
BRDA:159,32,0,0
BRDA:159,32,1,0
BRDA:160,33,0,0
BRDA:160,33,1,0
BRDA:173,34,0,0
BRDA:173,34,1,0
BRDA:177,35,0,0
BRDA:177,35,1,0
BRDA:177,36,0,0
BRDA:177,36,1,0
BRDA:194,37,0,0
BRDA:194,37,1,0
BRDA:199,38,0,0
BRDA:199,38,1,0
BRDA:207,39,0,0
BRDA:207,39,1,0
BRDA:207,40,0,0
BRDA:207,40,1,0
BRDA:220,41,0,0
BRDA:220,41,1,0
BRDA:220,41,2,0
BRDA:223,42,0,0
BRDA:223,42,1,0
BRF:79
BRH:0
end_of_record
TN:
SF:src\components\EditableResumeForm.jsx
FN:7,EditableResumeForm
FN:12,(anonymous_1)
FN:58,(anonymous_2)
FN:64,(anonymous_3)
FN:73,(anonymous_4)
FN:81,(anonymous_5)
FN:90,(anonymous_6)
FN:127,(anonymous_7)
FN:133,(anonymous_8)
FN:134,(anonymous_9)
FN:137,(anonymous_10)
FN:140,(anonymous_11)
FN:151,(anonymous_12)
FN:158,(anonymous_13)
FN:159,(anonymous_14)
FN:165,(anonymous_15)
FN:166,(anonymous_16)
FN:168,(anonymous_17)
FN:172,(anonymous_18)
FN:173,(anonymous_19)
FN:175,(anonymous_20)
FN:181,(anonymous_21)
FN:183,(anonymous_22)
FN:190,(anonymous_23)
FN:191,(anonymous_24)
FN:193,(anonymous_25)
FN:207,(anonymous_26)
FN:216,(anonymous_27)
FN:225,(anonymous_28)
FN:234,(anonymous_29)
FN:243,(anonymous_30)
FN:251,(anonymous_31)
FN:262,(anonymous_32)
FN:266,(anonymous_33)
FN:270,(anonymous_34)
FN:279,(anonymous_35)
FN:288,(anonymous_36)
FN:298,(anonymous_37)
FN:307,(anonymous_38)
FN:315,(anonymous_39)
FN:325,(anonymous_40)
FN:334,(anonymous_41)
FN:347,(anonymous_42)
FN:351,(anonymous_43)
FN:355,(anonymous_44)
FN:364,(anonymous_45)
FN:374,(anonymous_46)
FN:383,(anonymous_47)
FN:394,(anonymous_48)
FN:402,(anonymous_49)
FN:416,(anonymous_50)
FN:419,(anonymous_51)
FN:429,(anonymous_52)
FN:444,(anonymous_53)
FN:448,(anonymous_54)
FN:452,(anonymous_55)
FN:461,(anonymous_56)
FN:470,(anonymous_57)
FN:478,(anonymous_58)
FN:488,(anonymous_59)
FN:488,(anonymous_60)
FN:500,(anonymous_61)
FN:504,(anonymous_62)
FN:508,(anonymous_63)
FN:517,(anonymous_64)
FN:526,(anonymous_65)
FN:535,(anonymous_66)
FNF:67
FNH:38
FNDA:45,EditableResumeForm
FNDA:14,(anonymous_1)
FNDA:29,(anonymous_2)
FNDA:1,(anonymous_3)
FNDA:0,(anonymous_4)
FNDA:0,(anonymous_5)
FNDA:29,(anonymous_6)
FNDA:45,(anonymous_7)
FNDA:0,(anonymous_8)
FNDA:0,(anonymous_9)
FNDA:3,(anonymous_10)
FNDA:0,(anonymous_11)
FNDA:3,(anonymous_12)
FNDA:7,(anonymous_13)
FNDA:7,(anonymous_14)
FNDA:1,(anonymous_15)
FNDA:1,(anonymous_16)
FNDA:1,(anonymous_17)
FNDA:2,(anonymous_18)
FNDA:2,(anonymous_19)
FNDA:2,(anonymous_20)
FNDA:3,(anonymous_21)
FNDA:2,(anonymous_22)
FNDA:1,(anonymous_23)
FNDA:1,(anonymous_24)
FNDA:1,(anonymous_25)
FNDA:2,(anonymous_26)
FNDA:1,(anonymous_27)
FNDA:0,(anonymous_28)
FNDA:0,(anonymous_29)
FNDA:0,(anonymous_30)
FNDA:0,(anonymous_31)
FNDA:3,(anonymous_32)
FNDA:5,(anonymous_33)
FNDA:1,(anonymous_34)
FNDA:0,(anonymous_35)
FNDA:0,(anonymous_36)
FNDA:0,(anonymous_37)
FNDA:0,(anonymous_38)
FNDA:0,(anonymous_39)
FNDA:1,(anonymous_40)
FNDA:0,(anonymous_41)
FNDA:1,(anonymous_42)
FNDA:1,(anonymous_43)
FNDA:0,(anonymous_44)
FNDA:0,(anonymous_45)
FNDA:0,(anonymous_46)
FNDA:0,(anonymous_47)
FNDA:0,(anonymous_48)
FNDA:0,(anonymous_49)
FNDA:4,(anonymous_50)
FNDA:1,(anonymous_51)
FNDA:3,(anonymous_52)
FNDA:2,(anonymous_53)
FNDA:3,(anonymous_54)
FNDA:0,(anonymous_55)
FNDA:0,(anonymous_56)
FNDA:0,(anonymous_57)
FNDA:0,(anonymous_58)
FNDA:1,(anonymous_59)
FNDA:3,(anonymous_60)
FNDA:1,(anonymous_61)
FNDA:1,(anonymous_62)
FNDA:0,(anonymous_63)
FNDA:0,(anonymous_64)
FNDA:0,(anonymous_65)
FNDA:0,(anonymous_66)
DA:12,45
DA:14,14
DA:15,12
DA:19,2
DA:20,2
DA:23,2
DA:24,1
DA:28,1
DA:29,0
DA:33,1
DA:34,1
DA:35,1
DA:36,1
DA:41,0
DA:42,0
DA:43,0
DA:44,0
DA:45,0
DA:46,0
DA:47,0
DA:54,0
DA:58,45
DA:59,29
DA:60,29
DA:63,29
DA:64,29
DA:72,29
DA:73,29
DA:80,29
DA:81,29
DA:87,29
DA:90,45
DA:92,29
DA:93,27
DA:94,27
DA:103,0
DA:113,2
DA:124,29
DA:127,45
DA:128,45
DA:129,45
DA:133,45
DA:134,0
DA:137,45
DA:138,3
DA:139,0
DA:140,0
DA:151,3
DA:158,45
DA:159,7
DA:165,45
DA:166,1
DA:168,1
DA:172,45
DA:173,2
DA:176,2
DA:181,45
DA:182,3
DA:183,2
DA:190,45
DA:191,1
DA:193,1
DA:197,45
DA:207,2
DA:216,1
DA:225,0
DA:234,0
DA:243,0
DA:251,0
DA:262,3
DA:267,5
DA:270,1
DA:279,0
DA:288,0
DA:298,0
DA:307,0
DA:315,0
DA:325,1
DA:334,0
DA:347,1
DA:352,1
DA:355,0
DA:364,0
DA:374,0
DA:383,0
DA:394,0
DA:402,0
DA:417,4
DA:419,1
DA:430,3
DA:431,3
DA:432,3
DA:433,3
DA:444,2
DA:449,3
DA:452,0
DA:461,0
DA:470,0
DA:478,0
DA:488,3
DA:500,1
DA:505,1
DA:508,0
DA:517,0
DA:526,0
DA:535,0
LF:106
LH:69
BRDA:14,0,0,12
BRDA:14,0,1,2
BRDA:14,1,0,14
BRDA:14,1,1,2
BRDA:14,1,2,2
BRDA:14,1,3,2
BRDA:20,2,0,0
BRDA:20,2,1,2
BRDA:23,3,0,1
BRDA:23,3,1,1
BRDA:28,4,0,0
BRDA:28,4,1,1
BRDA:33,5,0,1
BRDA:33,5,1,0
BRDA:35,6,0,1
BRDA:35,6,1,0
BRDA:43,7,0,0
BRDA:43,7,1,0
BRDA:43,8,0,0
BRDA:43,8,1,0
BRDA:59,9,0,0
BRDA:59,9,1,29
BRDA:63,10,0,29
BRDA:63,10,1,0
BRDA:63,11,0,29
BRDA:63,11,1,29
BRDA:72,12,0,29
BRDA:72,12,1,0
BRDA:72,13,0,29
BRDA:72,13,1,29
BRDA:80,14,0,29
BRDA:80,14,1,0
BRDA:80,15,0,29
BRDA:80,15,1,29
BRDA:92,16,0,27
BRDA:92,16,1,2
BRDA:92,17,0,29
BRDA:92,17,1,3
BRDA:94,18,0,1
BRDA:94,18,1,26
BRDA:114,19,0,2
BRDA:114,19,1,0
BRDA:115,20,0,2
BRDA:115,20,1,0
BRDA:116,21,0,2
BRDA:116,21,1,0
BRDA:117,22,0,2
BRDA:117,22,1,0
BRDA:118,23,0,2
BRDA:118,23,1,0
BRDA:119,24,0,2
BRDA:119,24,1,0
BRDA:128,25,0,45
BRDA:128,25,1,0
BRDA:138,26,0,0
BRDA:138,26,1,3
BRDA:158,27,0,7
BRDA:161,28,0,7
BRDA:161,28,1,0
BRDA:176,29,0,2
BRDA:176,29,1,0
BRDA:182,30,0,2
BRDA:182,30,1,1
BRDA:185,31,0,2
BRDA:185,31,1,0
BRDA:206,32,0,45
BRDA:206,32,1,41
BRDA:215,33,0,45
BRDA:215,33,1,42
BRDA:224,34,0,45
BRDA:224,34,1,43
BRDA:233,35,0,45
BRDA:233,35,1,43
BRDA:242,36,0,45
BRDA:242,36,1,43
BRDA:250,37,0,45
BRDA:250,37,1,43
BRDA:278,38,0,5
BRDA:278,38,1,4
BRDA:278,38,2,4
BRDA:287,39,0,5
BRDA:287,39,1,4
BRDA:297,40,0,5
BRDA:297,40,1,5
BRDA:324,41,0,5
BRDA:324,41,1,4
BRDA:333,42,0,4
BRDA:333,42,1,1
BRDA:333,43,0,0
BRDA:333,43,1,1
BRDA:363,44,0,1
BRDA:363,44,1,1
BRDA:373,45,0,1
BRDA:373,45,1,1
BRDA:373,45,2,1
BRDA:382,46,0,1
BRDA:382,46,1,1
BRDA:401,47,0,1
BRDA:401,47,1,1
BRDA:418,48,0,4
BRDA:418,48,1,0
BRDA:418,49,0,0
BRDA:418,49,1,0
BRDA:418,49,2,0
BRDA:430,50,0,3
BRDA:430,50,1,0
BRDA:460,51,0,3
BRDA:460,51,1,3
BRDA:469,52,0,3
BRDA:469,52,1,3
BRDA:477,53,0,3
BRDA:477,53,1,0
BRDA:487,54,0,3
BRDA:487,54,1,0
BRDA:487,55,0,0
BRDA:487,55,1,0
BRDA:516,56,0,1
BRDA:516,56,1,1
BRDA:525,57,0,1
BRDA:525,57,1,1
BRF:120
BRH:87
end_of_record
TN:
SF:src\components\EducationForm.jsx
FN:17,EducationForm
FN:32,handleSubmit
FN:69,(anonymous_2)
FN:85,(anonymous_3)
FN:101,(anonymous_4)
FN:116,(anonymous_5)
FN:138,(anonymous_6)
FN:157,(anonymous_7)
FN:163,(anonymous_8)
FN:169,(anonymous_9)
FN:180,(anonymous_10)
FN:186,(anonymous_11)
FN:207,(anonymous_12)
FNF:13
FNH:0
FNDA:0,EducationForm
FNDA:0,handleSubmit
FNDA:0,(anonymous_2)
FNDA:0,(anonymous_3)
FNDA:0,(anonymous_4)
FNDA:0,(anonymous_5)
FNDA:0,(anonymous_6)
FNDA:0,(anonymous_7)
FNDA:0,(anonymous_8)
FNDA:0,(anonymous_9)
FNDA:0,(anonymous_10)
FNDA:0,(anonymous_11)
FNDA:0,(anonymous_12)
DA:18,0
DA:33,0
DA:34,0
DA:35,0
DA:36,0
DA:40,0
DA:44,0
DA:46,0
DA:47,0
DA:51,0
DA:69,0
DA:85,0
DA:101,0
DA:116,0
DA:138,0
DA:157,0
DA:163,0
DA:170,0
DA:180,0
DA:187,0
DA:207,0
LF:21
LH:0
BRDA:19,0,0,0
BRDA:19,0,1,0
BRDA:35,1,0,0
BRDA:35,1,1,0
BRDA:55,2,0,0
BRDA:55,2,1,0
BRDA:137,3,0,0
BRDA:137,3,1,0
BRDA:156,4,0,0
BRDA:156,4,1,0
BRDA:215,5,0,0
BRDA:215,5,1,0
BRF:12
BRH:0
end_of_record
TN:
SF:src\components\EducationSection.jsx
FN:19,formatDate
FN:29,getDuration
FN:42,EducationSection
FN:45,loadEducation
FN:56,deleteEducation
FN:69,(anonymous_5)
FN:74,(anonymous_6)
FN:75,(anonymous_7)
FN:79,(anonymous_8)
FN:84,(anonymous_9)
FN:85,(anonymous_10)
FN:87,(anonymous_11)
FN:88,(anonymous_12)
FN:89,(anonymous_13)
FN:91,(anonymous_14)
FN:141,(anonymous_15)
FN:153,(anonymous_16)
FN:208,(anonymous_17)
FN:215,(anonymous_18)
FNF:19
FNH:0
FNDA:0,formatDate
FNDA:0,getDuration
FNDA:0,EducationSection
FNDA:0,loadEducation
FNDA:0,deleteEducation
FNDA:0,(anonymous_5)
FNDA:0,(anonymous_6)
FNDA:0,(anonymous_7)
FNDA:0,(anonymous_8)
FNDA:0,(anonymous_9)
FNDA:0,(anonymous_10)
FNDA:0,(anonymous_11)
FNDA:0,(anonymous_12)
FNDA:0,(anonymous_13)
FNDA:0,(anonymous_14)
FNDA:0,(anonymous_15)
FNDA:0,(anonymous_16)
FNDA:0,(anonymous_17)
FNDA:0,(anonymous_18)
DA:20,0
DA:21,0
DA:22,0
DA:30,0
DA:31,0
DA:33,0
DA:34,0
DA:35,0
DA:37,0
DA:38,0
DA:39,0
DA:43,0
DA:46,0
DA:47,0
DA:50,0
DA:52,0
DA:57,0
DA:58,0
DA:59,0
DA:62,0
DA:64,0
DA:65,0
DA:69,0
DA:70,0
DA:74,0
DA:75,0
DA:76,0
DA:78,0
DA:79,0
DA:83,0
DA:84,0
DA:85,0
DA:87,0
DA:88,0
DA:89,0
DA:91,0
DA:93,0
DA:143,0
DA:144,0
DA:146,0
DA:147,0
DA:149,0
DA:150,0
DA:151,0
DA:154,0
DA:208,0
DA:215,0
LF:47
LH:0
BRDA:20,0,0,0
BRDA:20,0,1,0
BRDA:30,1,0,0
BRDA:30,1,1,0
BRDA:31,2,0,0
BRDA:31,2,1,0
BRDA:31,3,0,0
BRDA:31,3,1,0
BRDA:37,4,0,0
BRDA:37,4,1,0
BRDA:38,5,0,0
BRDA:38,5,1,0
BRDA:50,6,0,0
BRDA:50,6,1,0
BRDA:57,7,0,0
BRDA:57,7,1,0
BRDA:70,8,0,0
BRDA:70,8,1,0
BRDA:85,9,0,0
BRDA:85,9,1,0
BRDA:85,10,0,0
BRDA:85,10,1,0
BRDA:85,11,0,0
BRDA:85,11,1,0
BRDA:87,12,0,0
BRDA:87,12,1,0
BRDA:88,13,0,0
BRDA:88,13,1,0
BRDA:89,14,0,0
BRDA:89,14,1,0
BRDA:96,15,0,0
BRDA:96,15,1,0
BRDA:115,16,0,0
BRDA:115,16,1,0
BRDA:130,17,0,0
BRDA:130,17,1,0
BRDA:146,18,0,0
BRDA:146,18,1,0
BRDA:146,19,0,0
BRDA:146,19,1,0
BRDA:147,20,0,0
BRDA:147,20,1,0
BRDA:147,21,0,0
BRDA:147,21,1,0
BRDA:149,22,0,0
BRDA:149,22,1,0
BRDA:150,23,0,0
BRDA:150,23,1,0
BRDA:160,24,0,0
BRDA:160,24,1,0
BRDA:169,25,0,0
BRDA:169,25,1,0
BRDA:175,26,0,0
BRDA:175,26,1,0
BRDA:175,26,2,0
BRDA:181,27,0,0
BRDA:181,27,1,0
BRDA:188,28,0,0
BRDA:188,28,1,0
BRDA:188,28,2,0
BRDA:195,29,0,0
BRDA:195,29,1,0
BRDA:208,30,0,0
BRDA:208,30,1,0
BRF:64
BRH:0
end_of_record
TN:
SF:src\components\ElectricBorder.jsx
FN:5,(anonymous_0)
FN:12,(anonymous_1)
FN:38,(anonymous_2)
FN:51,(anonymous_3)
FN:52,(anonymous_4)
FN:64,(anonymous_5)
FN:69,(anonymous_6)
FN:71,(anonymous_7)
FN:74,(anonymous_8)
FNF:9
FNH:6
FNDA:20,(anonymous_0)
FNDA:40,(anonymous_1)
FNDA:0,(anonymous_2)
FNDA:40,(anonymous_3)
FNDA:0,(anonymous_4)
FNDA:20,(anonymous_5)
FNDA:20,(anonymous_6)
FNDA:0,(anonymous_7)
FNDA:20,(anonymous_8)
DA:5,1
DA:6,20
DA:7,20
DA:8,20
DA:9,20
DA:10,20
DA:12,20
DA:13,40
DA:14,40
DA:15,40
DA:17,40
DA:18,40
DA:21,40
DA:22,40
DA:24,40
DA:25,40
DA:26,0
DA:27,0
DA:30,40
DA:31,40
DA:32,0
DA:33,0
DA:36,40
DA:37,40
DA:38,40
DA:40,40
DA:41,40
DA:43,40
DA:44,40
DA:45,40
DA:46,40
DA:47,40
DA:48,40
DA:51,40
DA:52,40
DA:53,0
DA:54,0
DA:55,0
DA:57,0
DA:64,20
DA:65,20
DA:69,20
DA:70,20
DA:71,20
DA:72,20
DA:73,20
DA:74,20
DA:78,20
DA:83,20
LF:49
LH:41
BRDA:5,0,0,20
BRDA:5,1,0,20
BRDA:5,2,0,20
BRDA:5,3,0,20
BRDA:15,4,0,0
BRDA:15,4,1,40
BRDA:15,5,0,40
BRDA:15,5,1,40
BRDA:17,6,0,40
BRDA:17,6,1,0
BRDA:21,7,0,40
BRDA:21,7,1,40
BRDA:21,7,2,40
BRDA:22,8,0,40
BRDA:22,8,1,40
BRDA:22,8,2,40
BRDA:25,9,0,0
BRDA:25,9,1,40
BRDA:31,10,0,0
BRDA:31,10,1,40
BRDA:37,11,0,40
BRDA:37,11,1,0
BRDA:41,12,0,40
BRDA:41,12,1,0
BRDA:41,13,0,40
BRDA:41,13,1,0
BRDA:44,14,0,40
BRDA:44,14,1,0
BRDA:53,15,0,0
BRDA:53,15,1,0
BRDA:70,16,0,0
BRDA:70,16,1,20
BRDA:84,17,0,20
BRDA:84,17,1,19
BRF:34
BRH:23
end_of_record
TN:
SF:src\components\EmploymentForm.jsx
FN:14,EmploymentForm
FN:25,save
FN:72,(anonymous_2)
FN:88,(anonymous_3)
FN:104,(anonymous_4)
FN:120,(anonymous_5)
FN:137,(anonymous_6)
FN:144,(anonymous_7)
FN:150,(anonymous_8)
FN:168,(anonymous_9)
FNF:10
FNH:1
FNDA:2,EmploymentForm
FNDA:0,save
FNDA:0,(anonymous_2)
FNDA:0,(anonymous_3)
FNDA:0,(anonymous_4)
FNDA:0,(anonymous_5)
FNDA:0,(anonymous_6)
FNDA:0,(anonymous_7)
FNDA:0,(anonymous_8)
FNDA:0,(anonymous_9)
DA:15,2
DA:26,0
DA:27,0
DA:28,0
DA:30,0
DA:35,0
DA:36,0
DA:39,0
DA:40,0
DA:41,0
DA:42,0
DA:45,0
DA:46,0
DA:48,0
DA:52,2
DA:53,2
DA:55,2
DA:72,0
DA:88,0
DA:104,0
DA:120,0
DA:137,0
DA:144,0
DA:150,0
DA:168,0
LF:25
LH:4
BRDA:14,0,0,2
BRDA:16,1,0,2
BRDA:16,1,1,1
BRDA:17,2,0,2
BRDA:17,2,1,1
BRDA:18,3,0,2
BRDA:18,3,1,2
BRDA:19,4,0,2
BRDA:19,4,1,1
BRDA:20,5,0,2
BRDA:20,5,1,2
BRDA:21,6,0,2
BRDA:21,6,1,2
BRDA:22,7,0,2
BRDA:22,7,1,2
BRDA:26,8,0,0
BRDA:26,8,1,0
BRDA:26,9,0,0
BRDA:26,9,1,0
BRDA:26,9,2,0
BRDA:30,10,0,0
BRDA:30,10,1,0
BRDA:31,11,0,0
BRDA:31,11,1,0
BRDA:31,11,2,0
BRDA:40,12,0,0
BRDA:40,12,1,0
BRDA:41,13,0,0
BRDA:41,13,1,0
BRDA:45,14,0,0
BRDA:45,14,1,0
BRDA:53,15,0,0
BRDA:53,15,1,2
BRDA:53,16,0,0
BRDA:53,16,1,2
BRDA:59,17,0,1
BRDA:59,17,1,1
BRDA:126,18,0,2
BRDA:126,18,1,2
BRDA:185,19,0,1
BRDA:185,19,1,1
BRF:41
BRH:23
end_of_record
TN:
SF:src\components\EmploymentSection.jsx
FN:7,formatDate
FN:29,EmploymentSection
FN:34,loadEmployment
FN:45,deleteEmployment
FN:58,(anonymous_4)
FN:67,(anonymous_5)
FN:75,(anonymous_6)
FN:76,(anonymous_7)
FN:87,(anonymous_8)
FN:88,(anonymous_9)
FN:103,(anonymous_10)
FN:105,(anonymous_11)
FN:119,(anonymous_12)
FN:125,(anonymous_13)
FNF:14
FNH:10
FNDA:23,formatDate
FNDA:65,EmploymentSection
FNDA:34,loadEmployment
FNDA:2,deleteEmployment
FNDA:33,(anonymous_4)
FNDA:1,(anonymous_5)
FNDA:0,(anonymous_6)
FNDA:0,(anonymous_7)
FNDA:0,(anonymous_8)
FNDA:0,(anonymous_9)
FNDA:1,(anonymous_10)
FNDA:12,(anonymous_11)
FNDA:1,(anonymous_12)
FNDA:2,(anonymous_13)
DA:8,23
DA:10,13
DA:12,13
DA:15,13
DA:18,13
DA:24,0
DA:30,65
DA:31,65
DA:32,65
DA:35,34
DA:36,34
DA:39,34
DA:41,0
DA:46,2
DA:47,1
DA:48,1
DA:51,1
DA:53,0
DA:54,0
DA:58,65
DA:59,33
DA:62,65
DA:67,1
DA:75,0
DA:77,0
DA:78,0
DA:87,0
DA:89,0
DA:90,0
DA:103,1
DA:106,12
DA:119,1
DA:125,2
LF:33
LH:23
BRDA:8,0,0,10
BRDA:8,0,1,13
BRDA:39,1,0,34
BRDA:39,1,1,0
BRDA:46,2,0,1
BRDA:46,2,1,1
BRDA:66,3,0,65
BRDA:66,3,1,64
BRDA:66,3,2,63
BRDA:72,4,0,65
BRDA:72,4,1,1
BRDA:83,5,0,65
BRDA:83,5,1,1
BRDA:95,6,0,65
BRDA:95,6,1,64
BRDA:95,6,2,63
BRDA:97,7,0,52
BRDA:97,7,1,11
BRDA:109,8,0,1
BRDA:109,8,1,11
BRDA:111,9,0,1
BRDA:111,9,1,11
[...]
FN:652,(anonymous_38)
FN:654,(anonymous_39)
FN:657,(anonymous_40)
FN:675,(anonymous_41)
FN:692,(anonymous_42)
FN:697,(anonymous_43)
FN:718,(anonymous_44)
FN:732,(anonymous_45)
FN:746,(anonymous_46)
FN:759,(anonymous_47)
FN:821,(anonymous_48)
FN:834,(anonymous_49)
FN:841,(anonymous_50)
FN:864,(anonymous_51)
FN:869,(anonymous_52)
FN:898,(anonymous_53)
FN:934,(anonymous_54)
FN:968,(anonymous_55)
FN:986,(anonymous_56)
FN:1003,(anonymous_57)
FN:1025,(anonymous_58)
FN:1036,CandidateTeamManagement
FN:1060,(anonymous_60)
FN:1062,(anonymous_61)
FN:1065,(anonymous_62)
FN:1084,(anonymous_63)
FN:1094,(anonymous_64)
FN:1103,(anonymous_65)
FN:1117,(anonymous_66)
FN:1133,(anonymous_67)
FN:1180,(anonymous_68)
FN:1202,(anonymous_69)
FN:1220,(anonymous_70)
FN:1248,(anonymous_71)
FN:1271,(anonymous_72)
FN:1312,(anonymous_73)
FN:1328,(anonymous_74)
FN:1341,(anonymous_75)
FN:1352,(anonymous_76)
FN:1418,(anonymous_77)
FN:1419,(anonymous_78)
FN:1451,(anonymous_79)
FN:1476,(anonymous_80)
FN:1543,(anonymous_81)
FN:1548,(anonymous_82)
FN:1570,(anonymous_83)
FN:1586,(anonymous_84)
FN:1619,(anonymous_85)
FN:1659,(anonymous_86)
FN:1695,TeamManagement
FNF:88
FNH:0
FNDA:0,AdminTeamManagement
FNDA:0,(anonymous_1)
FNDA:0,(anonymous_2)
FNDA:0,(anonymous_3)
FNDA:0,(anonymous_4)
FNDA:0,(anonymous_5)
FNDA:0,(anonymous_6)
FNDA:0,(anonymous_7)
FNDA:0,(anonymous_8)
FNDA:0,(anonymous_9)
FNDA:0,(anonymous_10)
FNDA:0,(anonymous_11)
FNDA:0,(anonymous_12)
FNDA:0,(anonymous_13)
FNDA:0,(anonymous_14)
FNDA:0,(anonymous_15)
FNDA:0,(anonymous_16)
FNDA:0,(anonymous_17)
FNDA:0,(anonymous_18)
FNDA:0,(anonymous_19)
FNDA:0,(anonymous_20)
FNDA:0,(anonymous_21)
FNDA:0,(anonymous_22)
FNDA:0,(anonymous_23)
FNDA:0,(anonymous_24)
FNDA:0,(anonymous_25)
FNDA:0,(anonymous_26)
FNDA:0,(anonymous_27)
FNDA:0,(anonymous_28)
FNDA:0,(anonymous_29)
FNDA:0,(anonymous_30)
FNDA:0,(anonymous_31)
FNDA:0,(anonymous_32)
FNDA:0,(anonymous_33)
FNDA:0,(anonymous_34)
FNDA:0,(anonymous_35)
FNDA:0,(anonymous_36)
FNDA:0,MentorTeamManagement
FNDA:0,(anonymous_38)
FNDA:0,(anonymous_39)
FNDA:0,(anonymous_40)
FNDA:0,(anonymous_41)
FNDA:0,(anonymous_42)
FNDA:0,(anonymous_43)
FNDA:0,(anonymous_44)
FNDA:0,(anonymous_45)
FNDA:0,(anonymous_46)
FNDA:0,(anonymous_47)
FNDA:0,(anonymous_48)
FNDA:0,(anonymous_49)
FNDA:0,(anonymous_50)
FNDA:0,(anonymous_51)
FNDA:0,(anonymous_52)
FNDA:0,(anonymous_53)
FNDA:0,(anonymous_54)
FNDA:0,(anonymous_55)
FNDA:0,(anonymous_56)
FNDA:0,(anonymous_57)
FNDA:0,(anonymous_58)
FNDA:0,CandidateTeamManagement
FNDA:0,(anonymous_60)
FNDA:0,(anonymous_61)
FNDA:0,(anonymous_62)
FNDA:0,(anonymous_63)
FNDA:0,(anonymous_64)
FNDA:0,(anonymous_65)
FNDA:0,(anonymous_66)
FNDA:0,(anonymous_67)
FNDA:0,(anonymous_68)
FNDA:0,(anonymous_69)
FNDA:0,(anonymous_70)
FNDA:0,(anonymous_71)
FNDA:0,(anonymous_72)
FNDA:0,(anonymous_73)
FNDA:0,(anonymous_74)
FNDA:0,(anonymous_75)
FNDA:0,(anonymous_76)
FNDA:0,(anonymous_77)
FNDA:0,(anonymous_78)
FNDA:0,(anonymous_79)
FNDA:0,(anonymous_80)
FNDA:0,(anonymous_81)
FNDA:0,(anonymous_82)
FNDA:0,(anonymous_83)
FNDA:0,(anonymous_84)
FNDA:0,(anonymous_85)
FNDA:0,(anonymous_86)
FNDA:0,TeamManagement
DA:7,0
DA:23,0
DA:24,0
DA:25,0
DA:26,0
DA:27,0
DA:28,0
DA:29,0
DA:30,0
DA:31,0
DA:32,0
DA:33,0
DA:34,0
DA:35,0
DA:36,0
DA:37,0
DA:38,0
DA:39,0
DA:40,0
DA:42,0
DA:43,0
DA:44,0
DA:45,0
DA:48,0
DA:49,0
DA:50,0
DA:53,0
DA:54,0
DA:55,0
DA:58,0
DA:59,0
DA:61,0
DA:62,0
DA:63,0
DA:66,0
DA:68,0
DA:72,0
DA:74,0
DA:75,0
DA:76,0
DA:78,0
DA:79,0
DA:80,0
DA:82,0
DA:88,0
DA:90,0
DA:91,0
DA:92,0
DA:94,0
DA:95,0
DA:96,0
DA:97,0
DA:100,0
DA:102,0
DA:108,0
DA:109,0
DA:112,0
DA:113,0
DA:114,0
DA:115,0
DA:119,0
DA:120,0
DA:121,0
DA:122,0
DA:123,0
DA:125,0
DA:126,0
DA:127,0
DA:128,0
DA:129,0
DA:130,0
DA:132,0
DA:133,0
DA:135,0
DA:139,0
DA:140,0
DA:141,0
DA:142,0
DA:144,0
DA:145,0
DA:148,0
DA:149,0
DA:150,0
DA:151,0
DA:153,0
DA:157,0
DA:158,0
DA:160,0
DA:161,0
DA:165,0
DA:166,0
DA:169,0
DA:170,0
DA:171,0
DA:172,0
DA:174,0
DA:175,0
DA:177,0
DA:179,0
DA:180,0
DA:181,0
DA:183,0
DA:187,0
DA:188,0
DA:189,0
DA:190,0
DA:191,0
DA:192,0
DA:196,0
DA:197,0
DA:198,0
DA:199,0
DA:201,0
DA:202,0
DA:204,0
DA:208,0
DA:209,0
DA:210,0
DA:211,0
DA:212,0
DA:213,0
DA:215,0
DA:216,0
DA:218,0
DA:222,0
DA:223,0
DA:224,0
DA:225,0
DA:226,0
DA:227,0
DA:229,0
DA:231,0
DA:235,0
DA:236,0
DA:237,0
DA:238,0
DA:240,0
DA:241,0
DA:242,0
DA:243,0
DA:244,0
DA:245,0
DA:247,0
DA:248,0
DA:249,0
DA:251,0
DA:255,0
DA:256,0
DA:257,0
DA:258,0
DA:259,0
DA:260,0
DA:262,0
DA:264,0
DA:268,0
DA:269,0
DA:270,0
DA:271,0
DA:272,0
DA:273,0
DA:275,0
DA:277,0
DA:281,0
DA:283,0
DA:284,0
DA:292,0
DA:301,0
DA:322,0
DA:325,0
DA:338,0
DA:339,0
DA:341,0
DA:342,0
DA:343,0
DA:344,0
DA:357,0
DA:358,0
DA:359,0
DA:367,0
DA:368,0
DA:405,0
DA:410,0
DA:438,0
DA:441,0
DA:450,0
DA:457,0
DA:501,0
DA:504,0
DA:505,0
DA:506,0
DA:508,0
DA:510,0
DA:534,0
DA:568,0
DA:569,0
DA:570,0
DA:571,0
DA:572,0
DA:573,0
DA:576,0
DA:577,0
DA:581,0
DA:582,0
DA:586,0
DA:597,0
DA:601,0
DA:626,0
DA:638,0
DA:639,0
DA:640,0
DA:641,0
DA:642,0
DA:643,0
DA:644,0
DA:645,0
DA:646,0
DA:647,0
DA:648,0
DA:649,0
DA:650,0
DA:652,0
DA:653,0
DA:654,0
DA:657,0
DA:658,0
DA:659,0
DA:660,0
DA:661,0
DA:663,0
DA:664,0
DA:665,0
DA:667,0
DA:669,0
DA:671,0
DA:675,0
DA:676,0
DA:677,0
DA:678,0
DA:680,0
DA:681,0
DA:682,0
DA:683,0
DA:686,0
DA:688,0
DA:692,0
DA:693,0
DA:694,0
DA:697,0
DA:698,0
DA:699,0
DA:700,0
DA:701,0
DA:702,0
DA:706,0
DA:707,0
DA:708,0
DA:709,0
DA:711,0
DA:712,0
DA:714,0
DA:718,0
DA:719,0
DA:720,0
DA:721,0
DA:722,0
DA:723,0
DA:725,0
DA:726,0
DA:728,0
DA:732,0
DA:733,0
DA:734,0
DA:735,0
DA:736,0
DA:737,0
DA:739,0
DA:740,0
DA:742,0
DA:746,0
DA:747,0
DA:748,0
DA:749,0
DA:750,0
DA:751,0
DA:753,0
DA:755,0
DA:759,0
DA:760,0
DA:761,0
DA:762,0
DA:763,0
DA:764,0
DA:766,0
DA:768,0
DA:772,0
DA:773,0
DA:781,0
DA:782,0
DA:783,0
DA:785,0
DA:822,0
DA:825,0
DA:834,0
DA:841,0
DA:864,0
DA:869,0
DA:899,0
DA:902,0
DA:903,0
DA:904,0
DA:905,0
DA:907,0
DA:909,0
DA:911,0
DA:935,0
DA:969,0
DA:970,0
DA:971,0
DA:972,0
DA:973,0
DA:974,0
DA:977,0
DA:978,0
DA:982,0
DA:983,0
DA:987,0
DA:998,0
DA:1003,0
DA:1025,0
DA:1037,0
DA:1038,0
DA:1039,0
DA:1040,0
DA:1041,0
DA:1042,0
DA:1043,0
DA:1045,0
DA:1046,0
DA:1047,0
DA:1048,0
DA:1049,0
DA:1050,0
DA:1051,0
DA:1052,0
DA:1053,0
DA:1054,0
DA:1055,0
DA:1056,0
DA:1057,0
DA:1058,0
DA:1060,0
DA:1061,0
DA:1062,0
DA:1065,0
DA:1066,0
DA:1067,0
DA:1068,0
DA:1069,0
DA:1073,0
DA:1074,0
DA:1075,0
DA:1076,0
DA:1078,0
DA:1079,0
DA:1080,0
DA:1082,0
DA:1084,0
DA:1088,0
DA:1090,0
DA:1094,0
DA:1096,0
DA:1097,0
DA:1099,0
DA:1103,0
DA:1104,0
DA:1105,0
DA:1106,0
DA:1107,0
DA:1108,0
DA:1109,0
DA:1111,0
DA:1113,0
DA:1117,0
DA:1118,0
DA:1119,0
DA:1120,0
DA:1121,0
DA:1122,0
DA:1123,0
DA:1124,0
DA:1126,0
DA:1127,0
DA:1129,0
DA:1133,0
DA:1134,0
DA:1137,0
DA:1138,0
DA:1139,0
DA:1143,0
DA:1144,0
DA:1145,0
DA:1148,0
DA:1149,0
DA:1150,0
DA:1154,0
DA:1155,0
DA:1156,0
DA:1159,0
DA:1160,0
DA:1161,0
DA:1164,0
DA:1165,0
DA:1166,0
DA:1167,0
DA:1169,0
DA:1170,0
DA:1172,0
DA:1173,0
DA:1174,0
DA:1176,0
DA:1180,0
DA:1181,0
DA:1182,0
DA:1183,0
DA:1184,0
DA:1185,0
DA:1189,0
DA:1190,0
DA:1191,0
DA:1192,0
DA:1194,0
DA:1195,0
DA:1196,0
DA:1198,0
DA:1202,0
DA:1203,0
DA:1204,0
DA:1205,0
DA:1207,0
DA:1208,0
DA:1209,0
DA:1210,0
DA:1211,0
DA:1213,0
DA:1214,0
DA:1216,0
DA:1220,0
DA:1221,0
DA:1222,0
DA:1223,0
DA:1225,0
DA:1226,0
DA:1230,0
DA:1231,0
DA:1234,0
DA:1235,0
DA:1236,0
DA:1237,0
DA:1238,0
DA:1240,0
DA:1241,0
DA:1242,0
DA:1244,0
DA:1248,0
DA:1249,0
DA:1250,0
DA:1251,0
DA:1253,0
DA:1254,0
DA:1255,0
DA:1258,0
DA:1259,0
DA:1260,0
DA:1261,0
DA:1263,0
DA:1264,0
DA:1265,0
DA:1267,0
DA:1271,0
DA:1272,0
DA:1273,0
DA:1274,0
DA:1275,0
DA:1277,0
DA:1278,0
DA:1279,0
DA:1280,0
DA:1281,0
DA:1282,0
DA:1284,0
DA:1285,0
DA:1287,0
DA:1292,0
DA:1293,0
DA:1312,0
DA:1328,0
DA:1342,0
DA:1352,0
DA:1370,0
DA:1371,0
DA:1390,0
DA:1391,0
DA:1409,0
DA:1418,0
DA:1420,0
DA:1421,0
DA:1422,0
DA:1423,0
DA:1452,0
DA:1453,0
DA:1477,0
DA:1478,0
DA:1543,0
DA:1548,0
DA:1570,0
DA:1586,0
DA:1620,0
DA:1623,0
DA:1625,0
DA:1660,0
DA:1661,0
DA:1662,0
DA:1663,0
DA:1664,0
DA:1665,0
DA:1667,0
DA:1669,0
DA:1696,0
DA:1698,0
DA:1699,0
DA:1707,0
DA:1708,0
DA:1711,0
DA:1712,0
DA:1715,0
LF:535
LH:0
BRDA:43,0,0,0
BRDA:43,0,1,0
BRDA:61,1,0,0
BRDA:61,1,1,0
BRDA:62,2,0,0
BRDA:62,2,1,0
BRDA:62,3,0,0
BRDA:62,3,1,0
BRDA:74,4,0,0
BRDA:74,4,1,0
BRDA:80,5,0,0
BRDA:80,5,1,0
BRDA:90,6,0,0
BRDA:90,6,1,0
BRDA:97,7,0,0
BRDA:97,7,1,0
BRDA:113,8,0,0
BRDA:113,8,1,0
BRDA:121,9,0,0
BRDA:121,9,1,0
BRDA:132,10,0,0
BRDA:132,10,1,0
BRDA:132,10,2,0
BRDA:140,11,0,0
BRDA:140,11,1,0
BRDA:153,12,0,0
BRDA:153,12,1,0
BRDA:160,13,0,0
BRDA:160,13,1,0
BRDA:165,14,0,0
BRDA:165,14,1,0
BRDA:174,15,0,0
BRDA:174,15,1,0
BRDA:181,16,0,0
BRDA:181,16,1,0
BRDA:181,16,2,0
BRDA:189,17,0,0
BRDA:189,17,1,0
BRDA:189,18,0,0
BRDA:189,18,1,0
BRDA:202,19,0,0
BRDA:202,19,1,0
BRDA:216,20,0,0
BRDA:216,20,1,0
BRDA:236,21,0,0
BRDA:236,21,1,0
BRDA:237,22,0,0
BRDA:237,22,1,0
BRDA:249,23,0,0
BRDA:249,23,1,0
BRDA:249,23,2,0
BRDA:262,24,0,0
BRDA:262,24,1,0
BRDA:275,25,0,0
BRDA:275,25,1,0
BRDA:283,26,0,0
BRDA:283,26,1,0
BRDA:283,27,0,0
BRDA:283,27,1,0
BRDA:305,28,0,0
BRDA:305,28,1,0
BRDA:310,29,0,0
BRDA:310,29,1,0
BRDA:317,30,0,0
BRDA:317,30,1,0
BRDA:322,31,0,0
BRDA:322,31,1,0
BRDA:329,32,0,0
BRDA:329,32,1,0
BRDA:333,33,0,0
BRDA:333,33,1,0
BRDA:341,34,0,0
BRDA:341,34,1,0
BRDA:342,35,0,0
BRDA:342,35,1,0
BRDA:352,36,0,0
BRDA:352,36,1,0
BRDA:377,37,0,0
BRDA:377,37,1,0
BRDA:394,38,0,0
BRDA:394,38,1,0
BRDA:416,39,0,0
BRDA:416,39,1,0
BRDA:421,40,0,0
BRDA:421,40,1,0
BRDA:424,41,0,0
BRDA:424,41,1,0
BRDA:438,42,0,0
BRDA:438,42,1,0
BRDA:476,43,0,0
BRDA:476,43,1,0
BRDA:486,44,0,0
BRDA:486,44,1,0
BRDA:501,45,0,0
BRDA:501,45,1,0
BRDA:514,46,0,0
BRDA:514,46,1,0
BRDA:530,47,0,0
BRDA:530,47,1,0
BRDA:576,48,0,0
BRDA:576,48,1,0
BRDA:576,49,0,0
BRDA:576,49,1,0
BRDA:581,50,0,0
BRDA:581,50,1,0
BRDA:581,51,0,0
BRDA:581,51,1,0
BRDA:581,51,2,0
BRDA:602,52,0,0
BRDA:602,52,1,0
BRDA:602,52,2,0
BRDA:621,53,0,0
BRDA:621,53,1,0
BRDA:621,53,2,0
BRDA:658,54,0,0
BRDA:658,54,1,0
BRDA:667,55,0,0
BRDA:667,55,1,0
BRDA:676,56,0,0
BRDA:676,56,1,0
BRDA:683,57,0,0
BRDA:683,57,1,0
BRDA:699,58,0,0
BRDA:699,58,1,0
BRDA:699,59,0,0
BRDA:699,59,1,0
BRDA:712,60,0,0
BRDA:712,60,1,0
BRDA:726,61,0,0
BRDA:726,61,1,0
BRDA:740,62,0,0
BRDA:740,62,1,0
BRDA:753,63,0,0
BRDA:753,63,1,0
BRDA:766,64,0,0
BRDA:766,64,1,0
BRDA:772,65,0,0
BRDA:772,65,1,0
BRDA:788,66,0,0
BRDA:788,66,1,0
BRDA:789,67,0,0
BRDA:789,67,1,0
BRDA:801,68,0,0
BRDA:801,68,1,0
BRDA:805,69,0,0
BRDA:805,69,1,0
BRDA:808,70,0,0
BRDA:808,70,1,0
BRDA:822,71,0,0
BRDA:822,71,1,0
BRDA:875,72,0,0
BRDA:875,72,1,0
BRDA:882,73,0,0
BRDA:882,73,1,0
BRDA:884,74,0,0
BRDA:884,74,1,0
BRDA:899,75,0,0
BRDA:899,75,1,0
BRDA:909,76,0,0
BRDA:909,76,1,0
BRDA:915,77,0,0
BRDA:915,77,1,0
BRDA:931,78,0,0
BRDA:931,78,1,0
BRDA:977,79,0,0
BRDA:977,79,1,0
BRDA:977,80,0,0
BRDA:977,80,1,0
BRDA:982,81,0,0
BRDA:982,81,1,0
BRDA:982,82,0,0
BRDA:982,82,1,0
BRDA:982,82,2,0
BRDA:1000,83,0,0
BRDA:1000,83,1,0
BRDA:1020,84,0,0
BRDA:1020,84,1,0
BRDA:1066,85,0,0
BRDA:1066,85,1,0
BRDA:1073,86,0,0
BRDA:1073,86,1,0
BRDA:1073,87,0,0
BRDA:1073,87,1,0
BRDA:1083,88,0,0
BRDA:1083,88,1,0
BRDA:1084,89,0,0
BRDA:1084,89,1,0
BRDA:1096,90,0,0
BRDA:1096,90,1,0
BRDA:1096,91,0,0
BRDA:1096,91,1,0
BRDA:1105,92,0,0
BRDA:1105,92,1,0
BRDA:1109,93,0,0
BRDA:1109,93,1,0
BRDA:1127,94,0,0
BRDA:1127,94,1,0
BRDA:1137,95,0,0
BRDA:1137,95,1,0
BRDA:1137,96,0,0
BRDA:1137,96,1,0
BRDA:1143,97,0,0
BRDA:1143,97,1,0
BRDA:1148,98,0,0
BRDA:1148,98,1,0
BRDA:1154,99,0,0
BRDA:1154,99,1,0
BRDA:1172,100,0,0
BRDA:1172,100,1,0
BRDA:1172,100,2,0
BRDA:1182,101,0,0
BRDA:1182,101,1,0
BRDA:1182,102,0,0
BRDA:1182,102,1,0
BRDA:1182,102,2,0
BRDA:1182,102,3,0
BRDA:1187,103,0,0
BRDA:1187,103,1,0
BRDA:1196,104,0,0
BRDA:1196,104,1,0
BRDA:1196,104,2,0
BRDA:1203,105,0,0
BRDA:1203,105,1,0
BRDA:1204,106,0,0
BRDA:1204,106,1,0
BRDA:1214,107,0,0
BRDA:1214,107,1,0
BRDA:1221,108,0,0
BRDA:1221,108,1,0
BRDA:1222,109,0,0
BRDA:1222,109,1,0
BRDA:1225,110,0,0
BRDA:1225,110,1,0
BRDA:1230,111,0,0
BRDA:1230,111,1,0
BRDA:1242,112,0,0
BRDA:1242,112,1,0
BRDA:1242,112,2,0
BRDA:1249,113,0,0
BRDA:1249,113,1,0
BRDA:1249,114,0,0
BRDA:1249,114,1,0
BRDA:1265,115,0,0
BRDA:1265,115,1,0
BRDA:1265,115,2,0
BRDA:1273,116,0,0
BRDA:1273,116,1,0
BRDA:1284,117,0,0
BRDA:1284,117,1,0
BRDA:1284,117,2,0
BRDA:1292,118,0,0
BRDA:1292,118,1,0
BRDA:1297,119,0,0
BRDA:1297,119,1,0
BRDA:1316,120,0,0
BRDA:1316,120,1,0
BRDA:1332,121,0,0
BRDA:1332,121,1,0
BRDA:1337,122,0,0
BRDA:1337,122,1,0
BRDA:1347,123,0,0
BRDA:1347,123,1,0
BRDA:1370,124,0,0
BRDA:1370,124,1,0
BRDA:1374,125,0,0
BRDA:1374,125,1,0
BRDA:1390,126,0,0
BRDA:1390,126,1,0
BRDA:1394,127,0,0
BRDA:1394,127,1,0
BRDA:1413,128,0,0
BRDA:1413,128,1,0
BRDA:1420,129,0,0
BRDA:1420,129,1,0
BRDA:1421,130,0,0
BRDA:1421,130,1,0
BRDA:1445,131,0,0
BRDA:1445,131,1,0
BRDA:1462,132,0,0
BRDA:1462,132,1,0
BRDA:1471,133,0,0
BRDA:1471,133,1,0
BRDA:1473,134,0,0
BRDA:1473,134,1,0
BRDA:1477,135,0,0
BRDA:1477,135,1,0
BRDA:1487,136,0,0
BRDA:1487,136,1,0
BRDA:1503,137,0,0
BRDA:1503,137,1,0
BRDA:1508,138,0,0
BRDA:1508,138,1,0
BRDA:1512,139,0,0
BRDA:1512,139,1,0
BRDA:1528,140,0,0
BRDA:1528,140,1,0
BRDA:1533,141,0,0
BRDA:1533,141,1,0
BRDA:1555,142,0,0
BRDA:1555,142,1,0
BRDA:1574,143,0,0
BRDA:1574,143,1,0
BRDA:1590,144,0,0
BRDA:1590,144,1,0
BRDA:1603,145,0,0
BRDA:1603,145,1,0
BRDA:1605,146,0,0
BRDA:1605,146,1,0
BRDA:1615,147,0,0
BRDA:1615,147,1,0
BRDA:1620,148,0,0
BRDA:1620,148,1,0
BRDA:1629,149,0,0
BRDA:1629,149,1,0
BRDA:1654,150,0,0
BRDA:1654,150,1,0
BRDA:1656,151,0,0
BRDA:1656,151,1,0
BRDA:1660,152,0,0
BRDA:1660,152,1,0
BRDA:1667,153,0,0
BRDA:1667,153,1,0
BRDA:1698,154,0,0
BRDA:1698,154,1,0
BRDA:1707,155,0,0
BRDA:1707,155,1,0
BRDA:1711,156,0,0
BRDA:1711,156,1,0
BRF:328
BRH:0
end_of_record
TN:
SF:src\pages\Resume\Resume.jsx
FN:8,Resume
FN:14,handleTemplateSelect
FN:19,(anonymous_2)
FN:23,loadResumes
FN:32,handleUploadSuccess
FN:47,(anonymous_5)
FNF:6
FNH:6
FNDA:24,Resume
FNDA:1,handleTemplateSelect
FNDA:13,(anonymous_2)
FNDA:15,loadResumes
FNDA:2,handleUploadSuccess
FNDA:6,(anonymous_5)
DA:9,24
DA:10,24
DA:11,24
DA:15,1
DA:19,24
DA:20,13
DA:24,15
DA:25,15
DA:26,14
DA:28,1
DA:33,2
DA:34,2
DA:37,24
DA:47,6
LF:14
LH:14
BRDA:26,0,0,14
BRDA:26,0,1,0
BRDA:58,1,0,5
BRDA:58,1,1,19
BRDA:62,2,0,24
BRDA:62,2,1,5
BRF:6
BRH:5
end_of_record
TN:
SF:src\pages\Resume\SavedResumes.jsx
FN:5,SavedResumes
FN:11,(anonymous_1)
FN:12,fetchResumes
FN:19,(anonymous_3)
FN:25,(anonymous_4)
FN:39,(anonymous_5)
FN:40,handleClickOutside
FN:41,(anonymous_7)
FN:49,(anonymous_8)
FN:52,(anonymous_9)
FN:66,(anonymous_10)
FN:77,(anonymous_11)
FN:81,(anonymous_12)
FN:93,(anonymous_13)
FN:97,(anonymous_14)
FNF:15
FNH:0
FNDA:0,SavedResumes
FNDA:0,(anonymous_1)
FNDA:0,fetchResumes
FNDA:0,(anonymous_3)
FNDA:0,(anonymous_4)
FNDA:0,(anonymous_5)
FNDA:0,handleClickOutside
FNDA:0,(anonymous_7)
FNDA:0,(anonymous_8)
FNDA:0,(anonymous_9)
FNDA:0,(anonymous_10)
FNDA:0,(anonymous_11)
FNDA:0,(anonymous_12)
FNDA:0,(anonymous_13)
FNDA:0,(anonymous_14)
DA:6,0
DA:7,0
DA:8,0
DA:9,0
DA:11,0
DA:13,0
DA:14,0
DA:18,0
DA:20,0
DA:21,0
DA:22,0
DA:23,0
DA:25,0
DA:30,0
DA:32,0
DA:35,0
DA:39,0
DA:41,0
DA:42,0
DA:43,0
DA:44,0
DA:48,0
DA:49,0
DA:52,0
DA:53,0
DA:57,0
DA:60,0
DA:67,0
DA:77,0
DA:82,0
DA:94,0
DA:97,0
LF:32
LH:0
BRDA:19,0,0,0
BRDA:19,0,1,0
BRDA:20,1,0,0
BRDA:20,1,1,0
BRDA:21,2,0,0
BRDA:21,2,1,0
BRDA:22,3,0,0
BRDA:22,3,1,0
BRDA:43,4,0,0
BRDA:43,4,1,0
BRDA:43,5,0,0
BRDA:43,5,1,0
BRDA:63,6,0,0
BRDA:63,6,1,0
BRDA:69,7,0,0
BRDA:69,7,1,0
BRDA:82,8,0,0
BRDA:82,8,1,0
BRDA:90,9,0,0
BRDA:90,9,1,0
BRF:20
BRH:0
end_of_record
TN:
SF:src\pages\SkillsGap\SkillsGapAnalysis.jsx
FN:8,SkillsGapAnalysis
FN:17,(anonymous_1)
FN:18,load
FN:30,(anonymous_3)
FN:47,updateProgress
FN:55,(anonymous_5)
FN:109,(anonymous_6)
FN:133,(anonymous_7)
FN:140,(anonymous_8)
FN:162,(anonymous_9)
FN:172,(anonymous_10)
FN:182,(anonymous_11)
FN:208,(anonymous_12)
FN:213,(anonymous_13)
FNF:14
FNH:0
FNDA:0,SkillsGapAnalysis
FNDA:0,(anonymous_1)
FNDA:0,load
FNDA:0,(anonymous_3)
FNDA:0,updateProgress
FNDA:0,(anonymous_5)
FNDA:0,(anonymous_6)
FNDA:0,(anonymous_7)
FNDA:0,(anonymous_8)
FNDA:0,(anonymous_9)
FNDA:0,(anonymous_10)
FNDA:0,(anonymous_11)
FNDA:0,(anonymous_12)
FNDA:0,(anonymous_13)
DA:9,0
DA:10,0
DA:11,0
DA:12,0
DA:13,0
DA:14,0
DA:17,0
DA:19,0
DA:20,0
DA:23,0
DA:24,0
DA:27,0
DA:29,0
DA:30,0
DA:31,0
DA:34,0
DA:37,0
DA:38,0
DA:40,0
DA:43,0
DA:48,0
DA:50,0
DA:51,0
DA:53,0
DA:55,0
DA:60,0
DA:61,0
DA:63,0
DA:70,0
DA:71,0
DA:72,0
DA:80,0
DA:82,0
DA:89,0
DA:110,0
DA:134,0
DA:135,0
DA:141,0
DA:163,0
DA:173,0
DA:183,0
DA:184,0
DA:186,0
DA:209,0
DA:214,0
LF:45
LH:0
BRDA:30,0,0,0
BRDA:30,0,1,0
BRDA:70,1,0,0
BRDA:70,1,1,0
BRDA:71,2,0,0
BRDA:71,2,1,0
BRDA:72,3,0,0
BRDA:72,3,1,0
BRDA:75,4,0,0
BRDA:76,5,0,0
BRDA:77,6,0,0
BRDA:78,7,0,0
BRDA:79,8,0,0
BRDA:104,9,0,0
BRDA:104,9,1,0
BRDA:138,10,0,0
BRDA:138,10,1,0
BRDA:161,11,0,0
BRDA:161,11,1,0
BRDA:171,12,0,0
BRDA:171,12,1,0
BRDA:181,13,0,0
BRDA:181,13,1,0
BRDA:184,14,0,0
BRDA:184,14,1,0
BRDA:204,15,0,0
BRDA:204,15,1,0
BRF:27
BRH:0
end_of_record
TN:
SF:src\utils\apiErrorMessages.js
FN:12,getUserFriendlyErrorMessage
FN:77,getServiceNameFromError
FN:92,(anonymous_2)
FN:105,isRateLimitError
FN:121,isServiceUnavailableError
FN:133,getErrorAdvice
FNF:6
FNH:6
FNDA:24,getUserFriendlyErrorMessage
FNDA:11,getServiceNameFromError
FNDA:119,(anonymous_2)
FNDA:11,isRateLimitError
FNDA:8,isServiceUnavailableError
FNDA:8,getErrorAdvice
DA:14,24
DA:15,24
DA:16,24
DA:17,24
DA:20,24
DA:21,7
DA:22,7
DA:26,17
DA:27,2
DA:28,2
DA:32,15
DA:33,1
DA:37,14
DA:38,2
DA:39,2
DA:43,12
DA:44,3
DA:48,9
DA:49,3
DA:53,6
DA:54,2
DA:58,4
DA:59,1
DA:60,1
DA:64,3
DA:65,1
DA:69,2
DA:78,11
DA:79,11
DA:91,11
DA:92,119
DA:93,6
DA:97,5
DA:106,11
DA:107,11
DA:108,11
DA:110,11
DA:122,8
DA:123,8
DA:125,8
DA:135,8
DA:136,5
DA:137,5
DA:138,2
DA:140,3
DA:141,2
DA:143,1
DA:147,3
DA:148,1
DA:151,2
DA:152,1
DA:155,1
LF:52
LH:52
BRDA:12,0,0,24
BRDA:14,1,0,24
BRDA:14,1,1,11
BRDA:15,2,0,24
BRDA:15,2,1,11
BRDA:16,3,0,24
BRDA:16,3,1,11
BRDA:17,4,0,24
BRDA:17,4,1,22
BRDA:17,4,2,16
BRDA:17,4,3,11
BRDA:20,5,0,7
BRDA:20,5,1,17
BRDA:21,6,0,7
BRDA:21,6,1,6
BRDA:22,7,0,6
BRDA:22,7,1,1
BRDA:26,8,0,2
BRDA:26,8,1,15
BRDA:26,9,0,17
BRDA:26,9,1,2
BRDA:26,9,2,1
BRDA:27,10,0,2
BRDA:27,10,1,2
BRDA:28,11,0,0
BRDA:28,11,1,2
BRDA:32,12,0,1
BRDA:32,12,1,14
BRDA:37,13,0,2
BRDA:37,13,1,12
BRDA:38,14,0,2
BRDA:38,14,1,2
BRDA:39,15,0,1
BRDA:39,15,1,1
BRDA:43,16,0,3
BRDA:43,16,1,9
BRDA:43,17,0,12
BRDA:43,17,1,11
BRDA:43,17,2,10
BRDA:48,18,0,3
BRDA:48,18,1,6
BRDA:48,19,0,9
BRDA:48,19,1,8
BRDA:48,19,2,7
BRDA:53,20,0,2
BRDA:53,20,1,4
BRDA:53,21,0,6
BRDA:53,21,1,5
BRDA:58,22,0,1
BRDA:58,22,1,3
BRDA:58,23,0,4
BRDA:58,23,1,4
BRDA:59,24,0,1
BRDA:59,24,1,1
BRDA:60,25,0,0
BRDA:60,25,1,1
BRDA:64,26,0,1
BRDA:64,26,1,2
BRDA:65,27,0,1
BRDA:65,27,1,0
BRDA:69,28,0,2
BRDA:69,28,1,1
BRDA:92,29,0,6
BRDA:92,29,1,63
BRDA:106,30,0,11
BRDA:106,30,1,4
BRDA:107,31,0,11
BRDA:107,31,1,4
BRDA:108,32,0,11
BRDA:108,32,1,10
BRDA:108,32,2,9
BRDA:108,32,3,7
BRDA:110,33,0,11
BRDA:110,33,1,8
BRDA:110,33,2,2
BRDA:110,33,3,1
BRDA:110,33,4,6
BRDA:110,33,5,5
BRDA:122,34,0,8
BRDA:122,34,1,2
BRDA:123,35,0,8
BRDA:123,35,1,1
BRDA:125,36,0,8
BRDA:125,36,1,5
BRDA:125,36,2,3
BRDA:135,37,0,5
BRDA:135,37,1,3
BRDA:137,38,0,2
BRDA:137,38,1,3
BRDA:137,39,0,5
BRDA:137,39,1,4
BRDA:140,40,0,2
BRDA:140,40,1,1
BRDA:140,41,0,3
BRDA:140,41,1,2
BRDA:147,42,0,1
BRDA:147,42,1,2
BRDA:151,43,0,1
BRDA:151,43,1,1
BRF:99
BRH:96
end_of_record
TN:
SF:src\utils\auth.js
FN:9,(anonymous_0)
FN:42,(anonymous_1)
FN:50,(anonymous_2)
FN:68,(anonymous_3)
FNF:4
FNH:4
FNDA:9,(anonymous_0)
FNDA:3,(anonymous_1)
FNDA:4,(anonymous_2)
FNDA:4,(anonymous_3)
DA:9,1
DA:10,9
DA:11,9
DA:13,9
DA:14,1
DA:15,1
DA:19,8
DA:20,8
DA:23,8
DA:25,9
DA:26,1
DA:27,1
DA:31,5
DA:33,2
DA:34,2
DA:42,1
DA:43,3
DA:50,1
DA:51,4
DA:52,4
DA:53,4
DA:55,3
DA:56,3
DA:57,3
DA:59,1
DA:60,1
DA:68,1
DA:69,4
DA:70,4
DA:71,4
DA:73,3
DA:74,3
DA:76,2
DA:77,2
LF:34
LH:34
BRDA:13,0,0,1
BRDA:13,0,1,8
BRDA:23,1,0,8
BRDA:23,1,1,4
BRDA:23,1,2,3
BRDA:23,1,3,2
BRDA:25,2,0,1
BRDA:25,2,1,8
BRDA:31,3,0,4
BRDA:31,3,1,1
BRDA:53,4,0,1
BRDA:53,4,1,3
BRDA:57,5,0,3
BRDA:57,5,1,1
BRDA:71,6,0,1
BRDA:71,6,1,3
BRF:16
BRH:16
end_of_record
