{"C:\\Users\\Zaid Hasan\\OneDrive\\Desktop\\New ATS\\Aandsz-Forces-ATS-CS490\\backend\\auth.js": {"path":"C:\\Users\\Zaid Hasan\\OneDrive\\Desktop\\New ATS\\Aandsz-Forces-ATS-CS490\\backend\\auth.js","statementMap":{"0":{"start":{"line":4,"column":12},"end":{"line":4,"column":43}},"1":{"start":{"line":5,"column":16},"end":{"line":5,"column":64}},"2":{"start":{"line":6,"column":2},"end":{"line":6,"column":65}},"3":{"start":{"line":6,"column":14},"end":{"line":6,"column":65}},"4":{"start":{"line":8,"column":2},"end":{"line":18,"column":3}},"5":{"start":{"line":9,"column":17},"end":{"line":9,"column":58}},"6":{"start":{"line":11,"column":4},"end":{"line":11,"column":50}},"7":{"start":{"line":12,"column":4},"end":{"line":12,"column":11}},"8":{"start":{"line":14,"column":4},"end":{"line":16,"column":5}},"9":{"start":{"line":15,"column":6},"end":{"line":15,"column":62}},"10":{"start":{"line":17,"column":4},"end":{"line":17,"column":60}}},"fnMap":{"0":{"name":"auth","decl":{"start":{"line":3,"column":16},"end":{"line":3,"column":20}},"loc":{"start":{"line":3,"column":37},"end":{"line":19,"column":1}},"line":3}},"branchMap":{"0":{"loc":{"start":{"line":4,"column":12},"end":{"line":4,"column":43}},"type":"binary-expr","locations":[{"start":{"line":4,"column":12},"end":{"line":4,"column":37}},{"start":{"line":4,"column":41},"end":{"line":4,"column":43}}],"line":4},"1":{"loc":{"start":{"line":5,"column":16},"end":{"line":5,"column":64}},"type":"cond-expr","locations":[{"start":{"line":5,"column":42},"end":{"line":5,"column":57}},{"start":{"line":5,"column":60},"end":{"line":5,"column":64}}],"line":5},"2":{"loc":{"start":{"line":6,"column":2},"end":{"line":6,"column":65}},"type":"if","locations":[{"start":{"line":6,"column":2},"end":{"line":6,"column":65}},{"start":{},"end":{}}],"line":6},"3":{"loc":{"start":{"line":14,"column":4},"end":{"line":16,"column":5}},"type":"if","locations":[{"start":{"line":14,"column":4},"end":{"line":16,"column":5}},{"start":{},"end":{}}],"line":14}},"s":{"0":164,"1":164,"2":164,"3":18,"4":146,"5":146,"6":145,"7":145,"8":1,"9":0,"10":1},"f":{"0":164},"b":{"0":[164,18],"1":[146,18],"2":[18,146],"3":[0,1]},"inputSourceMap":null,"_coverageSchema":"1a1c01bbd47fc00a2c39e90264f33305004495a9","hash":"58396aedd3f50e76b68bfeb020ae1ef104a4e308"}
,"C:\\Users\\Zaid Hasan\\OneDrive\\Desktop\\New ATS\\Aandsz-Forces-ATS-CS490\\backend\\server.js": {"path":"C:\\Users\\Zaid Hasan\\OneDrive\\Desktop\\New ATS\\Aandsz-Forces-ATS-CS490\\backend\\server.js","statementMap":{"0":{"start":{"line":44,"column":0},"end":{"line":44,"column":16}},"1":{"start":{"line":45,"column":0},"end":{"line":48,"column":2}},"2":{"start":{"line":49,"column":17},"end":{"line":49,"column":20}},"3":{"start":{"line":50,"column":12},"end":{"line":50,"column":21}},"4":{"start":{"line":52,"column":19},"end":{"line":52,"column":49}},"5":{"start":{"line":53,"column":18},"end":{"line":53,"column":42}},"6":{"start":{"line":57,"column":20},"end":{"line":63,"column":2}},"7":{"start":{"line":66,"column":0},"end":{"line":66,"column":70}},"8":{"start":{"line":67,"column":0},"end":{"line":67,"column":24}},"9":{"start":{"line":70,"column":0},"end":{"line":70,"column":69}},"10":{"start":{"line":73,"column":19},"end":{"line":75,"column":1}},"11":{"start":{"line":77,"column":0},"end":{"line":81,"column":1}},"12":{"start":{"line":79,"column":4},"end":{"line":79,"column":23}},"13":{"start":{"line":80,"column":4},"end":{"line":80,"column":40}},"14":{"start":{"line":83,"column":13},"end":{"line":83,"column":33}},"15":{"start":{"line":86,"column":0},"end":{"line":91,"column":1}},"16":{"start":{"line":87,"column":2},"end":{"line":90,"column":74}},"17":{"start":{"line":89,"column":16},"end":{"line":89,"column":56}},"18":{"start":{"line":90,"column":20},"end":{"line":90,"column":72}},"19":{"start":{"line":94,"column":19},"end":{"line":94,"column":67}},"20":{"start":{"line":95,"column":22},"end":{"line":95,"column":61}},"21":{"start":{"line":98,"column":2},"end":{"line":100,"column":5}},"22":{"start":{"line":104,"column":19},"end":{"line":104,"column":28}},"23":{"start":{"line":107,"column":0},"end":{"line":151,"column":3}},"24":{"start":{"line":114,"column":6},"end":{"line":114,"column":14}},"25":{"start":{"line":115,"column":2},"end":{"line":150,"column":3}},"26":{"start":{"line":116,"column":4},"end":{"line":118,"column":5}},"27":{"start":{"line":117,"column":6},"end":{"line":117,"column":69}},"28":{"start":{"line":119,"column":4},"end":{"line":123,"column":5}},"29":{"start":{"line":120,"column":6},"end":{"line":122,"column":9}},"30":{"start":{"line":124,"column":4},"end":{"line":126,"column":5}},"31":{"start":{"line":125,"column":6},"end":{"line":125,"column":71}},"32":{"start":{"line":127,"column":4},"end":{"line":131,"column":5}},"33":{"start":{"line":128,"column":6},"end":{"line":130,"column":61}},"34":{"start":{"line":133,"column":18},"end":{"line":133,"column":37}},"35":{"start":{"line":134,"column":21},"end":{"line":136,"column":6}},"36":{"start":{"line":137,"column":4},"end":{"line":138,"column":69}},"37":{"start":{"line":138,"column":6},"end":{"line":138,"column":69}},"38":{"start":{"line":140,"column":25},"end":{"line":140,"column":56}},"39":{"start":{"line":141,"column":19},"end":{"line":144,"column":5}},"40":{"start":{"line":145,"column":18},"end":{"line":145,"column":68}},"41":{"start":{"line":146,"column":4},"end":{"line":146,"column":66}},"42":{"start":{"line":148,"column":4},"end":{"line":148,"column":23}},"43":{"start":{"line":149,"column":4},"end":{"line":149,"column":59}},"44":{"start":{"line":154,"column":0},"end":{"line":175,"column":3}},"45":{"start":{"line":155,"column":40},"end":{"line":155,"column":48}},"46":{"start":{"line":156,"column":2},"end":{"line":174,"column":3}},"47":{"start":{"line":157,"column":18},"end":{"line":157,"column":37}},"48":{"start":{"line":158,"column":19},"end":{"line":160,"column":6}},"49":{"start":{"line":161,"column":4},"end":{"line":162,"column":74}},"50":{"start":{"line":162,"column":6},"end":{"line":162,"column":74}},"51":{"start":{"line":164,"column":17},"end":{"line":164,"column":31}},"52":{"start":{"line":165,"column":15},"end":{"line":165,"column":71}},"53":{"start":{"line":166,"column":4},"end":{"line":167,"column":74}},"54":{"start":{"line":167,"column":6},"end":{"line":167,"column":74}},"55":{"start":{"line":169,"column":18},"end":{"line":169,"column":63}},"56":{"start":{"line":170,"column":4},"end":{"line":170,"column":53}},"57":{"start":{"line":172,"column":4},"end":{"line":172,"column":23}},"58":{"start":{"line":173,"column":4},"end":{"line":173,"column":59}},"59":{"start":{"line":178,"column":0},"end":{"line":180,"column":3}},"60":{"start":{"line":179,"column":2},"end":{"line":179,"column":45}},"61":{"start":{"line":184,"column":15},"end":{"line":184,"column":53}},"62":{"start":{"line":187,"column":0},"end":{"line":225,"column":3}},"63":{"start":{"line":188,"column":2},"end":{"line":224,"column":3}},"64":{"start":{"line":189,"column":27},"end":{"line":189,"column":35}},"65":{"start":{"line":190,"column":18},"end":{"line":190,"column":37}},"66":{"start":{"line":191,"column":19},"end":{"line":193,"column":6}},"67":{"start":{"line":196,"column":17},"end":{"line":196,"column":71}},"68":{"start":{"line":197,"column":20},"end":{"line":197,"column":47}},"69":{"start":{"line":198,"column":4},"end":{"line":198,"column":45}},"70":{"start":{"line":200,"column":4},"end":{"line":216,"column":5}},"71":{"start":{"line":202,"column":6},"end":{"line":213,"column":9}},"72":{"start":{"line":215,"column":6},"end":{"line":215,"column":60}},"73":{"start":{"line":218,"column":4},"end":{"line":220,"column":7}},"74":{"start":{"line":222,"column":4},"end":{"line":222,"column":47}},"75":{"start":{"line":223,"column":4},"end":{"line":223,"column":59}},"76":{"start":{"line":228,"column":0},"end":{"line":260,"column":3}},"77":{"start":{"line":229,"column":2},"end":{"line":259,"column":3}},"78":{"start":{"line":230,"column":58},"end":{"line":230,"column":66}},"79":{"start":{"line":232,"column":4},"end":{"line":233,"column":63}},"80":{"start":{"line":233,"column":6},"end":{"line":233,"column":63}},"81":{"start":{"line":234,"column":4},"end":{"line":235,"column":71}},"82":{"start":{"line":235,"column":6},"end":{"line":235,"column":71}},"83":{"start":{"line":236,"column":4},"end":{"line":240,"column":5}},"84":{"start":{"line":237,"column":6},"end":{"line":239,"column":9}},"85":{"start":{"line":242,"column":18},"end":{"line":242,"column":37}},"86":{"start":{"line":243,"column":18},"end":{"line":243,"column":39}},"87":{"start":{"line":244,"column":4},"end":{"line":246,"column":5}},"88":{"start":{"line":245,"column":6},"end":{"line":245,"column":72}},"89":{"start":{"line":248,"column":25},"end":{"line":248,"column":59}},"90":{"start":{"line":249,"column":4},"end":{"line":252,"column":7}},"91":{"start":{"line":253,"column":4},"end":{"line":253,"column":29}},"92":{"start":{"line":255,"column":4},"end":{"line":255,"column":63}},"93":{"start":{"line":257,"column":4},"end":{"line":257,"column":39}},"94":{"start":{"line":258,"column":4},"end":{"line":258,"column":59}},"95":{"start":{"line":263,"column":0},"end":{"line":276,"column":3}},"96":{"start":{"line":264,"column":2},"end":{"line":275,"column":3}},"97":{"start":{"line":265,"column":19},"end":{"line":268,"column":5}},"98":{"start":{"line":269,"column":4},"end":{"line":270,"column":58}},"99":{"start":{"line":270,"column":6},"end":{"line":270,"column":58}},"100":{"start":{"line":271,"column":4},"end":{"line":271,"column":39}},"101":{"start":{"line":273,"column":4},"end":{"line":273,"column":23}},"102":{"start":{"line":274,"column":4},"end":{"line":274,"column":52}},"103":{"start":{"line":278,"column":0},"end":{"line":290,"column":3}},"104":{"start":{"line":279,"column":44},"end":{"line":279,"column":52}},"105":{"start":{"line":280,"column":2},"end":{"line":289,"column":3}},"106":{"start":{"line":281,"column":4},"end":{"line":284,"column":6}},"107":{"start":{"line":285,"column":4},"end":{"line":285,"column":37}},"108":{"start":{"line":287,"column":4},"end":{"line":287,"column":23}},"109":{"start":{"line":288,"column":4},"end":{"line":288,"column":52}},"110":{"start":{"line":291,"column":0},"end":{"line":309,"column":3}},"111":{"start":{"line":292,"column":12},"end":{"line":292,"column":43}},"112":{"start":{"line":293,"column":16},"end":{"line":293,"column":64}},"113":{"start":{"line":295,"column":2},"end":{"line":295,"column":32}},"114":{"start":{"line":296,"column":2},"end":{"line":296,"column":41}},"115":{"start":{"line":297,"column":2},"end":{"line":297,"column":53}},"116":{"start":{"line":299,"column":2},"end":{"line":308,"column":3}},"117":{"start":{"line":300,"column":20},"end":{"line":300,"column":61}},"118":{"start":{"line":301,"column":4},"end":{"line":301,"column":41}},"119":{"start":{"line":303,"column":4},"end":{"line":307,"column":7}},"120":{"start":{"line":311,"column":0},"end":{"line":330,"column":3}},"121":{"start":{"line":312,"column":2},"end":{"line":329,"column":3}},"122":{"start":{"line":313,"column":30},"end":{"line":313,"column":38}},"123":{"start":{"line":314,"column":20},"end":{"line":316,"column":6}},"124":{"start":{"line":317,"column":4},"end":{"line":318,"column":58}},"125":{"start":{"line":318,"column":6},"end":{"line":318,"column":58}},"126":{"start":{"line":320,"column":17},"end":{"line":320,"column":32}},"127":{"start":{"line":321,"column":15},"end":{"line":321,"column":71}},"128":{"start":{"line":322,"column":4},"end":{"line":322,"column":72}},"129":{"start":{"line":322,"column":13},"end":{"line":322,"column":72}},"130":{"start":{"line":324,"column":4},"end":{"line":324,"column":68}},"131":{"start":{"line":325,"column":4},"end":{"line":325,"column":45}},"132":{"start":{"line":327,"column":4},"end":{"line":327,"column":23}},"133":{"start":{"line":328,"column":4},"end":{"line":328,"column":52}},"134":{"start":{"line":334,"column":15},"end":{"line":334,"column":61}},"135":{"start":{"line":336,"column":0},"end":{"line":370,"column":3}},"136":{"start":{"line":337,"column":2},"end":{"line":369,"column":3}},"137":{"start":{"line":338,"column":24},"end":{"line":338,"column":32}},"138":{"start":{"line":339,"column":4},"end":{"line":340,"column":72}},"139":{"start":{"line":340,"column":6},"end":{"line":340,"column":72}},"140":{"start":{"line":343,"column":19},"end":{"line":346,"column":6}},"141":{"start":{"line":348,"column":20},"end":{"line":348,"column":39}},"142":{"start":{"line":349,"column":18},"end":{"line":349,"column":46}},"143":{"start":{"line":350,"column":22},"end":{"line":350,"column":52}},"144":{"start":{"line":351,"column":21},"end":{"line":351,"column":50}},"145":{"start":{"line":354,"column":17},"end":{"line":356,"column":6}},"146":{"start":{"line":357,"column":4},"end":{"line":362,"column":5}},"147":{"start":{"line":358,"column":6},"end":{"line":361,"column":8}},"148":{"start":{"line":364,"column":18},"end":{"line":364,"column":61}},"149":{"start":{"line":365,"column":4},"end":{"line":365,"column":60}},"150":{"start":{"line":367,"column":4},"end":{"line":367,"column":48}},"151":{"start":{"line":368,"column":4},"end":{"line":368,"column":60}},"152":{"start":{"line":373,"column":0},"end":{"line":373,"column":31}},"153":{"start":{"line":374,"column":0},"end":{"line":374,"column":30}},"154":{"start":{"line":375,"column":0},"end":{"line":375,"column":40}},"155":{"start":{"line":376,"column":0},"end":{"line":376,"column":33}},"156":{"start":{"line":377,"column":0},"end":{"line":377,"column":33}},"157":{"start":{"line":378,"column":0},"end":{"line":378,"column":32}},"158":{"start":{"line":379,"column":0},"end":{"line":379,"column":31}},"159":{"start":{"line":380,"column":0},"end":{"line":380,"column":32}},"160":{"start":{"line":381,"column":0},"end":{"line":381,"column":41}},"161":{"start":{"line":382,"column":0},"end":{"line":382,"column":38}},"162":{"start":{"line":383,"column":0},"end":{"line":383,"column":37}},"163":{"start":{"line":384,"column":0},"end":{"line":384,"column":38}},"164":{"start":{"line":385,"column":0},"end":{"line":385,"column":39}},"165":{"start":{"line":386,"column":0},"end":{"line":386,"column":55}},"166":{"start":{"line":387,"column":0},"end":{"line":387,"column":35}},"167":{"start":{"line":388,"column":0},"end":{"line":388,"column":44}},"168":{"start":{"line":389,"column":0},"end":{"line":389,"column":52}},"169":{"start":{"line":390,"column":0},"end":{"line":390,"column":54}},"170":{"start":{"line":391,"column":0},"end":{"line":391,"column":54}},"171":{"start":{"line":392,"column":0},"end":{"line":392,"column":48}},"172":{"start":{"line":393,"column":0},"end":{"line":393,"column":57}},"173":{"start":{"line":394,"column":0},"end":{"line":394,"column":50}},"174":{"start":{"line":395,"column":0},"end":{"line":395,"column":61}},"175":{"start":{"line":396,"column":0},"end":{"line":396,"column":33}},"176":{"start":{"line":400,"column":0},"end":{"line":403,"column":3}},"177":{"start":{"line":401,"column":2},"end":{"line":401,"column":27}},"178":{"start":{"line":402,"column":2},"end":{"line":402,"column":58}},"179":{"start":{"line":406,"column":0},"end":{"line":406,"column":52}},"180":{"start":{"line":406,"column":28},"end":{"line":406,"column":50}},"181":{"start":{"line":411,"column":0},"end":{"line":467,"column":3}},"182":{"start":{"line":412,"column":2},"end":{"line":412,"column":59}},"183":{"start":{"line":414,"column":2},"end":{"line":466,"column":3}},"184":{"start":{"line":416,"column":19},"end":{"line":422,"column":6}},"185":{"start":{"line":424,"column":4},"end":{"line":427,"column":5}},"186":{"start":{"line":425,"column":6},"end":{"line":425,"column":46}},"187":{"start":{"line":426,"column":6},"end":{"line":426,"column":13}},"188":{"start":{"line":430,"column":4},"end":{"line":463,"column":5}},"189":{"start":{"line":431,"column":23},"end":{"line":433,"column":7}},"190":{"start":{"line":434,"column":22},"end":{"line":436,"column":8}},"191":{"start":{"line":437,"column":19},"end":{"line":453,"column":7}},"192":{"start":{"line":455,"column":6},"end":{"line":460,"column":9}},"193":{"start":{"line":462,"column":6},"end":{"line":462,"column":73}},"194":{"start":{"line":465,"column":4},"end":{"line":465,"column":57}},"195":{"start":{"line":470,"column":2},"end":{"line":470,"column":67}},"196":{"start":{"line":473,"column":4},"end":{"line":473,"column":62}},"197":{"start":{"line":475,"column":2},"end":{"line":556,"column":3}},"198":{"start":{"line":476,"column":19},"end":{"line":492,"column":5}},"199":{"start":{"line":494,"column":4},"end":{"line":497,"column":5}},"200":{"start":{"line":495,"column":6},"end":{"line":495,"column":46}},"201":{"start":{"line":496,"column":6},"end":{"line":496,"column":13}},"202":{"start":{"line":499,"column":4},"end":{"line":553,"column":5}},"203":{"start":{"line":500,"column":18},"end":{"line":500,"column":28}},"204":{"start":{"line":501,"column":23},"end":{"line":501,"column":45}},"205":{"start":{"line":502,"column":23},"end":{"line":505,"column":7}},"206":{"start":{"line":507,"column":22},"end":{"line":509,"column":8}},"207":{"start":{"line":511,"column":19},"end":{"line":533,"column":7}},"208":{"start":{"line":535,"column":30},"end":{"line":540,"column":8}},"209":{"start":{"line":542,"column":6},"end":{"line":552,"column":7}},"210":{"start":{"line":543,"column":8},"end":{"line":546,"column":10}},"211":{"start":{"line":548,"column":8},"end":{"line":551,"column":10}},"212":{"start":{"line":555,"column":4},"end":{"line":555,"column":57}},"213":{"start":{"line":558,"column":0},"end":{"line":558,"column":33}},"214":{"start":{"line":559,"column":0},"end":{"line":559,"column":32}},"215":{"start":{"line":560,"column":0},"end":{"line":560,"column":41}},"216":{"start":{"line":561,"column":0},"end":{"line":561,"column":38}},"217":{"start":{"line":562,"column":0},"end":{"line":562,"column":37}},"218":{"start":{"line":563,"column":0},"end":{"line":563,"column":38}},"219":{"start":{"line":564,"column":0},"end":{"line":564,"column":39}},"220":{"start":{"line":565,"column":0},"end":{"line":565,"column":56}},"221":{"start":{"line":566,"column":0},"end":{"line":566,"column":35}},"222":{"start":{"line":567,"column":0},"end":{"line":567,"column":52}},"223":{"start":{"line":568,"column":0},"end":{"line":568,"column":54}},"224":{"start":{"line":571,"column":2},"end":{"line":571,"column":60}},"225":{"start":{"line":573,"column":0},"end":{"line":581,"column":3}},"226":{"start":{"line":574,"column":2},"end":{"line":580,"column":3}},"227":{"start":{"line":575,"column":4},"end":{"line":575,"column":34}},"228":{"start":{"line":576,"column":4},"end":{"line":576,"column":80}},"229":{"start":{"line":578,"column":4},"end":{"line":578,"column":60}},"230":{"start":{"line":579,"column":4},"end":{"line":579,"column":66}},"231":{"start":{"line":585,"column":0},"end":{"line":588,"column":1}},"232":{"start":{"line":586,"column":15},"end":{"line":586,"column":39}},"233":{"start":{"line":587,"column":2},"end":{"line":587,"column":83}},"234":{"start":{"line":587,"column":25},"end":{"line":587,"column":81}}},"fnMap":{"0":{"name":"(anonymous_0)","decl":{"start":{"line":89,"column":10},"end":{"line":89,"column":11}},"loc":{"start":{"line":89,"column":16},"end":{"line":89,"column":56}},"line":89},"1":{"name":"(anonymous_1)","decl":{"start":{"line":90,"column":11},"end":{"line":90,"column":12}},"loc":{"start":{"line":90,"column":20},"end":{"line":90,"column":72}},"line":90},"2":{"name":"makeToken","decl":{"start":{"line":97,"column":9},"end":{"line":97,"column":18}},"loc":{"start":{"line":97,"column":25},"end":{"line":101,"column":1}},"line":97},"3":{"name":"(anonymous_3)","decl":{"start":{"line":107,"column":22},"end":{"line":107,"column":23}},"loc":{"start":{"line":107,"column":42},"end":{"line":151,"column":1}},"line":107},"4":{"name":"(anonymous_4)","decl":{"start":{"line":154,"column":19},"end":{"line":154,"column":20}},"loc":{"start":{"line":154,"column":39},"end":{"line":175,"column":1}},"line":154},"5":{"name":"(anonymous_5)","decl":{"start":{"line":178,"column":20},"end":{"line":178,"column":21}},"loc":{"start":{"line":178,"column":35},"end":{"line":180,"column":1}},"line":178},"6":{"name":"(anonymous_6)","decl":{"start":{"line":187,"column":20},"end":{"line":187,"column":21}},"loc":{"start":{"line":187,"column":40},"end":{"line":225,"column":1}},"line":187},"7":{"name":"(anonymous_7)","decl":{"start":{"line":228,"column":19},"end":{"line":228,"column":20}},"loc":{"start":{"line":228,"column":39},"end":{"line":260,"column":1}},"line":228},"8":{"name":"(anonymous_8)","decl":{"start":{"line":263,"column":21},"end":{"line":263,"column":22}},"loc":{"start":{"line":263,"column":41},"end":{"line":276,"column":1}},"line":263},"9":{"name":"(anonymous_9)","decl":{"start":{"line":278,"column":21},"end":{"line":278,"column":22}},"loc":{"start":{"line":278,"column":41},"end":{"line":290,"column":1}},"line":278},"10":{"name":"(anonymous_10)","decl":{"start":{"line":291,"column":27},"end":{"line":291,"column":28}},"loc":{"start":{"line":291,"column":41},"end":{"line":309,"column":1}},"line":291},"11":{"name":"(anonymous_11)","decl":{"start":{"line":311,"column":26},"end":{"line":311,"column":27}},"loc":{"start":{"line":311,"column":46},"end":{"line":330,"column":1}},"line":311},"12":{"name":"(anonymous_12)","decl":{"start":{"line":336,"column":20},"end":{"line":336,"column":21}},"loc":{"start":{"line":336,"column":40},"end":{"line":370,"column":1}},"line":336},"13":{"name":"(anonymous_13)","decl":{"start":{"line":400,"column":8},"end":{"line":400,"column":9}},"loc":{"start":{"line":400,"column":33},"end":{"line":403,"column":1}},"line":400},"14":{"name":"(anonymous_14)","decl":{"start":{"line":406,"column":13},"end":{"line":406,"column":14}},"loc":{"start":{"line":406,"column":28},"end":{"line":406,"column":50}},"line":406},"15":{"name":"(anonymous_15)","decl":{"start":{"line":411,"column":28},"end":{"line":411,"column":29}},"loc":{"start":{"line":411,"column":40},"end":{"line":467,"column":1}},"line":411},"16":{"name":"sendDeadlineReminders","decl":{"start":{"line":469,"column":15},"end":{"line":469,"column":36}},"loc":{"start":{"line":469,"column":39},"end":{"line":557,"column":1}},"line":469},"17":{"name":"(anonymous_17)","decl":{"start":{"line":573,"column":28},"end":{"line":573,"column":29}},"loc":{"start":{"line":573,"column":48},"end":{"line":581,"column":1}},"line":573},"18":{"name":"(anonymous_18)","decl":{"start":{"line":587,"column":19},"end":{"line":587,"column":20}},"loc":{"start":{"line":587,"column":25},"end":{"line":587,"column":81}},"line":587}},"branchMap":{"0":{"loc":{"start":{"line":47,"column":2},"end":{"line":47,"column":47}},"type":"cond-expr","locations":[{"start":{"line":47,"column":31},"end":{"line":47,"column":38}},{"start":{"line":47,"column":41},"end":{"line":47,"column":47}}],"line":47},"1":{"loc":{"start":{"line":77,"column":0},"end":{"line":81,"column":1}},"type":"if","locations":[{"start":{"line":77,"column":0},"end":{"line":81,"column":1}},{"start":{},"end":{}}],"line":77},"2":{"loc":{"start":{"line":86,"column":0},"end":{"line":91,"column":1}},"type":"if","locations":[{"start":{"line":86,"column":0},"end":{"line":91,"column":1}},{"start":{},"end":{}}],"line":86},"3":{"loc":{"start":{"line":94,"column":19},"end":{"line":94,"column":67}},"type":"binary-expr","locations":[{"start":{"line":94,"column":19},"end":{"line":94,"column":41}},{"start":{"line":94,"column":45},"end":{"line":94,"column":67}}],"line":94},"4":{"loc":{"start":{"line":109,"column":4},"end":{"line":109,"column":14}},"type":"default-arg","locations":[{"start":{"line":109,"column":12},"end":{"line":109,"column":14}}],"line":109},"5":{"loc":{"start":{"line":110,"column":4},"end":{"line":110,"column":17}},"type":"default-arg","locations":[{"start":{"line":110,"column":15},"end":{"line":110,"column":17}}],"line":110},"6":{"loc":{"start":{"line":111,"column":4},"end":{"line":111,"column":24}},"type":"default-arg","locations":[{"start":{"line":111,"column":22},"end":{"line":111,"column":24}}],"line":111},"7":{"loc":{"start":{"line":112,"column":4},"end":{"line":112,"column":18}},"type":"default-arg","locations":[{"start":{"line":112,"column":16},"end":{"line":112,"column":18}}],"line":112},"8":{"loc":{"start":{"line":113,"column":4},"end":{"line":113,"column":17}},"type":"default-arg","locations":[{"start":{"line":113,"column":15},"end":{"line":113,"column":17}}],"line":113},"9":{"loc":{"start":{"line":116,"column":4},"end":{"line":118,"column":5}},"type":"if","locations":[{"start":{"line":116,"column":4},"end":{"line":118,"column":5}},{"start":{},"end":{}}],"line":116},"10":{"loc":{"start":{"line":116,"column":8},"end":{"line":116,"column":67}},"type":"binary-expr","locations":[{"start":{"line":116,"column":8},"end":{"line":116,"column":28}},{"start":{"line":116,"column":32},"end":{"line":116,"column":67}}],"line":116},"11":{"loc":{"start":{"line":119,"column":4},"end":{"line":123,"column":5}},"type":"if","locations":[{"start":{"line":119,"column":4},"end":{"line":123,"column":5}},{"start":{},"end":{}}],"line":119},"12":{"loc":{"start":{"line":124,"column":4},"end":{"line":126,"column":5}},"type":"if","locations":[{"start":{"line":124,"column":4},"end":{"line":126,"column":5}},{"start":{},"end":{}}],"line":124},"13":{"loc":{"start":{"line":127,"column":4},"end":{"line":131,"column":5}},"type":"if","locations":[{"start":{"line":127,"column":4},"end":{"line":131,"column":5}},{"start":{},"end":{}}],"line":127},"14":{"loc":{"start":{"line":127,"column":8},"end":{"line":127,"column":45}},"type":"binary-expr","locations":[{"start":{"line":127,"column":8},"end":{"line":127,"column":25}},{"start":{"line":127,"column":29},"end":{"line":127,"column":45}}],"line":127},"15":{"loc":{"start":{"line":137,"column":4},"end":{"line":138,"column":69}},"type":"if","locations":[{"start":{"line":137,"column":4},"end":{"line":138,"column":69}},{"start":{},"end":{}}],"line":137},"16":{"loc":{"start":{"line":155,"column":10},"end":{"line":155,"column":20}},"type":"default-arg","locations":[{"start":{"line":155,"column":18},"end":{"line":155,"column":20}}],"line":155},"17":{"loc":{"start":{"line":155,"column":22},"end":{"line":155,"column":35}},"type":"default-arg","locations":[{"start":{"line":155,"column":33},"end":{"line":155,"column":35}}],"line":155},"18":{"loc":{"start":{"line":161,"column":4},"end":{"line":162,"column":74}},"type":"if","locations":[{"start":{"line":161,"column":4},"end":{"line":162,"column":74}},{"start":{},"end":{}}],"line":161},"19":{"loc":{"start":{"line":165,"column":46},"end":{"line":165,"column":70}},"type":"binary-expr","locations":[{"start":{"line":165,"column":46},"end":{"line":165,"column":64}},{"start":{"line":165,"column":68},"end":{"line":165,"column":70}}],"line":165},"20":{"loc":{"start":{"line":166,"column":4},"end":{"line":167,"column":74}},"type":"if","locations":[{"start":{"line":166,"column":4},"end":{"line":167,"column":74}},{"start":{},"end":{}}],"line":166},"21":{"loc":{"start":{"line":189,"column":12},"end":{"line":189,"column":22}},"type":"default-arg","locations":[{"start":{"line":189,"column":20},"end":{"line":189,"column":22}}],"line":189},"22":{"loc":{"start":{"line":200,"column":4},"end":{"line":216,"column":5}},"type":"if","locations":[{"start":{"line":200,"column":4},"end":{"line":216,"column":5}},{"start":{},"end":{}}],"line":200},"23":{"loc":{"start":{"line":232,"column":4},"end":{"line":233,"column":63}},"type":"if","locations":[{"start":{"line":232,"column":4},"end":{"line":233,"column":63}},{"start":{},"end":{}}],"line":232},"24":{"loc":{"start":{"line":232,"column":8},"end":{"line":232,"column":39}},"type":"binary-expr","locations":[{"start":{"line":232,"column":8},"end":{"line":232,"column":14}},{"start":{"line":232,"column":18},"end":{"line":232,"column":23}},{"start":{"line":232,"column":27},"end":{"line":232,"column":39}}],"line":232},"25":{"loc":{"start":{"line":234,"column":4},"end":{"line":235,"column":71}},"type":"if","locations":[{"start":{"line":234,"column":4},"end":{"line":235,"column":71}},{"start":{},"end":{}}],"line":234},"26":{"loc":{"start":{"line":236,"column":4},"end":{"line":240,"column":5}},"type":"if","locations":[{"start":{"line":236,"column":4},"end":{"line":240,"column":5}},{"start":{},"end":{}}],"line":236},"27":{"loc":{"start":{"line":244,"column":4},"end":{"line":246,"column":5}},"type":"if","locations":[{"start":{"line":244,"column":4},"end":{"line":246,"column":5}},{"start":{},"end":{}}],"line":244},"28":{"loc":{"start":{"line":244,"column":8},"end":{"line":244,"column":67}},"type":"binary-expr","locations":[{"start":{"line":244,"column":8},"end":{"line":244,"column":14}},{"start":{"line":244,"column":18},"end":{"line":244,"column":37}},{"start":{"line":244,"column":41},"end":{"line":244,"column":67}}],"line":244},"29":{"loc":{"start":{"line":269,"column":4},"end":{"line":270,"column":58}},"type":"if","locations":[{"start":{"line":269,"column":4},"end":{"line":270,"column":58}},{"start":{},"end":{}}],"line":269},"30":{"loc":{"start":{"line":279,"column":10},"end":{"line":279,"column":24}},"type":"default-arg","locations":[{"start":{"line":279,"column":22},"end":{"line":279,"column":24}}],"line":279},"31":{"loc":{"start":{"line":279,"column":26},"end":{"line":279,"column":39}},"type":"default-arg","locations":[{"start":{"line":279,"column":37},"end":{"line":279,"column":39}}],"line":279},"32":{"loc":{"start":{"line":292,"column":12},"end":{"line":292,"column":43}},"type":"binary-expr","locations":[{"start":{"line":292,"column":12},"end":{"line":292,"column":37}},{"start":{"line":292,"column":41},"end":{"line":292,"column":43}}],"line":292},"33":{"loc":{"start":{"line":293,"column":16},"end":{"line":293,"column":64}},"type":"cond-expr","locations":[{"start":{"line":293,"column":42},"end":{"line":293,"column":57}},{"start":{"line":293,"column":60},"end":{"line":293,"column":64}}],"line":293},"34":{"loc":{"start":{"line":313,"column":12},"end":{"line":313,"column":25}},"type":"default-arg","locations":[{"start":{"line":313,"column":23},"end":{"line":313,"column":25}}],"line":313},"35":{"loc":{"start":{"line":317,"column":4},"end":{"line":318,"column":58}},"type":"if","locations":[{"start":{"line":317,"column":4},"end":{"line":318,"column":58}},{"start":{},"end":{}}],"line":317},"36":{"loc":{"start":{"line":321,"column":46},"end":{"line":321,"column":70}},"type":"binary-expr","locations":[{"start":{"line":321,"column":46},"end":{"line":321,"column":64}},{"start":{"line":321,"column":68},"end":{"line":321,"column":70}}],"line":321},"37":{"loc":{"start":{"line":322,"column":4},"end":{"line":322,"column":72}},"type":"if","locations":[{"start":{"line":322,"column":4},"end":{"line":322,"column":72}},{"start":{},"end":{}}],"line":322},"38":{"loc":{"start":{"line":339,"column":4},"end":{"line":340,"column":72}},"type":"if","locations":[{"start":{"line":339,"column":4},"end":{"line":340,"column":72}},{"start":{},"end":{}}],"line":339},"39":{"loc":{"start":{"line":350,"column":22},"end":{"line":350,"column":52}},"type":"binary-expr","locations":[{"start":{"line":350,"column":22},"end":{"line":350,"column":40}},{"start":{"line":350,"column":44},"end":{"line":350,"column":52}}],"line":350},"40":{"loc":{"start":{"line":351,"column":21},"end":{"line":351,"column":50}},"type":"binary-expr","locations":[{"start":{"line":351,"column":21},"end":{"line":351,"column":40}},{"start":{"line":351,"column":44},"end":{"line":351,"column":50}}],"line":351},"41":{"loc":{"start":{"line":357,"column":4},"end":{"line":362,"column":5}},"type":"if","locations":[{"start":{"line":357,"column":4},"end":{"line":362,"column":5}},{"start":{},"end":{}}],"line":357},"42":{"loc":{"start":{"line":424,"column":4},"end":{"line":427,"column":5}},"type":"if","locations":[{"start":{"line":424,"column":4},"end":{"line":427,"column":5}},{"start":{},"end":{}}],"line":424},"43":{"loc":{"start":{"line":435,"column":8},"end":{"line":435,"column":33}},"type":"cond-expr","locations":[{"start":{"line":435,"column":25},"end":{"line":435,"column":28}},{"start":{"line":435,"column":31},"end":{"line":435,"column":33}}],"line":435},"44":{"loc":{"start":{"line":440,"column":18},"end":{"line":440,"column":43}},"type":"binary-expr","locations":[{"start":{"line":440,"column":18},"end":{"line":440,"column":32}},{"start":{"line":440,"column":36},"end":{"line":440,"column":43}}],"line":440},"45":{"loc":{"start":{"line":445,"column":8},"end":{"line":445,"column":33}},"type":"cond-expr","locations":[{"start":{"line":445,"column":25},"end":{"line":445,"column":28}},{"start":{"line":445,"column":31},"end":{"line":445,"column":33}}],"line":445},"46":{"loc":{"start":{"line":473,"column":4},"end":{"line":473,"column":62}},"type":"binary-expr","locations":[{"start":{"line":473,"column":4},"end":{"line":473,"column":57}},{"start":{"line":473,"column":61},"end":{"line":473,"column":62}}],"line":473},"47":{"loc":{"start":{"line":473,"column":13},"end":{"line":473,"column":52}},"type":"binary-expr","locations":[{"start":{"line":473,"column":13},"end":{"line":473,"column":45}},{"start":{"line":473,"column":49},"end":{"line":473,"column":52}}],"line":473},"48":{"loc":{"start":{"line":494,"column":4},"end":{"line":497,"column":5}},"type":"if","locations":[{"start":{"line":494,"column":4},"end":{"line":497,"column":5}},{"start":{},"end":{}}],"line":494},"49":{"loc":{"start":{"line":508,"column":8},"end":{"line":508,"column":33}},"type":"cond-expr","locations":[{"start":{"line":508,"column":25},"end":{"line":508,"column":28}},{"start":{"line":508,"column":31},"end":{"line":508,"column":33}}],"line":508},"50":{"loc":{"start":{"line":514,"column":18},"end":{"line":514,"column":43}},"type":"binary-expr","locations":[{"start":{"line":514,"column":18},"end":{"line":514,"column":32}},{"start":{"line":514,"column":36},"end":{"line":514,"column":43}}],"line":514},"51":{"loc":{"start":{"line":521,"column":14},"end":{"line":521,"column":65}},"type":"binary-expr","locations":[{"start":{"line":521,"column":14},"end":{"line":521,"column":38}},{"start":{"line":521,"column":42},"end":{"line":521,"column":65}}],"line":521},"52":{"loc":{"start":{"line":542,"column":6},"end":{"line":552,"column":7}},"type":"if","locations":[{"start":{"line":542,"column":6},"end":{"line":552,"column":7}},{"start":{"line":547,"column":13},"end":{"line":552,"column":7}}],"line":542},"53":{"loc":{"start":{"line":571,"column":2},"end":{"line":571,"column":60}},"type":"binary-expr","locations":[{"start":{"line":571,"column":2},"end":{"line":571,"column":55}},{"start":{"line":571,"column":59},"end":{"line":571,"column":60}}],"line":571},"54":{"loc":{"start":{"line":571,"column":11},"end":{"line":571,"column":50}},"type":"binary-expr","locations":[{"start":{"line":571,"column":11},"end":{"line":571,"column":43}},{"start":{"line":571,"column":47},"end":{"line":571,"column":50}}],"line":571},"55":{"loc":{"start":{"line":585,"column":0},"end":{"line":588,"column":1}},"type":"if","locations":[{"start":{"line":585,"column":0},"end":{"line":588,"column":1}},{"start":{},"end":{}}],"line":585},"56":{"loc":{"start":{"line":586,"column":15},"end":{"line":586,"column":39}},"type":"binary-expr","locations":[{"start":{"line":586,"column":15},"end":{"line":586,"column":31}},{"start":{"line":586,"column":35},"end":{"line":586,"column":39}}],"line":586}},"s":{"0":13,"1":13,"2":13,"3":13,"4":13,"5":13,"6":13,"7":13,"8":13,"9":13,"10":13,"11":13,"12":13,"13":13,"14":13,"15":13,"16":0,"17":0,"18":0,"19":13,"20":13,"21":29,"22":13,"23":13,"24":16,"25":16,"26":16,"27":0,"28":16,"29":0,"30":16,"31":0,"32":16,"33":0,"34":16,"35":16,"36":16,"37":0,"38":16,"39":16,"40":16,"41":16,"42":0,"43":0,"44":13,"45":15,"46":15,"47":15,"48":15,"49":15,"50":1,"51":14,"52":14,"53":14,"54":1,"55":13,"56":13,"57":0,"58":0,"59":13,"60":0,"61":13,"62":13,"63":0,"64":0,"65":0,"66":0,"67":0,"68":0,"69":0,"70":0,"71":0,"72":0,"73":0,"74":0,"75":0,"76":13,"77":0,"78":0,"79":0,"80":0,"81":0,"82":0,"83":0,"84":0,"85":0,"86":0,"87":0,"88":0,"89":0,"90":0,"91":0,"92":0,"93":0,"94":0,"95":13,"96":0,"97":0,"98":0,"99":0,"100":0,"101":0,"102":0,"103":13,"104":0,"105":0,"106":0,"107":0,"108":0,"109":0,"110":13,"111":0,"112":0,"113":0,"114":0,"115":0,"116":0,"117":0,"118":0,"119":0,"120":13,"121":0,"122":0,"123":0,"124":0,"125":0,"126":0,"127":0,"128":0,"129":0,"130":0,"131":0,"132":0,"133":0,"134":13,"135":13,"136":0,"137":0,"138":0,"139":0,"140":0,"141":0,"142":0,"143":0,"144":0,"145":0,"146":0,"147":0,"148":0,"149":0,"150":0,"151":0,"152":13,"153":13,"154":13,"155":13,"156":13,"157":13,"158":13,"159":13,"160":13,"161":13,"162":13,"163":13,"164":13,"165":13,"166":13,"167":13,"168":13,"169":13,"170":13,"171":13,"172":13,"173":13,"174":13,"175":13,"176":13,"177":0,"178":0,"179":13,"180":0,"181":13,"182":0,"183":0,"184":0,"185":0,"186":0,"187":0,"188":0,"189":0,"190":0,"191":0,"192":0,"193":0,"194":0,"195":0,"196":0,"197":0,"198":0,"199":0,"200":0,"201":0,"202":0,"203":0,"204":0,"205":0,"206":0,"207":0,"208":0,"209":0,"210":0,"211":0,"212":0,"213":13,"214":13,"215":13,"216":13,"217":13,"218":13,"219":13,"220":13,"221":13,"222":13,"223":13,"224":13,"225":13,"226":0,"227":0,"228":0,"229":0,"230":0,"231":13,"232":0,"233":0,"234":0},"f":{"0":0,"1":0,"2":29,"3":16,"4":15,"5":0,"6":0,"7":0,"8":0,"9":0,"10":0,"11":0,"12":0,"13":0,"14":0,"15":0,"16":0,"17":0,"18":0},"b":{"0":[13,0],"1":[13,0],"2":[0,13],"3":[13,0],"4":[0],"5":[0],"6":[0],"7":[0],"8":[0],"9":[0,16],"10":[16,16],"11":[0,16],"12":[0,16],"13":[0,16],"14":[16,16],"15":[0,16],"16":[0],"17":[0],"18":[1,14],"19":[14,0],"20":[1,13],"21":[0],"22":[0,0],"23":[0,0],"24":[0,0,0],"25":[0,0],"26":[0,0],"27":[0,0],"28":[0,0,0],"29":[0,0],"30":[0],"31":[0],"32":[0,0],"33":[0,0],"34":[0],"35":[0,0],"36":[0,0],"37":[0,0],"38":[0,0],"39":[0,0],"40":[0,0],"41":[0,0],"42":[0,0],"43":[0,0],"44":[0,0],"45":[0,0],"46":[0,0],"47":[0,0],"48":[0,0],"49":[0,0],"50":[0,0],"51":[0,0],"52":[0,0],"53":[13,0],"54":[13,0],"55":[0,13],"56":[0,0]},"inputSourceMap":null,"_coverageSchema":"1a1c01bbd47fc00a2c39e90264f33305004495a9","hash":"2755a94089175d246f8f3a6b842fb01e9e8a3921"}
,"C:\\Users\\Zaid Hasan\\OneDrive\\Desktop\\New ATS\\Aandsz-Forces-ATS-CS490\\backend\\routes\\certification.js": {"path":"C:\\Users\\Zaid Hasan\\OneDrive\\Desktop\\New ATS\\Aandsz-Forces-ATS-CS490\\backend\\routes\\certification.js","statementMap":{"0":{"start":{"line":6,"column":0},"end":{"line":6,"column":16}},"1":{"start":{"line":7,"column":17},"end":{"line":7,"column":20}},"2":{"start":{"line":8,"column":15},"end":{"line":8,"column":31}},"3":{"start":{"line":9,"column":13},"end":{"line":9,"column":69}},"4":{"start":{"line":10,"column":19},"end":{"line":10,"column":57}},"5":{"start":{"line":14,"column":17},"end":{"line":14,"column":42}},"6":{"start":{"line":15,"column":2},"end":{"line":15,"column":75}},"7":{"start":{"line":15,"column":15},"end":{"line":15,"column":75}},"8":{"start":{"line":17,"column":2},"end":{"line":24,"column":3}},"9":{"start":{"line":18,"column":18},"end":{"line":18,"column":38}},"10":{"start":{"line":19,"column":20},"end":{"line":19,"column":49}},"11":{"start":{"line":20,"column":4},"end":{"line":20,"column":28}},"12":{"start":{"line":21,"column":4},"end":{"line":21,"column":11}},"13":{"start":{"line":23,"column":4},"end":{"line":23,"column":71}},"14":{"start":{"line":28,"column":0},"end":{"line":82,"column":3}},"15":{"start":{"line":29,"column":2},"end":{"line":81,"column":3}},"16":{"start":{"line":41,"column":8},"end":{"line":41,"column":16}},"17":{"start":{"line":43,"column":4},"end":{"line":47,"column":5}},"18":{"start":{"line":44,"column":6},"end":{"line":46,"column":77}},"19":{"start":{"line":49,"column":27},"end":{"line":49,"column":46}},"20":{"start":{"line":50,"column":27},"end":{"line":50,"column":75}},"21":{"start":{"line":52,"column":6},"end":{"line":54,"column":14}},"22":{"start":{"line":56,"column":21},"end":{"line":75,"column":5}},"23":{"start":{"line":77,"column":4},"end":{"line":77,"column":73}},"24":{"start":{"line":79,"column":4},"end":{"line":79,"column":49}},"25":{"start":{"line":80,"column":4},"end":{"line":80,"column":81}},"26":{"start":{"line":85,"column":0},"end":{"line":96,"column":3}},"27":{"start":{"line":86,"column":2},"end":{"line":95,"column":3}},"28":{"start":{"line":87,"column":21},"end":{"line":90,"column":5}},"29":{"start":{"line":91,"column":4},"end":{"line":91,"column":39}},"30":{"start":{"line":93,"column":4},"end":{"line":93,"column":54}},"31":{"start":{"line":94,"column":4},"end":{"line":94,"column":69}},"32":{"start":{"line":99,"column":0},"end":{"line":153,"column":3}},"33":{"start":{"line":100,"column":17},"end":{"line":111,"column":3}},"34":{"start":{"line":113,"column":18},"end":{"line":113,"column":20}},"35":{"start":{"line":114,"column":17},"end":{"line":114,"column":19}},"36":{"start":{"line":115,"column":10},"end":{"line":115,"column":11}},"37":{"start":{"line":117,"column":2},"end":{"line":131,"column":3}},"38":{"start":{"line":118,"column":4},"end":{"line":130,"column":5}},"39":{"start":{"line":119,"column":18},"end":{"line":119,"column":33}},"40":{"start":{"line":122,"column":6},"end":{"line":126,"column":7}},"41":{"start":{"line":125,"column":8},"end":{"line":125,"column":60}},"42":{"start":{"line":128,"column":6},"end":{"line":128,"column":39}},"43":{"start":{"line":129,"column":6},"end":{"line":129,"column":25}},"44":{"start":{"line":133,"column":2},"end":{"line":134,"column":66}},"45":{"start":{"line":134,"column":4},"end":{"line":134,"column":66}},"46":{"start":{"line":136,"column":2},"end":{"line":136,"column":41}},"47":{"start":{"line":138,"column":16},"end":{"line":143,"column":3}},"48":{"start":{"line":145,"column":2},"end":{"line":152,"column":3}},"49":{"start":{"line":146,"column":21},"end":{"line":146,"column":52}},"50":{"start":{"line":147,"column":4},"end":{"line":147,"column":88}},"51":{"start":{"line":147,"column":22},"end":{"line":147,"column":88}},"52":{"start":{"line":148,"column":4},"end":{"line":148,"column":75}},"53":{"start":{"line":150,"column":4},"end":{"line":150,"column":54}},"54":{"start":{"line":151,"column":4},"end":{"line":151,"column":53}},"55":{"start":{"line":156,"column":0},"end":{"line":169,"column":3}},"56":{"start":{"line":157,"column":2},"end":{"line":168,"column":3}},"57":{"start":{"line":158,"column":19},"end":{"line":161,"column":5}},"58":{"start":{"line":162,"column":4},"end":{"line":163,"column":72}},"59":{"start":{"line":163,"column":6},"end":{"line":163,"column":72}},"60":{"start":{"line":164,"column":4},"end":{"line":164,"column":64}},"61":{"start":{"line":166,"column":4},"end":{"line":166,"column":54}},"62":{"start":{"line":167,"column":4},"end":{"line":167,"column":53}}},"fnMap":{"0":{"name":"auth","decl":{"start":{"line":13,"column":9},"end":{"line":13,"column":13}},"loc":{"start":{"line":13,"column":30},"end":{"line":25,"column":1}},"line":13},"1":{"name":"(anonymous_1)","decl":{"start":{"line":28,"column":37},"end":{"line":28,"column":38}},"loc":{"start":{"line":28,"column":57},"end":{"line":82,"column":1}},"line":28},"2":{"name":"(anonymous_2)","decl":{"start":{"line":85,"column":36},"end":{"line":85,"column":37}},"loc":{"start":{"line":85,"column":56},"end":{"line":96,"column":1}},"line":85},"3":{"name":"(anonymous_3)","decl":{"start":{"line":99,"column":40},"end":{"line":99,"column":41}},"loc":{"start":{"line":99,"column":60},"end":{"line":153,"column":1}},"line":99},"4":{"name":"(anonymous_4)","decl":{"start":{"line":156,"column":43},"end":{"line":156,"column":44}},"loc":{"start":{"line":156,"column":63},"end":{"line":169,"column":1}},"line":156}},"branchMap":{"0":{"loc":{"start":{"line":10,"column":19},"end":{"line":10,"column":57}},"type":"binary-expr","locations":[{"start":{"line":10,"column":19},"end":{"line":10,"column":41}},{"start":{"line":10,"column":45},"end":{"line":10,"column":57}}],"line":10},"1":{"loc":{"start":{"line":15,"column":2},"end":{"line":15,"column":75}},"type":"if","locations":[{"start":{"line":15,"column":2},"end":{"line":15,"column":75}},{"start":{},"end":{}}],"line":15},"2":{"loc":{"start":{"line":43,"column":4},"end":{"line":47,"column":5}},"type":"if","locations":[{"start":{"line":43,"column":4},"end":{"line":47,"column":5}},{"start":{},"end":{}}],"line":43},"3":{"loc":{"start":{"line":43,"column":8},"end":{"line":43,"column":30}},"type":"binary-expr","locations":[{"start":{"line":43,"column":8},"end":{"line":43,"column":13}},{"start":{"line":43,"column":17},"end":{"line":43,"column":30}}],"line":43},"4":{"loc":{"start":{"line":49,"column":27},"end":{"line":49,"column":46}},"type":"binary-expr","locations":[{"start":{"line":49,"column":27},"end":{"line":49,"column":38}},{"start":{"line":49,"column":42},"end":{"line":49,"column":46}}],"line":49},"5":{"loc":{"start":{"line":50,"column":27},"end":{"line":50,"column":75}},"type":"cond-expr","locations":[{"start":{"line":50,"column":45},"end":{"line":50,"column":49}},{"start":{"line":50,"column":52},"end":{"line":50,"column":75}}],"line":50},"6":{"loc":{"start":{"line":50,"column":52},"end":{"line":50,"column":75}},"type":"binary-expr","locations":[{"start":{"line":50,"column":52},"end":{"line":50,"column":67}},{"start":{"line":50,"column":71},"end":{"line":50,"column":75}}],"line":50},"7":{"loc":{"start":{"line":52,"column":6},"end":{"line":54,"column":14}},"type":"cond-expr","locations":[{"start":{"line":53,"column":10},"end":{"line":53,"column":26}},{"start":{"line":54,"column":10},"end":{"line":54,"column":14}}],"line":52},"8":{"loc":{"start":{"line":52,"column":6},"end":{"line":52,"column":56}},"type":"binary-expr","locations":[{"start":{"line":52,"column":6},"end":{"line":52,"column":22}},{"start":{"line":52,"column":26},"end":{"line":52,"column":56}}],"line":52},"9":{"loc":{"start":{"line":66,"column":8},"end":{"line":66,"column":24}},"type":"binary-expr","locations":[{"start":{"line":66,"column":8},"end":{"line":66,"column":16}},{"start":{"line":66,"column":20},"end":{"line":66,"column":24}}],"line":66},"10":{"loc":{"start":{"line":67,"column":8},"end":{"line":67,"column":27}},"type":"binary-expr","locations":[{"start":{"line":67,"column":8},"end":{"line":67,"column":19}},{"start":{"line":67,"column":23},"end":{"line":67,"column":27}}],"line":67},"11":{"loc":{"start":{"line":70,"column":8},"end":{"line":70,"column":32}},"type":"binary-expr","locations":[{"start":{"line":70,"column":8},"end":{"line":70,"column":23}},{"start":{"line":70,"column":27},"end":{"line":70,"column":32}}],"line":70},"12":{"loc":{"start":{"line":71,"column":8},"end":{"line":71,"column":28}},"type":"binary-expr","locations":[{"start":{"line":71,"column":8},"end":{"line":71,"column":20}},{"start":{"line":71,"column":24},"end":{"line":71,"column":28}}],"line":71},"13":{"loc":{"start":{"line":73,"column":8},"end":{"line":73,"column":25}},"type":"binary-expr","locations":[{"start":{"line":73,"column":8},"end":{"line":73,"column":16}},{"start":{"line":73,"column":20},"end":{"line":73,"column":25}}],"line":73},"14":{"loc":{"start":{"line":118,"column":4},"end":{"line":130,"column":5}},"type":"if","locations":[{"start":{"line":118,"column":4},"end":{"line":130,"column":5}},{"start":{},"end":{}}],"line":118},"15":{"loc":{"start":{"line":122,"column":6},"end":{"line":126,"column":7}},"type":"if","locations":[{"start":{"line":122,"column":6},"end":{"line":126,"column":7}},{"start":{},"end":{}}],"line":122},"16":{"loc":{"start":{"line":125,"column":16},"end":{"line":125,"column":59}},"type":"cond-expr","locations":[{"start":{"line":125,"column":47},"end":{"line":125,"column":52}},{"start":{"line":125,"column":55},"end":{"line":125,"column":59}}],"line":125},"17":{"loc":{"start":{"line":125,"column":16},"end":{"line":125,"column":44}},"type":"binary-expr","locations":[{"start":{"line":125,"column":16},"end":{"line":125,"column":21}},{"start":{"line":125,"column":25},"end":{"line":125,"column":44}}],"line":125},"18":{"loc":{"start":{"line":133,"column":2},"end":{"line":134,"column":66}},"type":"if","locations":[{"start":{"line":133,"column":2},"end":{"line":134,"column":66}},{"start":{},"end":{}}],"line":133},"19":{"loc":{"start":{"line":147,"column":4},"end":{"line":147,"column":88}},"type":"if","locations":[{"start":{"line":147,"column":4},"end":{"line":147,"column":88}},{"start":{},"end":{}}],"line":147},"20":{"loc":{"start":{"line":162,"column":4},"end":{"line":163,"column":72}},"type":"if","locations":[{"start":{"line":162,"column":4},"end":{"line":163,"column":72}},{"start":{},"end":{}}],"line":162}},"s":{"0":13,"1":13,"2":13,"3":13,"4":13,"5":0,"6":0,"7":0,"8":0,"9":0,"10":0,"11":0,"12":0,"13":0,"14":13,"15":0,"16":0,"17":0,"18":0,"19":0,"20":0,"21":0,"22":0,"23":0,"24":0,"25":0,"26":13,"27":0,"28":0,"29":0,"30":0,"31":0,"32":13,"33":0,"34":0,"35":0,"36":0,"37":0,"38":0,"39":0,"40":0,"41":0,"42":0,"43":0,"44":0,"45":0,"46":0,"47":0,"48":0,"49":0,"50":0,"51":0,"52":0,"53":0,"54":0,"55":13,"56":0,"57":0,"58":0,"59":0,"60":0,"61":0,"62":0},"f":{"0":0,"1":0,"2":0,"3":0,"4":0},"b":{"0":[13,0],"1":[0,0],"2":[0,0],"3":[0,0],"4":[0,0],"5":[0,0],"6":[0,0],"7":[0,0],"8":[0,0],"9":[0,0],"10":[0,0],"11":[0,0],"12":[0,0],"13":[0,0],"14":[0,0],"15":[0,0],"16":[0,0],"17":[0,0],"18":[0,0],"19":[0,0],"20":[0,0]},"inputSourceMap":null,"_coverageSchema":"1a1c01bbd47fc00a2c39e90264f33305004495a9","hash":"156c55f865f25fecefe731d645cb0b90a74c05e5"}
,"C:\\Users\\Zaid Hasan\\OneDrive\\Desktop\\New ATS\\Aandsz-Forces-ATS-CS490\\backend\\routes\\company.js": {"path":"C:\\Users\\Zaid Hasan\\OneDrive\\Desktop\\New ATS\\Aandsz-Forces-ATS-CS490\\backend\\routes\\company.js","statementMap":{"0":{"start":{"line":10,"column":0},"end":{"line":10,"column":16}},"1":{"start":{"line":11,"column":17},"end":{"line":11,"column":20}},"2":{"start":{"line":12,"column":15},"end":{"line":12,"column":31}},"3":{"start":{"line":13,"column":13},"end":{"line":13,"column":69}},"4":{"start":{"line":14,"column":19},"end":{"line":14,"column":67}},"5":{"start":{"line":17,"column":18},"end":{"line":17,"column":53}},"6":{"start":{"line":18,"column":0},"end":{"line":18,"column":55}},"7":{"start":{"line":18,"column":31},"end":{"line":18,"column":55}},"8":{"start":{"line":21,"column":16},"end":{"line":27,"column":2}},"9":{"start":{"line":22,"column":30},"end":{"line":22,"column":49}},"10":{"start":{"line":24,"column":23},"end":{"line":24,"column":59}},"11":{"start":{"line":25,"column":4},"end":{"line":25,"column":25}},"12":{"start":{"line":28,"column":15},"end":{"line":28,"column":34}},"13":{"start":{"line":32,"column":17},"end":{"line":32,"column":42}},"14":{"start":{"line":33,"column":2},"end":{"line":33,"column":75}},"15":{"start":{"line":33,"column":15},"end":{"line":33,"column":75}},"16":{"start":{"line":34,"column":2},"end":{"line":41,"column":3}},"17":{"start":{"line":35,"column":18},"end":{"line":35,"column":38}},"18":{"start":{"line":36,"column":20},"end":{"line":36,"column":49}},"19":{"start":{"line":37,"column":4},"end":{"line":37,"column":28}},"20":{"start":{"line":38,"column":4},"end":{"line":38,"column":11}},"21":{"start":{"line":40,"column":4},"end":{"line":40,"column":53}},"22":{"start":{"line":45,"column":0},"end":{"line":84,"column":3}},"23":{"start":{"line":46,"column":2},"end":{"line":83,"column":3}},"24":{"start":{"line":47,"column":21},"end":{"line":47,"column":31}},"25":{"start":{"line":48,"column":19},"end":{"line":66,"column":5}},"26":{"start":{"line":68,"column":4},"end":{"line":77,"column":5}},"27":{"start":{"line":70,"column":21},"end":{"line":75,"column":7}},"28":{"start":{"line":76,"column":6},"end":{"line":76,"column":38}},"29":{"start":{"line":79,"column":4},"end":{"line":79,"column":29}},"30":{"start":{"line":81,"column":4},"end":{"line":81,"column":49}},"31":{"start":{"line":82,"column":4},"end":{"line":82,"column":54}},"32":{"start":{"line":87,"column":0},"end":{"line":162,"column":3}},"33":{"start":{"line":101,"column":6},"end":{"line":101,"column":14}},"34":{"start":{"line":103,"column":2},"end":{"line":103,"column":77}},"35":{"start":{"line":103,"column":13},"end":{"line":103,"column":77}},"36":{"start":{"line":105,"column":2},"end":{"line":161,"column":3}},"37":{"start":{"line":106,"column":21},"end":{"line":109,"column":5}},"38":{"start":{"line":111,"column":4},"end":{"line":157,"column":5}},"39":{"start":{"line":112,"column":21},"end":{"line":133,"column":7}},"40":{"start":{"line":134,"column":6},"end":{"line":134,"column":72}},"41":{"start":{"line":136,"column":21},"end":{"line":155,"column":7}},"42":{"start":{"line":156,"column":6},"end":{"line":156,"column":72}},"43":{"start":{"line":159,"column":4},"end":{"line":159,"column":48}},"44":{"start":{"line":160,"column":4},"end":{"line":160,"column":75}},"45":{"start":{"line":165,"column":0},"end":{"line":205,"column":3}},"46":{"start":{"line":166,"column":2},"end":{"line":204,"column":3}},"47":{"start":{"line":167,"column":21},"end":{"line":167,"column":31}},"48":{"start":{"line":168,"column":19},"end":{"line":168,"column":33}},"49":{"start":{"line":170,"column":21},"end":{"line":173,"column":5}},"50":{"start":{"line":175,"column":4},"end":{"line":183,"column":5}},"51":{"start":{"line":176,"column":21},"end":{"line":181,"column":7}},"52":{"start":{"line":182,"column":6},"end":{"line":182,"column":51}},"53":{"start":{"line":185,"column":17},"end":{"line":185,"column":36}},"54":{"start":{"line":186,"column":4},"end":{"line":187,"column":64}},"55":{"start":{"line":187,"column":6},"end":{"line":187,"column":64}},"56":{"start":{"line":189,"column":20},"end":{"line":189,"column":67}},"57":{"start":{"line":189,"column":39},"end":{"line":189,"column":55}},"58":{"start":{"line":190,"column":19},"end":{"line":190,"column":40}},"59":{"start":{"line":192,"column":19},"end":{"line":198,"column":5}},"60":{"start":{"line":200,"column":4},"end":{"line":200,"column":42}},"61":{"start":{"line":202,"column":4},"end":{"line":202,"column":47}},"62":{"start":{"line":203,"column":4},"end":{"line":203,"column":62}},"63":{"start":{"line":208,"column":0},"end":{"line":249,"column":3}},"64":{"start":{"line":209,"column":2},"end":{"line":248,"column":3}},"65":{"start":{"line":210,"column":21},"end":{"line":210,"column":31}},"66":{"start":{"line":211,"column":4},"end":{"line":212,"column":70}},"67":{"start":{"line":212,"column":6},"end":{"line":212,"column":70}},"68":{"start":{"line":214,"column":20},"end":{"line":214,"column":51}},"69":{"start":{"line":215,"column":21},"end":{"line":218,"column":5}},"70":{"start":{"line":220,"column":4},"end":{"line":231,"column":5}},"71":{"start":{"line":221,"column":21},"end":{"line":226,"column":7}},"72":{"start":{"line":227,"column":6},"end":{"line":230,"column":9}},"73":{"start":{"line":233,"column":19},"end":{"line":239,"column":5}},"74":{"start":{"line":241,"column":4},"end":{"line":244,"column":7}},"75":{"start":{"line":246,"column":4},"end":{"line":246,"column":47}},"76":{"start":{"line":247,"column":4},"end":{"line":247,"column":60}}},"fnMap":{"0":{"name":"(anonymous_0)","decl":{"start":{"line":22,"column":15},"end":{"line":22,"column":16}},"loc":{"start":{"line":22,"column":30},"end":{"line":22,"column":49}},"line":22},"1":{"name":"(anonymous_1)","decl":{"start":{"line":23,"column":12},"end":{"line":23,"column":13}},"loc":{"start":{"line":23,"column":29},"end":{"line":26,"column":3}},"line":23},"2":{"name":"auth","decl":{"start":{"line":31,"column":9},"end":{"line":31,"column":13}},"loc":{"start":{"line":31,"column":30},"end":{"line":42,"column":1}},"line":31},"3":{"name":"(anonymous_3)","decl":{"start":{"line":45,"column":27},"end":{"line":45,"column":28}},"loc":{"start":{"line":45,"column":47},"end":{"line":84,"column":1}},"line":45},"4":{"name":"(anonymous_4)","decl":{"start":{"line":87,"column":23},"end":{"line":87,"column":24}},"loc":{"start":{"line":87,"column":43},"end":{"line":162,"column":1}},"line":87},"5":{"name":"(anonymous_5)","decl":{"start":{"line":165,"column":27},"end":{"line":165,"column":28}},"loc":{"start":{"line":165,"column":47},"end":{"line":205,"column":1}},"line":165},"6":{"name":"(anonymous_6)","decl":{"start":{"line":189,"column":29},"end":{"line":189,"column":30}},"loc":{"start":{"line":189,"column":39},"end":{"line":189,"column":55}},"line":189},"7":{"name":"(anonymous_7)","decl":{"start":{"line":208,"column":56},"end":{"line":208,"column":57}},"loc":{"start":{"line":208,"column":76},"end":{"line":249,"column":1}},"line":208}},"branchMap":{"0":{"loc":{"start":{"line":14,"column":19},"end":{"line":14,"column":67}},"type":"binary-expr","locations":[{"start":{"line":14,"column":19},"end":{"line":14,"column":41}},{"start":{"line":14,"column":45},"end":{"line":14,"column":67}}],"line":14},"1":{"loc":{"start":{"line":18,"column":0},"end":{"line":18,"column":55}},"type":"if","locations":[{"start":{"line":18,"column":0},"end":{"line":18,"column":55}},{"start":{},"end":{}}],"line":18},"2":{"loc":{"start":{"line":33,"column":2},"end":{"line":33,"column":75}},"type":"if","locations":[{"start":{"line":33,"column":2},"end":{"line":33,"column":75}},{"start":{},"end":{}}],"line":33},"3":{"loc":{"start":{"line":68,"column":4},"end":{"line":77,"column":5}},"type":"if","locations":[{"start":{"line":68,"column":4},"end":{"line":77,"column":5}},{"start":{},"end":{}}],"line":68},"4":{"loc":{"start":{"line":103,"column":2},"end":{"line":103,"column":77}},"type":"if","locations":[{"start":{"line":103,"column":2},"end":{"line":103,"column":77}},{"start":{},"end":{}}],"line":103},"5":{"loc":{"start":{"line":111,"column":4},"end":{"line":157,"column":5}},"type":"if","locations":[{"start":{"line":111,"column":4},"end":{"line":157,"column":5}},{"start":{"line":135,"column":11},"end":{"line":157,"column":5}}],"line":111},"6":{"loc":{"start":{"line":168,"column":19},"end":{"line":168,"column":33}},"type":"binary-expr","locations":[{"start":{"line":168,"column":19},"end":{"line":168,"column":27}},{"start":{"line":168,"column":31},"end":{"line":168,"column":33}}],"line":168},"7":{"loc":{"start":{"line":175,"column":4},"end":{"line":183,"column":5}},"type":"if","locations":[{"start":{"line":175,"column":4},"end":{"line":183,"column":5}},{"start":{},"end":{}}],"line":175},"8":{"loc":{"start":{"line":180,"column":15},"end":{"line":180,"column":58}},"type":"binary-expr","locations":[{"start":{"line":180,"column":15},"end":{"line":180,"column":33}},{"start":{"line":180,"column":37},"end":{"line":180,"column":58}}],"line":180},"9":{"loc":{"start":{"line":186,"column":4},"end":{"line":187,"column":64}},"type":"if","locations":[{"start":{"line":186,"column":4},"end":{"line":187,"column":64}},{"start":{},"end":{}}],"line":186},"10":{"loc":{"start":{"line":211,"column":4},"end":{"line":212,"column":70}},"type":"if","locations":[{"start":{"line":211,"column":4},"end":{"line":212,"column":70}},{"start":{},"end":{}}],"line":211},"11":{"loc":{"start":{"line":220,"column":4},"end":{"line":231,"column":5}},"type":"if","locations":[{"start":{"line":220,"column":4},"end":{"line":231,"column":5}},{"start":{},"end":{}}],"line":220}},"s":{"0":13,"1":13,"2":13,"3":13,"4":13,"5":13,"6":13,"7":0,"8":13,"9":0,"10":0,"11":0,"12":13,"13":1,"14":1,"15":0,"16":1,"17":1,"18":1,"19":1,"20":1,"21":0,"22":13,"23":1,"24":1,"25":1,"26":1,"27":1,"28":1,"29":0,"30":0,"31":0,"32":13,"33":0,"34":0,"35":0,"36":0,"37":0,"38":0,"39":0,"40":0,"41":0,"42":0,"43":0,"44":0,"45":13,"46":0,"47":0,"48":0,"49":0,"50":0,"51":0,"52":0,"53":0,"54":0,"55":0,"56":0,"57":0,"58":0,"59":0,"60":0,"61":0,"62":0,"63":13,"64":0,"65":0,"66":0,"67":0,"68":0,"69":0,"70":0,"71":0,"72":0,"73":0,"74":0,"75":0,"76":0},"f":{"0":0,"1":0,"2":1,"3":1,"4":0,"5":0,"6":0,"7":0},"b":{"0":[13,0],"1":[0,13],"2":[0,1],"3":[1,0],"4":[0,0],"5":[0,0],"6":[0,0],"7":[0,0],"8":[0,0],"9":[0,0],"10":[0,0],"11":[0,0]},"inputSourceMap":null,"_coverageSchema":"1a1c01bbd47fc00a2c39e90264f33305004495a9","hash":"5278493565682896fe821b40277b713f6a56728a"}
,"C:\\Users\\Zaid Hasan\\OneDrive\\Desktop\\New ATS\\Aandsz-Forces-ATS-CS490\\backend\\routes\\companyResearch.js": {"path":"C:\\Users\\Zaid Hasan\\OneDrive\\Desktop\\New ATS\\Aandsz-Forces-ATS-CS490\\backend\\routes\\companyResearch.js","statementMap":{"0":{"start":{"line":4,"column":0},"end":{"line":4,"column":16}},"1":{"start":{"line":6,"column":15},"end":{"line":6,"column":31}},"2":{"start":{"line":7,"column":13},"end":{"line":7,"column":45}},"3":{"start":{"line":11,"column":2},"end":{"line":78,"column":3}},"4":{"start":{"line":12,"column":24},"end":{"line":12,"column":87}},"5":{"start":{"line":15,"column":22},"end":{"line":25,"column":6}},"6":{"start":{"line":27,"column":19},"end":{"line":27,"column":62}},"7":{"start":{"line":28,"column":22},"end":{"line":28,"column":64}},"8":{"start":{"line":29,"column":4},"end":{"line":29,"column":83}},"9":{"start":{"line":29,"column":31},"end":{"line":29,"column":83}},"10":{"start":{"line":32,"column":23},"end":{"line":43,"column":6}},"11":{"start":{"line":45,"column":21},"end":{"line":45,"column":61}},"12":{"start":{"line":46,"column":21},"end":{"line":46,"column":44}},"13":{"start":{"line":47,"column":20},"end":{"line":47,"column":43}},"14":{"start":{"line":50,"column":20},"end":{"line":50,"column":24}},"15":{"start":{"line":52,"column":6},"end":{"line":53,"column":57}},"16":{"start":{"line":55,"column":4},"end":{"line":57,"column":5}},"17":{"start":{"line":56,"column":6},"end":{"line":56,"column":64}},"18":{"start":{"line":60,"column":23},"end":{"line":63,"column":5}},"19":{"start":{"line":65,"column":24},"end":{"line":65,"column":46}},"20":{"start":{"line":66,"column":20},"end":{"line":72,"column":5}},"21":{"start":{"line":74,"column":4},"end":{"line":74,"column":69}},"22":{"start":{"line":76,"column":4},"end":{"line":76,"column":59}},"23":{"start":{"line":77,"column":4},"end":{"line":77,"column":56}},"24":{"start":{"line":83,"column":17},"end":{"line":83,"column":41}},"25":{"start":{"line":85,"column":19},"end":{"line":116,"column":3}},"26":{"start":{"line":118,"column":2},"end":{"line":121,"column":3}},"27":{"start":{"line":119,"column":4},"end":{"line":119,"column":69}},"28":{"start":{"line":120,"column":4},"end":{"line":120,"column":20}},"29":{"start":{"line":123,"column":2},"end":{"line":172,"column":3}},"30":{"start":{"line":124,"column":21},"end":{"line":126,"column":6}},"31":{"start":{"line":128,"column":4},"end":{"line":131,"column":5}},"32":{"start":{"line":129,"column":6},"end":{"line":129,"column":84}},"33":{"start":{"line":130,"column":6},"end":{"line":130,"column":22}},"34":{"start":{"line":133,"column":16},"end":{"line":133,"column":26}},"35":{"start":{"line":134,"column":4},"end":{"line":168,"column":7}},"36":{"start":{"line":135,"column":22},"end":{"line":135,"column":55}},"37":{"start":{"line":136,"column":22},"end":{"line":136,"column":61}},"38":{"start":{"line":137,"column":27},"end":{"line":137,"column":56}},"39":{"start":{"line":139,"column":20},"end":{"line":139,"column":48}},"40":{"start":{"line":140,"column":23},"end":{"line":156,"column":19}},"41":{"start":{"line":158,"column":6},"end":{"line":167,"column":8}},"42":{"start":{"line":170,"column":4},"end":{"line":170,"column":54}},"43":{"start":{"line":171,"column":4},"end":{"line":171,"column":20}},"44":{"start":{"line":176,"column":2},"end":{"line":176,"column":23}},"45":{"start":{"line":176,"column":13},"end":{"line":176,"column":23}},"46":{"start":{"line":177,"column":16},"end":{"line":177,"column":57}},"47":{"start":{"line":177,"column":48},"end":{"line":177,"column":56}},"48":{"start":{"line":178,"column":2},"end":{"line":178,"column":55}},"49":{"start":{"line":178,"column":29},"end":{"line":178,"column":41}},"50":{"start":{"line":186,"column":14},"end":{"line":186,"column":40}},"51":{"start":{"line":187,"column":2},"end":{"line":187,"column":24}},"52":{"start":{"line":187,"column":12},"end":{"line":187,"column":24}},"53":{"start":{"line":189,"column":22},"end":{"line":197,"column":1}},"54":{"start":{"line":199,"column":21},"end":{"line":229,"column":1}},"55":{"start":{"line":231,"column":2},"end":{"line":325,"column":3}},"56":{"start":{"line":232,"column":21},"end":{"line":244,"column":5}},"57":{"start":{"line":246,"column":17},"end":{"line":246,"column":73}},"58":{"start":{"line":248,"column":25},"end":{"line":248,"column":83}},"59":{"start":{"line":249,"column":20},"end":{"line":249,"column":84}},"60":{"start":{"line":249,"column":47},"end":{"line":249,"column":83}},"61":{"start":{"line":251,"column":4},"end":{"line":278,"column":5}},"62":{"start":{"line":252,"column":26},"end":{"line":259,"column":2}},"63":{"start":{"line":260,"column":20},"end":{"line":272,"column":7}},"64":{"start":{"line":274,"column":24},"end":{"line":276,"column":7}},"65":{"start":{"line":277,"column":6},"end":{"line":277,"column":43}},"66":{"start":{"line":280,"column":4},"end":{"line":309,"column":6}},"67":{"start":{"line":311,"column":4},"end":{"line":311,"column":61}},"68":{"start":{"line":312,"column":4},"end":{"line":324,"column":6}},"69":{"start":{"line":330,"column":15},"end":{"line":330,"column":53}},"70":{"start":{"line":331,"column":2},"end":{"line":336,"column":4}},"71":{"start":{"line":341,"column":14},"end":{"line":341,"column":40}},"72":{"start":{"line":342,"column":2},"end":{"line":360,"column":3}},"73":{"start":{"line":344,"column":4},"end":{"line":359,"column":6}},"74":{"start":{"line":362,"column":24},"end":{"line":384,"column":1}},"75":{"start":{"line":368,"column":60},"end":{"line":368,"column":67}},"76":{"start":{"line":386,"column":2},"end":{"line":420,"column":3}},"77":{"start":{"line":387,"column":21},"end":{"line":399,"column":5}},"78":{"start":{"line":401,"column":19},"end":{"line":401,"column":75}},"79":{"start":{"line":402,"column":4},"end":{"line":405,"column":6}},"80":{"start":{"line":407,"column":4},"end":{"line":407,"column":69}},"81":{"start":{"line":408,"column":4},"end":{"line":419,"column":6}},"82":{"start":{"line":424,"column":0},"end":{"line":486,"column":3}},"83":{"start":{"line":425,"column":18},"end":{"line":425,"column":50}},"84":{"start":{"line":426,"column":2},"end":{"line":427,"column":82}},"85":{"start":{"line":427,"column":4},"end":{"line":427,"column":82}},"86":{"start":{"line":429,"column":2},"end":{"line":485,"column":3}},"87":{"start":{"line":430,"column":4},"end":{"line":430,"column":61}},"88":{"start":{"line":432,"column":17},"end":{"line":432,"column":44}},"89":{"start":{"line":433,"column":17},"end":{"line":433,"column":39}},"90":{"start":{"line":435,"column":15},"end":{"line":439,"column":5}},"91":{"start":{"line":438,"column":22},"end":{"line":438,"column":29}},"92":{"start":{"line":442,"column":6},"end":{"line":444,"column":10}},"93":{"start":{"line":446,"column":17},"end":{"line":463,"column":5}},"94":{"start":{"line":466,"column":26},"end":{"line":473,"column":6}},"95":{"start":{"line":475,"column":4},"end":{"line":475,"column":39}},"96":{"start":{"line":477,"column":4},"end":{"line":477,"column":61}},"97":{"start":{"line":478,"column":4},"end":{"line":478,"column":38}},"98":{"start":{"line":480,"column":4},"end":{"line":480,"column":52}},"99":{"start":{"line":481,"column":4},"end":{"line":484,"column":7}},"100":{"start":{"line":489,"column":0},"end":{"line":591,"column":3}},"101":{"start":{"line":490,"column":2},"end":{"line":590,"column":3}},"102":{"start":{"line":491,"column":37},"end":{"line":491,"column":45}},"103":{"start":{"line":493,"column":4},"end":{"line":498,"column":5}},"104":{"start":{"line":494,"column":6},"end":{"line":497,"column":9}},"105":{"start":{"line":500,"column":20},"end":{"line":500,"column":61}},"106":{"start":{"line":501,"column":25},"end":{"line":501,"column":41}},"107":{"start":{"line":503,"column":4},"end":{"line":509,"column":5}},"108":{"start":{"line":505,"column":23},"end":{"line":505,"column":84}},"109":{"start":{"line":506,"column":6},"end":{"line":506,"column":56}},"110":{"start":{"line":507,"column":6},"end":{"line":507,"column":81}},"111":{"start":{"line":508,"column":6},"end":{"line":508,"column":36}},"112":{"start":{"line":511,"column":4},"end":{"line":577,"column":5}},"113":{"start":{"line":513,"column":26},"end":{"line":571,"column":1}},"114":{"start":{"line":530,"column":54},"end":{"line":530,"column":64}},"115":{"start":{"line":536,"column":36},"end":{"line":536,"column":64}},"116":{"start":{"line":540,"column":42},"end":{"line":540,"column":52}},"117":{"start":{"line":544,"column":46},"end":{"line":544,"column":56}},"118":{"start":{"line":548,"column":48},"end":{"line":552,"column":1}},"119":{"start":{"line":556,"column":60},"end":{"line":556,"column":79}},"120":{"start":{"line":560,"column":60},"end":{"line":560,"column":78}},"121":{"start":{"line":573,"column":23},"end":{"line":573,"column":83}},"122":{"start":{"line":574,"column":6},"end":{"line":574,"column":50}},"123":{"start":{"line":575,"column":6},"end":{"line":575,"column":81}},"124":{"start":{"line":576,"column":6},"end":{"line":576,"column":35}},"125":{"start":{"line":579,"column":4},"end":{"line":582,"column":7}},"126":{"start":{"line":585,"column":4},"end":{"line":585,"column":50}},"127":{"start":{"line":586,"column":4},"end":{"line":589,"column":7}}},"fnMap":{"0":{"name":"getWikipedia","decl":{"start":{"line":10,"column":15},"end":{"line":10,"column":27}},"loc":{"start":{"line":10,"column":37},"end":{"line":79,"column":1}},"line":10},"1":{"name":"getNews","decl":{"start":{"line":82,"column":15},"end":{"line":82,"column":22}},"loc":{"start":{"line":82,"column":32},"end":{"line":173,"column":1}},"line":82},"2":{"name":"(anonymous_2)","decl":{"start":{"line":134,"column":29},"end":{"line":134,"column":30}},"loc":{"start":{"line":134,"column":36},"end":{"line":168,"column":5}},"line":134},"3":{"name":"extractKeyPoints","decl":{"start":{"line":175,"column":9},"end":{"line":175,"column":25}},"loc":{"start":{"line":175,"column":32},"end":{"line":179,"column":1}},"line":175},"4":{"name":"(anonymous_4)","decl":{"start":{"line":177,"column":41},"end":{"line":177,"column":42}},"loc":{"start":{"line":177,"column":48},"end":{"line":177,"column":56}},"line":177},"5":{"name":"(anonymous_5)","decl":{"start":{"line":178,"column":22},"end":{"line":178,"column":23}},"loc":{"start":{"line":178,"column":29},"end":{"line":178,"column":41}},"line":178},"6":{"name":"generateInsights","decl":{"start":{"line":185,"column":15},"end":{"line":185,"column":31}},"loc":{"start":{"line":185,"column":66},"end":{"line":326,"column":1}},"line":185},"7":{"name":"(anonymous_7)","decl":{"start":{"line":249,"column":40},"end":{"line":249,"column":41}},"loc":{"start":{"line":249,"column":47},"end":{"line":249,"column":83}},"line":249},"8":{"name":"buildSocialLinks","decl":{"start":{"line":329,"column":9},"end":{"line":329,"column":25}},"loc":{"start":{"line":329,"column":32},"end":{"line":337,"column":1}},"line":329},"9":{"name":"generateTalkingPointsAndQuestions","decl":{"start":{"line":340,"column":15},"end":{"line":340,"column":48}},"loc":{"start":{"line":340,"column":62},"end":{"line":421,"column":1}},"line":340},"10":{"name":"(anonymous_10)","decl":{"start":{"line":368,"column":55},"end":{"line":368,"column":56}},"loc":{"start":{"line":368,"column":60},"end":{"line":368,"column":67}},"line":368},"11":{"name":"(anonymous_11)","decl":{"start":{"line":424,"column":16},"end":{"line":424,"column":17}},"loc":{"start":{"line":424,"column":36},"end":{"line":486,"column":1}},"line":424},"12":{"name":"(anonymous_12)","decl":{"start":{"line":438,"column":15},"end":{"line":438,"column":16}},"loc":{"start":{"line":438,"column":22},"end":{"line":438,"column":29}},"line":438},"13":{"name":"(anonymous_13)","decl":{"start":{"line":489,"column":23},"end":{"line":489,"column":24}},"loc":{"start":{"line":489,"column":43},"end":{"line":591,"column":1}},"line":489},"14":{"name":"(anonymous_14)","decl":{"start":{"line":530,"column":49},"end":{"line":530,"column":50}},"loc":{"start":{"line":530,"column":54},"end":{"line":530,"column":64}},"line":530},"15":{"name":"(anonymous_15)","decl":{"start":{"line":536,"column":31},"end":{"line":536,"column":32}},"loc":{"start":{"line":536,"column":36},"end":{"line":536,"column":64}},"line":536},"16":{"name":"(anonymous_16)","decl":{"start":{"line":540,"column":37},"end":{"line":540,"column":38}},"loc":{"start":{"line":540,"column":42},"end":{"line":540,"column":52}},"line":540},"17":{"name":"(anonymous_17)","decl":{"start":{"line":544,"column":41},"end":{"line":544,"column":42}},"loc":{"start":{"line":544,"column":46},"end":{"line":544,"column":56}},"line":544},"18":{"name":"(anonymous_18)","decl":{"start":{"line":548,"column":43},"end":{"line":548,"column":44}},"loc":{"start":{"line":548,"column":48},"end":{"line":552,"column":1}},"line":548},"19":{"name":"(anonymous_19)","decl":{"start":{"line":556,"column":49},"end":{"line":556,"column":50}},"loc":{"start":{"line":556,"column":60},"end":{"line":556,"column":79}},"line":556},"20":{"name":"(anonymous_20)","decl":{"start":{"line":560,"column":50},"end":{"line":560,"column":51}},"loc":{"start":{"line":560,"column":60},"end":{"line":560,"column":78}},"line":560}},"branchMap":{"0":{"loc":{"start":{"line":29,"column":4},"end":{"line":29,"column":83}},"type":"if","locations":[{"start":{"line":29,"column":4},"end":{"line":29,"column":83}},{"start":{},"end":{}}],"line":29},"1":{"loc":{"start":{"line":29,"column":8},"end":{"line":29,"column":29}},"type":"binary-expr","locations":[{"start":{"line":29,"column":8},"end":{"line":29,"column":15}},{"start":{"line":29,"column":19},"end":{"line":29,"column":29}}],"line":29},"2":{"loc":{"start":{"line":46,"column":21},"end":{"line":46,"column":44}},"type":"binary-expr","locations":[{"start":{"line":46,"column":21},"end":{"line":46,"column":38}},{"start":{"line":46,"column":42},"end":{"line":46,"column":44}}],"line":46},"3":{"loc":{"start":{"line":47,"column":20},"end":{"line":47,"column":43}},"type":"binary-expr","locations":[{"start":{"line":47,"column":20},"end":{"line":47,"column":37}},{"start":{"line":47,"column":41},"end":{"line":47,"column":43}}],"line":47},"4":{"loc":{"start":{"line":52,"column":6},"end":{"line":53,"column":57}},"type":"binary-expr","locations":[{"start":{"line":52,"column":6},"end":{"line":52,"column":49}},{"start":{"line":53,"column":6},"end":{"line":53,"column":57}}],"line":52},"5":{"loc":{"start":{"line":55,"column":4},"end":{"line":57,"column":5}},"type":"if","locations":[{"start":{"line":55,"column":4},"end":{"line":57,"column":5}},{"start":{},"end":{}}],"line":55},"6":{"loc":{"start":{"line":65,"column":24},"end":{"line":65,"column":46}},"type":"binary-expr","locations":[{"start":{"line":65,"column":24},"end":{"line":65,"column":40}},{"start":{"line":65,"column":44},"end":{"line":65,"column":46}}],"line":65},"7":{"loc":{"start":{"line":67,"column":13},"end":{"line":67,"column":43}},"type":"binary-expr","locations":[{"start":{"line":67,"column":13},"end":{"line":67,"column":30}},{"start":{"line":67,"column":34},"end":{"line":67,"column":43}}],"line":67},"8":{"loc":{"start":{"line":68,"column":19},"end":{"line":68,"column":48}},"type":"binary-expr","locations":[{"start":{"line":68,"column":19},"end":{"line":68,"column":42}},{"start":{"line":68,"column":46},"end":{"line":68,"column":48}}],"line":68},"9":{"loc":{"start":{"line":69,"column":15},"end":{"line":69,"column":65}},"type":"binary-expr","locations":[{"start":{"line":69,"column":15},"end":{"line":69,"column":54}},{"start":{"line":69,"column":58},"end":{"line":69,"column":65}}],"line":69},"10":{"loc":{"start":{"line":70,"column":20},"end":{"line":70,"column":70}},"type":"binary-expr","locations":[{"start":{"line":70,"column":20},"end":{"line":70,"column":59}},{"start":{"line":70,"column":63},"end":{"line":70,"column":70}}],"line":70},"11":{"loc":{"start":{"line":74,"column":22},"end":{"line":74,"column":47}},"type":"binary-expr","locations":[{"start":{"line":74,"column":22},"end":{"line":74,"column":41}},{"start":{"line":74,"column":45},"end":{"line":74,"column":47}}],"line":74},"12":{"loc":{"start":{"line":118,"column":2},"end":{"line":121,"column":3}},"type":"if","locations":[{"start":{"line":118,"column":2},"end":{"line":121,"column":3}},{"start":{},"end":{}}],"line":118},"13":{"loc":{"start":{"line":128,"column":4},"end":{"line":131,"column":5}},"type":"if","locations":[{"start":{"line":128,"column":4},"end":{"line":131,"column":5}},{"start":{},"end":{}}],"line":128},"14":{"loc":{"start":{"line":128,"column":8},"end":{"line":128,"column":54}},"type":"binary-expr","locations":[{"start":{"line":128,"column":8},"end":{"line":128,"column":28}},{"start":{"line":128,"column":32},"end":{"line":128,"column":54}}],"line":128},"15":{"loc":{"start":{"line":139,"column":20},"end":{"line":139,"column":48}},"type":"binary-expr","locations":[{"start":{"line":139,"column":20},"end":{"line":139,"column":42}},{"start":{"line":139,"column":46},"end":{"line":139,"column":48}}],"line":139},"16":{"loc":{"start":{"line":140,"column":23},"end":{"line":156,"column":19}},"type":"cond-expr","locations":[{"start":{"line":141,"column":10},"end":{"line":141,"column":19}},{"start":{"line":142,"column":10},"end":{"line":156,"column":19}}],"line":140},"17":{"loc":{"start":{"line":142,"column":10},"end":{"line":156,"column":19}},"type":"cond-expr","locations":[{"start":{"line":143,"column":10},"end":{"line":143,"column":26}},{"start":{"line":144,"column":10},"end":{"line":156,"column":19}}],"line":142},"18":{"loc":{"start":{"line":144,"column":10},"end":{"line":156,"column":19}},"type":"cond-expr","locations":[{"start":{"line":145,"column":10},"end":{"line":145,"column":18}},{"start":{"line":146,"column":10},"end":{"line":156,"column":19}}],"line":144},"19":{"loc":{"start":{"line":146,"column":10},"end":{"line":156,"column":19}},"type":"cond-expr","locations":[{"start":{"line":147,"column":10},"end":{"line":147,"column":23}},{"start":{"line":148,"column":10},"end":{"line":156,"column":19}}],"line":146},"20":{"loc":{"start":{"line":148,"column":10},"end":{"line":156,"column":19}},"type":"cond-expr","locations":[{"start":{"line":149,"column":10},"end":{"line":149,"column":17}},{"start":{"line":150,"column":10},"end":{"line":156,"column":19}}],"line":148},"21":{"loc":{"start":{"line":150,"column":10},"end":{"line":156,"column":19}},"type":"cond-expr","locations":[{"start":{"line":151,"column":10},"end":{"line":151,"column":23}},{"start":{"line":152,"column":10},"end":{"line":156,"column":19}}],"line":150},"22":{"loc":{"start":{"line":152,"column":10},"end":{"line":156,"column":19}},"type":"cond-expr","locations":[{"start":{"line":153,"column":10},"end":{"line":153,"column":21}},{"start":{"line":154,"column":10},"end":{"line":156,"column":19}}],"line":152},"23":{"loc":{"start":{"line":154,"column":10},"end":{"line":156,"column":19}},"type":"cond-expr","locations":[{"start":{"line":155,"column":10},"end":{"line":155,"column":17}},{"start":{"line":156,"column":10},"end":{"line":156,"column":19}}],"line":154},"24":{"loc":{"start":{"line":165,"column":17},"end":{"line":165,"column":36}},"type":"binary-expr","locations":[{"start":{"line":165,"column":17},"end":{"line":165,"column":30}},{"start":{"line":165,"column":34},"end":{"line":165,"column":36}}],"line":165},"25":{"loc":{"start":{"line":166,"column":21},"end":{"line":166,"column":40}},"type":"binary-expr","locations":[{"start":{"line":166,"column":21},"end":{"line":166,"column":34}},{"start":{"line":166,"column":38},"end":{"line":166,"column":40}}],"line":166},"26":{"loc":{"start":{"line":176,"column":2},"end":{"line":176,"column":23}},"type":"if","locations":[{"start":{"line":176,"column":2},"end":{"line":176,"column":23}},{"start":{},"end":{}}],"line":176},"27":{"loc":{"start":{"line":187,"column":2},"end":{"line":187,"column":24}},"type":"if","locations":[{"start":{"line":187,"column":2},"end":{"line":187,"column":24}},{"start":{},"end":{}}],"line":187},"28":{"loc":{"start":{"line":193,"column":2},"end":{"line":193,"column":19}},"type":"binary-expr","locations":[{"start":{"line":193,"column":2},"end":{"line":193,"column":10}},{"start":{"line":193,"column":14},"end":{"line":193,"column":19}}],"line":193},"29":{"loc":{"start":{"line":246,"column":28},"end":{"line":246,"column":72}},"type":"binary-ex
[...]
,"C:\\Users\\Zaid Hasan\\OneDrive\\Desktop\\New ATS\\Aandsz-Forces-ATS-CS490\\backend\\routes\\upload.js": {"path":"C:\\Users\\Zaid Hasan\\OneDrive\\Desktop\\New ATS\\Aandsz-Forces-ATS-CS490\\backend\\routes\\upload.js","statementMap":{"0":{"start":{"line":7,"column":15},"end":{"line":7,"column":31}},"1":{"start":{"line":9,"column":19},"end":{"line":9,"column":49}},"2":{"start":{"line":10,"column":18},"end":{"line":10,"column":42}},"3":{"start":{"line":13,"column":18},"end":{"line":13,"column":52}},"4":{"start":{"line":14,"column":0},"end":{"line":16,"column":1}},"5":{"start":{"line":15,"column":2},"end":{"line":15,"column":47}},"6":{"start":{"line":19,"column":16},"end":{"line":25,"column":2}},"7":{"start":{"line":20,"column":34},"end":{"line":20,"column":53}},"8":{"start":{"line":22,"column":19},"end":{"line":22,"column":76}},"9":{"start":{"line":23,"column":4},"end":{"line":23,"column":21}},"10":{"start":{"line":27,"column":15},"end":{"line":35,"column":2}},"11":{"start":{"line":31,"column":20},"end":{"line":31,"column":38}},"12":{"start":{"line":32,"column":16},"end":{"line":32,"column":61}},"13":{"start":{"line":33,"column":4},"end":{"line":33,"column":76}},"14":{"start":{"line":38,"column":0},"end":{"line":41,"column":3}},"15":{"start":{"line":39,"column":18},"end":{"line":39,"column":49}},"16":{"start":{"line":40,"column":2},"end":{"line":40,"column":29}}},"fnMap":{"0":{"name":"(anonymous_0)","decl":{"start":{"line":20,"column":15},"end":{"line":20,"column":16}},"loc":{"start":{"line":20,"column":34},"end":{"line":20,"column":53}},"line":20},"1":{"name":"(anonymous_1)","decl":{"start":{"line":21,"column":12},"end":{"line":21,"column":13}},"loc":{"start":{"line":21,"column":31},"end":{"line":24,"column":3}},"line":21},"2":{"name":"(anonymous_2)","decl":{"start":{"line":30,"column":14},"end":{"line":30,"column":15}},"loc":{"start":{"line":30,"column":33},"end":{"line":34,"column":3}},"line":30},"3":{"name":"(anonymous_3)","decl":{"start":{"line":38,"column":59},"end":{"line":38,"column":60}},"loc":{"start":{"line":38,"column":73},"end":{"line":41,"column":1}},"line":38}},"branchMap":{"0":{"loc":{"start":{"line":14,"column":0},"end":{"line":16,"column":1}},"type":"if","locations":[{"start":{"line":14,"column":0},"end":{"line":16,"column":1}},{"start":{},"end":{}}],"line":14},"1":{"loc":{"start":{"line":33,"column":4},"end":{"line":33,"column":75}},"type":"cond-expr","locations":[{"start":{"line":33,"column":24},"end":{"line":33,"column":38}},{"start":{"line":33,"column":41},"end":{"line":33,"column":75}}],"line":33}},"s":{"0":13,"1":13,"2":13,"3":13,"4":13,"5":0,"6":13,"7":0,"8":0,"9":0,"10":13,"11":0,"12":0,"13":0,"14":13,"15":0,"16":0},"f":{"0":0,"1":0,"2":0,"3":0},"b":{"0":[0,13],"1":[0,0]},"inputSourceMap":null,"_coverageSchema":"1a1c01bbd47fc00a2c39e90264f33305004495a9","hash":"2094388ebd07f5c6159428f6cb7b95148a1edc52"}
,"C:\\Users\\Zaid Hasan\\OneDrive\\Desktop\\New ATS\\Aandsz-Forces-ATS-CS490\\backend\\utils\\renderTemplate.js": {"path":"C:\\Users\\Zaid Hasan\\OneDrive\\Desktop\\New ATS\\Aandsz-Forces-ATS-CS490\\backend\\utils\\renderTemplate.js","statementMap":{"0":{"start":{"line":8,"column":19},"end":{"line":8,"column":49}},"1":{"start":{"line":9,"column":18},"end":{"line":9,"column":42}},"2":{"start":{"line":12,"column":21},"end":{"line":12,"column":60}},"3":{"start":{"line":19,"column":0},"end":{"line":27,"column":3}},"4":{"start":{"line":20,"column":2},"end":{"line":20,"column":23}},"5":{"start":{"line":20,"column":13},"end":{"line":20,"column":23}},"6":{"start":{"line":23,"column":2},"end":{"line":26,"column":21}},"7":{"start":{"line":25,"column":16},"end":{"line":25,"column":24}},"8":{"start":{"line":30,"column":0},"end":{"line":39,"column":3}},"9":{"start":{"line":31,"column":2},"end":{"line":31,"column":23}},"10":{"start":{"line":31,"column":13},"end":{"line":31,"column":23}},"11":{"start":{"line":32,"column":2},"end":{"line":38,"column":3}},"12":{"start":{"line":33,"column":14},"end":{"line":33,"column":28}},"13":{"start":{"line":34,"column":4},"end":{"line":34,"column":38}},"14":{"start":{"line":34,"column":28},"end":{"line":34,"column":38}},"15":{"start":{"line":35,"column":4},"end":{"line":35,"column":78}},"16":{"start":{"line":37,"column":4},"end":{"line":37,"column":14}},"17":{"start":{"line":42,"column":0},"end":{"line":47,"column":3}},"18":{"start":{"line":43,"column":19},"end":{"line":43,"column":55}},"19":{"start":{"line":44,"column":2},"end":{"line":44,"column":46}},"20":{"start":{"line":44,"column":15},"end":{"line":44,"column":46}},"21":{"start":{"line":45,"column":17},"end":{"line":45,"column":62}},"22":{"start":{"line":46,"column":2},"end":{"line":46,"column":55}},"23":{"start":{"line":50,"column":0},"end":{"line":52,"column":3}},"24":{"start":{"line":51,"column":2},"end":{"line":51,"column":47}},"25":{"start":{"line":55,"column":0},"end":{"line":57,"column":3}},"26":{"start":{"line":56,"column":2},"end":{"line":56,"column":60}},"27":{"start":{"line":60,"column":0},"end":{"line":85,"column":3}},"28":{"start":{"line":61,"column":2},"end":{"line":61,"column":23}},"29":{"start":{"line":61,"column":13},"end":{"line":61,"column":23}},"30":{"start":{"line":63,"column":23},"end":{"line":79,"column":3}},"31":{"start":{"line":81,"column":16},"end":{"line":81,"column":34}},"32":{"start":{"line":82,"column":2},"end":{"line":82,"column":54}},"33":{"start":{"line":82,"column":27},"end":{"line":82,"column":54}},"34":{"start":{"line":84,"column":2},"end":{"line":84,"column":54}},"35":{"start":{"line":91,"column":21},"end":{"line":99,"column":3}},"36":{"start":{"line":101,"column":23},"end":{"line":171,"column":3}},"37":{"start":{"line":173,"column":26},"end":{"line":189,"column":3}},"38":{"start":{"line":191,"column":22},"end":{"line":212,"column":3}},"39":{"start":{"line":214,"column":19},"end":{"line":238,"column":3}},"40":{"start":{"line":240,"column":19},"end":{"line":252,"column":3}},"41":{"start":{"line":254,"column":23},"end":{"line":262,"column":3}},"42":{"start":{"line":264,"column":19},"end":{"line":272,"column":3}},"43":{"start":{"line":274,"column":2},"end":{"line":302,"column":3}},"44":{"start":{"line":275,"column":18},"end":{"line":277,"column":19}},"45":{"start":{"line":278,"column":4},"end":{"line":278,"column":25}},"46":{"start":{"line":278,"column":16},"end":{"line":278,"column":25}},"47":{"start":{"line":282,"column":6},"end":{"line":286,"column":18}},"48":{"start":{"line":285,"column":23},"end":{"line":285,"column":67}},"49":{"start":{"line":289,"column":4},"end":{"line":301,"column":49}},"50":{"start":{"line":289,"column":30},"end":{"line":289,"column":48}},"51":{"start":{"line":290,"column":6},"end":{"line":290,"column":45}},"52":{"start":{"line":291,"column":9},"end":{"line":301,"column":49}},"53":{"start":{"line":291,"column":39},"end":{"line":291,"column":57}},"54":{"start":{"line":292,"column":6},"end":{"line":292,"column":50}},"55":{"start":{"line":293,"column":9},"end":{"line":301,"column":49}},"56":{"start":{"line":293,"column":35},"end":{"line":293,"column":53}},"57":{"start":{"line":294,"column":6},"end":{"line":294,"column":55}},"58":{"start":{"line":295,"column":9},"end":{"line":301,"column":49}},"59":{"start":{"line":295,"column":42},"end":{"line":295,"column":60}},"60":{"start":{"line":296,"column":6},"end":{"line":296,"column":52}},"61":{"start":{"line":297,"column":9},"end":{"line":301,"column":49}},"62":{"start":{"line":297,"column":38},"end":{"line":297,"column":56}},"63":{"start":{"line":298,"column":6},"end":{"line":298,"column":50}},"64":{"start":{"line":299,"column":9},"end":{"line":301,"column":49}},"65":{"start":{"line":299,"column":35},"end":{"line":299,"column":53}},"66":{"start":{"line":300,"column":6},"end":{"line":300,"column":46}},"67":{"start":{"line":301,"column":9},"end":{"line":301,"column":49}},"68":{"start":{"line":304,"column":2},"end":{"line":304,"column":20}},"69":{"start":{"line":319,"column":2},"end":{"line":382,"column":3}},"70":{"start":{"line":321,"column":25},"end":{"line":321,"column":71}},"71":{"start":{"line":322,"column":4},"end":{"line":325,"column":5}},"72":{"start":{"line":323,"column":6},"end":{"line":323,"column":64}},"73":{"start":{"line":324,"column":6},"end":{"line":324,"column":65}},"74":{"start":{"line":327,"column":4},"end":{"line":327,"column":54}},"75":{"start":{"line":330,"column":21},"end":{"line":338,"column":5}},"76":{"start":{"line":341,"column":4},"end":{"line":341,"column":65}},"77":{"start":{"line":342,"column":4},"end":{"line":342,"column":66}},"78":{"start":{"line":345,"column":19},"end":{"line":345,"column":56}},"79":{"start":{"line":346,"column":21},"end":{"line":346,"column":47}},"80":{"start":{"line":347,"column":17},"end":{"line":347,"column":35}},"81":{"start":{"line":350,"column":20},"end":{"line":350,"column":57}},"82":{"start":{"line":351,"column":16},"end":{"line":351,"column":78}},"83":{"start":{"line":352,"column":21},"end":{"line":352,"column":51}},"84":{"start":{"line":355,"column":26},"end":{"line":355,"column":63}},"85":{"start":{"line":356,"column":4},"end":{"line":356,"column":46}},"86":{"start":{"line":357,"column":4},"end":{"line":357,"column":60}},"87":{"start":{"line":360,"column":20},"end":{"line":363,"column":6}},"88":{"start":{"line":365,"column":17},"end":{"line":365,"column":40}},"89":{"start":{"line":366,"column":4},"end":{"line":366,"column":67}},"90":{"start":{"line":369,"column":4},"end":{"line":374,"column":7}},"91":{"start":{"line":376,"column":4},"end":{"line":376,"column":26}},"92":{"start":{"line":377,"column":4},"end":{"line":377,"column":63}},"93":{"start":{"line":378,"column":4},"end":{"line":378,"column":22}},"94":{"start":{"line":380,"column":4},"end":{"line":380,"column":58}},"95":{"start":{"line":381,"column":4},"end":{"line":381,"column":14}}},"fnMap":{"0":{"name":"(anonymous_0)","decl":{"start":{"line":19,"column":40},"end":{"line":19,"column":41}},"loc":{"start":{"line":19,"column":56},"end":{"line":27,"column":1}},"line":19},"1":{"name":"(anonymous_1)","decl":{"start":{"line":25,"column":9},"end":{"line":25,"column":10}},"loc":{"start":{"line":25,"column":16},"end":{"line":25,"column":24}},"line":25},"2":{"name":"(anonymous_2)","decl":{"start":{"line":30,"column":40},"end":{"line":30,"column":41}},"loc":{"start":{"line":30,"column":56},"end":{"line":39,"column":1}},"line":30},"3":{"name":"(anonymous_3)","decl":{"start":{"line":42,"column":45},"end":{"line":42,"column":46}},"loc":{"start":{"line":42,"column":76},"end":{"line":47,"column":1}},"line":42},"4":{"name":"(anonymous_4)","decl":{"start":{"line":50,"column":34},"end":{"line":50,"column":35}},"loc":{"start":{"line":50,"column":50},"end":{"line":52,"column":1}},"line":50},"5":{"name":"(anonymous_5)","decl":{"start":{"line":55,"column":38},"end":{"line":55,"column":39}},"loc":{"start":{"line":55,"column":63},"end":{"line":57,"column":1}},"line":55},"6":{"name":"(anonymous_6)","decl":{"start":{"line":60,"column":40},"end":{"line":60,"column":41}},"loc":{"start":{"line":60,"column":56},"end":{"line":85,"column":1}},"line":60},"7":{"name":"categorizeSkills","decl":{"start":{"line":90,"column":9},"end":{"line":90,"column":25}},"loc":{"start":{"line":90,"column":39},"end":{"line":305,"column":1}},"line":90},"8":{"name":"(anonymous_8)","decl":{"start":{"line":285,"column":13},"end":{"line":285,"column":14}},"loc":{"start":{"line":285,"column":23},"end":{"line":285,"column":67}},"line":285},"9":{"name":"(anonymous_9)","decl":{"start":{"line":289,"column":22},"end":{"line":289,"column":23}},"loc":{"start":{"line":289,"column":30},"end":{"line":289,"column":48}},"line":289},"10":{"name":"(anonymous_10)","decl":{"start":{"line":291,"column":31},"end":{"line":291,"column":32}},"loc":{"start":{"line":291,"column":39},"end":{"line":291,"column":57}},"line":291},"11":{"name":"(anonymous_11)","decl":{"start":{"line":293,"column":27},"end":{"line":293,"column":28}},"loc":{"start":{"line":293,"column":35},"end":{"line":293,"column":53}},"line":293},"12":{"name":"(anonymous_12)","decl":{"start":{"line":295,"column":34},"end":{"line":295,"column":35}},"loc":{"start":{"line":295,"column":42},"end":{"line":295,"column":60}},"line":295},"13":{"name":"(anonymous_13)","decl":{"start":{"line":297,"column":30},"end":{"line":297,"column":31}},"loc":{"start":{"line":297,"column":38},"end":{"line":297,"column":56}},"line":297},"14":{"name":"(anonymous_14)","decl":{"start":{"line":299,"column":27},"end":{"line":299,"column":28}},"loc":{"start":{"line":299,"column":35},"end":{"line":299,"column":53}},"line":299},"15":{"name":"renderTemplate","decl":{"start":{"line":318,"column":22},"end":{"line":318,"column":36}},"loc":{"start":{"line":318,"column":69},"end":{"line":383,"column":1}},"line":318}},"branchMap":{"0":{"loc":{"start":{"line":20,"column":2},"end":{"line":20,"column":23}},"type":"if","locations":[{"start":{"line":20,"column":2},"end":{"line":20,"column":23}},{"start":{},"end":{}}],"line":20},"1":{"loc":{"start":{"line":31,"column":2},"end":{"line":31,"column":23}},"type":"if","locations":[{"start":{"line":31,"column":2},"end":{"line":31,"column":23}},{"start":{},"end":{}}],"line":31},"2":{"loc":{"start":{"line":34,"column":4},"end":{"line":34,"column":38}},"type":"if","locations":[{"start":{"line":34,"column":4},"end":{"line":34,"column":38}},{"start":{},"end":{}}],"line":34},"3":{"loc":{"start":{"line":44,"column":2},"end":{"line":44,"column":46}},"type":"if","locations":[{"start":{"line":44,"column":2},"end":{"line":44,"column":46}},{"start":{},"end":{}}],"line":44},"4":{"loc":{"start":{"line":45,"column":17},"end":{"line":45,"column":62}},"type":"cond-expr","locations":[{"start":{"line":45,"column":23},"end":{"line":45,"column":57}},{"start":{"line":45,"column":60},"end":{"line":45,"column":62}}],"line":45},"5":{"loc":{"start":{"line":46,"column":9},"end":{"line":46,"column":54}},"type":"cond-expr","locations":[{"start":{"line":46,"column":18},"end":{"line":46,"column":43}},{"start":{"line":46,"column":46},"end":{"line":46,"column":54}}],"line":46},"6":{"loc":{"start":{"line":51,"column":35},"end":{"line":51,"column":45}},"type":"binary-expr","locations":[{"start":{"line":51,"column":35},"end":{"line":51,"column":39}},{"start":{"line":51,"column":43},"end":{"line":51,"column":45}}],"line":51},"7":{"loc":{"start":{"line":56,"column":9},"end":{"line":56,"column":59}},"type":"cond-expr","locations":[{"start":{"line":56,"column":19},"end":{"line":56,"column":35}},{"start":{"line":56,"column":38},"end":{"line":56,"column":59}}],"line":56},"8":{"loc":{"start":{"line":61,"column":2},"end":{"line":61,"column":23}},"type":"if","locations":[{"start":{"line":61,"column":2},"end":{"line":61,"column":23}},{"start":{},"end":{}}],"line":61},"9":{"loc":{"start":{"line":82,"column":2},"end":{"line":82,"column":54}},"type":"if","locations":[{"start":{"line":82,"column":2},"end":{"line":82,"column":54}},{"start":{},"end":{}}],"line":82},"10":{"loc":{"start":{"line":90,"column":26},"end":{"line":90,"column":37}},"type":"default-arg","locations":[{"start":{"line":90,"column":35},"end":{"line":90,"column":37}}],"line":90},"11":{"loc":{"start":{"line":276,"column":6},"end":{"line":276,"column":80}},"type":"cond-expr","locations":[{"start":{"line":276,"column":39},"end":{"line":276,"column":56}},{"start":{"line":276,"column":59},"end":{"line":276,"column":80}}],"line":276},"12":{"loc":{"start":{"line":276,"column":59},"end":{"line":276,"column":80}},"type":"binary-expr","locations":[{"start":{"line":276,"column":59},"end":{"line":276,"column":74}},{"start":{"line":276,"column":78},"end":{"line":276,"column":80}}],"line":276},"13":{"loc":{"start":{"line":278,"column":4},"end":{"line":278,"column":25}},"type":"if","locations":[{"start":{"line":278,"column":4},"end":{"line":278,"column":25}},{"start":{},"end":{}}],"line":278},"14":{"loc":{"start":{"line":282,"column":6},"end":{"line":286,"column":18}},"type":"binary-expr","locations":[{"start":{"line":282,"column":6},"end":{"line":282,"column":25}},{"start":{"line":283,"column":6},"end":{"line":286,"column":18}}],"line":282},"15":{"loc":{"start":{"line":289,"column":4},"end":{"line":301,"column":49}},"type":"if","locations":[{"start":{"line":289,"column":4},"end":{"line":301,"column":49}},{"start":{"line":291,"column":9},"end":{"line":301,"column":49}}],"line":289},"16":{"loc":{"start":{"line":291,"column":9},"end":{"line":301,"column":49}},"type":"if","locations":[{"start":{"line":291,"column":9},"end":{"line":301,"column":49}},{"start":{"line":293,"column":9},"end":{"line":301,"column":49}}],"line":291},"17":{"loc":{"start":{"line":293,"column":9},"end":{"line":301,"column":49}},"type":"if","locations":[{"start":{"line":293,"column":9},"end":{"line":301,"column":49}},{"start":{"line":295,"column":9},"end":{"line":301,"column":49}}],"line":293},"18":{"loc":{"start":{"line":295,"column":9},"end":{"line":301,"column":49}},"type":"if","locations":[{"start":{"line":295,"column":9},"end":{"line":301,"column":49}},{"start":{"line":297,"column":9},"end":{"line":301,"column":49}}],"line":295},"19":{"loc":{"start":{"line":297,"column":9},"end":{"line":301,"column":49}},"type":"if","locations":[{"start":{"line":297,"column":9},"end":{"line":301,"column":49}},{"start":{"line":299,"column":9},"end":{"line":301,"column":49}}],"line":297},"20":{"loc":{"start":{"line":299,"column":9},"end":{"line":301,"column":49}},"type":"if","locations":[{"start":{"line":299,"column":9},"end":{"line":301,"column":49}},{"start":{"line":301,"column":9},"end":{"line":301,"column":49}}],"line":299},"21":{"loc":{"start":{"line":322,"column":4},"end":{"line":325,"column":5}},"type":"if","locations":[{"start":{"line":322,"column":4},"end":{"line":325,"column":5}},{"start":{},"end":{}}],"line":322},"22":{"loc":{"start":{"line":351,"column":16},"end":{"line":351,"column":78}},"type":"cond-expr","locations":[{"start":{"line":351,"column":41},"end":{"line":351,"column":73}},{"start":{"line":351,"column":76},"end":{"line":351,"column":78}}],"line":351}},"s":{"0":13,"1":13,"2":13,"3":13,"4":0,"5":0,"6":0,"7":0,"8":13,"9":3,"10":0,"11":3,"12":3,"13":3,"14":0,"15":3,"16":0,"17":13,"18":1,"19":1,"20":0,"21":1,"22":1,"23":13,"24":0,"25":13,"26":0,"27":13,"28":0,"29":0,"30":0,"31":0,"32":0,"33":0,"34":0,"35":5,"36":5,"37":5,"38":5,"39":5,"40":5,"41":5,"42":5,"43":5,"44":3,"45":3,"46":0,"47":3,"48":0,"49":3,"50":33,"51":0,"52":3,"53":21,"54":0,"55":3,"56":21,"57":0,"58":3,"59":20,"60":2,"61":1,"62":2,"63":1,"64":0,"65":0,"66":0,"67":0,"68":5,"69":5,"70":5,"71":5,"72":0,"73":0,"74":5,"75":5,"76":5,"77":5,"78":5,"79":5,"80":5,"81":5,"82":5,"83":5,"84":5,"85":5,"86":5,"87":5,"88":5,"89":5,"90":5,"91":5,"92":5,"93":5,"94":0,"95":0},"f":{"0":0,"1":0,"2":3,"3":1,"4":0,"5":0,"6":0,"7":5,"8":0,"9":33,"10":21,"11":21,"12":20,"13":2,"14":0,"15":5},"b":{"0":[0,0],"1":[0,3],"2":[0,3],"3":[0,1],"4":[1,0],"5":[1,0],"6":[0,0],"7":[0,0],"8":[0,0],"9":[0,0],"10":[0],"11":[3,0],"12":[0,0],"13":[0,3],"14":[3,0],"15":[0,3],"16":[0,3],"17":[0,3],"18":[2,1],"19":[1,0],"20":[0,0],"21":[0,5],"22":[5,0]},"inputSourceMap":null,"_coverageSchema":"1a1c01bbd47fc00a2c39e90264f33305004495a9","hash":"d3662f012e18703c26b697bad6985dc856d22c29"}
}
