{"total": {"lines":{"total":2033,"covered":695,"skipped":0,"pct":34.18},"statements":{"total":2114,"covered":710,"skipped":0,"pct":33.58},"functions":{"total":223,"covered":52,"skipped":0,"pct":23.31},"branches":{"total":1406,"covered":241,"skipped":0,"pct":17.14},"branchesTrue":{"total":0,"covered":0,"skipped":0,"pct":100}}
,"C:\\Users\\Zaid Hasan\\OneDrive\\Desktop\\New ATS\\Aandsz-Forces-ATS-CS490\\backend\\auth.js": {"lines":{"total":10,"covered":9,"skipped":0,"pct":90},"functions":{"total":1,"covered":1,"skipped":0,"pct":100},"statements":{"total":11,"covered":10,"skipped":0,"pct":90.9},"branches":{"total":8,"covered":7,"skipped":0,"pct":87.5}}
,"C:\\Users\\Zaid Hasan\\OneDrive\\Desktop\\New ATS\\Aandsz-Forces-ATS-CS490\\backend\\server.js": {"lines":{"total":232,"covered":98,"skipped":0,"pct":42.24},"functions":{"total":19,"covered":3,"skipped":0,"pct":15.78},"statements":{"total":235,"covered":98,"skipped":0,"pct":41.7},"branches":{"total":105,"covered":21,"skipped":0,"pct":20}}
,"C:\\Users\\Zaid Hasan\\OneDrive\\Desktop\\New ATS\\Aandsz-Forces-ATS-CS490\\backend\\routes\\certification.js": {"lines":{"total":61,"covered":9,"skipped":0,"pct":14.75},"functions":{"total":5,"covered":0,"skipped":0,"pct":0},"statements":{"total":63,"covered":9,"skipped":0,"pct":14.28},"branches":{"total":42,"covered":1,"skipped":0,"pct":2.38}}
,"C:\\Users\\Zaid Hasan\\OneDrive\\Desktop\\New ATS\\Aandsz-Forces-ATS-CS490\\backend\\routes\\company.js": {"lines":{"total":73,"covered":26,"skipped":0,"pct":35.61},"functions":{"total":8,"covered":2,"skipped":0,"pct":25},"statements":{"total":77,"covered":26,"skipped":0,"pct":33.76},"branches":{"total":24,"covered":4,"skipped":0,"pct":16.66}}
,"C:\\Users\\Zaid Hasan\\OneDrive\\Desktop\\New ATS\\Aandsz-Forces-ATS-CS490\\backend\\routes\\companyResearch.js": {"lines":{"total":122,"covered":5,"skipped":0,"pct":4.09},"functions":{"total":21,"covered":0,"skipped":0,"pct":0},"statements":{"total":128,"covered":5,"skipped":0,"pct":3.9},"branches":{"total":177,"covered":0,"skipped":0,"pct":0}}
,"C:\\Users\\Zaid Hasan\\OneDrive\\Desktop\\New ATS\\Aandsz-Forces-ATS-CS490\\backend\\routes\\coverLetterAI.js": {"lines":{"total":55,"covered":21,"skipped":0,"pct":38.18},"functions":{"total":3,"covered":2,"skipped":0,"pct":66.66},"statements":{"total":55,"covered":21,"skipped":0,"pct":38.18},"branches":{"total":58,"covered":11,"skipped":0,"pct":18.96}}
,"C:\\Users\\Zaid Hasan\\OneDrive\\Desktop\\New ATS\\Aandsz-Forces-ATS-CS490\\backend\\routes\\coverLetterExport.js": {"lines":{"total":34,"covered":4,"skipped":0,"pct":11.76},"functions":{"total":4,"covered":0,"skipped":0,"pct":0},"statements":{"total":34,"covered":4,"skipped":0,"pct":11.76},"branches":{"total":14,"covered":0,"skipped":0,"pct":0}}
,"C:\\Users\\Zaid Hasan\\OneDrive\\Desktop\\New ATS\\Aandsz-Forces-ATS-CS490\\backend\\routes\\coverLetterTemplates.js": {"lines":{"total":91,"covered":17,"skipped":0,"pct":18.68},"functions":{"total":10,"covered":1,"skipped":0,"pct":10},"statements":{"total":91,"covered":17,"skipped":0,"pct":18.68},"branches":{"total":80,"covered":9,"skipped":0,"pct":11.25}}
,"C:\\Users\\Zaid Hasan\\OneDrive\\Desktop\\New ATS\\Aandsz-Forces-ATS-CS490\\backend\\routes\\cover_letter.js": {"lines":{"total":35,"covered":20,"skipped":0,"pct":57.14},"functions":{"total":3,"covered":2,"skipped":0,"pct":66.66},"statements":{"total":36,"covered":21,"skipped":0,"pct":58.33},"branches":{"total":19,"covered":12,"skipped":0,"pct":63.15}}
,"C:\\Users\\Zaid Hasan\\OneDrive\\Desktop\\New ATS\\Aandsz-Forces-ATS-CS490\\backend\\routes\\education.js": {"lines":{"total":44,"covered":9,"skipped":0,"pct":20.45},"functions":{"total":5,"covered":0,"skipped":0,"pct":0},"statements":{"total":46,"covered":9,"skipped":0,"pct":19.56},"branches":{"total":37,"covered":1,"skipped":0,"pct":2.7}}
,"C:\\Users\\Zaid Hasan\\OneDrive\\Desktop\\New ATS\\Aandsz-Forces-ATS-CS490\\backend\\routes\\employment.js": {"lines":{"total":52,"covered":9,"skipped":0,"pct":17.3},"functions":{"total":5,"covered":0,"skipped":0,"pct":0},"statements":{"total":53,"covered":9,"skipped":0,"pct":16.98},"branches":{"total":35,"covered":1,"skipped":0,"pct":2.85}}
,"C:\\Users\\Zaid Hasan\\OneDrive\\Desktop\\New ATS\\Aandsz-Forces-ATS-CS490\\backend\\routes\\interviewInsights.js": {"lines":{"total":166,"covered":12,"skipped":0,"pct":7.22},"functions":{"total":16,"covered":0,"skipped":0,"pct":0},"statements":{"total":170,"covered":12,"skipped":0,"pct":7.05},"branches":{"total":112,"covered":0,"skipped":0,"pct":0}}
,"C:\\Users\\Zaid Hasan\\OneDrive\\Desktop\\New ATS\\Aandsz-Forces-ATS-CS490\\backend\\routes\\job.js": {"lines":{"total":208,"covered":174,"skipped":0,"pct":83.65},"functions":{"total":15,"covered":15,"skipped":0,"pct":100},"statements":{"total":213,"covered":177,"skipped":0,"pct":83.09},"branches":{"total":120,"covered":103,"skipped":0,"pct":85.83}}
,"C:\\Users\\Zaid Hasan\\OneDrive\\Desktop\\New ATS\\Aandsz-Forces-ATS-CS490\\backend\\routes\\jobDescriptions.js": {"lines":{"total":27,"covered":6,"skipped":0,"pct":22.22},"functions":{"total":3,"covered":0,"skipped":0,"pct":0},"statements":{"total":28,"covered":6,"skipped":0,"pct":21.42},"branches":{"total":8,"covered":1,"skipped":0,"pct":12.5}}
,"C:\\Users\\Zaid Hasan\\OneDrive\\Desktop\\New ATS\\Aandsz-Forces-ATS-CS490\\backend\\routes\\jobRoutes.js": {"lines":{"total":38,"covered":4,"skipped":0,"pct":10.52},"functions":{"total":2,"covered":0,"skipped":0,"pct":0},"statements":{"total":39,"covered":4,"skipped":0,"pct":10.25},"branches":{"total":10,"covered":0,"skipped":0,"pct":0}}
,"C:\\Users\\Zaid Hasan\\OneDrive\\Desktop\\New ATS\\Aandsz-Forces-ATS-CS490\\backend\\routes\\linkedin.js": {"lines":{"total":18,"covered":0,"skipped":0,"pct":0},"functions":{"total":2,"covered":0,"skipped":0,"pct":0},"statements":{"total":19,"covered":0,"skipped":0,"pct":0},"branches":{"total":4,"covered":0,"skipped":0,"pct":0}}
,"C:\\Users\\Zaid Hasan\\OneDrive\\Desktop\\New ATS\\Aandsz-Forces-ATS-CS490\\backend\\routes\\match.js": {"lines":{"total":51,"covered":6,"skipped":0,"pct":11.76},"functions":{"total":5,"covered":0,"skipped":0,"pct":0},"statements":{"total":53,"covered":6,"skipped":0,"pct":11.32},"branches":{"total":73,"covered":0,"skipped":0,"pct":0}}
,"C:\\Users\\Zaid Hasan\\OneDrive\\Desktop\\New ATS\\Aandsz-Forces-ATS-CS490\\backend\\routes\\profile.js": {"lines":{"total":76,"covered":9,"skipped":0,"pct":11.84},"functions":{"total":6,"covered":0,"skipped":0,"pct":0},"statements":{"total":84,"covered":9,"skipped":0,"pct":10.71},"branches":{"total":54,"covered":1,"skipped":0,"pct":1.85}}
,"C:\\Users\\Zaid Hasan\\OneDrive\\Desktop\\New ATS\\Aandsz-Forces-ATS-CS490\\backend\\routes\\projects.js": {"lines":{"total":53,"covered":9,"skipped":0,"pct":16.98},"functions":{"total":7,"covered":0,"skipped":0,"pct":0},"statements":{"total":54,"covered":9,"skipped":0,"pct":16.66},"branches":{"total":60,"covered":1,"skipped":0,"pct":1.66}}
,"C:\\Users\\Zaid Hasan\\OneDrive\\Desktop\\New ATS\\Aandsz-Forces-ATS-CS490\\backend\\routes\\resumePresets.js": {"lines":{"total":32,"covered":7,"skipped":0,"pct":21.87},"functions":{"total":4,"covered":0,"skipped":0,"pct":0},"statements":{"total":33,"covered":7,"skipped":0,"pct":21.21},"branches":{"total":8,"covered":1,"skipped":0,"pct":12.5}}
,"C:\\Users\\Zaid Hasan\\OneDrive\\Desktop\\New ATS\\Aandsz-Forces-ATS-CS490\\backend\\routes\\resumes.js": {"lines":{"total":231,"covered":88,"skipped":0,"pct":38.09},"functions":{"total":31,"covered":8,"skipped":0,"pct":25.8},"statements":{"total":239,"covered":89,"skipped":0,"pct":37.23},"branches":{"total":210,"covered":36,"skipped":0,"pct":17.14}}
,"C:\\Users\\Zaid Hasan\\OneDrive\\Desktop\\New ATS\\Aandsz-Forces-ATS-CS490\\backend\\routes\\salaryResearch.js": {"lines":{"total":48,"covered":6,"skipped":0,"pct":12.5},"functions":{"total":5,"covered":0,"skipped":0,"pct":0},"statements":{"total":52,"covered":6,"skipped":0,"pct":11.53},"branches":{"total":48,"covered":0,"skipped":0,"pct":0}}
,"C:\\Users\\Zaid Hasan\\OneDrive\\Desktop\\New ATS\\Aandsz-Forces-ATS-CS490\\backend\\routes\\sectionPresets.js": {"lines":{"total":32,"covered":7,"skipped":0,"pct":21.87},"functions":{"total":4,"covered":0,"skipped":0,"pct":0},"statements":{"total":33,"covered":7,"skipped":0,"pct":21.21},"branches":{"total":9,"covered":1,"skipped":0,"pct":11.11}}
,"C:\\Users\\Zaid Hasan\\OneDrive\\Desktop\\New ATS\\Aandsz-Forces-ATS-CS490\\backend\\routes\\skillProgress.js": {"lines":{"total":31,"covered":7,"skipped":0,"pct":22.58},"functions":{"total":3,"covered":0,"skipped":0,"pct":0},"statements":{"total":31,"covered":7,"skipped":0,"pct":22.58},"branches":{"total":6,"covered":1,"skipped":0,"pct":16.66}}
,"C:\\Users\\Zaid Hasan\\OneDrive\\Desktop\\New ATS\\Aandsz-Forces-ATS-CS490\\backend\\routes\\skills.js": {"lines":{"total":46,"covered":9,"skipped":0,"pct":19.56},"functions":{"total":5,"covered":0,"skipped":0,"pct":0},"statements":{"total":49,"covered":9,"skipped":0,"pct":18.36},"branches":{"total":12,"covered":1,"skipped":0,"pct":8.33}}
,"C:\\Users\\Zaid Hasan\\OneDrive\\Desktop\\New ATS\\Aandsz-Forces-ATS-CS490\\backend\\routes\\skillsGap.js": {"lines":{"total":67,"covered":55,"skipped":0,"pct":82.08},"functions":{"total":11,"covered":9,"skipped":0,"pct":81.81},"statements":{"total":75,"covered":59,"skipped":0,"pct":78.66},"branches":{"total":24,"covered":11,"skipped":0,"pct":45.83}}
,"C:\\Users\\Zaid Hasan\\OneDrive\\Desktop\\New ATS\\Aandsz-Forces-ATS-CS490\\backend\\routes\\upload.js": {"lines":{"total":17,"covered":8,"skipped":0,"pct":47.05},"functions":{"total":4,"covered":0,"skipped":0,"pct":0},"statements":{"total":17,"covered":8,"skipped":0,"pct":47.05},"branches":{"total":4,"covered":1,"skipped":0,"pct":25}}
,"C:\\Users\\Zaid Hasan\\OneDrive\\Desktop\\New ATS\\Aandsz-Forces-ATS-CS490\\backend\\utils\\renderTemplate.js": {"lines":{"total":83,"covered":61,"skipped":0,"pct":73.49},"functions":{"total":16,"covered":9,"skipped":0,"pct":56.25},"statements":{"total":96,"covered":66,"skipped":0,"pct":68.75},"branches":{"total":45,"covered":16,"skipped":0,"pct":35.55}}
}
