{"C:\\Users\\Zaid Hasan\\OneDrive\\Desktop\\New ATS\\Aandsz-Forces-ATS-CS490\\backend\\auth.js": {"path":"C:\\Users\\Zaid Hasan\\OneDrive\\Desktop\\New ATS\\Aandsz-Forces-ATS-CS490\\backend\\auth.js","statementMap":{"0":{"start":{"line":4,"column":12},"end":{"line":4,"column":43}},"1":{"start":{"line":5,"column":16},"end":{"line":5,"column":72}},"2":{"start":{"line":6,"column":2},"end":{"line":6,"column":65}},"3":{"start":{"line":6,"column":14},"end":{"line":6,"column":65}},"4":{"start":{"line":8,"column":2},"end":{"line":18,"column":3}},"5":{"start":{"line":9,"column":17},"end":{"line":9,"column":58}},"6":{"start":{"line":11,"column":4},"end":{"line":11,"column":50}},"7":{"start":{"line":12,"column":4},"end":{"line":12,"column":11}},"8":{"start":{"line":14,"column":4},"end":{"line":16,"column":5}},"9":{"start":{"line":15,"column":6},"end":{"line":15,"column":62}},"10":{"start":{"line":17,"column":4},"end":{"line":17,"column":60}},"11":{"start":{"line":22,"column":30},"end":{"line":22,"column":34}}},"fnMap":{"0":{"name":"auth","decl":{"start":{"line":3,"column":16},"end":{"line":3,"column":20}},"loc":{"start":{"line":3,"column":37},"end":{"line":19,"column":1}},"line":3}},"branchMap":{"0":{"loc":{"start":{"line":4,"column":12},"end":{"line":4,"column":43}},"type":"binary-expr","locations":[{"start":{"line":4,"column":12},"end":{"line":4,"column":37}},{"start":{"line":4,"column":41},"end":{"line":4,"column":43}}],"line":4},"1":{"loc":{"start":{"line":5,"column":16},"end":{"line":5,"column":72}},"type":"cond-expr","locations":[{"start":{"line":5,"column":42},"end":{"line":5,"column":65}},{"start":{"line":5,"column":68},"end":{"line":5,"column":72}}],"line":5},"2":{"loc":{"start":{"line":6,"column":2},"end":{"line":6,"column":65}},"type":"if","locations":[{"start":{"line":6,"column":2},"end":{"line":6,"column":65}},{"start":{},"end":{}}],"line":6},"3":{"loc":{"start":{"line":14,"column":4},"end":{"line":16,"column":5}},"type":"if","locations":[{"start":{"line":14,"column":4},"end":{"line":16,"column":5}},{"start":{},"end":{}}],"line":14}},"s":{"0":65,"1":65,"2":65,"3":5,"4":60,"5":60,"6":60,"7":60,"8":2,"9":1,"10":1,"11":4},"f":{"0":65},"b":{"0":[65,4],"1":[60,5],"2":[5,60],"3":[1,1]},"meta":{"lastBranch":4,"lastFunction":1,"lastStatement":12,"seen":{"f:3:16:3:20":0,"s:4:12:4:43":0,"b:4:12:4:37:4:41:4:43":0,"s:5:16:5:72":1,"b:5:42:5:65:5:68:5:72":1,"b:6:2:6:65:undefined:undefined:undefined:undefined":2,"s:6:2:6:65":2,"s:6:14:6:65":3,"s:8:2:18:3":4,"s:9:17:9:58":5,"s:11:4:11:50":6,"s:12:4:12:11":7,"b:14:4:16:5:undefined:undefined:undefined:undefined":3,"s:14:4:16:5":8,"s:15:6:15:62":9,"s:17:4:17:60":10,"s:22:30:22:34":11}}}
,"C:\\Users\\Zaid Hasan\\OneDrive\\Desktop\\New ATS\\Aandsz-Forces-ATS-CS490\\backend\\routes\\calendar.js": {"path":"C:\\Users\\Zaid Hasan\\OneDrive\\Desktop\\New ATS\\Aandsz-Forces-ATS-CS490\\backend\\routes\\calendar.js","statementMap":{"0":{"start":{"line":8,"column":0},"end":{"line":8,"column":16}},"1":{"start":{"line":10,"column":15},"end":{"line":10,"column":31}},"2":{"start":{"line":12,"column":16},"end":{"line":15,"column":1}},"3":{"start":{"line":17,"column":21},"end":{"line":21,"column":1}},"4":{"start":{"line":27,"column":0},"end":{"line":51,"column":3}},"5":{"start":{"line":28,"column":2},"end":{"line":50,"column":3}},"6":{"start":{"line":29,"column":23},"end":{"line":29,"column":32}},"7":{"start":{"line":31,"column":4},"end":{"line":36,"column":5}},"8":{"start":{"line":32,"column":6},"end":{"line":35,"column":9}},"9":{"start":{"line":38,"column":20},"end":{"line":38,"column":52}},"10":{"start":{"line":40,"column":4},"end":{"line":43,"column":7}},"11":{"start":{"line":45,"column":4},"end":{"line":45,"column":55}},"12":{"start":{"line":46,"column":4},"end":{"line":49,"column":7}},"13":{"start":{"line":57,"column":0},"end":{"line":179,"column":3}},"14":{"start":{"line":58,"column":2},"end":{"line":178,"column":3}},"15":{"start":{"line":59,"column":36},"end":{"line":59,"column":45}},"16":{"start":{"line":61,"column":4},"end":{"line":71,"column":5}},"17":{"start":{"line":62,"column":6},"end":{"line":70,"column":9}},"18":{"start":{"line":74,"column":23},"end":{"line":74,"column":56}},"19":{"start":{"line":76,"column":4},"end":{"line":76,"column":40}},"20":{"start":{"line":79,"column":21},"end":{"line":79,"column":75}},"21":{"start":{"line":80,"column":25},"end":{"line":80,"column":59}},"22":{"start":{"line":81,"column":28},"end":{"line":81,"column":77}},"23":{"start":{"line":81,"column":65},"end":{"line":81,"column":76}},"24":{"start":{"line":84,"column":22},"end":{"line":99,"column":8}},"25":{"start":{"line":101,"column":4},"end":{"line":112,"column":5}},"26":{"start":{"line":102,"column":6},"end":{"line":102,"column":48}},"27":{"start":{"line":103,"column":6},"end":{"line":111,"column":9}},"28":{"start":{"line":114,"column":4},"end":{"line":114,"column":59}},"29":{"start":{"line":117,"column":4},"end":{"line":166,"column":7}},"30":{"start":{"line":168,"column":4},"end":{"line":168,"column":50}},"31":{"start":{"line":169,"column":4},"end":{"line":177,"column":7}},"32":{"start":{"line":185,"column":0},"end":{"line":218,"column":3}},"33":{"start":{"line":186,"column":2},"end":{"line":217,"column":3}},"34":{"start":{"line":187,"column":23},"end":{"line":187,"column":32}},"35":{"start":{"line":189,"column":4},"end":{"line":194,"column":5}},"36":{"start":{"line":190,"column":6},"end":{"line":193,"column":9}},"37":{"start":{"line":196,"column":33},"end":{"line":200,"column":15}},"38":{"start":{"line":202,"column":4},"end":{"line":210,"column":7}},"39":{"start":{"line":212,"column":4},"end":{"line":212,"column":60}},"40":{"start":{"line":213,"column":4},"end":{"line":216,"column":7}},"41":{"start":{"line":224,"column":0},"end":{"line":261,"column":3}},"42":{"start":{"line":225,"column":2},"end":{"line":260,"column":3}},"43":{"start":{"line":226,"column":23},"end":{"line":226,"column":32}},"44":{"start":{"line":228,"column":4},"end":{"line":233,"column":5}},"45":{"start":{"line":229,"column":6},"end":{"line":232,"column":9}},"46":{"start":{"line":235,"column":22},"end":{"line":238,"column":38}},"47":{"start":{"line":240,"column":4},"end":{"line":246,"column":5}},"48":{"start":{"line":241,"column":6},"end":{"line":241,"column":62}},"49":{"start":{"line":242,"column":6},"end":{"line":245,"column":9}},"50":{"start":{"line":248,"column":4},"end":{"line":248,"column":62}},"51":{"start":{"line":250,"column":4},"end":{"line":253,"column":7}},"52":{"start":{"line":255,"column":4},"end":{"line":255,"column":58}},"53":{"start":{"line":256,"column":4},"end":{"line":259,"column":7}}},"fnMap":{"0":{"name":"(anonymous_0)","decl":{"start":{"line":27,"column":24},"end":{"line":27,"column":29}},"loc":{"start":{"line":27,"column":44},"end":{"line":51,"column":1}},"line":27},"1":{"name":"(anonymous_1)","decl":{"start":{"line":57,"column":24},"end":{"line":57,"column":29}},"loc":{"start":{"line":57,"column":44},"end":{"line":179,"column":1}},"line":57},"2":{"name":"(anonymous_2)","decl":{"start":{"line":81,"column":58},"end":{"line":81,"column":61}},"loc":{"start":{"line":81,"column":65},"end":{"line":81,"column":76}},"line":81},"3":{"name":"(anonymous_3)","decl":{"start":{"line":185,"column":22},"end":{"line":185,"column":27}},"loc":{"start":{"line":185,"column":42},"end":{"line":218,"column":1}},"line":185},"4":{"name":"(anonymous_4)","decl":{"start":{"line":224,"column":29},"end":{"line":224,"column":34}},"loc":{"start":{"line":224,"column":49},"end":{"line":261,"column":1}},"line":224}},"branchMap":{"0":{"loc":{"start":{"line":31,"column":4},"end":{"line":36,"column":5}},"type":"if","locations":[{"start":{"line":31,"column":4},"end":{"line":36,"column":5}},{"start":{},"end":{}}],"line":31},"1":{"loc":{"start":{"line":61,"column":4},"end":{"line":71,"column":5}},"type":"if","locations":[{"start":{"line":61,"column":4},"end":{"line":71,"column":5}},{"start":{},"end":{}}],"line":61},"2":{"loc":{"start":{"line":61,"column":8},"end":{"line":61,"column":24}},"type":"binary-expr","locations":[{"start":{"line":61,"column":8},"end":{"line":61,"column":13}},{"start":{"line":61,"column":17},"end":{"line":61,"column":24}}],"line":61},"3":{"loc":{"start":{"line":92,"column":21},"end":{"line":92,"column":53}},"type":"binary-expr","locations":[{"start":{"line":92,"column":21},"end":{"line":92,"column":40}},{"start":{"line":92,"column":44},"end":{"line":92,"column":53}}],"line":92},"4":{"loc":{"start":{"line":93,"column":23},"end":{"line":93,"column":69}},"type":"binary-expr","locations":[{"start":{"line":93,"column":23},"end":{"line":93,"column":47}},{"start":{"line":93,"column":51},"end":{"line":93,"column":69}}],"line":93},"5":{"loc":{"start":{"line":94,"column":27},"end":{"line":94,"column":61}},"type":"binary-expr","locations":[{"start":{"line":94,"column":27},"end":{"line":94,"column":52}},{"start":{"line":94,"column":56},"end":{"line":94,"column":61}}],"line":94},"6":{"loc":{"start":{"line":101,"column":4},"end":{"line":112,"column":5}},"type":"if","locations":[{"start":{"line":101,"column":4},"end":{"line":112,"column":5}},{"start":{},"end":{}}],"line":101},"7":{"loc":{"start":{"line":189,"column":4},"end":{"line":194,"column":5}},"type":"if","locations":[{"start":{"line":189,"column":4},"end":{"line":194,"column":5}},{"start":{},"end":{}}],"line":189},"8":{"loc":{"start":{"line":205,"column":18},"end":{"line":209,"column":14}},"type":"cond-expr","locations":[{"start":{"line":205,"column":31},"end":{"line":209,"column":7}},{"start":{"line":209,"column":10},"end":{"line":209,"column":14}}],"line":205},"9":{"loc":{"start":{"line":228,"column":4},"end":{"line":233,"column":5}},"type":"if","locations":[{"start":{"line":228,"column":4},"end":{"line":233,"column":5}},{"start":{},"end":{}}],"line":228},"10":{"loc":{"start":{"line":240,"column":4},"end":{"line":246,"column":5}},"type":"if","locations":[{"start":{"line":240,"column":4},"end":{"line":246,"column":5}},{"start":{},"end":{}}],"line":240}},"s":{"0":2,"1":2,"2":2,"3":2,"4":2,"5":3,"6":3,"7":3,"8":1,"9":2,"10":1,"11":1,"12":1,"13":2,"14":6,"15":6,"16":6,"17":2,"18":4,"19":3,"20":3,"21":3,"22":3,"23":2,"24":6,"25":3,"26":1,"27":1,"28":2,"29":2,"30":1,"31":1,"32":2,"33":4,"34":4,"35":4,"36":1,"37":3,"38":2,"39":1,"40":1,"41":2,"42":4,"43":4,"44":4,"45":1,"46":3,"47":2,"48":1,"49":1,"50":1,"51":1,"52":1,"53":1},"f":{"0":3,"1":6,"2":2,"3":4,"4":4},"b":{"0":[1,2],"1":[2,4],"2":[6,5],"3":[6,1],"4":[6,1],"5":[6,1],"6":[1,2],"7":[1,3],"8":[1,1],"9":[1,3],"10":[1,1]},"meta":{"lastBranch":11,"lastFunction":5,"lastStatement":54,"seen":{"s:8:0:8:16":0,"s:10:15:10:31":1,"s:12:16:15:1":2,"s:17:21:21:1":3,"s:27:0:51:3":4,"f:27:24:27:29":0,"s:28:2:50:3":5,"s:29:23:29:32":6,"b:31:4:36:5:undefined:undefined:undefined:undefined":0,"s:31:4:36:5":7,"s:32:6:35:9":8,"s:38:20:38:52":9,"s:40:4:43:7":10,"s:45:4:45:55":11,"s:46:4:49:7":12,"s:57:0:179:3":13,"f:57:24:57:29":1,"s:58:2:178:3":14,"s:59:36:59:45":15,"b:61:4:71:5:undefined:undefined:undefined:undefined":1,"s:61:4:71:5":16,"b:61:8:61:13:61:17:61:24":2,"s:62:6:70:9":17,"s:74:23:74:56":18,"s:76:4:76:40":19,"s:79:21:79:75":20,"s:80:25:80:59":21,"s:81:28:81:77":22,"f:81:58:81:61":2,"s:81:65:81:76":23,"s:84:22:99:8":24,"b:92:21:92:40:92:44:92:53":3,"b:93:23:93:47:93:51:93:69":4,"b:94:27:94:52:94:56:94:61":5,"b:101:4:112:5:undefined:undefined:undefined:undefined":6,"s:101:4:112:5":25,"s:102:6:102:48":26,"s:103:6:111:9":27,"s:114:4:114:59":28,"s:117:4:166:7":29,"s:168:4:168:50":30,"s:169:4:177:7":31,"s:185:0:218:3":32,"f:185:22:185:27":3,"s:186:2:217:3":33,"s:187:23:187:32":34,"b:189:4:194:5:undefined:undefined:undefined:undefined":7,"s:189:4:194:5":35,"s:190:6:193:9":36,"s:196:33:200:15":37,"s:202:4:210:7":38,"b:205:31:209:7:209:10:209:14":8,"s:212:4:212:60":39,"s:213:4:216:7":40,"s:224:0:261:3":41,"f:224:29:224:34":4,"s:225:2:260:3":42,"s:226:23:226:32":43,"b:228:4:233:5:undefined:undefined:undefined:undefined":9,"s:228:4:233:5":44,"s:229:6:232:9":45,"s:235:22:238:38":46,"b:240:4:246:5:undefined:undefined:undefined:undefined":10,"s:240:4:246:5":47,"s:241:6:241:62":48,"s:242:6:245:9":49,"s:248:4:248:62":50,"s:250:4:253:7":51,"s:255:4:255:58":52,"s:256:4:259:7":53}}}
,"C:\\Users\\Zaid Hasan\\OneDrive\\Desktop\\New ATS\\Aandsz-Forces-ATS-CS490\\backend\\routes\\certification.js": {"path":"C:\\Users\\Zaid Hasan\\OneDrive\\Desktop\\New ATS\\Aandsz-Forces-ATS-CS490\\backend\\routes\\certification.js","statementMap":{"0":{"start":{"line":6,"column":0},"end":{"line":6,"column":16}},"1":{"start":{"line":7,"column":17},"end":{"line":7,"column":20}},"2":{"start":{"line":8,"column":15},"end":{"line":8,"column":31}},"3":{"start":{"line":9,"column":13},"end":{"line":9,"column":69}},"4":{"start":{"line":10,"column":19},"end":{"line":10,"column":57}},"5":{"start":{"line":14,"column":17},"end":{"line":14,"column":42}},"6":{"start":{"line":15,"column":2},"end":{"line":15,"column":75}},"7":{"start":{"line":15,"column":15},"end":{"line":15,"column":75}},"8":{"start":{"line":17,"column":2},"end":{"line":24,"column":3}},"9":{"start":{"line":18,"column":18},"end":{"line":18,"column":38}},"10":{"start":{"line":19,"column":20},"end":{"line":19,"column":49}},"11":{"start":{"line":20,"column":4},"end":{"line":20,"column":28}},"12":{"start":{"line":21,"column":4},"end":{"line":21,"column":11}},"13":{"start":{"line":23,"column":4},"end":{"line":23,"column":71}},"14":{"start":{"line":28,"column":0},"end":{"line":82,"column":3}},"15":{"start":{"line":29,"column":2},"end":{"line":81,"column":3}},"16":{"start":{"line":41,"column":8},"end":{"line":41,"column":16}},"17":{"start":{"line":43,"column":4},"end":{"line":47,"column":5}},"18":{"start":{"line":44,"column":6},"end":{"line":46,"column":77}},"19":{"start":{"line":49,"column":27},"end":{"line":49,"column":46}},"20":{"start":{"line":50,"column":27},"end":{"line":50,"column":75}},"21":{"start":{"line":52,"column":6},"end":{"line":54,"column":14}},"22":{"start":{"line":56,"column":21},"end":{"line":75,"column":5}},"23":{"start":{"line":77,"column":4},"end":{"line":77,"column":73}},"24":{"start":{"line":79,"column":4},"end":{"line":79,"column":49}},"25":{"start":{"line":80,"column":4},"end":{"line":80,"column":81}},"26":{"start":{"line":85,"column":0},"end":{"line":96,"column":3}},"27":{"start":{"line":86,"column":2},"end":{"line":95,"column":3}},"28":{"start":{"line":87,"column":21},"end":{"line":90,"column":5}},"29":{"start":{"line":91,"column":4},"end":{"line":91,"column":39}},"30":{"start":{"line":93,"column":4},"end":{"line":93,"column":54}},"31":{"start":{"line":94,"column":4},"end":{"line":94,"column":69}},"32":{"start":{"line":99,"column":0},"end":{"line":153,"column":3}},"33":{"start":{"line":100,"column":17},"end":{"line":111,"column":3}},"34":{"start":{"line":113,"column":18},"end":{"line":113,"column":20}},"35":{"start":{"line":114,"column":17},"end":{"line":114,"column":19}},"36":{"start":{"line":115,"column":10},"end":{"line":115,"column":11}},"37":{"start":{"line":117,"column":2},"end":{"line":131,"column":3}},"38":{"start":{"line":118,"column":4},"end":{"line":130,"column":5}},"39":{"start":{"line":119,"column":18},"end":{"line":119,"column":33}},"40":{"start":{"line":122,"column":6},"end":{"line":126,"column":7}},"41":{"start":{"line":125,"column":8},"end":{"line":125,"column":60}},"42":{"start":{"line":128,"column":6},"end":{"line":128,"column":39}},"43":{"start":{"line":129,"column":6},"end":{"line":129,"column":25}},"44":{"start":{"line":133,"column":2},"end":{"line":134,"column":66}},"45":{"start":{"line":134,"column":4},"end":{"line":134,"column":66}},"46":{"start":{"line":136,"column":2},"end":{"line":136,"column":41}},"47":{"start":{"line":138,"column":16},"end":{"line":143,"column":3}},"48":{"start":{"line":145,"column":2},"end":{"line":152,"column":3}},"49":{"start":{"line":146,"column":21},"end":{"line":146,"column":52}},"50":{"start":{"line":147,"column":4},"end":{"line":147,"column":88}},"51":{"start":{"line":147,"column":22},"end":{"line":147,"column":88}},"52":{"start":{"line":148,"column":4},"end":{"line":148,"column":75}},"53":{"start":{"line":150,"column":4},"end":{"line":150,"column":54}},"54":{"start":{"line":151,"column":4},"end":{"line":151,"column":53}},"55":{"start":{"line":156,"column":0},"end":{"line":169,"column":3}},"56":{"start":{"line":157,"column":2},"end":{"line":168,"column":3}},"57":{"start":{"line":158,"column":19},"end":{"line":161,"column":5}},"58":{"start":{"line":162,"column":4},"end":{"line":163,"column":72}},"59":{"start":{"line":163,"column":6},"end":{"line":163,"column":72}},"60":{"start":{"line":164,"column":4},"end":{"line":164,"column":64}},"61":{"start":{"line":166,"column":4},"end":{"line":166,"column":54}},"62":{"start":{"line":167,"column":4},"end":{"line":167,"column":53}}},"fnMap":{"0":{"name":"auth","decl":{"start":{"line":13,"column":9},"end":{"line":13,"column":13}},"loc":{"start":{"line":13,"column":30},"end":{"line":25,"column":1}},"line":13},"1":{"name":"(anonymous_1)","decl":{"start":{"line":28,"column":37},"end":{"line":28,"column":42}},"loc":{"start":{"line":28,"column":57},"end":{"line":82,"column":1}},"line":28},"2":{"name":"(anonymous_2)","decl":{"start":{"line":85,"column":36},"end":{"line":85,"column":41}},"loc":{"start":{"line":85,"column":56},"end":{"line":96,"column":1}},"line":85},"3":{"name":"(anonymous_3)","decl":{"start":{"line":99,"column":40},"end":{"line":99,"column":45}},"loc":{"start":{"line":99,"column":60},"end":{"line":153,"column":1}},"line":99},"4":{"name":"(anonymous_4)","decl":{"start":{"line":156,"column":43},"end":{"line":156,"column":48}},"loc":{"start":{"line":156,"column":63},"end":{"line":169,"column":1}},"line":156}},"branchMap":{"0":{"loc":{"start":{"line":10,"column":19},"end":{"line":10,"column":57}},"type":"binary-expr","locations":[{"start":{"line":10,"column":19},"end":{"line":10,"column":41}},{"start":{"line":10,"column":45},"end":{"line":10,"column":57}}],"line":10},"1":{"loc":{"start":{"line":15,"column":2},"end":{"line":15,"column":75}},"type":"if","locations":[{"start":{"line":15,"column":2},"end":{"line":15,"column":75}},{"start":{},"end":{}}],"line":15},"2":{"loc":{"start":{"line":43,"column":4},"end":{"line":47,"column":5}},"type":"if","locations":[{"start":{"line":43,"column":4},"end":{"line":47,"column":5}},{"start":{},"end":{}}],"line":43},"3":{"loc":{"start":{"line":43,"column":8},"end":{"line":43,"column":30}},"type":"binary-expr","locations":[{"start":{"line":43,"column":8},"end":{"line":43,"column":13}},{"start":{"line":43,"column":17},"end":{"line":43,"column":30}}],"line":43},"4":{"loc":{"start":{"line":49,"column":27},"end":{"line":49,"column":46}},"type":"binary-expr","locations":[{"start":{"line":49,"column":27},"end":{"line":49,"column":38}},{"start":{"line":49,"column":42},"end":{"line":49,"column":46}}],"line":49},"5":{"loc":{"start":{"line":50,"column":27},"end":{"line":50,"column":75}},"type":"cond-expr","locations":[{"start":{"line":50,"column":45},"end":{"line":50,"column":49}},{"start":{"line":50,"column":52},"end":{"line":50,"column":75}}],"line":50},"6":{"loc":{"start":{"line":50,"column":52},"end":{"line":50,"column":75}},"type":"binary-expr","locations":[{"start":{"line":50,"column":52},"end":{"line":50,"column":67}},{"start":{"line":50,"column":71},"end":{"line":50,"column":75}}],"line":50},"7":{"loc":{"start":{"line":52,"column":6},"end":{"line":54,"column":14}},"type":"cond-expr","locations":[{"start":{"line":53,"column":10},"end":{"line":53,"column":26}},{"start":{"line":54,"column":10},"end":{"line":54,"column":14}}],"line":52},"8":{"loc":{"start":{"line":52,"column":6},"end":{"line":52,"column":56}},"type":"binary-expr","locations":[{"start":{"line":52,"column":6},"end":{"line":52,"column":22}},{"start":{"line":52,"column":26},"end":{"line":52,"column":56}}],"line":52},"9":{"loc":{"start":{"line":66,"column":8},"end":{"line":66,"column":24}},"type":"binary-expr","locations":[{"start":{"line":66,"column":8},"end":{"line":66,"column":16}},{"start":{"line":66,"column":20},"end":{"line":66,"column":24}}],"line":66},"10":{"loc":{"start":{"line":67,"column":8},"end":{"line":67,"column":27}},"type":"binary-expr","locations":[{"start":{"line":67,"column":8},"end":{"line":67,"column":19}},{"start":{"line":67,"column":23},"end":{"line":67,"column":27}}],"line":67},"11":{"loc":{"start":{"line":70,"column":8},"end":{"line":70,"column":32}},"type":"binary-expr","locations":[{"start":{"line":70,"column":8},"end":{"line":70,"column":23}},{"start":{"line":70,"column":27},"end":{"line":70,"column":32}}],"line":70},"12":{"loc":{"start":{"line":71,"column":8},"end":{"line":71,"column":28}},"type":"binary-expr","locations":[{"start":{"line":71,"column":8},"end":{"line":71,"column":20}},{"start":{"line":71,"column":24},"end":{"line":71,"column":28}}],"line":71},"13":{"loc":{"start":{"line":73,"column":8},"end":{"line":73,"column":25}},"type":"binary-expr","locations":[{"start":{"line":73,"column":8},"end":{"line":73,"column":16}},{"start":{"line":73,"column":20},"end":{"line":73,"column":25}}],"line":73},"14":{"loc":{"start":{"line":118,"column":4},"end":{"line":130,"column":5}},"type":"if","locations":[{"start":{"line":118,"column":4},"end":{"line":130,"column":5}},{"start":{},"end":{}}],"line":118},"15":{"loc":{"start":{"line":122,"column":6},"end":{"line":126,"column":7}},"type":"if","locations":[{"start":{"line":122,"column":6},"end":{"line":126,"column":7}},{"start":{},"end":{}}],"line":122},"16":{"loc":{"start":{"line":125,"column":16},"end":{"line":125,"column":59}},"type":"cond-expr","locations":[{"start":{"line":125,"column":47},"end":{"line":125,"column":52}},{"start":{"line":125,"column":55},"end":{"line":125,"column":59}}],"line":125},"17":{"loc":{"start":{"line":125,"column":16},"end":{"line":125,"column":44}},"type":"binary-expr","locations":[{"start":{"line":125,"column":16},"end":{"line":125,"column":21}},{"start":{"line":125,"column":25},"end":{"line":125,"column":44}}],"line":125},"18":{"loc":{"start":{"line":133,"column":2},"end":{"line":134,"column":66}},"type":"if","locations":[{"start":{"line":133,"column":2},"end":{"line":134,"column":66}},{"start":{},"end":{}}],"line":133},"19":{"loc":{"start":{"line":147,"column":4},"end":{"line":147,"column":88}},"type":"if","locations":[{"start":{"line":147,"column":4},"end":{"line":147,"column":88}},{"start":{},"end":{}}],"line":147},"20":{"loc":{"start":{"line":162,"column":4},"end":{"line":163,"column":72}},"type":"if","locations":[{"start":{"line":162,"column":4},"end":{"line":163,"column":72}},{"start":{},"end":{}}],"line":162}},"s":{"0":2,"1":2,"2":2,"3":2,"4":2,"5":14,"6":14,"7":0,"8":14,"9":14,"10":14,"11":14,"12":14,"13":0,"14":2,"15":5,"16":5,"17":5,"18":1,"19":4,"20":5,"21":5,"22":5,"23":3,"24":1,"25":1,"26":2,"27":3,"28":3,"29":2,"30":1,"31":1,"32":2,"33":3,"34":3,"35":3,"36":3,"37":3,"38":30,"39":3,"40":3,"41":0,"42":3,"43":3,"44":3,"45":0,"46":3,"47":3,"48":3,"49":3,"50":2,"51":2,"52":1,"53":1,"54":1,"55":2,"56":3,"57":3,"58":2,"59":2,"60":1,"61":1,"62":1},"f":{"0":14,"1":5,"2":3,"3":3,"4":3},"b":{"0":[2,0],"1":[0,14],"2":[1,4],"3":[5,5],"4":[4,3],"5":[1,3],"6":[3,2],"7":[0,4],"8":[5,0],"9":[5,3],"10":[5,3],"11":[5,3],"12":[5,4],"13":[5,3],"14":[3,27],"15":[0,3],"16":[0,0],"17":[0,0],"18":[0,3],"19":[1,1],"20":[1,1]},"meta":{"lastBranch":21,"lastFunction":5,"lastStatement":63,"seen":{"s:6:0:6:16":0,"s:7:17:7:20":1,"s:8:15:8:31":2,"s:9:13:9:69":3,"s:10:19:10:57":4,"b:10:19:10:41:10:45:10:57":0,"f:13:9:13:13":0,"s:14:17:14:42":5,"b:15:2:15:75:undefined:undefined:undefined:undefined":1,"s:15:2:15:75":6,"s:15:15:15:75":7,"s:17:2:24:3":8,"s:18:18:18:38":9,"s:19:20:19:49":10,"s:20:4:20:28":11,"s:21:4:21:11":12,"s:23:4:23:71":13,"s:28:0:82:3":14,"f:28:37:28:42":1,"s:29:2:81:3":15,"s:41:8:41:16":16,"b:43:4:47:5:undefined:undefined:undefined:undefined":2,"s:43:4:47:5":17,"b:43:8:43:13:43:17:43:30":3,"s:44:6:46:77":18,"s:49:27:49:46":19,"b:49:27:49:38:49:42:49:46":4,"s:50:27:50:75":20,"b:50:45:50:49:50:52:50:75":5,"b:50:52:50:67:50:71:50:75":6,"s:52:6:54:14":21,"b:53:10:53:26:54:10:54:14":7,"b:52:6:52:22:52:26:52:56":8,"s:56:21:75:5":22,"b:66:8:66:16:66:20:66:24":9,"b:67:8:67:19:67:23:67:27":10,"b:70:8:70:23:70:27:70:32":11,"b:71:8:71:20:71:24:71:28":12,"b:73:8:73:16:73:20:73:25":13,"s:77:4:77:73":23,"s:79:4:79:49":24,"s:80:4:80:81":25,"s:85:0:96:3":26,"f:85:36:85:41":2,"s:86:2:95:3":27,"s:87:21:90:5":28,"s:91:4:91:39":29,"s:93:4:93:54":30,"s:94:4:94:69":31,"s:99:0:153:3":32,"f:99:40:99:45":3,"s:100:17:111:3":33,"s:113:18:113:20":34,"s:114:17:114:19":35,"s:115:10:115:11":36,"s:117:2:131:3":37,"b:118:4:130:5:undefined:undefined:undefined:undefined":14,"s:118:4:130:5":38,"s:119:18:119:33":39,"b:122:6:126:7:undefined:undefined:undefined:undefined":15,"s:122:6:126:7":40,"s:125:8:125:60":41,"b:125:47:125:52:125:55:125:59":16,"b:125:16:125:21:125:25:125:44":17,"s:128:6:128:39":42,"s:129:6:129:25":43,"b:133:2:134:66:undefined:undefined:undefined:undefined":18,"s:133:2:134:66":44,"s:134:4:134:66":45,"s:136:2:136:41":46,"s:138:16:143:3":47,"s:145:2:152:3":48,"s:146:21:146:52":49,"b:147:4:147:88:undefined:undefined:undefined:undefined":19,"s:147:4:147:88":50,"s:147:22:147:88":51,"s:148:4:148:75":52,"s:150:4:150:54":53,"s:151:4:151:53":54,"s:156:0:169:3":55,"f:156:43:156:48":4,"s:157:2:168:3":56,"s:158:19:161:5":57,"b:162:4:163:72:undefined:undefined:undefined:undefined":20,"s:162:4:163:72":58,"s:163:6:163:72":59,"s:164:4:164:64":60,"s:166:4:166:54":61,"s:167:4:167:53":62}}}
,"C:\\Users\\Zaid Hasan\\OneDrive\\Desktop\\New ATS\\Aandsz-Forces-ATS-CS490\\backend\\routes\\company.js": {"path":"C:\\Users\\Zaid Hasan\\OneDrive\\Desktop\\New ATS\\Aandsz-Forces-ATS-CS490\\backend\\routes\\company.js","statementMap":{"0":{"start":{"line":10,"column":0},"end":{"line":10,"column":16}},"1":{"start":{"line":11,"column":17},"end":{"line":11,"column":20}},"2":{"start":{"line":12,"column":15},"end":{"line":12,"column":31}},"3":{"start":{"line":13,"column":13},"end":{"line":13,"column":69}},"4":{"start":{"line":14,"column":19},"end":{"line":14,"column":67}},"5":{"start":{"line":17,"column":18},"end":{"line":17,"column":53}},"6":{"start":{"line":18,"column":0},"end":{"line":18,"column":55}},"7":{"start":{"line":18,"column":31},"end":{"line":18,"column":55}},"8":{"start":{"line":21,"column":16},"end":{"line":27,"column":2}},"9":{"start":{"line":22,"column":30},"end":{"line":22,"column":49}},"10":{"start":{"line":24,"column":23},"end":{"line":24,"column":59}},"11":{"start":{"line":25,"column":4},"end":{"line":25,"column":25}},"12":{"start":{"line":28,"column":14},"end":{"line":28,"column":34}},"13":{"start":{"line":32,"column":17},"end":{"line":32,"column":42}},"14":{"start":{"line":33,"column":2},"end":{"line":33,"column":75}},"15":{"start":{"line":33,"column":15},"end":{"line":33,"column":75}},"16":{"start":{"line":34,"column":2},"end":{"line":41,"column":3}},"17":{"start":{"line":35,"column":18},"end":{"line":35,"column":38}},"18":{"start":{"line":36,"column":20},"end":{"line":36,"column":49}},"19":{"start":{"line":37,"column":4},"end":{"line":37,"column":28}},"20":{"start":{"line":38,"column":4},"end":{"line":38,"column":11}},"21":{"start":{"line":40,"column":4},"end":{"line":40,"column":53}},"22":{"start":{"line":45,"column":0},"end":{"line":84,"column":3}},"23":{"start":{"line":46,"column":2},"end":{"line":83,"column":3}},"24":{"start":{"line":47,"column":21},"end":{"line":47,"column":31}},"25":{"start":{"line":48,"column":19},"end":{"line":66,"column":5}},"26":{"start":{"line":68,"column":4},"end":{"line":77,"column":5}},"27":{"start":{"line":70,"column":21},"end":{"line":75,"column":7}},"28":{"start":{"line":76,"column":6},"end":{"line":76,"column":38}},"29":{"start":{"line":79,"column":4},"end":{"line":79,"column":29}},"30":{"start":{"line":81,"column":4},"end":{"line":81,"column":49}},"31":{"start":{"line":82,"column":4},"end":{"line":82,"column":54}},"32":{"start":{"line":87,"column":0},"end":{"line":162,"column":3}},"33":{"start":{"line":101,"column":6},"end":{"line":101,"column":14}},"34":{"start":{"line":103,"column":2},"end":{"line":103,"column":77}},"35":{"start":{"line":103,"column":13},"end":{"line":103,"column":77}},"36":{"start":{"line":105,"column":2},"end":{"line":161,"column":3}},"37":{"start":{"line":106,"column":21},"end":{"line":109,"column":5}},"38":{"start":{"line":111,"column":4},"end":{"line":157,"column":5}},"39":{"start":{"line":112,"column":21},"end":{"line":133,"column":7}},"40":{"start":{"line":134,"column":6},"end":{"line":134,"column":72}},"41":{"start":{"line":136,"column":21},"end":{"line":155,"column":7}},"42":{"start":{"line":156,"column":6},"end":{"line":156,"column":72}},"43":{"start":{"line":159,"column":4},"end":{"line":159,"column":48}},"44":{"start":{"line":160,"column":4},"end":{"line":160,"column":75}},"45":{"start":{"line":165,"column":0},"end":{"line":205,"column":3}},"46":{"start":{"line":166,"column":2},"end":{"line":204,"column":3}},"47":{"start":{"line":167,"column":21},"end":{"line":167,"column":31}},"48":{"start":{"line":168,"column":19},"end":{"line":168,"column":33}},"49":{"start":{"line":170,"column":21},"end":{"line":173,"column":5}},"50":{"start":{"line":175,"column":4},"end":{"line":183,"column":5}},"51":{"start":{"line":176,"column":21},"end":{"line":181,"column":7}},"52":{"start":{"line":182,"column":6},"end":{"line":182,"column":51}},"53":{"start":{"line":185,"column":17},"end":{"line":185,"column":36}},"54":{"start":{"line":186,"column":4},"end":{"line":187,"column":64}},"55":{"start":{"line":187,"column":6},"end":{"line":187,"column":64}},"56":{"start":{"line":189,"column":20},"end":{"line":189,"column":67}},"57":{"start":{"line":189,"column":39},"end":{"line":189,"column":55}},"58":{"start":{"line":190,"column":19},"end":{"line":190,"column":40}},"59":{"start":{"line":192,"column":19},"end":{"line":198,"column":5}},"60":{"start":{"line":200,"column":4},"end":{"line":200,"column":42}},"61":{"start":{"line":202,"column":4},"end":{"line":202,"column":47}},"62":{"start":{"line":203,"column":4},"end":{"line":203,"column":62}},"63":{"start":{"line":208,"column":0},"end":{"line":249,"column":3}},"64":{"start":{"line":209,"column":2},"end":{"line":248,"column":3}},"65":{"start":{"line":210,"column":21},"end":{"line":210,"column":31}},"66":{"start":{"line":211,"column":4},"end":{"line":212,"column":70}},"67":{"start":{"line":212,"column":6},"end":{"line":212,"column":70}},"68":{"start":{"line":214,"column":20},"end":{"line":214,"column":51}},"69":{"start":{"line":215,"column":21},"end":{"line":218,"column":5}},"70":{"start":{"line":220,"column":4},"end":{"line":231,"column":5}},"71":{"start":{"line":221,"column":21},"end":{"line":226,"column":7}},"72":{"start":{"line":227,"column":6},"end":{"line":230,"column":9}},"73":{"start":{"line":233,"column":19},"end":{"line":239,"column":5}},"74":{"start":{"line":241,"column":4},"end":{"line":244,"column":7}},"75":{"start":{"line":246,"column":4},"end":{"line":246,"column":47}},"76":{"start":{"line":247,"column":4},"end":{"line":247,"column":60}}},"fnMap":{"0":{"name":"(anonymous_0)","decl":{"start":{"line":22,"column":15},"end":{"line":22,"column":16}},"loc":{"start":{"line":22,"column":30},"end":{"line":22,"column":49}},"line":22},"1":{"name":"(anonymous_1)","decl":{"start":{"line":23,"column":12},"end":{"line":23,"column":13}},"loc":{"start":{"line":23,"column":29},"end":{"line":26,"column":3}},"line":23},"2":{"name":"auth","decl":{"start":{"line":31,"column":9},"end":{"line":31,"column":13}},"loc":{"start":{"line":31,"column":30},"end":{"line":42,"column":1}},"line":31},"3":{"name":"(anonymous_3)","decl":{"start":{"line":45,"column":27},"end":{"line":45,"column":32}},"loc":{"start":{"line":45,"column":47},"end":{"line":84,"column":1}},"line":45},"4":{"name":"(anonymous_4)","decl":{"start":{"line":87,"column":23},"end":{"line":87,"column":28}},"loc":{"start":{"line":87,"column":43},"end":{"line":162,"column":1}},"line":87},"5":{"name":"(anonymous_5)","decl":{"start":{"line":165,"column":27},"end":{"line":165,"column":32}},"loc":{"start":{"line":165,"column":47},"end":{"line":205,"column":1}},"line":165},"6":{"name":"(anonymous_6)","decl":{"start":{"line":189,"column":29},"end":{"line":189,"column":30}},"loc":{"start":{"line":189,"column":39},"end":{"line":189,"column":55}},"line":189},"7":{"name":"(anonymous_7)","decl":{"start":{"line":208,"column":56},"end":{"line":208,"column":61}},"loc":{"start":{"line":208,"column":76},"end":{"line":249,"column":1}},"line":208}},"branchMap":{"0":{"loc":{"start":{"line":14,"column":19},"end":{"line":14,"column":67}},"type":"binary-expr","locations":[{"start":{"line":14,"column":19},"end":{"line":14,"column":41}},{"start":{"line":14,"column":45},"end":{"line":14,"column":67}}],"line":14},"1":{"loc":{"start":{"line":18,"column":0},"end":{"line":18,"column":55}},"type":"if","locations":[{"start":{"line":18,"column":0},"end":{"line":18,"column":55}},{"start":{},"end":{}}],"line":18},"2":{"loc":{"start":{"line":33,"column":2},"end":{"line":33,"column":75}},"type":"if","locations":[{"start":{"line":33,"column":2},"end":{"line":33,"column":75}},{"start":{},"end":{}}],"line":33},"3":{"loc":{"start":{"line":68,"column":4},"end":{"line":77,"column":5}},"type":"if","locations":[{"start":{"line":68,"column":4},"end":{"line":77,"column":5}},{"start":{},"end":{}}],"line":68},"4":{"loc":{"start":{"line":103,"column":2},"end":{"line":103,"column":77}},"type":"if","locations":[{"start":{"line":103,"column":2},"end":{"line":103,"column":77}},{"start":{},"end":{}}],"line":103},"5":{"loc":{"start":{"line":111,"column":4},"end":{"line":157,"column":5}},"type":"if","locations":[{"start":{"line":111,"column":4},"end":{"line":157,"column":5}},{"start":{"line":135,"column":11},"end":{"line":157,"column":5}}],"line":111},"6":{"loc":{"start":{"line":168,"column":19},"end":{"line":168,"column":33}},"type":"binary-expr","locations":[{"start":{"line":168,"column":19},"end":{"line":168,"column":27}},{"start":{"line":168,"column":31},"end":{"line":168,"column":33}}],"line":168},"7":{"loc":{"start":{"line":175,"column":4},"end":{"line":183,"column":5}},"type":"if","locations":[{"start":{"line":175,"column":4},"end":{"line":183,"column":5}},{"start":{},"end":{}}],"line":175},"8":{"loc":{"start":{"line":180,"column":15},"end":{"line":180,"column":58}},"type":"binary-expr","locations":[{"start":{"line":180,"column":15},"end":{"line":180,"column":33}},{"start":{"line":180,"column":37},"end":{"line":180,"column":58}}],"line":180},"9":{"loc":{"start":{"line":186,"column":4},"end":{"line":187,"column":64}},"type":"if","locations":[{"start":{"line":186,"column":4},"end":{"line":187,"column":64}},{"start":{},"end":{}}],"line":186},"10":{"loc":{"start":{"line":211,"column":4},"end":{"line":212,"column":70}},"type":"if","locations":[{"start":{"line":211,"column":4},"end":{"line":212,"column":70}},{"start":{},"end":{}}],"line":211},"11":{"loc":{"start":{"line":220,"column":4},"end":{"line":231,"column":5}},"type":"if","locations":[{"start":{"line":220,"column":4},"end":{"line":231,"column":5}},{"start":{},"end":{}}],"line":220}},"s":{"0":2,"1":2,"2":2,"3":2,"4":2,"5":2,"6":2,"7":0,"8":2,"9":0,"10":0,"11":0,"12":2,"13":23,"14":23,"15":4,"16":19,"17":19,"18":19,"19":19,"20":19,"21":1,"22":2,"23":4,"24":4,"25":4,"26":3,"27":1,"28":1,"29":2,"30":1,"31":1,"32":2,"33":4,"34":4,"35":1,"36":3,"37":3,"38":2,"39":1,"40":1,"41":1,"42":1,"43":1,"44":1,"45":2,"46":5,"47":5,"48":5,"49":5,"50":4,"51":1,"52":1,"53":3,"54":3,"55":1,"56":2,"57":4,"58":2,"59":2,"60":2,"61":1,"62":1,"63":2,"64":5,"65":5,"66":5,"67":1,"68":4,"69":4,"70":3,"71":1,"72":1,"73":2,"74":2,"75":1,"76":1},"f":{"0":0,"1":0,"2":23,"3":4,"4":4,"5":5,"6":4,"7":5},"b":{"0":[2,0],"1":[0,2],"2":[4,19],"3":[1,2],"4":[1,3],"5":[1,1],"6":[5,0],"7":[1,3],"8":[1,0],"9":[1,2],"10":[1,4],"11":[1,2]},"meta":{"lastBranch":12,"lastFunction":8,"lastStatement":77,"seen":{"s:10:0:10:16":0,"s:11:17:11:20":1,"s:12:15:12:31":2,"s:13:13:13:69":3,"s:14:19:14:67":4,"b:14:19:14:41:14:45:14:67":0,"s:17:18:17:53":5,"b:18:0:18:55:undefined:undefined:undefined:undefined":1,"s:18:0:18:55":6,"s:18:31:18:55":7,"s:21:16:27:2":8,"f:22:15:22:16":0,"s:22:30:22:49":9,"f:23:12:23:13":1,"s:24:23:24:59":10,"s:25:4:25:25":11,"s:28:14:28:34":12,"f:31:9:31:13":2,"s:32:17:32:42":13,"b:33:2:33:75:undefined:undefined:undefined:undefined":2,"s:33:2:33:75":14,"s:33:15:33:75":15,"s:34:2:41:3":16,"s:35:18:35:38":17,"s:36:20:36:49":18,"s:37:4:37:28":19,"s:38:4:38:11":20,"s:40:4:40:53":21,"s:45:0:84:3":22,"f:45:27:45:32":3,"s:46:2:83:3":23,"s:47:21:47:31":24,"s:48:19:66:5":25,"b:68:4:77:5:undefined:undefined:undefined:undefined":3,"s:68:4:77:5":26,"s:70:21:75:7":27,"s:76:6:76:38":28,"s:79:4:79:29":29,"s:81:4:81:49":30,"s:82:4:82:54":31,"s:87:0:162:3":32,"f:87:23:87:28":4,"s:101:6:101:14":33,"b:103:2:103:77:undefined:undefined:undefined:undefined":4,"s:103:2:103:77":34,"s:103:13:103:77":35,"s:105:2:161:3":36,"s:106:21:109:5":37,"b:111:4:157:5:135:11:157:5":5,"s:111:4:157:5":38,"s:112:21:133:7":39,"s:134:6:134:72":40,"s:136:21:155:7":41,"s:156:6:156:72":42,"s:159:4:159:48":43,"s:160:4:160:75":44,"s:165:0:205:3":45,"f:165:27:165:32":5,"s:166:2:204:3":46,"s:167:21:167:31":47,"s:168:19:168:33":48,"b:168:19:168:27:168:31:168:33":6,"s:170:21:173:5":49,"b:175:4:183:5:undefined:undefined:undefined:undefined":7,"s:175:4:183:5":50,"s:176:21:181:7":51,"b:180:15:180:33:180:37:180:58":8,"s:182:6:182:51":52,"s:185:17:185:36":53,"b:186:4:187:64:undefined:undefined:undefined:undefined":9,"s:186:4:187:64":54,"s:187:6:187:64":55,"s:189:20:189:67":56,"f:189:29:189:30":6,"s:189:39:189:55":57,"s:190:19:190:40":58,"s:192:19:198:5":59,"s:200:4:200:42":60,"s:202:4:202:47":61,"s:203:4:203:62":62,"s:208:0:249:3":63,"f:208:56:208:61":7,"s:209:2:248:3":64,"s:210:21:210:31":65,"b:211:4:212:70:undefined:undefined:undefined:undefined":10,"s:211:4:212:70":66,"s:212:6:212:70":67,"s:214:20:214:51":68,"s:215:21:218:5":69,"b:220:4:231:5:undefined:undefined:undefined:undefined":11,"s:220:4:231:5":70,"s:221:21:226:7":71,"s:227:6:230:9":72,"s:233:19:239:5":73,"s:241:4:244:7":74,"s:246:4:246:47":75,"s:247:4:247:60":76}}}
,"C:\\Users\\Zaid Hasan\\OneDrive\\Desktop\\New ATS\\Aandsz-Forces-ATS-CS490\\backend\\routes\\compensationHistory.js": {"path":"C:\\Users\\Zaid Hasan\\OneDrive\\Desktop\\New ATS\\Aandsz-Forces-ATS-CS490\\backend\\routes\\compensationHistory.js","statementMap":{"0":{"start":{"line":5,"column":15},"end":{"line":5,"column":31}},"1":{"start":{"line":6,"column":0},"end":{"line":6,"column":17}},"2":{"start":{"line":12,"column":0},"end":{"line":28,"column":3}},"3":{"start":{"line":13,"column":2},"end":{"line":27,"column":3}},"4":{"start":{"line":14,"column":19},"end":{"line":14,"column":30}},"5":{"start":{"line":16,"column":19},"end":{"line":21,"column":5}},"6":{"start":{"line":23,"column":4},"end":{"line":23,"column":51}},"7":{"start":{"line":25,"column":4},"end":{"line":25,"column":63}},"8":{"start":{"line":26,"column":4},"end":{"line":26,"column":76}},"9":{"start":{"line":35,"column":0},"end":{"line":118,"column":3}},"10":{"start":{"line":36,"column":2},"end":{"line":117,"column":3}},"11":{"start":{"line":37,"column":19},"end":{"line":37,"column":30}},"12":{"start":{"line":57,"column":8},"end":{"line":57,"column":16}},"13":{"start":{"line":60,"column":4},"end":{"line":64,"column":5}},"14":{"start":{"line":61,"column":6},"end":{"line":63,"column":9}},"15":{"start":{"line":67,"column":29},"end":{"line":69,"column":25}},"16":{"start":{"line":70,"column":30},"end":{"line":72,"column":24}},"17":{"start":{"line":74,"column":19},"end":{"line":103,"column":5}},"18":{"start":{"line":105,"column":4},"end":{"line":105,"column":75}},"19":{"start":{"line":107,"column":4},"end":{"line":110,"column":7}},"20":{"start":{"line":112,"column":4},"end":{"line":112,"column":63}},"21":{"start":{"line":113,"column":4},"end":{"line":116,"column":7}},"22":{"start":{"line":124,"column":0},"end":{"line":199,"column":3}},"23":{"start":{"line":125,"column":2},"end":{"line":198,"column":3}},"24":{"start":{"line":126,"column":19},"end":{"line":126,"column":30}},"25":{"start":{"line":127,"column":19},"end":{"line":127,"column":29}},"26":{"start":{"line":128,"column":23},"end":{"line":128,"column":31}},"27":{"start":{"line":131,"column":21},"end":{"line":134,"column":5}},"28":{"start":{"line":136,"column":4},"end":{"line":138,"column":5}},"29":{"start":{"line":137,"column":6},"end":{"line":137,"column":85}},"30":{"start":{"line":141,"column":25},"end":{"line":141,"column":27}},"31":{"start":{"line":142,"column":25},"end":{"line":142,"column":27}},"32":{"start":{"line":143,"column":21},"end":{"line":143,"column":22}},"33":{"start":{"line":145,"column":27},"end":{"line":163,"column":5}},"34":{"start":{"line":165,"column":4},"end":{"line":171,"column":5}},"35":{"start":{"line":166,"column":6},"end":{"line":170,"column":7}},"36":{"start":{"line":167,"column":8},"end":{"line":167,"column":55}},"37":{"start":{"line":168,"column":8},"end":{"line":168,"column":33}},"38":{"start":{"line":169,"column":8},"end":{"line":169,"column":21}},"39":{"start":{"line":173,"column":4},"end":{"line":175,"column":5}},"40":{"start":{"line":174,"column":6},"end":{"line":174,"column":68}},"41":{"start":{"line":177,"column":4},"end":{"line":177,"column":44}},"42":{"start":{"line":178,"column":4},"end":{"line":178,"column":34}},"43":{"start":{"line":180,"column":19},"end":{"line":186,"column":5}},"44":{"start":{"line":188,"column":4},"end":{"line":191,"column":7}},"45":{"start":{"line":193,"column":4},"end":{"line":193,"column":63}},"46":{"start":{"line":194,"column":4},"end":{"line":197,"column":7}},"47":{"start":{"line":205,"column":0},"end":{"line":231,"column":3}},"48":{"start":{"line":206,"column":2},"end":{"line":230,"column":3}},"49":{"start":{"line":207,"column":19},"end":{"line":207,"column":30}},"50":{"start":{"line":208,"column":19},"end":{"line":208,"column":29}},"51":{"start":{"line":210,"column":19},"end":{"line":215,"column":5}},"52":{"start":{"line":217,"column":4},"end":{"line":219,"column":5}},"53":{"start":{"line":218,"column":6},"end":{"line":218,"column":85}},"54":{"start":{"line":221,"column":4},"end":{"line":223,"column":7}},"55":{"start":{"line":225,"column":4},"end":{"line":225,"column":63}},"56":{"start":{"line":226,"column":4},"end":{"line":229,"column":7}}},"fnMap":{"0":{"name":"(anonymous_0)","decl":{"start":{"line":12,"column":16},"end":{"line":12,"column":21}},"loc":{"start":{"line":12,"column":36},"end":{"line":28,"column":1}},"line":12},"1":{"name":"(anonymous_1)","decl":{"start":{"line":35,"column":17},"end":{"line":35,"column":22}},"loc":{"start":{"line":35,"column":37},"end":{"line":118,"column":1}},"line":35},"2":{"name":"(anonymous_2)","decl":{"start":{"line":124,"column":19},"end":{"line":124,"column":24}},"loc":{"start":{"line":124,"column":39},"end":{"line":199,"column":1}},"line":124},"3":{"name":"(anonymous_3)","decl":{"start":{"line":205,"column":22},"end":{"line":205,"column":27}},"loc":{"start":{"line":205,"column":42},"end":{"line":231,"column":1}},"line":205}},"branchMap":{"0":{"loc":{"start":{"line":60,"column":4},"end":{"line":64,"column":5}},"type":"if","locations":[{"start":{"line":60,"column":4},"end":{"line":64,"column":5}},{"start":{},"end":{}}],"line":60},"1":{"loc":{"start":{"line":60,"column":8},"end":{"line":60,"column":46}},"type":"binary-expr","locations":[{"start":{"line":60,"column":8},"end":{"line":60,"column":16}},{"start":{"line":60,"column":20},"end":{"line":60,"column":31}},{"start":{"line":60,"column":35},"end":{"line":60,"column":46}}],"line":60},"2":{"loc":{"start":{"line":67,"column":29},"end":{"line":69,"column":25}},"type":"cond-expr","locations":[{"start":{"line":68,"column":8},"end":{"line":68,"column":27}},{"start":{"line":69,"column":8},"end":{"line":69,"column":25}}],"line":67},"3":{"loc":{"start":{"line":70,"column":30},"end":{"line":72,"column":24}},"type":"cond-expr","locations":[{"start":{"line":71,"column":8},"end":{"line":71,"column":26}},{"start":{"line":72,"column":8},"end":{"line":72,"column":24}}],"line":70},"4":{"loc":{"start":{"line":84,"column":8},"end":{"line":84,"column":24}},"type":"binary-expr","locations":[{"start":{"line":84,"column":8},"end":{"line":84,"column":16}},{"start":{"line":84,"column":20},"end":{"line":84,"column":24}}],"line":84},"5":{"loc":{"start":{"line":87,"column":8},"end":{"line":87,"column":26}},"type":"binary-expr","locations":[{"start":{"line":87,"column":8},"end":{"line":87,"column":18}},{"start":{"line":87,"column":22},"end":{"line":87,"column":26}}],"line":87},"6":{"loc":{"start":{"line":89,"column":8},"end":{"line":89,"column":24}},"type":"binary-expr","locations":[{"start":{"line":89,"column":8},"end":{"line":89,"column":16}},{"start":{"line":89,"column":20},"end":{"line":89,"column":24}}],"line":89},"7":{"loc":{"start":{"line":90,"column":8},"end":{"line":90,"column":38}},"type":"binary-expr","locations":[{"start":{"line":90,"column":8},"end":{"line":90,"column":33}},{"start":{"line":90,"column":37},"end":{"line":90,"column":38}}],"line":90},"8":{"loc":{"start":{"line":91,"column":8},"end":{"line":91,"column":66}},"type":"binary-expr","locations":[{"start":{"line":91,"column":8},"end":{"line":91,"column":32}},{"start":{"line":91,"column":36},"end":{"line":91,"column":61}},{"start":{"line":91,"column":65},"end":{"line":91,"column":66}}],"line":91},"9":{"loc":{"start":{"line":92,"column":8},"end":{"line":92,"column":66}},"type":"binary-expr","locations":[{"start":{"line":92,"column":8},"end":{"line":92,"column":32}},{"start":{"line":92,"column":36},"end":{"line":92,"column":61}},{"start":{"line":92,"column":65},"end":{"line":92,"column":66}}],"line":92},"10":{"loc":{"start":{"line":93,"column":8},"end":{"line":93,"column":95}},"type":"binary-expr","locations":[{"start":{"line":93,"column":8},"end":{"line":93,"column":33}},{"start":{"line":93,"column":37},"end":{"line":93,"column":61}},{"start":{"line":93,"column":65},"end":{"line":93,"column":90}},{"start":{"line":93,"column":94},"end":{"line":93,"column":95}}],"line":93},"11":{"loc":{"start":{"line":94,"column":8},"end":{"line":94,"column":30}},"type":"binary-expr","locations":[{"start":{"line":94,"column":8},"end":{"line":94,"column":22}},{"start":{"line":94,"column":26},"end":{"line":94,"column":30}}],"line":94},"12":{"loc":{"start":{"line":95,"column":8},"end":{"line":95,"column":36}},"type":"binary-expr","locations":[{"start":{"line":95,"column":8},"end":{"line":95,"column":28}},{"start":{"line":95,"column":32},"end":{"line":95,"column":36}}],"line":95},"13":{"loc":{"start":{"line":96,"column":8},"end":{"line":96,"column":34}},"type":"binary-expr","locations":[{"start":{"line":96,"column":8},"end":{"line":96,"column":26}},{"start":{"line":96,"column":30},"end":{"line":96,"column":34}}],"line":96},"14":{"loc":{"start":{"line":97,"column":8},"end":{"line":97,"column":47}},"type":"binary-expr","locations":[{"start":{"line":97,"column":8},"end":{"line":97,"column":39}},{"start":{"line":97,"column":43},"end":{"line":97,"column":47}}],"line":97},"15":{"loc":{"start":{"line":98,"column":8},"end":{"line":98,"column":37}},"type":"binary-expr","locations":[{"start":{"line":98,"column":8},"end":{"line":98,"column":29}},{"start":{"line":98,"column":33},"end":{"line":98,"column":37}}],"line":98},"16":{"loc":{"start":{"line":99,"column":8},"end":{"line":99,"column":46}},"type":"binary-expr","locations":[{"start":{"line":99,"column":8},"end":{"line":99,"column":38}},{"start":{"line":99,"column":42},"end":{"line":99,"column":46}}],"line":99},"17":{"loc":{"start":{"line":100,"column":8},"end":{"line":100,"column":29}},"type":"binary-expr","locations":[{"start":{"line":100,"column":8},"end":{"line":100,"column":24}},{"start":{"line":100,"column":28},"end":{"line":100,"column":29}}],"line":100},"18":{"loc":{"start":{"line":101,"column":8},"end":{"line":101,"column":35}},"type":"binary-expr","locations":[{"start":{"line":101,"column":8},"end":{"line":101,"column":30}},{"start":{"line":101,"column":34},"end":{"line":101,"column":35}}],"line":101},"19":{"loc":{"start":{"line":136,"column":4},"end":{"line":138,"column":5}},"type":"if","locations":[{"start":{"line":136,"column":4},"end":{"line":138,"column":5}},{"start":{},"end":{}}],"line":136},"20":{"loc":{"start":{"line":151,"column":25},"end":{"line":151,"column":118}},"type":"cond-expr","locations":[{"start":{"line":151,"column":70},"end":{"line":151,"column":106}},{"start":{"line":151,"column":109},"end":{"line":151,"column":118}}],"line":151},"21":{"loc":{"start":{"line":152,"column":24},"end":{"line":152,"column":115}},"type":"cond-expr","locations":[{"start":{"line":152,"column":68},"end":{"line":152,"column":103}},{"start":{"line":152,"column":106},"end":{"line":152,"column":115}}],"line":152},"22":{"loc":{"start":{"line":153,"column":27},"end":{"line":153,"column":124}},"type":"cond-expr","locations":[{"start":{"line":153,"column":74},"end":{"line":153,"column":112}},{"start":{"line":153,"column":115},"end":{"line":153,"column":124}}],"line":153},"23":{"loc":{"start":{"line":154,"column":26},"end":{"line":154,"column":121}},"type":"cond-expr","locations":[{"start":{"line":154,"column":72},"end":{"line":154,"column":109}},{"start":{"line":154,"column":112},"end":{"line":154,"column":121}}],"line":154},"24":{"loc":{"start":{"line":158,"column":31},"end":{"line":158,"column":136}},"type":"cond-expr","locations":[{"start":{"line":158,"column":82},"end":{"line":158,"column":124}},{"start":{"line":158,"column":127},"end":{"line":158,"column":136}}],"line":158},"25":{"loc":{"start":{"line":160,"column":30},"end":{"line":160,"column":133}},"type":"cond-expr","locations":[{"start":{"line":160,"column":80},"end":{"line":160,"column":121}},{"start":{"line":160,"column":124},"end":{"line":160,"column":133}}],"line":160},"26":{"loc":{"start":{"line":161,"column":16},"end":{"line":161,"column":91}},"type":"cond-expr","locations":[{"start":{"line":161,"column":52},"end":{"line":161,"column":79}},{"start":{"line":161,"column":82},"end":{"line":161,"column":91}}],"line":161},"27":{"loc":{"start":{"line":162,"column":22},"end":{"line":162,"column":109}},"type":"cond-expr","locations":[{"start":{"line":162,"column":64},"end":{"line":162,"column":97}},{"start":{"line":162,"column":100},"end":{"line":162,"column":109}}],"line":162},"28":{"loc":{"start":{"line":166,"column":6},"end":{"line":170,"column":7}},"type":"if","locations":[{"start":{"line":166,"column":6},"end":{"line":170,"column":7}},{"start":{},"end":{}}],"line":166},"29":{"loc":{"start":{"line":173,"column":4},"end":{"line":175,"column":5}},"type":"if","locations":[{"start":{"line":173,"column":4},"end":{"line":175,"column":5}},{"start":{},"end":{}}],"line":173},"30":{"loc":{"start":{"line":217,"column":4},"end":{"line":219,"column":5}},"type":"if","locations":[{"start":{"line":217,"column":4},"end":{"line":219,"column":5}},{"start":{},"end":{}}],"line":217}},"s":{"0":2,"1":2,"2":2,"3":3,"4":3,"5":3,"6":2,"7":1,"8":1,"9":2,"10":5,"11":5,"12":5,"13":5,"14":1,"15":4,"16":5,"17":5,"18":3,"19":3,"20":1,"21":1,"22":2,"23":5,"24":5,"25":5,"26":5,"27":5,"28":4,"29":1,"30":3,"31":3,"32":3,"33":3,"34":5,"35":51,"36":4,"37":4,"38":4,"39":3,"40":1,"41":2,"42":2,"43":2,"44":2,"45":1,"46":1,"47":2,"48":3,"49":3,"50":3,"51":3,"52":2,"53":1,"54":1,"55":1,"56":1},"f":{"0":3,"1":5,"2":5,"3":3},"b":{"0":[1,4],"1":[5,5,4],"2":[0,4],"3":[0,4],"4":[5,4],"5":[5,3],"6":[5,3],"7":[5,1],"8":[5,1,1],"9":[5,1,1],"10":[5,1,1,1],"11":[5,3],"12":[5,3],"13":[5,3],"14":[5,3],"15":[5,3],"16":[5,3],"17":[5,3],"18":[5,3],"19":[1,3],"20":[0,3],"21":[0,3],"22":[2,1],"23":[1,2],"24":[0,3],"25":[0,3],"26":[0,3],"27":[0,3],"28":[4,47],"29":[1,2],"30":[1,1]},"meta":{"lastBranch":31,"lastFunction":4,"lastStatement":57,"seen":{"s:5:15:5:31":0,"s:6:0:6:17":1,"s:12:0:28:3":2,"f:12:16:12:21":0,"s:13:2:27:3":3,"s:14:19:14:30":4,"s:16:19:21:5":5,"s:23:4:23:51":6,"s:25:4:25:63":7,"s:26:4:26:76":8,"s:35:0:118:3":9,"f:35:17:35:22":1,"s:36:2:117:3":10,"s:37:19:37:30":11,"s:57:8:57:16":12,"b:60:4:64:5:undefined:undefined:undefined:undefined":0,"s:60:4:64:5":13,"b:60:8:60:16:60:20:60:31:60:35:60:46":1,"s:61:6:63:9":14,"s:67:29:69:25":15,"b:68:8:68:27:69:8:69:25":2,"s:70:30:72:24":16,"b:71:8:71:26:72:8:72:24":3,"s:74:19:103:5":17,"b:84:8:84:16:84:20:84:24":4,"b:87:8:87:18:87:22:87:26":5,"b:89:8:89:16:89:20:89:24":6,"b:90:8:90:33:90:37:90:38":7,"b:91:8:91:32:91:36:91:61:91:65:91:66":8,"b:92:8:92:32:92:36:92:61:92:65:92:66":9,"b:93:8:93:33:93:37:93:61:93:65:93:90:93:94:93:95":10,"b:94:8:94:22:94:26:94:30":11,"b:95:8:95:28:95:32:95:36":12,"b:96:8:96:26:96:30:96:34":13,"b:97:8:97:39:97:43:97:47":14,"b:98:8:98:29:98:33:98:37":15,"b:99:8:99:38:99:42:99:46":16,"b:100:8:100:24:100:28:100:29":17,"b:101:8:101:30:101:34:101:35":18,"s:105:4:105:75":18,"s:107:4:110:7":19,"s:112:4:112:63":20,"s:113:4:116:7":21,"s:124:0:199:3":22,"f:124:19:124:24":2,"s:125:2:198:3":23,"s:126:19:126:30":24,"s:127:19:127:29":25,"s:128:23:128:31":26,"s:131:21:134:5":27,"b:136:4:138:5:undefined:undefined:undefined:undefined":19,"s:136:4:138:5":28,"s:137:6:137:85":29,"s:141:25:141:27":30,"s:142:25:142:27":31,"s:143:21:143:22":32,"s:145:27:163:5":33,"b:151:70:151:106:151:109:151:118":20,"b:152:68:152:103:152:106:152:115":21,"b:153:74:153:112:153:115:153:124":22,"b:154:72:154:109:154:112:154:121":23,"b:158:82:158:124:158:127:158:136":24,"b:160:80:160:121:160:124:160:133":25,"b:161:52:161:79:161:82:161:91":26,"b:162:64:162:97:162:100:162:109":27,"s:165:4:171:5":34,"b:166:6:170:7:undefined:undefined:undefined:undefined":28,"s:166:6:170:7":35,"s:167:8:167:55":36,"s:168:8:168:33":37,"s:169:8:169:21":38,"b:173:4:175:5:undefined:undefined:undefined:undefined":29,"s:173:4:175:5":39,"s:174:6:174:68":40,"s:177:4:177:44":41,"s:178:4:178:34":42,"s:180:19:186:5":43,"s:188:4:191:7":44,"s:193:4:193:63":45,"s:194:4:197:7":46,"s:205:0:231:3":47,"f:205:22:205:27":3,"s:206:2:230:3":48,"s:207:19:207:30":49,"s:208:19:208:29":50,"s:210:19:215:5":51,"b:217:4:219:5:undefined:undefined:undefined:undefined":30,"s:217:4:219:5":52,"s:218:6:218:85":53,"s:221:4:223:7":54,"s:225:4:225:63":55,"s:226:4:229:7":56}}}
,"C:\\Users\\Zaid Hasan\\OneDrive\\Desktop\\New ATS\\Aandsz-Forces-ATS-CS490\\backend\\routes\\dashboard.js": {"path":"C:\\Users\\Zaid Hasan\\OneDrive\\Desktop\\New ATS\\Aandsz-Forces-ATS-CS490\\backend\\routes\\dashboard.js","statementMap":{"0":{"start":{"line":5,"column":15},"end":{"line":5,"column":31}},"1":{"start":{"line":6,"column":0},"end":{"line":6,"column":17}},"2":{"start":{"line":12,"column":0},"end":{"line":354,"column":3}},"3":{"start":{"line":13,"column":2},"end":{"line":353,"column":3}},"4":{"start":{"line":14,"column":19},"end":{"line":14,"column":30}},"5":{"start":{"line":18,"column":22},"end":{"line":18,"column":101}},"6":{"start":{"line":19,"column":20},"end":{"line":19,"column":95}},"7":{"start":{"line":22,"column":4},"end":{"line":22,"column":60}},"8":{"start":{"line":23,"column":4},"end":{"line":23,"column":46}},"9":{"start":{"line":24,"column":4},"end":{"line":24,"column":60}},"10":{"start":{"line":25,"column":4},"end":{"line":25,"column":39}},"11":{"start":{"line":26,"column":4},"end":{"line":26,"column":45}},"12":{"start":{"line":27,"column":4},"end":{"line":27,"column":41}},"13":{"start":{"line":30,"column":22},"end":{"line":33,"column":5}},"14":{"start":{"line":34,"column":4},"end":{"line":34,"column":68}},"15":{"start":{"line":37,"column":26},"end":{"line":45,"column":5}},"16":{"start":{"line":46,"column":4},"end":{"line":46,"column":65}},"17":{"start":{"line":49,"column":26},"end":{"line":56,"column":5}},"18":{"start":{"line":57,"column":4},"end":{"line":57,"column":61}},"19":{"start":{"line":64,"column":23},"end":{"line":76,"column":5}},"20":{"start":{"line":78,"column":4},"end":{"line":78,"column":62}},"21":{"start":{"line":80,"column":27},"end":{"line":99,"column":5}},"22":{"start":{"line":103,"column":27},"end":{"line":116,"column":5}},"23":{"start":{"line":119,"column":29},"end":{"line":119,"column":83}},"24":{"start":{"line":123,"column":19},"end":{"line":172,"column":7}},"25":{"start":{"line":175,"column":4},"end":{"line":175,"column":72}},"26":{"start":{"line":180,"column":19},"end":{"line":192,"column":5}},"27":{"start":{"line":194,"column":4},"end":{"line":194,"column":53}},"28":{"start":{"line":199,"column":23},"end":{"line":216,"column":5}},"29":{"start":{"line":218,"column":4},"end":{"line":218,"column":58}},"30":{"start":{"line":223,"column":26},"end":{"line":227,"column":5}},"31":{"start":{"line":229,"column":16},"end":{"line":229,"column":36}},"32":{"start":{"line":231,"column":4},"end":{"line":248,"column":5}},"33":{"start":{"line":232,"column":26},"end":{"line":237,"column":7}},"34":{"start":{"line":239,"column":6},"end":{"line":245,"column":7}},"35":{"start":{"line":240,"column":8},"end":{"line":244,"column":10}},"36":{"start":{"line":247,"column":6},"end":{"line":247,"column":79}},"37":{"start":{"line":253,"column":14},"end":{"line":253,"column":32}},"38":{"start":{"line":260,"column":30},"end":{"line":264,"column":3}},"39":{"start":{"line":267,"column":26},"end":{"line":271,"column":3}},"40":{"start":{"line":274,"column":29},"end":{"line":303,"column":3}},"41":{"start":{"line":305,"column":24},"end":{"line":309,"column":5}},"42":{"start":{"line":311,"column":21},"end":{"line":311,"column":23}},"43":{"start":{"line":313,"column":4},"end":{"line":315,"column":5}},"44":{"start":{"line":314,"column":6},"end":{"line":314,"column":79}},"45":{"start":{"line":316,"column":4},"end":{"line":318,"column":5}},"46":{"start":{"line":317,"column":6},"end":{"line":317,"column":88}},"47":{"start":{"line":319,"column":4},"end":{"line":321,"column":5}},"48":{"start":{"line":320,"column":6},"end":{"line":320,"column":74}},"49":{"start":{"line":322,"column":4},"end":{"line":322,"column":81}},"50":{"start":{"line":322,"column":31},"end":{"line":322,"column":81}},"51":{"start":{"line":331,"column":21},"end":{"line":343,"column":5}},"52":{"start":{"line":336,"column":50},"end":{"line":339,"column":7}},"53":{"start":{"line":345,"column":4},"end":{"line":345,"column":57}},"54":{"start":{"line":346,"column":4},"end":{"line":346,"column":60}},"55":{"start":{"line":349,"column":4},"end":{"line":349,"column":23}},"56":{"start":{"line":351,"column":4},"end":{"line":351,"column":45}},"57":{"start":{"line":352,"column":4},"end":{"line":352,"column":70}}},"fnMap":{"0":{"name":"(anonymous_0)","decl":{"start":{"line":12,"column":21},"end":{"line":12,"column":26}},"loc":{"start":{"line":12,"column":41},"end":{"line":354,"column":1}},"line":12},"1":{"name":"(anonymous_1)","decl":{"start":{"line":336,"column":42},"end":{"line":336,"column":43}},"loc":{"start":{"line":336,"column":50},"end":{"line":339,"column":7}},"line":336}},"branchMap":{"0":{"loc":{"start":{"line":18,"column":22},"end":{"line":18,"column":101}},"type":"cond-expr","locations":[{"start":{"line":18,"column":44},"end":{"line":18,"column":77}},{"start":{"line":18,"column":80},"end":{"line":18,"column":101}}],"line":18},"1":{"loc":{"start":{"line":19,"column":20},"end":{"line":19,"column":95}},"type":"cond-expr","locations":[{"start":{"line":19,"column":40},"end":{"line":19,"column":71}},{"start":{"line":19,"column":74},"end":{"line":19,"column":95}}],"line":19},"2":{"loc":{"start":{"line":119,"column":29},"end":{"line":119,"column":83}},"type":"binary-expr","locations":[{"start":{"line":119,"column":29},"end":{"line":119,"column":78}},{"start":{"line":119,"column":82},"end":{"line":119,"column":83}}],"line":119},"3":{"loc":{"start":{"line":239,"column":6},"end":{"line":245,"column":7}},"type":"if","locations":[{"start":{"line":239,"column":6},"end":{"line":245,"column":7}},{"start":{},"end":{}}],"line":239},"4":{"loc":{"start":{"line":241,"column":31},"end":{"line":241,"column":85}},"type":"binary-expr","locations":[{"start":{"line":241,"column":31},"end":{"line":241,"column":79}},{"start":{"line":241,"column":83},"end":{"line":241,"column":85}}],"line":241},"5":{"loc":{"start":{"line":242,"column":31},"end":{"line":242,"column":88}},"type":"binary-expr","locations":[{"start":{"line":242,"column":31},"end":{"line":242,"column":80}},{"start":{"line":242,"column":84},"end":{"line":242,"column":88}}],"line":242},"6":{"loc":{"start":{"line":243,"column":27},"end":{"line":243,"column":80}},"type":"binary-expr","locations":[{"start":{"line":243,"column":27},"end":{"line":243,"column":72}},{"start":{"line":243,"column":76},"end":{"line":243,"column":80}}],"line":243},"7":{"loc":{"start":{"line":268,"column":19},"end":{"line":268,"column":69}},"type":"binary-expr","locations":[{"start":{"line":268,"column":19},"end":{"line":268,"column":64}},{"start":{"line":268,"column":68},"end":{"line":268,"column":69}}],"line":268},"8":{"loc":{"start":{"line":269,"column":15},"end":{"line":269,"column":61}},"type":"binary-expr","locations":[{"start":{"line":269,"column":15},"end":{"line":269,"column":56}},{"start":{"line":269,"column":60},"end":{"line":269,"column":61}}],"line":269},"9":{"loc":{"start":{"line":270,"column":22},"end":{"line":270,"column":76}},"type":"binary-expr","locations":[{"start":{"line":270,"column":22},"end":{"line":270,"column":71}},{"start":{"line":270,"column":75},"end":{"line":270,"column":76}}],"line":270},"10":{"loc":{"start":{"line":282,"column":23},"end":{"line":284,"column":13}},"type":"cond-expr","locations":[{"start":{"line":283,"column":13},"end":{"line":283,"column":122}},{"start":{"line":284,"column":12},"end":{"line":284,"column":13}}],"line":282},"11":{"loc":{"start":{"line":285,"column":16},"end":{"line":285,"column":102}},"type":"cond-expr","locations":[{"start":{"line":285,"column":85},"end":{"line":285,"column":92}},{"start":{"line":285,"column":95},"end":{"line":285,"column":102}}],"line":285},"12":{"loc":{"start":{"line":291,"column":23},"end":{"line":293,"column":13}},"type":"cond-expr","locations":[{"start":{"line":292,"column":13},"end":{"line":292,"column":110}},{"start":{"line":293,"column":12},"end":{"line":293,"column":13}}],"line":291},"13":{"loc":{"start":{"line":294,"column":16},"end":{"line":294,"column":94}},"type":"cond-expr","locations":[{"start":{"line":294,"column":77},"end":{"line":294,"column":84}},{"start":{"line":294,"column":87},"end":{"line":294,"column":94}}],"line":294},"14":{"loc":{"start":{"line":300,"column":16},"end":{"line":300,"column":114}},"type":"cond-expr","locations":[{"start":{"line":300,"column":97},"end":{"line":300,"column":104}},{"start":{"line":300,"column":107},"end":{"line":300,"column":114}}],"line":300},"15":{"loc":{"start":{"line":306,"column":26},"end":{"line":306,"column":59}},"type":"binary-expr","locations":[{"start":{"line":306,"column":26},"end":{"line":306,"column":54}},{"start":{"line":306,"column":58},"end":{"line":306,"column":59}}],"line":306},"16":{"loc":{"start":{"line":307,"column":24},"end":{"line":307,"column":55}},"type":"binary-expr","locations":[{"start":{"line":307,"column":24},"end":{"line":307,"column":50}},{"start":{"line":307,"column":54},"end":{"line":307,"column":55}}],"line":307},"17":{"loc":{"start":{"line":308,"column":20},"end":{"line":308,"column":47}},"type":"binary-expr","locations":[{"start":{"line":308,"column":20},"end":{"line":308,"column":42}},{"start":{"line":308,"column":46},"end":{"line":308,"column":47}}],"line":308},"18":{"loc":{"start":{"line":313,"column":4},"end":{"line":315,"column":5}},"type":"if","locations":[{"start":{"line":313,"column":4},"end":{"line":315,"column":5}},{"start":{},"end":{}}],"line":313},"19":{"loc":{"start":{"line":316,"column":4},"end":{"line":318,"column":5}},"type":"if","locations":[{"start":{"line":316,"column":4},"end":{"line":318,"column":5}},{"start":{},"end":{}}],"line":316},"20":{"loc":{"start":{"line":319,"column":4},"end":{"line":321,"column":5}},"type":"if","locations":[{"start":{"line":319,"column":4},"end":{"line":321,"column":5}},{"start":{},"end":{}}],"line":319},"21":{"loc":{"start":{"line":322,"column":4},"end":{"line":322,"column":81}},"type":"if","locations":[{"start":{"line":322,"column":4},"end":{"line":322,"column":81}},{"start":{},"end":{}}],"line":322},"22":{"loc":{"start":{"line":338,"column":18},"end":{"line":338,"column":41}},"type":"binary-expr","locations":[{"start":{"line":338,"column":18},"end":{"line":338,"column":36}},{"start":{"line":338,"column":40},"end":{"line":338,"column":41}}],"line":338}},"s":{"0":2,"1":2,"2":2,"3":19,"4":19,"5":19,"6":19,"7":19,"8":19,"9":19,"10":19,"11":19,"12":19,"13":19,"14":18,"15":18,"16":18,"17":18,"18":18,"19":18,"20":18,"21":18,"22":18,"23":18,"24":19,"25":18,"26":18,"27":18,"28":18,"29":18,"30":18,"31":18,"32":18,"33":18,"34":17,"35":2,"36":1,"37":18,"38":18,"39":18,"40":19,"41":19,"42":19,"43":19,"44":17,"45":18,"46":4,"47":18,"48":6,"49":18,"50":18,"51":18,"52":5,"53":18,"54":18,"55":18,"56":1,"57":1},"f":{"0":19,"1":5},"b":{"0":[2,17],"1":[2,17],"2":[18,5],"3":[2,15],"4":[2,1],"5":[2,1],"6":[2,1],"7":[18,3],"8":[19,8],"9":[19,5],"10":[18,0],"11":[13,5],"12":[18,0],"13":[10,8],"14":[17,1],"15":[19,1],"16":[19,2],"17":[19,7],"18":[17,2],"19":[4,14],"20":[6,12],"21":[1,17],"22":[5,0]},"meta":{"lastBranch":23,"lastFunction":2,"lastStatement":58,"seen":{"s:5:15:5:31":0,"s:6:0:6:17":1,"s:12:0:354:3":2,"f:12:21:12:26":0,"s:13:2:353:3":3,"s:14:19:14:30":4,"s:18:22:18:101":5,"b:18:44:18:77:18:80:18:101":0,"s:19:20:19:95":6,"b:19:40:19:71:19:74:19:95":1,"s:22:4:22:60":7,"s:23:4:23:46":8,"s:24:4:24:60":9,"s:25:4:25:39":10,"s:26:4:26:45":11,"s:27:4:27:41":12,"s:30:22:33:5":13,"s:34:4:34:68":14,"s:37:26:45:5":15,"s:46:4:46:65":16,"s:49:26:56:5":17,"s:57:4:57:61":18,"s:64:23:76:5":19,"s:78:4:78:62":20,"s:80:27:99:5":21,"s:103:27:116:5":22,"s:119:29:119:83":23,"b:119:29:119:78:119:82:119:83":2,"s:123:19:172:7":24,"s:175:4:175:72":25,"s:180:19:192:5":26,"s:194:4:194:53":27,"s:199:23:216:5":28,"s:218:4:218:58":29,"s:223:26:227:5":30,"s:229:16:229:36":31,"s:231:4:248:5":32,"s:232:26:237:7":33,"b:239:6:245:7:undefined:undefined:undefined:undefined":3,"s:239:6:245:7":34,"s:240:8:244:10":35,"b:241:31:241:79:241:83:241:85":4,"b:242:31:242:80:242:84:242:88":5,"b:243:27:243:72:243:76:243:80":6,"s:247:6:247:79":36,"s:253:14:253:32":37,"s:260:30:264:3":38,"s:267:26:271:3":39,"b:268:19:268:64:268:68:268:69":7,"b:269:15:269:56:269:60:269:61":8,"b:270:22:270:71:270:75:270:76":9,"s:274:29:303:3":40,"b:283:13:283:122:284:12:284:13":10,"b:285:85:285:92:285:95:285:102":11,"b:292:13:292:110:293:12:293:13":12,"b:294:77:294:84:294:87:294:94":13,"b:300:97:300:104:300:107:300:114":14,"s:305:24:309:5":41,"b:306:26:306:54:306:58:306:59":15,"b:307:24:307:50:307:54:307:55":16,"b:308:20:308:42:308:46:308:47":17,"s:311:21:311:23":42,"b:313:4:315:5:undefined:undefined:undefined:undefined":18,"s:313:4:315:5":43,"s:314:6:314:79":44,"b:316:4:318:5:undefined:undefined:undefined:undefined":19,"s:316:4:318:5":45,"s:317:6:317:88":46,"b:319:4:321:5:undefined:undefined:undefined:undefined":20,"s:319:4:321:5":47,"s:320:6:320:74":48,"b:322:4:322:81:undefined:undefined:undefined:undefined":21,"s:322:4:322:81":49,"s:322:31:322:81":50,"s:331:21:343:5":51,"f:336:42:336:43":1,"s:336:50:339:7":52,"b:338:18:338:36:338:40:338:41":22,"s:345:4:345:57":53,"s:346:4:346:60":54,"s:349:4:349:23":55,"s:351:4:351:45":56,"s:352:4:352:70":57}}}
,"C:\\Users\\Zaid Hasan\\OneDrive\\Desktop\\New ATS\\Aandsz-Forces-ATS-CS490\\backend\\routes\\education.js": {"path":"C:\\Users\\Zaid Hasan\\OneDrive\\Desktop\\New ATS\\Aandsz-Forces-ATS-CS490\\backend\\routes\\education.js","statementMap":{"0":{"start":{"line":6,"column":0},"end":{"line":6,"column":16}},"1":{"start":{"line":7,"column":17},"end":{"line":7,"column":20}},"2":{"start":{"line":8,"column":15},"end":{"line":8,"column":31}},"3":{"start":{"line":10,"column":13},"end":{"line":10,"column":69}},"4":{"start":{"line":11,"column":19},"end":{"line":11,"column":57}},"5":{"start":{"line":15,"column":17},"end":{"line":15,"column":42}},"6":{"start":{"line":16,"column":2},"end":{"line":16,"column":66}},"7":{"start":{"line":16,"column":15},"end":{"line":16,"column":66}},"8":{"start":{"line":17,"column":2},"end":{"line":24,"column":3}},"9":{"start":{"line":18,"column":18},"end":{"line":18,"column":38}},"10":{"start":{"line":19,"column":20},"end":{"line":19,"column":49}},"11":{"start":{"line":20,"column":4},"end":{"line":20,"column":28}},"12":{"start":{"line":21,"column":4},"end":{"line":21,"column":11}},"13":{"start":{"line":23,"column":4},"end":{"line":23,"column":60}},"14":{"start":{"line":28,"column":0},"end":{"line":70,"column":3}},"15":{"start":{"line":39,"column":6},"end":{"line":39,"column":14}},"16":{"start":{"line":41,"column":2},"end":{"line":42,"column":70}},"17":{"start":{"line":42,"column":4},"end":{"line":42,"column":70}},"18":{"start":{"line":44,"column":2},"end":{"line":69,"column":3}},"19":{"start":{"line":45,"column":21},"end":{"line":64,"column":5}},"20":{"start":{"line":65,"column":4},"end":{"line":65,"column":78}},"21":{"start":{"line":67,"column":4},"end":{"line":67,"column":47}},"22":{"start":{"line":68,"column":4},"end":{"line":68,"column":77}},"23":{"start":{"line":73,"column":0},"end":{"line":84,"column":3}},"24":{"start":{"line":74,"column":2},"end":{"line":83,"column":3}},"25":{"start":{"line":75,"column":21},"end":{"line":78,"column":5}},"26":{"start":{"line":79,"column":4},"end":{"line":79,"column":34}},"27":{"start":{"line":81,"column":4},"end":{"line":81,"column":49}},"28":{"start":{"line":82,"column":4},"end":{"line":82,"column":79}},"29":{"start":{"line":87,"column":0},"end":{"line":129,"column":3}},"30":{"start":{"line":98,"column":6},"end":{"line":98,"column":14}},"31":{"start":{"line":100,"column":2},"end":{"line":128,"column":3}},"32":{"start":{"line":101,"column":21},"end":{"line":121,"column":5}},"33":{"start":{"line":123,"column":4},"end":{"line":123,"column":84}},"34":{"start":{"line":123,"column":22},"end":{"line":123,"column":84}},"35":{"start":{"line":124,"column":4},"end":{"line":124,"column":80}},"36":{"start":{"line":126,"column":4},"end":{"line":126,"column":50}},"37":{"start":{"line":127,"column":4},"end":{"line":127,"column":79}},"38":{"start":{"line":132,"column":0},"end":{"line":145,"column":3}},"39":{"start":{"line":133,"column":2},"end":{"line":144,"column":3}},"40":{"start":{"line":134,"column":19},"end":{"line":137,"column":5}},"41":{"start":{"line":138,"column":4},"end":{"line":139,"column":68}},"42":{"start":{"line":139,"column":6},"end":{"line":139,"column":68}},"43":{"start":{"line":140,"column":4},"end":{"line":140,"column":60}},"44":{"start":{"line":142,"column":4},"end":{"line":142,"column":50}},"45":{"start":{"line":143,"column":4},"end":{"line":143,"column":79}}},"fnMap":{"0":{"name":"auth","decl":{"start":{"line":14,"column":9},"end":{"line":14,"column":13}},"loc":{"start":{"line":14,"column":30},"end":{"line":25,"column":1}},"line":14},"1":{"name":"(anonymous_1)","decl":{"start":{"line":28,"column":32},"end":{"line":28,"column":37}},"loc":{"start":{"line":28,"column":52},"end":{"line":70,"column":1}},"line":28},"2":{"name":"(anonymous_2)","decl":{"start":{"line":73,"column":31},"end":{"line":73,"column":36}},"loc":{"start":{"line":73,"column":51},"end":{"line":84,"column":1}},"line":73},"3":{"name":"(anonymous_3)","decl":{"start":{"line":87,"column":35},"end":{"line":87,"column":40}},"loc":{"start":{"line":87,"column":55},"end":{"line":129,"column":1}},"line":87},"4":{"name":"(anonymous_4)","decl":{"start":{"line":132,"column":38},"end":{"line":132,"column":43}},"loc":{"start":{"line":132,"column":58},"end":{"line":145,"column":1}},"line":132}},"branchMap":{"0":{"loc":{"start":{"line":11,"column":19},"end":{"line":11,"column":57}},"type":"binary-expr","locations":[{"start":{"line":11,"column":19},"end":{"line":11,"column":41}},{"start":{"line":11,"column":45},"end":{"line":11,"column":57}}],"line":11},"1":{"loc":{"start":{"line":16,"column":2},"end":{"line":16,"column":66}},"type":"if","locations":[{"start":{"line":16,"column":2},"end":{"line":16,"column":66}},{"start":{},"end":{}}],"line":16},"2":{"loc":{"start":{"line":41,"column":2},"end":{"line":42,"column":70}},"type":"if","locations":[{"start":{"line":41,"column":2},"end":{"line":42,"column":70}},{"start":{},"end":{}}],"line":41},"3":{"loc":{"start":{"line":41,"column":6},"end":{"line":41,"column":53}},"type":"binary-expr","locations":[{"start":{"line":41,"column":6},"end":{"line":41,"column":18}},{"start":{"line":41,"column":22},"end":{"line":41,"column":34}},{"start":{"line":41,"column":38},"end":{"line":41,"column":53}}],"line":41},"4":{"loc":{"start":{"line":57,"column":8},"end":{"line":57,"column":31}},"type":"binary-expr","locations":[{"start":{"line":57,"column":8},"end":{"line":57,"column":23}},{"start":{"line":57,"column":27},"end":{"line":57,"column":31}}],"line":57},"5":{"loc":{"start":{"line":58,"column":8},"end":{"line":58,"column":35}},"type":"binary-expr","locations":[{"start":{"line":58,"column":8},"end":{"line":58,"column":26}},{"start":{"line":58,"column":30},"end":{"line":58,"column":35}}],"line":58},"6":{"loc":{"start":{"line":59,"column":8},"end":{"line":59,"column":29}},"type":"binary-expr","locations":[{"start":{"line":59,"column":8},"end":{"line":59,"column":23}},{"start":{"line":59,"column":27},"end":{"line":59,"column":29}}],"line":59},"7":{"loc":{"start":{"line":60,"column":8},"end":{"line":60,"column":19}},"type":"binary-expr","locations":[{"start":{"line":60,"column":8},"end":{"line":60,"column":11}},{"start":{"line":60,"column":15},"end":{"line":60,"column":19}}],"line":60},"8":{"loc":{"start":{"line":61,"column":8},"end":{"line":61,"column":28}},"type":"binary-expr","locations":[{"start":{"line":61,"column":8},"end":{"line":61,"column":19}},{"start":{"line":61,"column":23},"end":{"line":61,"column":28}}],"line":61},"9":{"loc":{"start":{"line":62,"column":8},"end":{"line":62,"column":20}},"type":"binary-expr","locations":[{"start":{"line":62,"column":8},"end":{"line":62,"column":14}},{"start":{"line":62,"column":18},"end":{"line":62,"column":20}}],"line":62},"10":{"loc":{"start":{"line":112,"column":8},"end":{"line":112,"column":31}},"type":"binary-expr","locations":[{"start":{"line":112,"column":8},"end":{"line":112,"column":23}},{"start":{"line":112,"column":27},"end":{"line":112,"column":31}}],"line":112},"11":{"loc":{"start":{"line":113,"column":8},"end":{"line":113,"column":35}},"type":"binary-expr","locations":[{"start":{"line":113,"column":8},"end":{"line":113,"column":26}},{"start":{"line":113,"column":30},"end":{"line":113,"column":35}}],"line":113},"12":{"loc":{"start":{"line":114,"column":8},"end":{"line":114,"column":29}},"type":"binary-expr","locations":[{"start":{"line":114,"column":8},"end":{"line":114,"column":23}},{"start":{"line":114,"column":27},"end":{"line":114,"column":29}}],"line":114},"13":{"loc":{"start":{"line":115,"column":8},"end":{"line":115,"column":19}},"type":"binary-expr","locations":[{"start":{"line":115,"column":8},"end":{"line":115,"column":11}},{"start":{"line":115,"column":15},"end":{"line":115,"column":19}}],"line":115},"14":{"loc":{"start":{"line":116,"column":8},"end":{"line":116,"column":28}},"type":"binary-expr","locations":[{"start":{"line":116,"column":8},"end":{"line":116,"column":19}},{"start":{"line":116,"column":23},"end":{"line":116,"column":28}}],"line":116},"15":{"loc":{"start":{"line":117,"column":8},"end":{"line":117,"column":20}},"type":"binary-expr","locations":[{"start":{"line":117,"column":8},"end":{"line":117,"column":14}},{"start":{"line":117,"column":18},"end":{"line":117,"column":20}}],"line":117},"16":{"loc":{"start":{"line":123,"column":4},"end":{"line":123,"column":84}},"type":"if","locations":[{"start":{"line":123,"column":4},"end":{"line":123,"column":84}},{"start":{},"end":{}}],"line":123},"17":{"loc":{"start":{"line":138,"column":4},"end":{"line":139,"column":68}},"type":"if","locations":[{"start":{"line":138,"column":4},"end":{"line":139,"column":68}},{"start":{},"end":{}}],"line":138}},"s":{"0":2,"1":2,"2":2,"3":2,"4":2,"5":13,"6":13,"7":0,"8":13,"9":13,"10":13,"11":13,"12":13,"13":0,"14":2,"15":4,"16":4,"17":1,"18":3,"19":3,"20":2,"21":1,"22":1,"23":2,"24":3,"25":3,"26":2,"27":1,"28":1,"29":2,"30":3,"31":3,"32":3,"33":2,"34":2,"35":1,"36":1,"37":1,"38":2,"39":3,"40":3,"41":2,"42":2,"43":1,"44":1,"45":1},"f":{"0":13,"1":4,"2":3,"3":3,"4":3},"b":{"0":[2,0],"1":[0,13],"2":[1,3],"3":[4,4,3],"4":[3,2],"5":[4,3],"6":[4,2],"7":[4,2],"8":[4,3],"9":[4,2],"10":[3,3],"11":[3,3],"12":[3,3],"13":[3,3],"14":[3,3],"15":[3,3],"16":[1,1],"17":[1,1]},"meta":{"lastBranch":18,"lastFunction":5,"lastStatement":46,"seen":{"s:6:0:6:16":0,"s:7:17:7:20":1,"s:8:15:8:31":2,"s:10:13:10:69":3,"s:11:19:11:57":4,"b:11:19:11:41:11:45:11:57":0,"f:14:9:14:13":0,"s:15:17:15:42":5,"b:16:2:16:66:undefined:undefined:undefined:undefined":1,"s:16:2:16:66":6,"s:16:15:16:66":7,"s:17:2:24:3":8,"s:18:18:18:38":9,"s:19:20:19:49":10,"s:20:4:20:28":11,"s:21:4:21:11":12,"s:23:4:23:60":13,"s:28:0:70:3":14,"f:28:32:28:37":1,"s:39:6:39:14":15,"b:41:2:42:70:undefined:undefined:undefined:undefined":2,"s:41:2:42:70":16,"b:41:6:41:18:41:22:41:34:41:38:41:53":3,"s:42:4:42:70":17,"s:44:2:69:3":18,"s:45:21:64:5":19,"b:57:8:57:23:57:27:57:31":4,"b:58:8:58:26:58:30:58:35":5,"b:59:8:59:23:59:27:59:29":6,"b:60:8:60:11:60:15:60:19":7,"b:61:8:61:19:61:23:61:28":8,"b:62:8:62:14:62:18:62:20":9,"s:65:4:65:78":20,"s:67:4:67:47":21,"s:68:4:68:77":22,"s:73:0:84:3":23,"f:73:31:73:36":2,"s:74:2:83:3":24,"s:75:21:78:5":25,"s:79:4:79:34":26,"s:81:4:81:49":27,"s:82:4:82:79":28,"s:87:0:129:3":29,"f:87:35:87:40":3,"s:98:6:98:14":30,"s:100:2:128:3":31,"s:101:21:121:5":32,"b:112:8:112:23:112:27:112:31":10,"b:113:8:113:26:113:30:113:35":11,"b:114:8:114:23:114:27:114:29":12,"b:115:8:115:11:115:15:115:19":13,"b:116:8:116:19:116:23:116:28":14,"b:117:8:117:14:117:18:117:20":15,"b:123:4:123:84:undefined:undefined:undefined:undefined":16,"s:123:4:123:84":33,"s:123:22:123:84":34,"s:124:4:124:80":35,"s:126:4:126:50":36,"s:127:4:127:79":37,"s:132:0:145:3":38,"f:132:38:132:43":4,"s:133:2:144:3":39,"s:134:19:137:5":40,"b:138:4:139:68:undefined:undefined:undefined:undefined":17,"s:138:4:139:68":41,"s:139:6:139:68":42,"s:140:4:140:60":43,"s:142:4:142:50":44,"s:143:4:143:79":45}}}
[...]
7},"end":{"line":14,"column":42}},"6":{"start":{"line":15,"column":2},"end":{"line":15,"column":66}},"7":{"start":{"line":15,"column":15},"end":{"line":15,"column":66}},"8":{"start":{"line":16,"column":2},"end":{"line":23,"column":3}},"9":{"start":{"line":17,"column":18},"end":{"line":17,"column":38}},"10":{"start":{"line":18,"column":20},"end":{"line":18,"column":49}},"11":{"start":{"line":19,"column":4},"end":{"line":19,"column":28}},"12":{"start":{"line":20,"column":4},"end":{"line":20,"column":11}},"13":{"start":{"line":22,"column":4},"end":{"line":22,"column":60}},"14":{"start":{"line":27,"column":0},"end":{"line":50,"column":3}},"15":{"start":{"line":28,"column":42},"end":{"line":28,"column":50}},"16":{"start":{"line":29,"column":2},"end":{"line":29,"column":75}},"17":{"start":{"line":29,"column":13},"end":{"line":29,"column":75}},"18":{"start":{"line":31,"column":2},"end":{"line":49,"column":3}},"19":{"start":{"line":32,"column":16},"end":{"line":35,"column":5}},"20":{"start":{"line":36,"column":4},"end":{"line":37,"column":64}},"21":{"start":{"line":37,"column":6},"end":{"line":37,"column":64}},"22":{"start":{"line":39,"column":21},"end":{"line":44,"column":5}},"23":{"start":{"line":45,"column":4},"end":{"line":45,"column":57}},"24":{"start":{"line":47,"column":4},"end":{"line":47,"column":41}},"25":{"start":{"line":48,"column":4},"end":{"line":48,"column":48}},"26":{"start":{"line":53,"column":0},"end":{"line":64,"column":3}},"27":{"start":{"line":54,"column":2},"end":{"line":63,"column":3}},"28":{"start":{"line":55,"column":21},"end":{"line":58,"column":5}},"29":{"start":{"line":59,"column":4},"end":{"line":59,"column":31}},"30":{"start":{"line":61,"column":4},"end":{"line":61,"column":42}},"31":{"start":{"line":62,"column":4},"end":{"line":62,"column":61}},"32":{"start":{"line":67,"column":0},"end":{"line":84,"column":3}},"33":{"start":{"line":68,"column":36},"end":{"line":68,"column":44}},"34":{"start":{"line":69,"column":2},"end":{"line":83,"column":3}},"35":{"start":{"line":70,"column":21},"end":{"line":77,"column":5}},"36":{"start":{"line":78,"column":4},"end":{"line":78,"column":74}},"37":{"start":{"line":78,"column":22},"end":{"line":78,"column":74}},"38":{"start":{"line":79,"column":4},"end":{"line":79,"column":59}},"39":{"start":{"line":81,"column":4},"end":{"line":81,"column":44}},"40":{"start":{"line":82,"column":4},"end":{"line":82,"column":53}},"41":{"start":{"line":87,"column":0},"end":{"line":100,"column":3}},"42":{"start":{"line":88,"column":2},"end":{"line":99,"column":3}},"43":{"start":{"line":89,"column":19},"end":{"line":92,"column":5}},"44":{"start":{"line":93,"column":4},"end":{"line":94,"column":64}},"45":{"start":{"line":94,"column":6},"end":{"line":94,"column":64}},"46":{"start":{"line":95,"column":4},"end":{"line":95,"column":37}},"47":{"start":{"line":97,"column":4},"end":{"line":97,"column":44}},"48":{"start":{"line":98,"column":4},"end":{"line":98,"column":53}}},"fnMap":{"0":{"name":"auth","decl":{"start":{"line":13,"column":9},"end":{"line":13,"column":13}},"loc":{"start":{"line":13,"column":30},"end":{"line":24,"column":1}},"line":13},"1":{"name":"(anonymous_1)","decl":{"start":{"line":27,"column":23},"end":{"line":27,"column":28}},"loc":{"start":{"line":27,"column":43},"end":{"line":50,"column":1}},"line":27},"2":{"name":"(anonymous_2)","decl":{"start":{"line":53,"column":22},"end":{"line":53,"column":27}},"loc":{"start":{"line":53,"column":42},"end":{"line":64,"column":1}},"line":53},"3":{"name":"(anonymous_3)","decl":{"start":{"line":67,"column":25},"end":{"line":67,"column":30}},"loc":{"start":{"line":67,"column":45},"end":{"line":84,"column":1}},"line":67},"4":{"name":"(anonymous_4)","decl":{"start":{"line":87,"column":28},"end":{"line":87,"column":33}},"loc":{"start":{"line":87,"column":48},"end":{"line":100,"column":1}},"line":87}},"branchMap":{"0":{"loc":{"start":{"line":10,"column":19},"end":{"line":10,"column":57}},"type":"binary-expr","locations":[{"start":{"line":10,"column":19},"end":{"line":10,"column":41}},{"start":{"line":10,"column":45},"end":{"line":10,"column":57}}],"line":10},"1":{"loc":{"start":{"line":15,"column":2},"end":{"line":15,"column":66}},"type":"if","locations":[{"start":{"line":15,"column":2},"end":{"line":15,"column":66}},{"start":{},"end":{}}],"line":15},"2":{"loc":{"start":{"line":29,"column":2},"end":{"line":29,"column":75}},"type":"if","locations":[{"start":{"line":29,"column":2},"end":{"line":29,"column":75}},{"start":{},"end":{}}],"line":29},"3":{"loc":{"start":{"line":36,"column":4},"end":{"line":37,"column":64}},"type":"if","locations":[{"start":{"line":36,"column":4},"end":{"line":37,"column":64}},{"start":{},"end":{}}],"line":36},"4":{"loc":{"start":{"line":78,"column":4},"end":{"line":78,"column":74}},"type":"if","locations":[{"start":{"line":78,"column":4},"end":{"line":78,"column":74}},{"start":{},"end":{}}],"line":78},"5":{"loc":{"start":{"line":93,"column":4},"end":{"line":94,"column":64}},"type":"if","locations":[{"start":{"line":93,"column":4},"end":{"line":94,"column":64}},{"start":{},"end":{}}],"line":93}},"s":{"0":2,"1":2,"2":2,"3":2,"4":2,"5":14,"6":14,"7":0,"8":14,"9":14,"10":14,"11":14,"12":14,"13":0,"14":2,"15":5,"16":5,"17":1,"18":4,"19":4,"20":3,"21":3,"22":1,"23":1,"24":1,"25":1,"26":2,"27":3,"28":3,"29":2,"30":1,"31":1,"32":2,"33":3,"34":3,"35":3,"36":2,"37":2,"38":1,"39":1,"40":1,"41":2,"42":3,"43":3,"44":2,"45":2,"46":1,"47":1,"48":1},"f":{"0":14,"1":5,"2":3,"3":3,"4":3},"b":{"0":[2,0],"1":[0,14],"2":[1,4],"3":[2,1],"4":[1,1],"5":[1,1]},"meta":{"lastBranch":6,"lastFunction":5,"lastStatement":49,"seen":{"s:6:0:6:16":0,"s:7:17:7:20":1,"s:8:15:8:31":2,"s:9:13:9:69":3,"s:10:19:10:57":4,"b:10:19:10:41:10:45:10:57":0,"f:13:9:13:13":0,"s:14:17:14:42":5,"b:15:2:15:66:undefined:undefined:undefined:undefined":1,"s:15:2:15:66":6,"s:15:15:15:66":7,"s:16:2:23:3":8,"s:17:18:17:38":9,"s:18:20:18:49":10,"s:19:4:19:28":11,"s:20:4:20:11":12,"s:22:4:22:60":13,"s:27:0:50:3":14,"f:27:23:27:28":1,"s:28:42:28:50":15,"b:29:2:29:75:undefined:undefined:undefined:undefined":2,"s:29:2:29:75":16,"s:29:13:29:75":17,"s:31:2:49:3":18,"s:32:16:35:5":19,"b:36:4:37:64:undefined:undefined:undefined:undefined":3,"s:36:4:37:64":20,"s:37:6:37:64":21,"s:39:21:44:5":22,"s:45:4:45:57":23,"s:47:4:47:41":24,"s:48:4:48:48":25,"s:53:0:64:3":26,"f:53:22:53:27":2,"s:54:2:63:3":27,"s:55:21:58:5":28,"s:59:4:59:31":29,"s:61:4:61:42":30,"s:62:4:62:61":31,"s:67:0:84:3":32,"f:67:25:67:30":3,"s:68:36:68:44":33,"s:69:2:83:3":34,"s:70:21:77:5":35,"b:78:4:78:74:undefined:undefined:undefined:undefined":4,"s:78:4:78:74":36,"s:78:22:78:74":37,"s:79:4:79:59":38,"s:81:4:81:44":39,"s:82:4:82:53":40,"s:87:0:100:3":41,"f:87:28:87:33":4,"s:88:2:99:3":42,"s:89:19:92:5":43,"b:93:4:94:64:undefined:undefined:undefined:undefined":5,"s:93:4:94:64":44,"s:94:6:94:64":45,"s:95:4:95:37":46,"s:97:4:97:44":47,"s:98:4:98:53":48}}}
,"C:\\Users\\Zaid Hasan\\OneDrive\\Desktop\\New ATS\\Aandsz-Forces-ATS-CS490\\backend\\routes\\skillsGap.js": {"path":"C:\\Users\\Zaid Hasan\\OneDrive\\Desktop\\New ATS\\Aandsz-Forces-ATS-CS490\\backend\\routes\\skillsGap.js","statementMap":{"0":{"start":{"line":9,"column":0},"end":{"line":9,"column":16}},"1":{"start":{"line":10,"column":17},"end":{"line":10,"column":20}},"2":{"start":{"line":11,"column":15},"end":{"line":11,"column":31}},"3":{"start":{"line":12,"column":13},"end":{"line":12,"column":69}},"4":{"start":{"line":13,"column":19},"end":{"line":13,"column":57}},"5":{"start":{"line":17,"column":17},"end":{"line":17,"column":42}},"6":{"start":{"line":18,"column":2},"end":{"line":18,"column":66}},"7":{"start":{"line":18,"column":15},"end":{"line":18,"column":66}},"8":{"start":{"line":19,"column":2},"end":{"line":26,"column":3}},"9":{"start":{"line":20,"column":18},"end":{"line":20,"column":38}},"10":{"start":{"line":21,"column":20},"end":{"line":21,"column":49}},"11":{"start":{"line":22,"column":4},"end":{"line":22,"column":28}},"12":{"start":{"line":23,"column":4},"end":{"line":23,"column":11}},"13":{"start":{"line":25,"column":4},"end":{"line":25,"column":60}},"14":{"start":{"line":30,"column":18},"end":{"line":30,"column":49}},"15":{"start":{"line":31,"column":18},"end":{"line":31,"column":42}},"16":{"start":{"line":34,"column":22},"end":{"line":34,"column":77}},"17":{"start":{"line":35,"column":24},"end":{"line":35,"column":26}},"18":{"start":{"line":36,"column":0},"end":{"line":40,"column":1}},"19":{"start":{"line":37,"column":2},"end":{"line":37,"column":73}},"20":{"start":{"line":39,"column":2},"end":{"line":39,"column":25}},"21":{"start":{"line":46,"column":0},"end":{"line":186,"column":3}},"22":{"start":{"line":47,"column":20},"end":{"line":47,"column":30}},"23":{"start":{"line":48,"column":17},"end":{"line":48,"column":27}},"24":{"start":{"line":50,"column":2},"end":{"line":185,"column":3}},"25":{"start":{"line":52,"column":23},"end":{"line":57,"column":5}},"26":{"start":{"line":59,"column":23},"end":{"line":63,"column":7}},"27":{"start":{"line":59,"column":51},"end":{"line":63,"column":5}},"28":{"start":{"line":66,"column":17},"end":{"line":69,"column":5}},"29":{"start":{"line":71,"column":4},"end":{"line":72,"column":62}},"30":{"start":{"line":72,"column":6},"end":{"line":72,"column":62}},"31":{"start":{"line":75,"column":30},"end":{"line":75,"column":64}},"32":{"start":{"line":76,"column":27},"end":{"line":78,"column":5}},"33":{"start":{"line":77,"column":6},"end":{"line":77,"column":36}},"34":{"start":{"line":80,"column":18},"end":{"line":80,"column":20}},"35":{"start":{"line":81,"column":15},"end":{"line":81,"column":17}},"36":{"start":{"line":82,"column":18},"end":{"line":82,"column":20}},"37":{"start":{"line":83,"column":23},"end":{"line":83,"column":25}},"38":{"start":{"line":94,"column":18},"end":{"line":94,"column":19}},"39":{"start":{"line":97,"column":6},"end":{"line":98,"column":47}},"40":{"start":{"line":97,"column":30},"end":{"line":97,"column":41}},"41":{"start":{"line":98,"column":11},"end":{"line":98,"column":47}},"42":{"start":{"line":101,"column":31},"end":{"line":101,"column":78}},"43":{"start":{"line":102,"column":6},"end":{"line":102,"column":69}},"44":{"start":{"line":102,"column":58},"end":{"line":102,"column":69}},"45":{"start":{"line":106,"column":6},"end":{"line":106,"column":17}},"46":{"start":{"line":109,"column":23},"end":{"line":109,"column":62}},"47":{"start":{"line":110,"column":6},"end":{"line":110,"column":22}},"48":{"start":{"line":114,"column":4},"end":{"line":146,"column":7}},"49":{"start":{"line":115,"column":21},"end":{"line":115,"column":40}},"50":{"start":{"line":116,"column":22},"end":{"line":116,"column":63}},"51":{"start":{"line":116,"column":45},"end":{"line":116,"column":62}},"52":{"start":{"line":118,"column":6},"end":{"line":145,"column":7}},"53":{"start":{"line":119,"column":8},"end":{"line":119,"column":28}},"54":{"start":{"line":121,"column":8},"end":{"line":126,"column":11}},"55":{"start":{"line":127,"column":13},"end":{"line":145,"column":7}},"56":{"start":{"line":128,"column":8},"end":{"line":128,"column":51}},"57":{"start":{"line":130,"column":8},"end":{"line":135,"column":11}},"58":{"start":{"line":137,"column":8},"end":{"line":137,"column":54}},"59":{"start":{"line":139,"column":8},"end":{"line":144,"column":11}},"60":{"start":{"line":149,"column":4},"end":{"line":149,"column":57}},"61":{"start":{"line":149,"column":32},"end":{"line":149,"column":55}},"62":{"start":{"line":153,"column":18},"end":{"line":153,"column":44}},"63":{"start":{"line":155,"column":6},"end":{"line":155,"column":64}},"64":{"start":{"line":155,"column":34},"end":{"line":155,"column":64}},"65":{"start":{"line":157,"column":6},"end":{"line":162,"column":7}},"66":{"start":{"line":158,"column":8},"end":{"line":161,"column":12}},"67":{"start":{"line":158,"column":56},"end":{"line":161,"column":9}},"68":{"start":{"line":164,"column":6},"end":{"line":164,"column":16}},"69":{"start":{"line":167,"column":22},"end":{"line":167,"column":24}},"70":{"start":{"line":168,"column":4},"end":{"line":170,"column":7}},"71":{"start":{"line":169,"column":6},"end":{"line":169,"column":41}},"72":{"start":{"line":173,"column":4},"end":{"line":181,"column":7}},"73":{"start":{"line":183,"column":4},"end":{"line":183,"column":44}},"74":{"start":{"line":184,"column":4},"end":{"line":184,"column":69}}},"fnMap":{"0":{"name":"auth","decl":{"start":{"line":16,"column":9},"end":{"line":16,"column":13}},"loc":{"start":{"line":16,"column":30},"end":{"line":27,"column":1}},"line":16},"1":{"name":"(anonymous_1)","decl":{"start":{"line":46,"column":28},"end":{"line":46,"column":33}},"loc":{"start":{"line":46,"column":48},"end":{"line":186,"column":1}},"line":46},"2":{"name":"(anonymous_2)","decl":{"start":{"line":59,"column":43},"end":{"line":59,"column":44}},"loc":{"start":{"line":59,"column":51},"end":{"line":63,"column":5}},"line":59},"3":{"name":"(anonymous_3)","decl":{"start":{"line":76,"column":49},"end":{"line":76,"column":50}},"loc":{"start":{"line":77,"column":6},"end":{"line":77,"column":36}},"line":77},"4":{"name":"calculatePriority","decl":{"start":{"line":93,"column":13},"end":{"line":93,"column":30}},"loc":{"start":{"line":93,"column":49},"end":{"line":111,"column":5}},"line":93},"5":{"name":"(anonymous_5)","decl":{"start":{"line":114,"column":27},"end":{"line":114,"column":28}},"loc":{"start":{"line":114,"column":38},"end":{"line":146,"column":5}},"line":114},"6":{"name":"(anonymous_6)","decl":{"start":{"line":116,"column":38},"end":{"line":116,"column":39}},"loc":{"start":{"line":116,"column":45},"end":{"line":116,"column":62}},"line":116},"7":{"name":"(anonymous_7)","decl":{"start":{"line":149,"column":22},"end":{"line":149,"column":23}},"loc":{"start":{"line":149,"column":32},"end":{"line":149,"column":55}},"line":149},"8":{"name":"getRes","decl":{"start":{"line":152,"column":13},"end":{"line":152,"column":19}},"loc":{"start":{"line":152,"column":27},"end":{"line":165,"column":5}},"line":152},"9":{"name":"(anonymous_9)","decl":{"start":{"line":158,"column":48},"end":{"line":158,"column":49}},"loc":{"start":{"line":158,"column":56},"end":{"line":161,"column":9}},"line":158},"10":{"name":"(anonymous_10)","decl":{"start":{"line":168,"column":27},"end":{"line":168,"column":28}},"loc":{"start":{"line":168,"column":38},"end":{"line":170,"column":5}},"line":168}},"branchMap":{"0":{"loc":{"start":{"line":13,"column":19},"end":{"line":13,"column":57}},"type":"binary-expr","locations":[{"start":{"line":13,"column":19},"end":{"line":13,"column":41}},{"start":{"line":13,"column":45},"end":{"line":13,"column":57}}],"line":13},"1":{"loc":{"start":{"line":18,"column":2},"end":{"line":18,"column":66}},"type":"if","locations":[{"start":{"line":18,"column":2},"end":{"line":18,"column":66}},{"start":{},"end":{}}],"line":18},"2":{"loc":{"start":{"line":62,"column":13},"end":{"line":62,"column":31}},"type":"binary-expr","locations":[{"start":{"line":62,"column":13},"end":{"line":62,"column":26}},{"start":{"line":62,"column":30},"end":{"line":62,"column":31}}],"line":62},"3":{"loc":{"start":{"line":71,"column":4},"end":{"line":72,"column":62}},"type":"if","locations":[{"start":{"line":71,"column":4},"end":{"line":72,"column":62}},{"start":{},"end":{}}],"line":71},"4":{"loc":{"start":{"line":75,"column":30},"end":{"line":75,"column":64}},"type":"binary-expr","locations":[{"start":{"line":75,"column":30},"end":{"line":75,"column":58}},{"start":{"line":75,"column":62},"end":{"line":75,"column":64}}],"line":75},"5":{"loc":{"start":{"line":77,"column":7},"end":{"line":77,"column":14}},"type":"binary-expr","locations":[{"start":{"line":77,"column":7},"end":{"line":77,"column":8}},{"start":{"line":77,"column":12},"end":{"line":77,"column":14}}],"line":77},"6":{"loc":{"start":{"line":97,"column":6},"end":{"line":98,"column":47}},"type":"if","locations":[{"start":{"line":97,"column":6},"end":{"line":98,"column":47}},{"start":{"line":98,"column":11},"end":{"line":98,"column":47}}],"line":97},"7":{"loc":{"start":{"line":102,"column":6},"end":{"line":102,"column":69}},"type":"if","locations":[{"start":{"line":102,"column":6},"end":{"line":102,"column":69}},{"start":{},"end":{}}],"line":102},"8":{"loc":{"start":{"line":118,"column":6},"end":{"line":145,"column":7}},"type":"if","locations":[{"start":{"line":118,"column":6},"end":{"line":145,"column":7}},{"start":{"line":127,"column":13},"end":{"line":145,"column":7}}],"line":118},"9":{"loc":{"start":{"line":127,"column":13},"end":{"line":145,"column":7}},"type":"if","locations":[{"start":{"line":127,"column":13},"end":{"line":145,"column":7}},{"start":{"line":136,"column":13},"end":{"line":145,"column":7}}],"line":127},"10":{"loc":{"start":{"line":155,"column":6},"end":{"line":155,"column":64}},"type":"if","locations":[{"start":{"line":155,"column":6},"end":{"line":155,"column":64}},{"start":{},"end":{}}],"line":155},"11":{"loc":{"start":{"line":157,"column":6},"end":{"line":162,"column":7}},"type":"if","locations":[{"start":{"line":157,"column":6},"end":{"line":162,"column":7}},{"start":{},"end":{}}],"line":157}},"s":{"0":2,"1":2,"2":2,"3":2,"4":2,"5":9,"6":9,"7":0,"8":9,"9":9,"10":9,"11":9,"12":9,"13":0,"14":2,"15":2,"16":2,"17":2,"18":2,"19":2,"20":0,"21":2,"22":9,"23":9,"24":9,"25":9,"26":8,"27":9,"28":8,"29":8,"30":1,"31":7,"32":9,"33":15,"34":9,"35":9,"36":9,"37":9,"38":10,"39":10,"40":8,"41":2,"42":10,"43":10,"44":9,"45":10,"46":10,"47":10,"48":9,"49":15,"50":15,"51":18,"52":15,"53":8,"54":8,"55":7,"56":2,"57":2,"58":5,"59":5,"60":9,"61":13,"62":15,"63":15,"64":0,"65":15,"66":0,"67":0,"68":15,"69":9,"70":9,"71":15,"72":9,"73":1,"74":1},"f":{"0":9,"1":9,"2":9,"3":15,"4":10,"5":15,"6":18,"7":13,"8":15,"9":0,"10":15},"b":{"0":[2,0],"1":[0,9],"2":[9,0],"3":[1,7],"4":[7,0],"5":[15,0],"6":[8,2],"7":[9,1],"8":[8,7],"9":[2,5],"10":[0,15],"11":[0,15]},"meta":{"lastBranch":12,"lastFunction":11,"lastStatement":75,"seen":{"s:9:0:9:16":0,"s:10:17:10:20":1,"s:11:15:11:31":2,"s:12:13:12:69":3,"s:13:19:13:57":4,"b:13:19:13:41:13:45:13:57":0,"f:16:9:16:13":0,"s:17:17:17:42":5,"b:18:2:18:66:undefined:undefined:undefined:undefined":1,"s:18:2:18:66":6,"s:18:15:18:66":7,"s:19:2:26:3":8,"s:20:18:20:38":9,"s:21:20:21:49":10,"s:22:4:22:28":11,"s:23:4:23:11":12,"s:25:4:25:60":13,"s:30:18:30:49":14,"s:31:18:31:42":15,"s:34:22:34:77":16,"s:35:24:35:26":17,"s:36:0:40:1":18,"s:37:2:37:73":19,"s:39:2:39:25":20,"s:46:0:186:3":21,"f:46:28:46:33":1,"s:47:20:47:30":22,"s:48:17:48:27":23,"s:50:2:185:3":24,"s:52:23:57:5":25,"s:59:23:63:7":26,"f:59:43:59:44":2,"s:59:51:63:5":27,"b:62:13:62:26:62:30:62:31":2,"s:66:17:69:5":28,"b:71:4:72:62:undefined:undefined:undefined:undefined":3,"s:71:4:72:62":29,"s:72:6:72:62":30,"s:75:30:75:64":31,"b:75:30:75:58:75:62:75:64":4,"s:76:27:78:5":32,"f:76:49:76:50":3,"s:77:6:77:36":33,"b:77:7:77:8:77:12:77:14":5,"s:80:18:80:20":34,"s:81:15:81:17":35,"s:82:18:82:20":36,"s:83:23:83:25":37,"f:93:13:93:30":4,"s:94:18:94:19":38,"b:97:6:98:47:98:11:98:47":6,"s:97:6:98:47":39,"s:97:30:97:41":40,"s:98:11:98:47":41,"s:101:31:101:78":42,"b:102:6:102:69:undefined:undefined:undefined:undefined":7,"s:102:6:102:69":43,"s:102:58:102:69":44,"s:106:6:106:17":45,"s:109:23:109:62":46,"s:110:6:110:22":47,"s:114:4:146:7":48,"f:114:27:114:28":5,"s:115:21:115:40":49,"s:116:22:116:63":50,"f:116:38:116:39":6,"s:116:45:116:62":51,"b:118:6:145:7:127:13:145:7":8,"s:118:6:145:7":52,"s:119:8:119:28":53,"s:121:8:126:11":54,"b:127:13:145:7:136:13:145:7":9,"s:127:13:145:7":55,"s:128:8:128:51":56,"s:130:8:135:11":57,"s:137:8:137:54":58,"s:139:8:144:11":59,"s:149:4:149:57":60,"f:149:22:149:23":7,"s:149:32:149:55":61,"f:152:13:152:19":8,"s:153:18:153:44":62,"b:155:6:155:64:undefined:undefined:undefined:undefined":10,"s:155:6:155:64":63,"s:155:34:155:64":64,"b:157:6:162:7:undefined:undefined:undefined:undefined":11,"s:157:6:162:7":65,"s:158:8:161:12":66,"f:158:48:158:49":9,"s:158:56:161:9":67,"s:164:6:164:16":68,"s:167:22:167:24":69,"s:168:4:170:7":70,"f:168:27:168:28":10,"s:169:6:169:41":71,"s:173:4:181:7":72,"s:183:4:183:44":73,"s:184:4:184:69":74}}}
}
