{"total": {"lines":{"total":8192,"covered":0,"skipped":0,"pct":0},"statements":{"total":8737,"covered":0,"skipped":0,"pct":0},"functions":{"total":1010,"covered":0,"skipped":0,"pct":0},"branches":{"total":6500,"covered":0,"skipped":0,"pct":0},"branchesTrue":{"total":0,"covered":0,"skipped":0,"pct":100}}
,"/Users/sujalraj/Desktop/Aandsz-Forces-ATS-CS490/backend/auth.js": {"lines":{"total":11,"covered":0,"skipped":0,"pct":0},"functions":{"total":1,"covered":0,"skipped":0,"pct":0},"statements":{"total":12,"covered":0,"skipped":0,"pct":0},"branches":{"total":8,"covered":0,"skipped":0,"pct":0}}
,"/Users/sujalraj/Desktop/Aandsz-Forces-ATS-CS490/backend/server.js": {"lines":{"total":329,"covered":0,"skipped":0,"pct":0},"functions":{"total":23,"covered":0,"skipped":0,"pct":0},"statements":{"total":331,"covered":0,"skipped":0,"pct":0},"branches":{"total":156,"covered":0,"skipped":0,"pct":0}}
,"/Users/sujalraj/Desktop/Aandsz-Forces-ATS-CS490/backend/routes/auth.js": {"lines":{"total":22,"covered":0,"skipped":0,"pct":0},"functions":{"total":4,"covered":0,"skipped":0,"pct":0},"statements":{"total":22,"covered":0,"skipped":0,"pct":0},"branches":{"total":8,"covered":0,"skipped":0,"pct":0}}
,"/Users/sujalraj/Desktop/Aandsz-Forces-ATS-CS490/backend/routes/calendar.js": {"lines":{"total":53,"covered":0,"skipped":0,"pct":0},"functions":{"total":5,"covered":0,"skipped":0,"pct":0},"statements":{"total":54,"covered":0,"skipped":0,"pct":0},"branches":{"total":22,"covered":0,"skipped":0,"pct":0}}
,"/Users/sujalraj/Desktop/Aandsz-Forces-ATS-CS490/backend/routes/careerGoals.js": {"lines":{"total":149,"covered":0,"skipped":0,"pct":0},"functions":{"total":12,"covered":0,"skipped":0,"pct":0},"statements":{"total":152,"covered":0,"skipped":0,"pct":0},"branches":{"total":133,"covered":0,"skipped":0,"pct":0}}
,"/Users/sujalraj/Desktop/Aandsz-Forces-ATS-CS490/backend/routes/certification.js": {"lines":{"total":61,"covered":0,"skipped":0,"pct":0},"functions":{"total":5,"covered":0,"skipped":0,"pct":0},"statements":{"total":63,"covered":0,"skipped":0,"pct":0},"branches":{"total":42,"covered":0,"skipped":0,"pct":0}}
,"/Users/sujalraj/Desktop/Aandsz-Forces-ATS-CS490/backend/routes/company.js": {"lines":{"total":73,"covered":0,"skipped":0,"pct":0},"functions":{"total":8,"covered":0,"skipped":0,"pct":0},"statements":{"total":77,"covered":0,"skipped":0,"pct":0},"branches":{"total":24,"covered":0,"skipped":0,"pct":0}}
,"/Users/sujalraj/Desktop/Aandsz-Forces-ATS-CS490/backend/routes/companyResearch.js": {"lines":{"total":164,"covered":0,"skipped":0,"pct":0},"functions":{"total":24,"covered":0,"skipped":0,"pct":0},"statements":{"total":176,"covered":0,"skipped":0,"pct":0},"branches":{"total":232,"covered":0,"skipped":0,"pct":0}}
,"/Users/sujalraj/Desktop/Aandsz-Forces-ATS-CS490/backend/routes/compensationHistory.js": {"lines":{"total":57,"covered":0,"skipped":0,"pct":0},"functions":{"total":4,"covered":0,"skipped":0,"pct":0},"statements":{"total":57,"covered":0,"skipped":0,"pct":0},"branches":{"total":67,"covered":0,"skipped":0,"pct":0}}
,"/Users/sujalraj/Desktop/Aandsz-Forces-ATS-CS490/backend/routes/competitiveAnalysis.js": {"lines":{"total":232,"covered":0,"skipped":0,"pct":0},"functions":{"total":77,"covered":0,"skipped":0,"pct":0},"statements":{"total":284,"covered":0,"skipped":0,"pct":0},"branches":{"total":153,"covered":0,"skipped":0,"pct":0}}
,"/Users/sujalraj/Desktop/Aandsz-Forces-ATS-CS490/backend/routes/contacts.js": {"lines":{"total":276,"covered":0,"skipped":0,"pct":0},"functions":{"total":19,"covered":0,"skipped":0,"pct":0},"statements":{"total":278,"covered":0,"skipped":0,"pct":0},"branches":{"total":233,"covered":0,"skipped":0,"pct":0}}
,"/Users/sujalraj/Desktop/Aandsz-Forces-ATS-CS490/backend/routes/coverLetterAI.js": {"lines":{"total":57,"covered":0,"skipped":0,"pct":0},"functions":{"total":4,"covered":0,"skipped":0,"pct":0},"statements":{"total":57,"covered":0,"skipped":0,"pct":0},"branches":{"total":64,"covered":0,"skipped":0,"pct":0}}
,"/Users/sujalraj/Desktop/Aandsz-Forces-ATS-CS490/backend/routes/coverLetterExport.js": {"lines":{"total":34,"covered":0,"skipped":0,"pct":0},"functions":{"total":4,"covered":0,"skipped":0,"pct":0},"statements":{"total":34,"covered":0,"skipped":0,"pct":0},"branches":{"total":14,"covered":0,"skipped":0,"pct":0}}
,"/Users/sujalraj/Desktop/Aandsz-Forces-ATS-CS490/backend/routes/coverLetterTemplates.js": {"lines":{"total":93,"covered":0,"skipped":0,"pct":0},"functions":{"total":11,"covered":0,"skipped":0,"pct":0},"statements":{"total":93,"covered":0,"skipped":0,"pct":0},"branches":{"total":86,"covered":0,"skipped":0,"pct":0}}
,"/Users/sujalraj/Desktop/Aandsz-Forces-ATS-CS490/backend/routes/cover_letter.js": {"lines":{"total":147,"covered":0,"skipped":0,"pct":0},"functions":{"total":9,"covered":0,"skipped":0,"pct":0},"statements":{"total":154,"covered":0,"skipped":0,"pct":0},"branches":{"total":68,"covered":0,"skipped":0,"pct":0}}
,"/Users/sujalraj/Desktop/Aandsz-Forces-ATS-CS490/backend/routes/customReports.js": {"lines":{"total":598,"covered":0,"skipped":0,"pct":0},"functions":{"total":72,"covered":0,"skipped":0,"pct":0},"statements":{"total":627,"covered":0,"skipped":0,"pct":0},"branches":{"total":579,"covered":0,"skipped":0,"pct":0}}
,"/Users/sujalraj/Desktop/Aandsz-Forces-ATS-CS490/backend/routes/dashboard.js": {"lines":{"total":57,"covered":0,"skipped":0,"pct":0},"functions":{"total":2,"covered":0,"skipped":0,"pct":0},"statements":{"total":58,"covered":0,"skipped":0,"pct":0},"branches":{"total":46,"covered":0,"skipped":0,"pct":0}}
,"/Users/sujalraj/Desktop/Aandsz-Forces-ATS-CS490/backend/routes/education.js": {"lines":{"total":44,"covered":0,"skipped":0,"pct":0},"functions":{"total":5,"covered":0,"skipped":0,"pct":0},"statements":{"total":46,"covered":0,"skipped":0,"pct":0},"branches":{"total":37,"covered":0,"skipped":0,"pct":0}}
,"/Users/sujalraj/Desktop/Aandsz-Forces-ATS-CS490/backend/routes/employment.js": {"lines":{"total":52,"covered":0,"skipped":0,"pct":0},"functions":{"total":5,"covered":0,"skipped":0,"pct":0},"statements":{"total":53,"covered":0,"skipped":0,"pct":0},"branches":{"total":35,"covered":0,"skipped":0,"pct":0}}
,"/Users/sujalraj/Desktop/Aandsz-Forces-ATS-CS490/backend/routes/fileUpload.js": {"lines":{"total":144,"covered":0,"skipped":0,"pct":0},"functions":{"total":16,"covered":0,"skipped":0,"pct":0},"statements":{"total":147,"covered":0,"skipped":0,"pct":0},"branches":{"total":64,"covered":0,"skipped":0,"pct":0}}
,"/Users/sujalraj/Desktop/Aandsz-Forces-ATS-CS490/backend/routes/goals.js": {"lines":{"total":30,"covered":0,"skipped":0,"pct":0},"functions":{"total":3,"covered":0,"skipped":0,"pct":0},"statements":{"total":30,"covered":0,"skipped":0,"pct":0},"branches":{"total":8,"covered":0,"skipped":0,"pct":0}}
,"/Users/sujalraj/Desktop/Aandsz-Forces-ATS-CS490/backend/routes/industryContacts.js": {"lines":{"total":468,"covered":0,"skipped":0,"pct":0},"functions":{"total":48,"covered":0,"skipped":0,"pct":0},"statements":{"total":523,"covered":0,"skipped":0,"pct":0},"branches":{"total":314,"covered":0,"skipped":0,"pct":0}}
,"/Users/sujalraj/Desktop/Aandsz-Forces-ATS-CS490/backend/routes/informationalInterviews.js": {"lines":{"total":323,"covered":0,"skipped":0,"pct":0},"functions":{"total":29,"covered":0,"skipped":0,"pct":0},"statements":{"total":355,"covered":0,"skipped":0,"pct":0},"branches":{"total":195,"covered":0,"skipped":0,"pct":0}}
,"/Users/sujalraj/Desktop/Aandsz-Forces-ATS-CS490/backend/routes/interviewAnalytics.js": {"lines":{"total":305,"covered":0,"skipped":0,"pct":0},"functions":{"total":66,"covered":0,"skipped":0,"pct":0},"statements":{"total":329,"covered":0,"skipped":0,"pct":0},"branches":{"total":290,"covered":0,"skipped":0,"pct":0}}
,"/Users/sujalraj/Desktop/Aandsz-Forces-ATS-CS490/backend/routes/job.js": {"lines":{"total":376,"covered":0,"skipped":0,"pct":0},"functions":{"total":24,"covered":0,"skipped":0,"pct":0},"statements":{"total":383,"covered":0,"skipped":0,"pct":0},"branches":{"total":214,"covered":0,"skipped":0,"pct":0}}
,"/Users/sujalraj/Desktop/Aandsz-Forces-ATS-CS490/backend/routes/jobDescriptions.js": {"lines":{"total":27,"covered":0,"skipped":0,"pct":0},"functions":{"total":3,"covered":0,"skipped":0,"pct":0},"statements":{"total":28,"covered":0,"skipped":0,"pct":0},"branches":{"total":8,"covered":0,"skipped":0,"pct":0}}
,"/Users/sujalraj/Desktop/Aandsz-Forces-ATS-CS490/backend/routes/jobRoutes.js": {"lines":{"total":40,"covered":0,"skipped":0,"pct":0},"functions":{"total":3,"covered":0,"skipped":0,"pct":0},"statements":{"total":41,"covered":0,"skipped":0,"pct":0},"branches":{"total":13,"covered":0,"skipped":0,"pct":0}}
,"/Users/sujalraj/Desktop/Aandsz-Forces-ATS-CS490/backend/routes/marketBenchmarks.js": {"lines":{"total":125,"covered":0,"skipped":0,"pct":0},"functions":{"total":8,"covered":0,"skipped":0,"pct":0},"statements":{"total":126,"covered":0,"skipped":0,"pct":0},"branches":{"total":166,"covered":0,"skipped":0,"pct":0}}
,"/Users/sujalraj/Desktop/Aandsz-Forces-ATS-CS490/backend/routes/marketIntel.js": {"lines":{"total":226,"covered":0,"skipped":0,"pct":0},"functions":{"total":56,"covered":0,"skipped":0,"pct":0},"statements":{"total":262,"covered":0,"skipped":0,"pct":0},"branches":{"total":200,"covered":0,"skipped":0,"pct":0}}
,"/Users/sujalraj/Desktop/Aandsz-Forces-ATS-CS490/backend/routes/match.js": {"lines":{"total":53,"covered":0,"skipped":0,"pct":0},"functions":{"total":6,"covered":0,"skipped":0,"pct":0},"statements":{"total":55,"covered":0,"skipped":0,"pct":0},"branches":{"total":79,"covered":0,"skipped":0,"pct":0}}
,"/Users/sujalraj/Desktop/Aandsz-Forces-ATS-CS490/backend/routes/mentors.js": {"lines":{"total":153,"covered":0,"skipped":0,"pct":0},"functions":{"total":15,"covered":0,"skipped":0,"pct":0},"statements":{"total":167,"covered":0,"skipped":0,"pct":0},"branches":{"total":88,"covered":0,"skipped":0,"pct":0}}
,"/Users/sujalraj/Desktop/Aandsz-Forces-ATS-CS490/backend/routes/networking.js": {"lines":{"total":291,"covered":0,"skipped":0,"pct":0},"functions":{"total":37,"covered":0,"skipped":0,"pct":0},"statements":{"total":324,"covered":0,"skipped":0,"pct":0},"branches":{"total":245,"covered":0,"skipped":0,"pct":0}}
,"/Users/sujalraj/Desktop/Aandsz-Forces-ATS-CS490/backend/routes/offers.js": {"lines":{"total":223,"covered":0,"skipped":0,"pct":0},"functions":{"total":12,"covered":0,"skipped":0,"pct":0},"statements":{"total":225,"covered":0,"skipped":0,"pct":0},"branches":{"total":248,"covered":0,"skipped":0,"pct":0}}
,"/Users/sujalraj/Desktop/Aandsz-Forces-ATS-CS490/backend/routes/performancePrediction.js": {"lines":{"total":207,"covered":0,"skipped":0,"pct":0},"functions":{"total":35,"covered":0,"skipped":0,"pct":0},"statements":{"total":220,"covered":0,"skipped":0,"pct":0},"branches":{"total":193,"covered":0,"skipped":0,"pct":0}}
,"/Users/sujalraj/Desktop/Aandsz-Forces-ATS-CS490/backend/routes/profile.js": {"lines":{"total":76,"covered":0,"skipped":0,"pct":0},"functions":{"total":6,"covered":0,"skipped":0,"pct":0},"statements":{"total":84,"covered":0,"skipped":0,"pct":0},"branches":{"total":54,"covered":0,"skipped":0,"pct":0}}
,"/Users/sujalraj/Desktop/Aandsz-Forces-ATS-CS490/backend/routes/projects.js": {"lines":{"total":53,"covered":0,"skipped":0,"pct":0},"functions":{"total":7,"covered":0,"skipped":0,"pct":0},"statements":{"total":54,"covered":0,"skipped":0,"pct":0},"branches":{"total":60,"covered":0,"skipped":0,"pct":0}}
,"/Users/sujalraj/Desktop/Aandsz-Forces-ATS-CS490/backend/routes/references.js": {"lines":{"total":220,"covered":0,"skipped":0,"pct":0},"functions":{"total":35,"covered":0,"skipped":0,"pct":0},"statements":{"total":253,"covered":0,"skipped":0,"pct":0},"branches":{"total":154,"covered":0,"skipped":0,"pct":0}}
,"/Users/sujalraj/Desktop/Aandsz-Forces-ATS-CS490/backend/routes/referrals.js": {"lines":{"total":249,"covered":0,"skipped":0,"pct":0},"functions":{"total":17,"covered":0,"skipped":0,"pct":0},"statements":{"total":280,"covered":0,"skipped":0,"pct":0},"branches":{"total":208,"covered":0,"skipped":0,"pct":0}}
,"/Users/sujalraj/Desktop/Aandsz-Forces-ATS-CS490/backend/routes/resumePresets.js": {"lines":{"total":32,"covered":0,"skipped":0,"pct":0},"functions":{"total":4,"covered":0,"skipped":0,"pct":0},"statements":{"total":33,"covered":0,"skipped":0,"pct":0},"branches":{"total":8,"covered":0,"skipped":0,"pct":0}}
,"/Users/sujalraj/Desktop/Aandsz-Forces-ATS-CS490/backend/routes/resumes.js": {"lines":{"total":285,"covered":0,"skipped":0,"pct":0},"functions":{"total":35,"covered":0,"skipped":0,"pct":0},"statements":{"total":297,"covered":0,"skipped":0,"pct":0},"branches":{"total":248,"covered":0,"skipped":0,"pct":0}}
,"/Users/sujalraj/Desktop/Aandsz-Forces-ATS-CS490/backend/routes/salaryResearch.js": {"lines":{"total":48,"covered":0,"skipped":0,"pct":0},"functions":{"total":5,"covered":0,"skipped":0,"pct":0},"statements":{"total":52,"covered":0,"skipped":0,"pct":0},"branches":{"total":48,"covered":0,"skipped":0,"pct":0}}
,"/Users/sujalraj/Desktop/Aandsz-Forces-ATS-CS490/backend/routes/sectionPresets.js": {"lines":{"total":32,"covered":0,"skipped":0,"pct":0},"functions":{"total":4,"covered":0,"skipped":0,"pct":0},"statements":{"total":33,"covered":0,"skipped":0,"pct":0},"branches":{"total":9,"covered":0,"skipped":0,"pct":0}}
,"/Users/sujalraj/Desktop/Aandsz-Forces-ATS-CS490/backend/routes/skillProgress.js": {"lines":{"total":31,"covered":0,"skipped":0,"pct":0},"functions":{"total":3,"covered":0,"skipped":0,"pct":0},"statements":{"total":31,"covered":0,"skipped":0,"pct":0},"branches":{"total":6,"covered":0,"skipped":0,"pct":0}}
,"/Users/sujalraj/Desktop/Aandsz-Forces-ATS-CS490/backend/routes/skills.js": {"lines":{"total":46,"covered":0,"skipped":0,"pct":0},"functions":{"total":5,"covered":0,"skipped":0,"pct":0},"statements":{"total":49,"covered":0,"skipped":0,"pct":0},"branches":{"total":12,"covered":0,"skipped":0,"pct":0}}
,"/Users/sujalraj/Desktop/Aandsz-Forces-ATS-CS490/backend/routes/skillsGap.js": {"lines":{"total":67,"covered":0,"skipped":0,"pct":0},"functions":{"total":11,"covered":0,"skipped":0,"pct":0},"statements":{"total":75,"covered":0,"skipped":0,"pct":0},"branches":{"total":24,"covered":0,"skipped":0,"pct":0}}
,"/Users/sujalraj/Desktop/Aandsz-Forces-ATS-CS490/backend/routes/successPatterns.js": {"lines":{"total":462,"covered":0,"skipped":0,"pct":0},"functions":{"total":94,"covered":0,"skipped":0,"pct":0},"statements":{"total":505,"covered":0,"skipped":0,"pct":0},"branches":{"total":481,"covered":0,"skipped":0,"pct":0}}
,"/Users/sujalraj/Desktop/Aandsz-Forces-ATS-CS490/backend/routes/technicalPrep.js": {"lines":{"total":237,"covered":0,"skipped":0,"pct":0},"functions":{"total":33,"covered":0,"skipped":0,"pct":0},"statements":{"total":242,"covered":0,"skipped":0,"pct":0},"branches":{"total":195,"covered":0,"skipped":0,"pct":0}}
,"/Users/sujalraj/Desktop/Aandsz-Forces-ATS-CS490/backend/routes/timeInvestment.js": {"lines":{"total":497,"covered":0,"skipped":0,"pct":0},"functions":{"total":71,"covered":0,"skipped":0,"pct":0},"statements":{"total":538,"covered":0,"skipped":0,"pct":0},"branches":{"total":331,"covered":0,"skipped":0,"pct":0}}
,"/Users/sujalraj/Desktop/Aandsz-Forces-ATS-CS490/backend/routes/upload.js": {"lines":{"total":17,"covered":0,"skipped":0,"pct":0},"functions":{"total":4,"covered":0,"skipped":0,"pct":0},"statements":{"total":17,"covered":0,"skipped":0,"pct":0},"branches":{"total":4,"covered":0,"skipped":0,"pct":0}}
,"/Users/sujalraj/Desktop/Aandsz-Forces-ATS-CS490/backend/routes/versionControl.js": {"lines":{"total":111,"covered":0,"skipped":0,"pct":0},"functions":{"total":8,"covered":0,"skipped":0,"pct":0},"statements":{"total":111,"covered":0,"skipped":0,"pct":0},"branches":{"total":24,"covered":0,"skipped":0,"pct":0}}
,"/Users/sujalraj/Desktop/Aandsz-Forces-ATS-CS490/backend/utils/reminderScheduler.js": {"lines":{"total":68,"covered":0,"skipped":0,"pct":0},"functions":{"total":5,"covered":0,"skipped":0,"pct":0},"statements":{"total":73,"covered":0,"skipped":0,"pct":0},"branches":{"total":34,"covered":0,"skipped":0,"pct":0}}
,"/Users/sujalraj/Desktop/Aandsz-Forces-ATS-CS490/backend/utils/roleTypeMapper.js": {"lines":{"total":96,"covered":0,"skipped":0,"pct":0},"functions":{"total":2,"covered":0,"skipped":0,"pct":0},"statements":{"total":100,"covered":0,"skipped":0,"pct":0},"branches":{"total":201,"covered":0,"skipped":0,"pct":0}}
,"/Users/sujalraj/Desktop/Aandsz-Forces-ATS-CS490/backend/utils/schedulingHelpers.js": {"lines":{"total":65,"covered":0,"skipped":0,"pct":0},"functions":{"total":6,"covered":0,"skipped":0,"pct":0},"statements":{"total":67,"covered":0,"skipped":0,"pct":0},"branches":{"total":67,"covered":0,"skipped":0,"pct":0}}
}
