TN:
SF:auth.js
FN:14,auth
FNF:1
FNH:1
FNDA:120,auth
DA:3,12
DA:15,120
DA:16,120
DA:18,120
DA:19,14
DA:23,106
DA:24,106
DA:25,20
DA:28,86
DA:31,86
DA:41,120
DA:45,120
DA:50,120
DA:52,5
DA:53,1
DA:55,4
DA:57,1
DA:58,0
DA:64,1
DA:66,3
DA:67,1
DA:69,2
DA:74,12
LF:23
LH:22
BRDA:3,0,0,12
BRDA:3,0,1,0
BRDA:15,1,0,120
BRDA:15,1,1,13
BRDA:16,2,0,106
BRDA:16,2,1,14
BRDA:18,3,0,14
BRDA:18,3,1,106
BRDA:24,4,0,20
BRDA:24,4,1,86
BRDA:31,5,0,86
BRDA:31,5,1,0
BRDA:46,6,0,120
BRDA:46,6,1,78
BRDA:52,7,0,1
BRDA:52,7,1,4
BRDA:55,8,0,1
BRDA:55,8,1,3
BRDA:57,9,0,0
BRDA:57,9,1,1
BRDA:59,10,0,0
BRDA:59,10,1,0
BRDA:66,11,0,1
BRDA:66,11,1,2
BRF:24
BRH:19
end_of_record
TN:
SF:server.js
FN:205,(anonymous_0)
FN:218,(anonymous_1)
FN:224,(anonymous_2)
FN:282,(anonymous_3)
FN:289,(anonymous_4)
FN:310,(anonymous_5)
FN:330,(anonymous_6)
FN:354,makeToken
FN:376,(anonymous_8)
FN:472,(anonymous_9)
FN:496,(anonymous_10)
FN:560,(anonymous_11)
FN:569,(anonymous_12)
FN:610,(anonymous_13)
FN:645,(anonymous_14)
FN:660,(anonymous_15)
FN:673,(anonymous_16)
FN:693,(anonymous_17)
FN:721,(anonymous_18)
FN:824,(anonymous_19)
FN:858,(anonymous_20)
FN:865,(anonymous_21)
FN:893,(anonymous_22)
FN:977,(anonymous_23)
FN:998,sendDeadlineReminders
FN:1165,(anonymous_25)
FN:1177,(anonymous_26)
FN:1213,(anonymous_27)
FN:1241,(anonymous_28)
FN:1250,(anonymous_29)
FNF:30
FNH:23
FNDA:52,(anonymous_0)
FNDA:170,(anonymous_1)
FNDA:262,(anonymous_2)
FNDA:2,(anonymous_3)
FNDA:0,(anonymous_4)
FNDA:7,(anonymous_5)
FNDA:0,(anonymous_6)
FNDA:12,makeToken
FNDA:24,(anonymous_8)
FNDA:25,(anonymous_9)
FNDA:9,(anonymous_10)
FNDA:1,(anonymous_11)
FNDA:3,(anonymous_12)
FNDA:4,(anonymous_13)
FNDA:4,(anonymous_14)
FNDA:2,(anonymous_15)
FNDA:3,(anonymous_16)
FNDA:4,(anonymous_17)
FNDA:1,(anonymous_18)
FNDA:1,(anonymous_19)
FNDA:0,(anonymous_20)
FNDA:0,(anonymous_21)
FNDA:0,(anonymous_22)
FNDA:0,(anonymous_23)
FNDA:9,sendDeadlineReminders
FNDA:9,(anonymous_25)
FNDA:5,(anonymous_26)
FNDA:4,(anonymous_27)
FNDA:1,(anonymous_28)
FNDA:0,(anonymous_29)
DA:104,7
DA:107,7
DA:110,7
DA:115,7
DA:120,7
DA:122,7
DA:123,7
DA:127,7
DA:147,7
DA:193,7
DA:196,7
DA:199,7
DA:205,52
DA:212,7
DA:218,170
DA:222,7
DA:225,262
DA:233,262
DA:236,1
DA:239,1
DA:240,1
DA:241,0
DA:245,1
DA:252,7
DA:260,7
DA:264,7
DA:266,7
DA:269,7
DA:270,7
DA:271,7
DA:273,7
DA:276,7
DA:279,7
DA:282,7
DA:283,2
DA:287,7
DA:290,0
DA:291,0
DA:292,0
DA:308,7
DA:311,7
DA:312,7
DA:314,7
DA:317,7
DA:318,7
DA:320,0
DA:323,0
DA:331,0
DA:332,0
DA:333,0
DA:337,7
DA:338,7
DA:339,7
DA:340,7
DA:343,7
DA:344,0
DA:345,0
DA:355,12
DA:373,7
DA:376,7
DA:384,24
DA:385,24
DA:387,24
DA:388,5
DA:390,19
DA:391,8
DA:395,11
DA:396,1
DA:398,10
DA:399,1
DA:403,9
DA:407,24
DA:408,1
DA:411,8
DA:412,8
DA:413,8
DA:414,8
DA:416,8
DA:420,8
DA:421,1
DA:422,1
DA:423,1
DA:426,7
DA:427,7
DA:437,4
DA:442,4
DA:443,4
DA:444,4
DA:445,4
DA:447,3
DA:448,3
DA:449,3
DA:452,1
DA:454,3
DA:455,2
DA:456,1
DA:457,1
DA:463,3
DA:466,3
DA:467,3
DA:472,7
DA:473,25
DA:474,25
DA:475,25
DA:476,25
DA:479,24
DA:480,24
DA:482,5
DA:483,5
DA:484,5
DA:485,5
DA:487,3
DA:488,3
DA:490,1
DA:491,1
DA:496,7
DA:498,9
DA:500,9
DA:501,9
DA:502,2
DA:505,7
DA:508,9
DA:513,6
DA:515,2
DA:516,4
DA:518,3
DA:519,3
DA:521,1
DA:522,1
DA:528,2
DA:532,2
DA:538,2
DA:541,2
DA:548,1
DA:551,5
DA:552,5
DA:554,1
DA:555,1
DA:560,7
DA:561,1
DA:566,7
DA:569,7
DA:570,3
DA:571,3
DA:572,3
DA:573,3
DA:578,2
DA:579,2
DA:580,2
DA:582,2
DA:584,1
DA:597,1
DA:600,2
DA:604,1
DA:605,1
DA:610,7
DA:611,4
DA:612,4
DA:614,4
DA:615,1
DA:616,3
DA:617,3
DA:618,2
DA:619,1
DA:624,1
DA:625,1
DA:626,1
DA:627,1
DA:630,0
DA:631,0
DA:635,0
DA:637,0
DA:639,0
DA:640,0
DA:645,7
DA:646,4
DA:647,4
DA:651,3
DA:652,3
DA:653,2
DA:655,1
DA:656,1
DA:660,7
DA:661,2
DA:662,2
DA:663,2
DA:667,1
DA:669,1
DA:670,1
DA:673,7
DA:674,3
DA:675,3
DA:677,3
DA:678,3
DA:679,3
DA:681,3
DA:682,3
DA:683,3
DA:685,2
DA:693,7
DA:694,4
DA:695,4
DA:696,4
DA:699,3
DA:700,3
DA:702,2
DA:703,2
DA:704,2
DA:706,1
DA:707,1
DA:709,1
DA:710,1
DA:716,7
DA:721,7
DA:722,1
DA:723,1
DA:724,1
DA:725,1
DA:728,0
DA:733,0
DA:734,0
DA:735,1
DA:736,1
DA:739,1
DA:742,0
DA:744,0
DA:745,0
DA:746,0
DA:752,0
DA:753,0
DA:755,0
DA:756,0
DA:761,7
DA:762,7
DA:763,7
DA:765,7
DA:766,7
DA:767,7
DA:768,7
DA:769,7
DA:770,7
DA:771,7
DA:772,7
DA:773,7
DA:774,7
DA:775,7
DA:776,7
DA:777,7
DA:778,7
DA:779,7
DA:780,7
DA:781,7
DA:782,7
DA:783,7
DA:784,7
DA:785,7
DA:786,7
DA:787,7
DA:788,7
DA:789,7
DA:790,7
DA:791,7
DA:792,7
DA:793,7
DA:794,7
DA:795,7
DA:796,7
DA:797,7
DA:798,7
DA:799,7
DA:800,7
DA:801,7
DA:802,7
DA:803,7
DA:804,7
DA:806,7
DA:807,7
DA:808,7
DA:809,7
DA:810,7
DA:811,7
DA:812,7
DA:814,7
DA:815,7
DA:816,7
DA:817,7
DA:821,7
DA:824,7
DA:826,1
DA:837,1
DA:844,1
DA:847,1
DA:851,1
DA:858,7
DA:859,0
DA:860,0
DA:865,7
DA:866,0
DA:867,0
DA:868,0
DA:869,0
DA:870,0
DA:871,0
DA:875,0
DA:879,0
DA:880,0
DA:881,0
DA:884,0
DA:885,0
DA:886,0
DA:893,7
DA:894,0
DA:895,0
DA:897,0
DA:899,0
DA:907,0
DA:908,0
DA:909,0
DA:910,0
DA:914,0
DA:915,0
DA:916,0
DA:917,0
DA:920,0
DA:923,0
DA:941,0
DA:948,0
DA:949,0
DA:954,0
DA:956,0
DA:960,0
DA:964,0
DA:969,0
DA:970,0
DA:971,0
DA:977,7
DA:978,0
DA:979,0
DA:980,0
DA:982,0
DA:987,0
DA:988,0
DA:989,0
DA:990,0
DA:994,0
DA:999,9
DA:1002,9
DA:1004,9
DA:1005,9
DA:1024,7
DA:1025,2
DA:1026,2
DA:1029,5
DA:1030,6
DA:1031,6
DA:1032,6
DA:1037,6
DA:1041,6
DA:1065,6
DA:1066,6
DA:1072,6
DA:1075,6
DA:1076,6
DA:1077,6
DA:1078,0
DA:1087,0
DA:1098,6
DA:1110,0
DA:1113,6
DA:1114,0
DA:1119,6
DA:1126,2
DA:1129,7
DA:1131,7
DA:1132,7
DA:1133,7
DA:1134,7
DA:1135,7
DA:1136,7
DA:1137,7
DA:1138,7
DA:1139,7
DA:1140,7
DA:1141,7
DA:1142,7
DA:1143,7
DA:1144,7
DA:1145,7
DA:1146,7
DA:1147,7
DA:1148,7
DA:1149,7
DA:1150,7
DA:1151,7
DA:1152,7
DA:1153,7
DA:1154,7
DA:1157,7
DA:1161,7
DA:1163,7
DA:1165,7
DA:1166,9
DA:1167,9
DA:1168,9
DA:1170,0
DA:1171,0
DA:1177,7
DA:1179,5
DA:1180,4
DA:1181,4
DA:1183,4
DA:1193,3
DA:1194,3
DA:1198,3
DA:1202,2
DA:1205,5
DA:1208,5
DA:1209,5
DA:1213,7
DA:1215,4
DA:1216,4
DA:1218,4
DA:1228,3
DA:1229,3
DA:1233,3
DA:1236,1
DA:1237,1
DA:1238,1
DA:1239,1
DA:1241,1
DA:1242,1
DA:1248,7
DA:1249,0
DA:1250,0
DA:1251,0
DA:1252,0
LF:436
LH:350
BRDA:112,0,0,7
BRDA:112,0,1,7
BRDA:117,1,0,7
BRDA:117,1,1,0
BRDA:214,2,0,0
BRDA:214,2,1,7
BRDA:233,3,0,261
BRDA:233,3,1,1
BRDA:236,4,0,0
BRDA:236,4,1,1
BRDA:239,5,0,1
BRDA:239,5,1,0
BRDA:240,6,0,0
BRDA:240,6,1,1
BRDA:240,7,0,1
BRDA:240,7,1,1
BRDA:317,8,0,7
BRDA:317,8,1,0
BRDA:317,9,0,7
BRDA:317,9,1,7
BRDA:337,10,0,7
BRDA:337,10,1,0
BRDA:343,11,0,0
BRDA:343,11,1,7
BRDA:343,12,0,7
BRDA:343,12,1,0
BRDA:378,13,0,24
BRDA:379,14,0,24
BRDA:380,15,0,24
BRDA:381,16,0,24
BRDA:382,17,0,24
BRDA:383,18,0,24
BRDA:387,19,0,5
BRDA:387,19,1,19
BRDA:390,20,0,8
BRDA:390,20,1,11
BRDA:395,21,0,1
BRDA:395,21,1,10
BRDA:398,22,0,1
BRDA:398,22,1,9
BRDA:398,23,0,10
BRDA:398,23,1,9
BRDA:403,24,0,9
BRDA:403,24,1,0
BRDA:407,25,0,1
BRDA:407,25,1,23
BRDA:420,26,0,1
BRDA:420,26,1,7
BRDA:448,27,0,3
BRDA:448,27,1,0
BRDA:448,28,0,3
BRDA:448,28,1,3
BRDA:454,29,0,2
BRDA:454,29,1,1
BRDA:454,30,0,3
BRDA:454,30,1,3
BRDA:456,31,0,1
BRDA:456,31,1,0
BRDA:473,32,0,25
BRDA:473,33,0,25
BRDA:479,34,0,19
BRDA:479,34,1,5
BRDA:483,35,0,5
BRDA:483,35,1,0
BRDA:484,36,0,2
BRDA:484,36,1,3
BRDA:501,37,0,2
BRDA:501,37,1,7
BRDA:513,38,0,2
BRDA:513,38,1,4
BRDA:516,39,0,3
BRDA:516,39,1,1
BRDA:519,40,0,1
BRDA:519,40,1,2
BRDA:571,41,0,3
BRDA:582,42,0,1
BRDA:582,42,1,1
BRDA:614,43,0,1
BRDA:614,43,1,3
BRDA:614,44,0,4
BRDA:614,44,1,4
BRDA:614,44,2,3
BRDA:616,45,0,1
BRDA:616,45,1,2
BRDA:618,46,0,1
BRDA:618,46,1,1
BRDA:626,47,0,1
BRDA:626,47,1,0
BRDA:626,48,0,1
BRDA:626,48,1,1
BRDA:626,48,2,0
BRDA:651,49,0,1
BRDA:651,49,1,2
BRDA:661,50,0,2
BRDA:661,51,0,2
BRDA:674,52,0,3
BRDA:674,52,1,1
BRDA:675,53,0,2
BRDA:675,53,1,1
BRDA:695,54,0,4
BRDA:699,55,0,1
BRDA:699,55,1,2
BRDA:703,56,0,2
BRDA:703,56,1,0
BRDA:704,57,0,1
BRDA:704,57,1,1
BRDA:724,58,0,1
BRDA:724,58,1,0
BRDA:735,59,0,1
BRDA:735,59,1,0
BRDA:736,60,0,1
BRDA:736,60,1,0
BRDA:742,61,0,0
BRDA:742,61,1,0
BRDA:832,62,0,1
BRDA:832,62,1,1
BRDA:841,63,0,1
BRDA:841,63,1,1
BRDA:847,64,0,0
BRDA:847,64,1,1
BRDA:851,65,0,1
BRDA:851,65,1,1
BRDA:853,66,0,1
BRDA:853,66,1,1
BRDA:870,67,0,0
BRDA:870,67,1,0
BRDA:907,68,0,0
BRDA:907,68,1,0
BRDA:921,69,0,0
BRDA:921,69,1,0
BRDA:926,70,0,0
BRDA:926,70,1,0
BRDA:931,71,0,0
BRDA:931,71,1,0
BRDA:980,72,0,0
BRDA:980,72,1,0
BRDA:987,73,0,0
BRDA:987,73,1,0
BRDA:989,74,0,0
BRDA:989,74,1,0
BRDA:1002,75,0,9
BRDA:1002,75,1,0
BRDA:1002,76,0,9
BRDA:1002,76,1,0
BRDA:1024,77,0,2
BRDA:1024,77,1,5
BRDA:1038,78,0,0
BRDA:1038,78,1,6
BRDA:1044,79,0,6
BRDA:1044,79,1,1
BRDA:1051,80,0,6
BRDA:1051,80,1,0
BRDA:1077,81,0,0
BRDA:1077,81,1,6
BRDA:1081,82,0,0
BRDA:1081,82,1,0
BRDA:1083,83,0,0
BRDA:1083,83,1,0
BRDA:1084,84,0,0
BRDA:1084,84,1,0
BRDA:1091,85,0,0
BRDA:1091,85,1,0
BRDA:1093,86,0,0
BRDA:1093,86,1,0
BRDA:1102,87,0,6
BRDA:1102,87,1,0
BRDA:1113,88,0,0
BRDA:1113,88,1,6
BRDA:1163,89,0,7
BRDA:1163,89,1,0
BRDA:1163,90,0,7
BRDA:1163,90,1,0
BRDA:1179,91,0,4
BRDA:1179,91,1,1
BRDA:1179,92,0,5
BRDA:1179,92,1,5
BRDA:1181,93,0,4
BRDA:1181,93,1,1
BRDA:1183,94,0,3
BRDA:1183,94,1,1
BRDA:1184,95,0,4
BRDA:1184,95,1,3
BRDA:1184,95,2,3
BRDA:1184,95,3,1
BRDA:1184,95,4,1
BRDA:1184,95,5,1
BRDA:1184,95,6,1
BRDA:1184,95,7,0
BRDA:1202,96,0,1
BRDA:1202,96,1,1
BRDA:1205,97,0,1
BRDA:1205,97,1,1
BRDA:1216,98,0,4
BRDA:1216,98,1,0
BRDA:1218,99,0,3
BRDA:1218,99,1,1
BRDA:1219,100,0,4
BRDA:1219,100,1,3
BRDA:1219,100,2,3
BRDA:1219,100,3,2
BRDA:1219,100,4,2
BRDA:1219,100,5,2
BRDA:1219,100,6,1
BRDA:1219,100,7,0
BRDA:1248,101,0,0
BRDA:1248,101,1,7
BRDA:1249,102,0,0
BRDA:1249,102,1,0
BRF:208
BRH:145
end_of_record
TN:
SF:routes\apiMonitoring.js
FN:21,(anonymous_0)
FN:78,(anonymous_1)
FN:114,(anonymous_2)
FN:235,(anonymous_3)
FN:352,(anonymous_4)
FN:423,(anonymous_5)
FN:457,(anonymous_6)
FN:574,(anonymous_7)
FNF:8
FNH:8
FNDA:8,(anonymous_0)
FNDA:3,(anonymous_1)
FNDA:5,(anonymous_2)
FNDA:9,(anonymous_3)
FNDA:6,(anonymous_4)
FNDA:2,(anonymous_5)
FNDA:4,(anonymous_6)
FNDA:3,(anonymous_7)
DA:11,7
DA:14,7
DA:15,7
DA:21,7
DA:22,8
DA:23,8
DA:26,8
DA:27,8
DA:29,8
DA:30,7
DA:31,7
DA:32,7
DA:33,7
DA:34,7
DA:37,8
DA:52,8
DA:53,8
DA:55,8
DA:56,8
DA:57,8
DA:58,8
DA:61,8
DA:62,8
DA:63,8
DA:64,8
DA:67,8
DA:68,1
DA:69,1
DA:70,1
DA:73,8
DA:75,8
DA:78,6
DA:89,6
DA:98,2
DA:100,2
DA:101,1
DA:106,1
DA:114,7
DA:115,5
DA:116,5
DA:119,5
DA:120,5
DA:122,5
DA:123,4
DA:124,4
DA:125,4
DA:126,4
DA:127,4
DA:133,5
DA:211,2
DA:220,3
DA:221,3
DA:222,2
DA:227,1
DA:235,7
DA:236,9
DA:244,9
DA:246,9
DA:263,9
DA:264,9
DA:266,9
DA:267,2
DA:268,2
DA:269,2
DA:272,9
DA:273,2
DA:274,2
DA:275,2
DA:278,9
DA:279,2
DA:280,2
DA:281,2
DA:284,9
DA:285,2
DA:286,2
DA:287,2
DA:290,9
DA:291,9
DA:294,9
DA:295,9
DA:296,9
DA:298,9
DA:299,2
DA:300,2
DA:301,2
DA:304,9
DA:305,2
DA:306,2
DA:307,2
DA:310,9
DA:311,2
DA:312,2
DA:313,2
DA:316,9
DA:317,2
DA:318,2
DA:319,2
DA:322,9
DA:327,7
DA:337,2
DA:338,2
DA:339,1
DA:344,1
DA:352,7
DA:353,6
DA:354,6
DA:357,6
DA:358,4
DA:359,2
DA:360,1
DA:362,1
DA:365,6
DA:380,6
DA:381,6
DA:383,6
DA:384,1
DA:385,1
DA:386,1
DA:389,6
DA:390,1
DA:391,1
DA:392,1
DA:395,6
DA:396,1
DA:397,1
DA:398,1
DA:401,6
DA:406,6
DA:408,5
DA:414,1
DA:415,1
DA:423,7
DA:424,2
DA:425,2
DA:443,1
DA:448,1
DA:449,1
DA:457,7
DA:458,4
DA:459,4
DA:461,4
DA:462,1
DA:468,3
DA:469,3
DA:470,3
DA:473,3
DA:487,2
DA:490,2
DA:507,2
DA:521,2
DA:550,2
DA:565,1
DA:566,1
DA:574,7
DA:575,3
DA:576,3
DA:578,3
DA:598,2
DA:603,1
DA:604,1
LF:160
LH:160
BRDA:29,0,0,7
BRDA:29,0,1,1
BRDA:29,1,0,8
BRDA:29,1,1,2
BRDA:33,2,0,7
BRDA:33,2,1,6
BRDA:34,3,0,7
BRDA:34,3,1,6
BRDA:55,4,0,8
BRDA:55,4,1,0
BRDA:55,5,0,8
BRDA:55,5,1,8
BRDA:61,6,0,8
BRDA:61,6,1,0
BRDA:61,7,0,8
BRDA:61,7,1,8
BRDA:67,8,0,1
BRDA:67,8,1,7
BRDA:80,9,0,3
BRDA:80,9,1,1
BRDA:81,10,0,3
BRDA:81,10,1,2
BRDA:82,11,0,3
BRDA:82,11,1,2
BRDA:83,12,0,3
BRDA:83,12,1,2
BRDA:84,13,0,3
BRDA:84,13,1,2
BRDA:85,14,0,3
BRDA:85,14,1,2
BRDA:86,15,0,3
BRDA:86,15,1,2
BRDA:93,16,0,6
BRDA:93,16,1,0
BRDA:94,17,0,8
BRDA:94,17,1,0
BRDA:100,18,0,1
BRDA:100,18,1,1
BRDA:100,19,0,2
BRDA:100,19,1,2
BRDA:122,20,0,4
BRDA:122,20,1,1
BRDA:122,21,0,5
BRDA:122,21,1,1
BRDA:126,22,0,4
BRDA:126,22,1,4
BRDA:127,23,0,4
BRDA:127,23,1,4
BRDA:215,24,0,2
BRDA:215,24,1,0
BRDA:216,25,0,5
BRDA:216,25,1,0
BRDA:221,26,0,2
BRDA:221,26,1,1
BRDA:221,27,0,3
BRDA:221,27,1,3
BRDA:221,27,2,2
BRDA:242,28,0,9
BRDA:243,29,0,9
BRDA:266,30,0,2
BRDA:266,30,1,7
BRDA:266,31,0,9
BRDA:266,31,1,2
BRDA:272,32,0,2
BRDA:272,32,1,7
BRDA:272,33,0,9
BRDA:272,33,1,2
BRDA:278,34,0,2
BRDA:278,34,1,7
BRDA:284,35,0,2
BRDA:284,35,1,7
BRDA:298,36,0,2
BRDA:298,36,1,7
BRDA:298,37,0,9
BRDA:298,37,1,2
BRDA:304,38,0,2
BRDA:304,38,1,7
BRDA:304,39,0,9
BRDA:304,39,1,2
BRDA:310,40,0,2
BRDA:310,40,1,7
BRDA:316,41,0,2
BRDA:316,41,1,7
BRDA:331,42,0,7
BRDA:331,42,1,1
BRDA:338,43,0,1
BRDA:338,43,1,1
BRDA:338,44,0,2
BRDA:338,44,1,2
BRDA:354,45,0,6
BRDA:357,46,0,4
BRDA:357,46,1,2
BRDA:359,47,0,1
BRDA:359,47,1,1
BRDA:383,48,0,1
BRDA:383,48,1,5
BRDA:383,49,0,6
BRDA:383,49,1,1
BRDA:389,50,0,1
BRDA:389,50,1,5
BRDA:389,51,0,6
BRDA:389,51,1,1
BRDA:395,52,0,1
BRDA:395,52,1,5
BRDA:461,53,0,1
BRDA:461,53,1,3
BRDA:540,54,0,2
BRDA:540,54,1,1
BRDA:541,55,0,4
BRDA:541,55,1,1
BRDA:542,56,0,4
BRDA:542,56,1,1
BRDA:543,57,0,4
BRDA:543,57,1,1
BRDA:544,58,0,4
BRDA:544,58,1,1
BRDA:555,59,0,2
BRDA:555,59,1,1
BRDA:556,60,0,4
BRDA:556,60,1,1
BRDA:557,61,0,4
BRDA:557,61,1,1
BRDA:558,62,0,4
BRDA:558,62,1,1
BRDA:559,63,0,4
BRDA:559,63,1,1
BRDA:576,64,0,3
BRF:127
BRH:121
end_of_record
TN:
SF:routes\careerGoals.js
FN:12,(anonymous_0)
FN:49,(anonymous_1)
FN:100,(anonymous_2)
FN:211,(anonymous_3)
FN:375,(anonymous_4)
FN:405,(anonymous_5)
FN:431,(anonymous_6)
FN:432,(anonymous_7)
FN:434,(anonymous_8)
FN:468,(anonymous_9)
FN:490,(anonymous_10)
FN:502,(anonymous_11)
FNF:12
FNH:12
FNDA:2,(anonymous_0)
FNDA:2,(anonymous_1)
FNDA:4,(anonymous_2)
FNDA:4,(anonymous_3)
FNDA:2,(anonymous_4)
FNDA:2,(anonymous_5)
FNDA:2,(anonymous_6)
FNDA:2,(anonymous_7)
FNDA:2,(anonymous_8)
FNDA:2,(anonymous_9)
FNDA:2,(anonymous_10)
FNDA:1,(anonymous_11)
DA:5,7
DA:6,7
DA:12,7
DA:13,2
DA:14,2
DA:16,2
DA:38,2
DA:40,0
DA:41,0
DA:49,7
DA:50,2
DA:51,2
DA:52,2
DA:55,2
DA:60,2
DA:61,1
DA:64,1
DA:67,1
DA:73,1
DA:79,1
DA:84,1
DA:91,0
DA:92,0
DA:100,7
DA:101,4
DA:102,4
DA:119,4
DA:122,4
DA:123,1
DA:129,3
DA:130,4
DA:131,4
DA:136,4
DA:162,3
DA:165,3
DA:166,1
DA:167,2
DA:185,3
DA:197,3
DA:199,0
DA:200,0
DA:211,7
DA:212,4
DA:213,4
DA:214,4
DA:215,4
DA:218,4
DA:223,4
DA:224,1
DA:227,3
DA:228,3
DA:231,3
DA:232,3
DA:233,3
DA:235,3
DA:254,4
DA:255,48
DA:256,5
DA:257,5
DA:258,5
DA:262,3
DA:263,1
DA:267,2
DA:268,4
DA:270,2
DA:271,2
DA:274,2
DA:278,2
DA:282,2
DA:283,2
DA:284,2
DA:287,2
DA:288,2
DA:290,2
DA:298,2
DA:301,2
DA:302,2
DA:315,2
DA:316,1
DA:321,1
DA:322,0
DA:327,1
DA:328,1
DA:336,2
DA:337,0
DA:340,0
DA:341,0
DA:342,0
DA:344,0
DA:361,2
DA:363,0
DA:364,0
DA:375,7
DA:376,2
DA:377,2
DA:378,2
DA:380,2
DA:387,2
DA:388,1
DA:391,1
DA:393,0
DA:394,0
DA:405,7
DA:406,2
DA:407,2
DA:410,2
DA:415,2
DA:417,2
DA:418,1
DA:430,1
DA:431,2
DA:432,2
DA:433,1
DA:434,2
DA:437,2
DA:443,1
DA:444,1
DA:447,1
DA:448,0
DA:453,1
DA:454,0
DA:459,0
DA:468,1
DA:469,2
DA:474,1
DA:475,1
DA:480,1
DA:489,1
DA:490,1
DA:491,2
DA:492,2
DA:493,1
DA:495,2
DA:496,2
DA:497,1
DA:499,2
DA:502,1
DA:503,1
DA:504,1
DA:505,1
DA:507,1
DA:508,0
DA:517,1
DA:518,1
DA:527,1
DA:528,1
DA:536,1
DA:548,0
DA:549,0
LF:149
LH:127
BRDA:60,0,0,1
BRDA:60,0,1,1
BRDA:122,1,0,1
BRDA:122,1,1,3
BRDA:122,2,0,4
BRDA:122,2,1,4
BRDA:122,2,2,3
BRDA:122,2,3,3
BRDA:122,2,4,3
BRDA:129,3,0,2
BRDA:129,3,1,1
BRDA:130,4,0,1
BRDA:130,4,1,2
BRDA:131,5,0,2
BRDA:131,5,1,1
BRDA:131,6,0,4
BRDA:131,6,1,2
BRDA:145,7,0,4
BRDA:145,7,1,3
BRDA:146,8,0,4
BRDA:146,8,1,3
BRDA:149,9,0,0
BRDA:149,9,1,3
BRDA:150,10,0,4
BRDA:150,10,1,3
BRDA:155,11,0,4
BRDA:155,11,1,3
BRDA:156,12,0,4
BRDA:156,12,1,3
BRDA:158,13,0,4
BRDA:158,13,1,3
BRDA:165,14,0,1
BRDA:165,14,1,2
BRDA:165,15,0,3
BRDA:165,15,1,1
BRDA:165,15,2,1
BRDA:175,16,0,2
BRDA:175,16,1,2
BRDA:177,17,0,0
BRDA:177,17,1,2
BRDA:178,18,0,0
BRDA:178,18,1,2
BRDA:223,19,0,1
BRDA:223,19,1,3
BRDA:244,20,0,2
BRDA:244,20,1,1
BRDA:245,21,0,2
BRDA:245,21,1,1
BRDA:255,22,0,5
BRDA:255,22,1,43
BRDA:262,23,0,1
BRDA:262,23,1,2
BRDA:267,24,0,2
BRDA:267,24,1,0
BRDA:268,25,0,2
BRDA:268,25,1,2
BRDA:271,26,0,2
BRDA:271,26,1,0
BRDA:273,27,0,0
BRDA:273,27,1,0
BRDA:274,28,0,2
BRDA:274,28,1,0
BRDA:276,29,0,0
BRDA:276,29,1,0
BRDA:278,30,0,2
BRDA:278,30,1,0
BRDA:278,31,0,2
BRDA:278,31,1,2
BRDA:301,32,0,2
BRDA:301,32,1,0
BRDA:301,33,0,2
BRDA:301,33,1,2
BRDA:310,34,0,2
BRDA:310,34,1,2
BRDA:315,35,0,1
BRDA:315,35,1,1
BRDA:315,36,0,2
BRDA:315,36,1,2
BRDA:321,37,0,0
BRDA:321,37,1,1
BRDA:321,38,0,1
BRDA:321,38,1,1
BRDA:327,39,0,1
BRDA:327,39,1,0
BRDA:327,40,0,1
BRDA:327,40,1,1
BRDA:336,41,0,0
BRDA:336,41,1,2
BRDA:336,42,0,2
BRDA:336,42,1,0
BRDA:338,43,0,0
BRDA:338,43,1,0
BRDA:341,44,0,0
BRDA:341,44,1,0
BRDA:350,45,0,0
BRDA:350,45,1,0
BRDA:351,46,0,0
BRDA:351,46,1,0
BRDA:387,47,0,1
BRDA:387,47,1,1
BRDA:417,48,0,1
BRDA:417,48,1,1
BRDA:433,49,0,1
BRDA:433,49,1,0
BRDA:434,50,0,2
BRDA:434,50,1,0
BRDA:447,51,0,0
BRDA:447,51,1,1
BRDA:453,52,0,0
BRDA:453,52,1,1
BRDA:453,53,0,1
BRDA:453,53,1,0
BRDA:469,54,0,2
BRDA:469,54,1,1
BRDA:469,54,2,1
BRDA:474,55,0,1
BRDA:474,55,1,0
BRDA:491,56,0,2
BRDA:491,56,1,0
BRDA:492,57,0,1
BRDA:492,57,1,1
BRDA:496,58,0,1
BRDA:496,58,1,1
BRDA:499,59,0,2
BRDA:499,59,1,0
BRDA:507,60,0,0
BRDA:507,60,1,1
BRDA:507,61,0,1
BRDA:507,61,1,0
BRDA:517,62,0,1
BRDA:517,62,1,0
BRDA:527,63,0,1
BRDA:527,63,1,0
BRF:133
BRH:97
end_of_record
TN:
SF:routes\certification.js
FN:36,(anonymous_0)
FN:37,(anonymous_1)
FN:50,(anonymous_2)
FN:66,auth
FN:85,(anonymous_4)
FN:110,(anonymous_5)
FN:197,(anonymous_6)
FN:211,(anonymous_7)
FN:306,(anonymous_8)
FN:322,(anonymous_9)
FNF:10
FNH:7
FNDA:0,(anonymous_0)
FNDA:0,(anonymous_1)
FNDA:0,(anonymous_2)
FNDA:34,auth
FNDA:4,(anonymous_4)
FNDA:7,(anonymous_5)
FNDA:4,(anonymous_6)
FNDA:12,(anonymous_7)
FNDA:3,(anonymous_8)
FNDA:2,(anonymous_9)
DA:11,7
DA:12,7
DA:13,7
DA:16,7
DA:19,7
DA:22,7
DA:23,7
DA:24,7
DA:31,7
DA:32,1
DA:35,7
DA:36,0
DA:38,0
DA:39,0
DA:43,0
DA:47,7
DA:51,0
DA:52,0
DA:53,0
DA:54,0
DA:56,0
DA:67,34
DA:68,34
DA:70,33
DA:71,33
DA:72,33
DA:73,33
DA:74,33
DA:76,1
DA:81,7
DA:86,4
DA:87,4
DA:88,1
DA:91,3
DA:92,3
DA:93,3
DA:95,3
DA:103,0
DA:104,0
DA:110,7
DA:111,7
DA:129,7
DA:131,7
DA:132,1
DA:139,6
DA:140,7
DA:142,7
DA:147,7
DA:148,7
DA:149,2
DA:150,2
DA:152,1
DA:157,6
DA:159,7
DA:187,5
DA:189,1
DA:190,1
DA:197,7
DA:198,4
DA:199,4
DA:203,3
DA:205,1
DA:206,1
DA:211,7
DA:212,12
DA:231,12
DA:232,12
DA:233,12
DA:237,12
DA:243,12
DA:245,12
DA:247,192
DA:248,8
DA:251,184
DA:252,10
DA:255,10
DA:258,2
DA:262,10
DA:263,2
DA:264,2
DA:266,1
DA:267,1
DA:271,10
DA:272,10
DA:277,12
DA:278,4
DA:279,4
DA:282,12
DA:283,1
DA:285,11
DA:287,11
DA:294,11
DA:295,11
DA:296,10
DA:297,10
DA:298,9
DA:300,1
DA:301,1
DA:306,7
DA:307,3
DA:308,3
DA:312,2
DA:313,2
DA:314,1
DA:316,1
DA:317,1
DA:322,7
DA:323,2
DA:324,2
DA:325,2
DA:327,2
DA:328,0
DA:332,0
DA:333,0
DA:341,0
DA:342,2
DA:344,2
DA:345,2
LF:118
LH:103
BRDA:16,0,0,7
BRDA:16,0,1,0
BRDA:19,1,0,7
BRDA:19,1,1,0
BRDA:31,2,0,1
BRDA:31,2,1,6
BRDA:38,3,0,0
BRDA:38,3,1,0
BRDA:53,4,0,0
BRDA:53,4,1,0
BRDA:68,5,0,1
BRDA:68,5,1,33
BRDA:87,6,0,1
BRDA:87,6,1,3
BRDA:104,7,0,0
BRDA:104,7,1,0
BRDA:131,8,0,1
BRDA:131,8,1,6
BRDA:131,9,0,7
BRDA:131,9,1,7
BRDA:139,10,0,6
BRDA:139,10,1,5
BRDA:140,11,0,1
BRDA:140,11,1,5
BRDA:140,12,0,5
BRDA:140,12,1,4
BRDA:142,13,0,1
BRDA:142,13,1,5
BRDA:142,14,0,7
BRDA:142,14,1,1
BRDA:148,15,0,2
BRDA:148,15,1,5
BRDA:150,16,0,2
BRDA:150,16,1,0
BRDA:157,17,0,6
BRDA:157,17,1,6
BRDA:157,17,2,6
BRDA:170,18,0,7
BRDA:170,18,1,5
BRDA:171,19,0,7
BRDA:171,19,1,5
BRDA:172,20,0,7
BRDA:172,20,1,5
BRDA:175,21,0,7
BRDA:175,21,1,5
BRDA:178,22,0,7
BRDA:178,22,1,5
BRDA:179,23,0,7
BRDA:179,23,1,5
BRDA:181,24,0,7
BRDA:181,24,1,5
BRDA:183,25,0,7
BRDA:183,25,1,5
BRDA:237,26,0,3
BRDA:237,26,1,9
BRDA:239,27,0,1
BRDA:239,27,1,8
BRDA:243,28,0,12
BRDA:243,28,1,9
BRDA:247,29,0,8
BRDA:247,29,1,184
BRDA:247,30,0,192
BRDA:247,30,1,180
BRDA:247,30,2,24
BRDA:251,31,0,10
BRDA:251,31,1,174
BRDA:255,32,0,2
BRDA:255,32,1,8
BRDA:258,33,0,0
BRDA:258,33,1,2
BRDA:258,34,0,2
BRDA:258,34,1,0
BRDA:262,35,0,2
BRDA:262,35,1,8
BRDA:262,36,0,10
BRDA:262,36,1,2
BRDA:264,37,0,2
BRDA:264,37,1,0
BRDA:277,38,0,4
BRDA:277,38,1,8
BRDA:279,39,0,4
BRDA:279,39,1,1
BRDA:279,40,0,4
BRDA:279,40,1,1
BRDA:282,41,0,1
BRDA:282,41,1,11
BRDA:296,42,0,1
BRDA:296,42,1,9
BRDA:312,43,0,1
BRDA:312,43,1,1
BRDA:327,44,0,0
BRDA:327,44,1,2
BRDA:341,45,0,0
BRDA:341,45,1,0
BRF:94
BRH:79
end_of_record
TN:
SF:routes\company.js
FN:24,(anonymous_0)
FN:25,(anonymous_1)
FN:33,auth
FN:47,(anonymous_3)
FN:89,(anonymous_4)
FN:167,(anonymous_5)
FN:191,(anonymous_6)
FN:210,(anonymous_7)
FNF:8
FNH:6
FNDA:0,(anonymous_0)
FNDA:0,(anonymous_1)
FNDA:25,auth
FNDA:6,(anonymous_3)
FNDA:7,(anonymous_4)
FNDA:7,(anonymous_5)
FNDA:10,(anonymous_6)
FNDA:4,(anonymous_7)
DA:11,6
DA:12,6
DA:13,6
DA:15,6
DA:16,6
DA:19,6
DA:20,6
DA:23,6
DA:24,0
DA:26,0
DA:27,0
DA:30,6
DA:34,25
DA:35,25
DA:36,24
DA:37,24
DA:38,24
DA:39,24
DA:40,24
DA:42,0
DA:47,6
DA:48,6
DA:49,6
DA:50,6
DA:70,5
DA:72,1
DA:78,1
DA:81,4
DA:83,1
DA:84,1
DA:89,6
DA:103,7
DA:105,7
DA:107,6
DA:108,6
DA:113,6
DA:114,2
DA:136,2
DA:138,4
DA:158,3
DA:161,1
DA:162,1
DA:167,6
DA:168,7
DA:169,7
DA:170,7
DA:172,7
DA:177,7
DA:178,1
DA:184,1
DA:187,6
DA:188,6
DA:189,1
DA:191,10
DA:192,5
DA:194,5
DA:202,4
DA:204,1
DA:205,1
DA:210,6
DA:211,4
DA:212,4
DA:213,4
DA:214,0
DA:216,4
DA:217,4
DA:222,4
DA:223,2
DA:229,2
DA:235,2
DA:243,2
DA:248,0
DA:249,0
LF:73
LH:66
BRDA:15,0,0,6
BRDA:15,0,1,0
BRDA:16,1,0,6
BRDA:16,1,1,0
BRDA:20,2,0,0
BRDA:20,2,1,6
BRDA:35,3,0,1
BRDA:35,3,1,24
BRDA:70,4,0,1
BRDA:70,4,1,4
BRDA:105,5,0,1
BRDA:105,5,1,6
BRDA:113,6,0,2
BRDA:113,6,1,4
BRDA:170,7,0,7
BRDA:170,7,1,0
BRDA:177,8,0,1
BRDA:177,8,1,6
BRDA:182,9,0,1
BRDA:182,9,1,0
BRDA:188,10,0,1
BRDA:188,10,1,5
BRDA:213,11,0,0
BRDA:213,11,1,4
BRDA:222,12,0,2
BRDA:222,12,1,2
BRF:26
BRH:20
end_of_record
TN:
SF:routes\companyResearch.js
FN:11,getWikipedia
FN:18,(anonymous_1)
FN:44,(anonymous_2)
FN:81,(anonymous_3)
FN:110,getNews
FN:154,(anonymous_5)
FN:171,(anonymous_6)
FN:212,extractKeyPoints
FN:214,(anonymous_8)
FN:215,(anonymous_9)
FN:222,generateInsights
FN:277,(anonymous_11)
FN:318,(anonymous_12)
FN:328,(anonymous_13)
FN:345,(anonymous_14)
FN:380,(anonymous_15)
FN:456,buildSocialLinks
FN:467,generateTalkingPointsAndQuestions
FN:495,(anonymous_18)
FN:522,(anonymous_19)
FN:563,(anonymous_20)
FN:607,(anonymous_21)
FN:623,(anonymous_22)
FN:675,(anonymous_23)
FN:716,(anonymous_24)
FN:722,(anonymous_25)
FN:726,(anonymous_26)
FN:730,(anonymous_27)
FN:734,(anonymous_28)
FN:742,(anonymous_29)
FN:746,(anonymous_30)
FNF:31
FNH:26
FNDA:11,getWikipedia
FNDA:11,(anonymous_1)
FNDA:8,(anonymous_2)
FNDA:8,(anonymous_3)
FNDA:11,getNews
FNDA:11,(anonymous_5)
FNDA:2,(anonymous_6)
FNDA:0,extractKeyPoints
FNDA:0,(anonymous_8)
FNDA:0,(anonymous_9)
FNDA:11,generateInsights
FNDA:13,(anonymous_11)
FNDA:2,(anonymous_12)
FNDA:9,(anonymous_13)
FNDA:2,(anonymous_14)
FNDA:0,(anonymous_15)
FNDA:11,buildSocialLinks
FNDA:11,generateTalkingPointsAndQuestions
FNDA:32,(anonymous_18)
FNDA:11,(anonymous_19)
FNDA:0,(anonymous_20)
FNDA:12,(anonymous_21)
FNDA:32,(anonymous_22)
FNDA:7,(anonymous_23)
FNDA:2,(anonymous_24)
FNDA:1,(anonymous_25)
FNDA:2,(anonymous_26)
FNDA:1,(anonymous_27)
FNDA:1,(anonymous_28)
FNDA:1,(anonymous_29)
FNDA:1,(anonymous_30)
DA:5,7
DA:7,7
DA:8,7
DA:12,11
DA:13,11
DA:16,11
DA:18,11
DA:37,9
DA:38,11
DA:39,11
DA:42,8
DA:44,8
DA:64,8
DA:65,11
DA:66,11
DA:69,11
DA:71,11
DA:74,11
DA:75,0
DA:79,8
DA:81,8
DA:93,8
DA:94,11
DA:102,11
DA:104,2
DA:105,2
DA:111,11
DA:113,11
DA:146,11
DA:147,0
DA:148,0
DA:151,11
DA:152,11
DA:154,11
DA:165,10
DA:166,6
DA:167,6
DA:170,1
DA:171,1
DA:172,2
DA:173,2
DA:174,2
DA:176,2
DA:177,2
DA:195,2
DA:207,4
DA:208,4
DA:213,0
DA:214,0
DA:215,0
DA:223,11
DA:224,11
DA:226,11
DA:236,11
DA:268,11
DA:271,11
DA:273,11
DA:274,13
DA:275,13
DA:277,13
DA:301,10
DA:302,10
DA:305,10
DA:315,10
DA:316,2
DA:317,2
DA:318,2
DA:319,2
DA:321,8
DA:325,5
DA:327,11
DA:328,11
DA:330,11
DA:331,2
DA:341,2
DA:342,2
DA:343,2
DA:345,2
DA:369,2
DA:372,0
DA:379,0
DA:380,0
DA:381,0
DA:383,0
DA:387,2
DA:390,2
DA:393,3
DA:424,8
DA:426,8
DA:432,8
DA:433,0
DA:434,0
DA:436,8
DA:439,8
DA:457,11
DA:458,11
DA:468,11
DA:469,11
DA:471,0
DA:489,11
DA:495,32
DA:513,11
DA:516,11
DA:518,11
DA:519,11
DA:520,11
DA:522,11
DA:546,10
DA:547,10
DA:550,9
DA:560,9
DA:561,0
DA:562,0
DA:563,0
DA:564,0
DA:566,9
DA:570,2
DA:571,11
DA:576,9
DA:578,9
DA:584,9
DA:585,0
DA:586,0
DA:588,9
DA:591,9
DA:607,7
DA:608,12
DA:609,12
DA:610,1
DA:612,11
DA:613,11
DA:615,11
DA:617,12
DA:618,11
DA:620,11
DA:623,32
DA:628,11
DA:632,12
DA:652,12
DA:661,11
DA:663,11
DA:664,11
DA:666,0
DA:667,0
DA:675,7
DA:676,7
DA:677,7
DA:679,7
DA:680,2
DA:686,5
DA:687,7
DA:689,7
DA:691,2
DA:692,2
DA:693,2
DA:694,2
DA:697,3
DA:699,2
DA:716,2
DA:722,1
DA:726,2
DA:730,1
DA:734,1
DA:742,1
DA:746,1
DA:759,2
DA:760,2
DA:761,2
DA:762,2
DA:765,1
DA:771,0
DA:772,0
LF:172
LH:148
BRDA:11,0,0,11
BRDA:39,1,0,1
BRDA:39,1,1,10
BRDA:39,2,0,11
BRDA:39,2,1,8
BRDA:65,3,0,11
BRDA:65,3,1,2
BRDA:66,4,0,11
BRDA:66,4,1,2
BRDA:71,5,0,11
BRDA:71,5,1,8
BRDA:74,6,0,0
BRDA:74,6,1,11
BRDA:93,7,0,8
BRDA:93,7,1,0
BRDA:95,8,0,11
BRDA:95,8,1,8
BRDA:96,9,0,11
BRDA:96,9,1,8
BRDA:97,10,0,11
BRDA:97,10,1,8
BRDA:98,11,0,11
BRDA:98,11,1,8
BRDA:102,12,0,11
BRDA:102,12,1,8
BRDA:110,13,0,11
BRDA:146,14,0,0
BRDA:146,14,1,11
BRDA:165,15,0,6
BRDA:165,15,1,4
BRDA:165,16,0,10
BRDA:165,16,1,7
BRDA:176,17,0,2
BRDA:176,17,1,0
BRDA:177,18,0,1
BRDA:177,18,1,1
BRDA:179,19,0,1
BRDA:179,19,1,0
BRDA:181,20,0,0
BRDA:181,20,1,0
BRDA:183,21,0,0
BRDA:183,21,1,0
BRDA:185,22,0,0
BRDA:185,22,1,0
BRDA:187,23,0,0
BRDA:187,23,1,0
BRDA:189,24,0,0
BRDA:189,24,1,0
BRDA:191,25,0,0
BRDA:191,25,1,0
BRDA:202,26,0,2
BRDA:202,26,1,0
BRDA:203,27,0,2
BRDA:203,27,1,0
BRDA:213,28,0,0
BRDA:213,28,1,0
BRDA:222,29,0,11
BRDA:224,30,0,0
BRDA:224,30,1,11
BRDA:230,31,0,11
BRDA:230,31,1,5
BRDA:305,32,0,10
BRDA:305,32,1,8
BRDA:305,32,2,8
BRDA:305,32,3,8
BRDA:305,32,4,8
BRDA:305,32,5,8
BRDA:305,32,6,8
BRDA:305,32,7,8
BRDA:305,32,8,8
BRDA:315,33,0,2
BRDA:315,33,1,8
BRDA:315,34,0,10
BRDA:315,34,1,2
BRDA:325,35,0,5
BRDA:325,35,1,0
BRDA:328,36,0,9
BRDA:328,36,1,6
BRDA:330,37,0,2
BRDA:330,37,1,9
BRDA:372,38,0,0
BRDA:372,38,1,0
BRDA:372,38,2,0
BRDA:372,38,3,0
BRDA:372,38,4,0
BRDA:372,38,5,0
BRDA:372,38,6,0
BRDA:379,39,0,0
BRDA:379,39,1,0
BRDA:379,40,0,0
BRDA:379,40,1,0
BRDA:388,41,0,2
BRDA:388,41,1,0
BRDA:394,42,0,3
BRDA:394,42,1,0
BRDA:395,43,0,11
BRDA:395,43,1,0
BRDA:396,44,0,11
BRDA:396,44,1,2
BRDA:397,45,0,11
BRDA:397,45,1,2
BRDA:399,46,0,11
BRDA:399,46,1,2
BRDA:402,47,0,11
BRDA:402,47,1,2
BRDA:403,48,0,11
BRDA:403,48,1,2
BRDA:405,49,0,1
BRDA:405,49,1,2
BRDA:412,50,0,2
BRDA:412,50,1,1
BRDA:416,51,0,2
BRDA:416,51,1,1
BRDA:420,52,0,11
BRDA:420,52,1,1
BRDA:424,53,0,8
BRDA:424,53,1,0
BRDA:426,54,0,8
BRDA:426,54,1,8
BRDA:426,54,2,8
BRDA:426,54,3,8
BRDA:426,54,4,8
BRDA:432,55,0,0
BRDA:432,55,1,8
BRDA:467,56,0,11
BRDA:469,57,0,0
BRDA:469,57,1,11
BRDA:481,58,0,0
BRDA:481,58,1,0
BRDA:493,59,0,11
BRDA:493,59,1,0
BRDA:494,60,0,11
BRDA:494,60,1,0
BRDA:495,61,0,11
BRDA:495,61,1,0
BRDA:496,62,0,11
BRDA:496,62,1,8
BRDA:497,63,0,11
BRDA:497,63,1,8
BRDA:550,64,0,9
BRDA:550,64,1,9
BRDA:550,64,2,9
BRDA:550,64,3,9
BRDA:550,64,4,9
BRDA:550,64,5,9
BRDA:550,64,6,9
BRDA:550,64,7,9
BRDA:550,64,8,9
BRDA:560,65,0,0
BRDA:560,65,1,9
BRDA:560,66,0,9
BRDA:560,66,1,0
BRDA:570,67,0,2
BRDA:570,67,1,0
BRDA:572,68,0,11
BRDA:572,68,1,2
BRDA:573,69,0,11
BRDA:573,69,1,2
BRDA:576,70,0,9
BRDA:576,70,1,0
BRDA:578,71,0,9
BRDA:578,71,1,9
BRDA:578,71,2,9
BRDA:578,71,3,9
BRDA:578,71,4,9
BRDA:584,72,0,0
BRDA:584,72,1,9
BRDA:608,73,0,12
BRDA:608,73,1,1
BRDA:609,74,0,1
BRDA:609,74,1,11
BRDA:615,75,0,11
BRDA:615,75,1,11
BRDA:622,76,0,11
BRDA:622,76,1,5
BRDA:628,77,0,11
BRDA:628,77,1,10
BRDA:628,77,2,10
BRDA:634,78,0,12
BRDA:634,78,1,0
BRDA:634,78,2,0
BRDA:635,79,0,12
BRDA:635,79,1,0
BRDA:639,80,0,12
BRDA:639,80,1,0
BRDA:640,81,0,12
BRDA:640,81,1,0
BRDA:641,82,0,12
BRDA:641,82,1,0
BRDA:643,83,0,12
BRDA:643,83,1,0
BRDA:644,84,0,12
BRDA:644,84,1,0
BRDA:645,85,0,12
BRDA:645,85,1,0
BRDA:646,86,0,12
BRDA:646,86,1,4
BRDA:646,86,2,4
BRDA:679,87,0,2
BRDA:679,87,1,5
BRDA:686,88,0,5
BRDA:686,88,1,5
BRDA:687,89,0,7
BRDA:687,89,1,1
BRDA:689,90,0,2
BRDA:689,90,1,5
BRDA:697,91,0,2
BRDA:697,91,1,1
BRDA:707,92,0,2
BRDA:707,92,1,0
BRDA:708,93,0,2
BRDA:708,93,1,1
BRDA:709,94,0,2
BRDA:709,94,1,1
BRDA:713,95,0,2
BRDA:713,95,1,1
BRDA:716,96,0,2
BRDA:716,96,1,1
BRDA:718,97,0,2
BRDA:718,97,1,1
BRDA:722,98,0,2
BRDA:722,98,1,1
BRDA:726,99,0,2
BRDA:726,99,1,1
BRDA:730,100,0,2
BRDA:730,100,1,1
BRDA:734,101,0,2
BRDA:734,101,1,1
BRDA:742,102,0,2
BRDA:742,102,1,1
BRDA:746,103,0,2
BRDA:746,103,1,1
BRDA:750,104,0,2
BRDA:750,104,1,1
BRDA:751,105,0,2
BRDA:751,105,1,1
BRDA:752,106,0,2
BRDA:752,106,1,2
BRF:238
BRH:178
end_of_record
TN:
SF:routes\compensationHistory.js
FN:12,(anonymous_0)
FN:35,(anonymous_1)
FN:124,(anonymous_2)
FN:205,(anonymous_3)
FNF:4
FNH:4
FNDA:1,(anonymous_0)
FNDA:3,(anonymous_1)
FNDA:3,(anonymous_2)
FNDA:2,(anonymous_3)
DA:5,7
DA:6,7
DA:12,7
DA:13,1
DA:14,1
DA:16,1
DA:23,1
DA:25,0
DA:26,0
DA:35,7
DA:36,3
DA:37,3
DA:57,3
DA:60,3
DA:61,1
DA:67,2
DA:70,3
DA:74,3
DA:105,2
DA:107,2
DA:112,0
DA:113,0
DA:124,7
DA:125,3
DA:126,3
DA:127,3
DA:128,3
DA:131,3
DA:136,3
DA:137,1
DA:141,2
DA:142,2
DA:143,2
DA:145,2
DA:165,3
DA:166,34
DA:167,2
DA:168,2
DA:169,2
DA:173,2
DA:174,1
DA:177,1
DA:178,1
DA:180,1
DA:188,1
DA:193,0
DA:194,0
DA:205,7
DA:206,2
DA:207,2
DA:208,2
DA:210,2
DA:217,2
DA:218,1
DA:221,1
DA:225,0
DA:226,0
LF:57
LH:49
BRDA:60,0,0,1
BRDA:60,0,1,2
BRDA:60,1,0,3
BRDA:60,1,1,3
BRDA:60,1,2,2
BRDA:67,2,0,0
BRDA:67,2,1,2
BRDA:70,3,0,0
BRDA:70,3,1,2
BRDA:84,4,0,3
BRDA:84,4,1,2
BRDA:87,5,0,3
BRDA:87,5,1,2
BRDA:89,6,0,3
BRDA:89,6,1,2
BRDA:90,7,0,3
BRDA:90,7,1,0
BRDA:91,8,0,3
BRDA:91,8,1,0
BRDA:91,8,2,0
BRDA:92,9,0,3
BRDA:92,9,1,0
BRDA:92,9,2,0
BRDA:93,10,0,3
BRDA:93,10,1,0
BRDA:93,10,2,0
BRDA:93,10,3,0
BRDA:94,11,0,3
BRDA:94,11,1,2
BRDA:95,12,0,3
BRDA:95,12,1,2
BRDA:96,13,0,3
BRDA:96,13,1,2
BRDA:97,14,0,3
BRDA:97,14,1,2
BRDA:98,15,0,3
BRDA:98,15,1,2
BRDA:99,16,0,3
BRDA:99,16,1,2
BRDA:100,17,0,3
BRDA:100,17,1,2
BRDA:101,18,0,3
BRDA:101,18,1,2
BRDA:136,19,0,1
BRDA:136,19,1,2
BRDA:151,20,0,0
BRDA:151,20,1,2
BRDA:152,21,0,0
BRDA:152,21,1,2
BRDA:153,22,0,1
BRDA:153,22,1,1
BRDA:154,23,0,0
BRDA:154,23,1,2
BRDA:158,24,0,0
BRDA:158,24,1,2
BRDA:160,25,0,0
BRDA:160,25,1,2
BRDA:161,26,0,0
BRDA:161,26,1,2
BRDA:162,27,0,0
BRDA:162,27,1,2
BRDA:166,28,0,2
BRDA:166,28,1,32
BRDA:173,29,0,1
BRDA:173,29,1,1
BRDA:217,30,0,1
BRDA:217,30,1,1
BRF:67
BRH:50
end_of_record
TN:
SF:routes\competitiveAnalysis.js
FN:51,calculatePerformanceMetrics
FN:53,(anonymous_1)
FN:57,(anonymous_2)
FN:61,(anonymous_3)
FN:61,(anonymous_4)
FN:62,(anonymous_5)
FN:66,(anonymous_6)
FN:67,(anonymous_7)
FN:82,analyzeSkillsProfile
FN:83,(anonymous_9)
FN:84,(anonymous_10)
FN:85,(anonymous_11)
FN:89,(anonymous_12)
FN:90,(anonymous_13)
FN:91,(anonymous_14)
FN:92,(anonymous_15)
FN:96,(anonymous_16)
FN:97,(anonymous_17)
FN:102,(anonymous_18)
FN:121,analyzeExperienceProfile
FN:127,(anonymous_20)
FN:151,(anonymous_21)
FN:152,(anonymous_22)
FN:172,calculatePercentileFromDistribution
FN:176,(anonymous_24)
FN:179,(anonymous_25)
FN:180,(anonymous_26)
FN:191,calculateStats
FN:196,(anonymous_28)
FN:197,(anonymous_29)
FN:212,compareAgainstAllUsers
FN:214,(anonymous_31)
FN:214,(anonymous_32)
FN:215,(anonymous_33)
FN:215,(anonymous_34)
FN:216,(anonymous_35)
FN:216,(anonymous_36)
FN:217,(anonymous_37)
FN:217,(anonymous_38)
FN:218,(anonymous_39)
FN:218,(anonymous_40)
FN:219,(anonymous_41)
FN:219,(anonymous_42)
FN:220,(anonymous_43)
FN:220,(anonymous_44)
FN:221,(anonymous_45)
FN:221,(anonymous_46)
FN:290,identifySkillGaps
FN:300,(anonymous_48)
FN:303,(anonymous_49)
FN:305,(anonymous_50)
FN:309,(anonymous_51)
FN:310,(anonymous_52)
FN:312,(anonymous_53)
FN:316,(anonymous_54)
FN:329,generateCompetitiveRecommendations
FN:370,(anonymous_56)
FN:425,(anonymous_57)
FN:434,generateDifferentiationStrategies
FN:458,(anonymous_59)
FN:494,calculateMarketPosition
FN:529,(anonymous_61)
FN:667,(anonymous_62)
FN:683,(anonymous_63)
FN:684,(anonymous_64)
FN:685,(anonymous_65)
FN:686,(anonymous_66)
FN:687,(anonymous_67)
FN:692,(anonymous_68)
FN:693,(anonymous_69)
FN:694,(anonymous_70)
FN:695,(anonymous_71)
FN:696,(anonymous_72)
FN:697,(anonymous_73)
FN:698,(anonymous_74)
FN:796,(anonymous_75)
FN:816,(anonymous_76)
FNF:77
FNH:76
FNDA:8,calculatePerformanceMetrics
FNDA:8,(anonymous_1)
FNDA:8,(anonymous_2)
FNDA:8,(anonymous_3)
FNDA:3,(anonymous_4)
FNDA:3,(anonymous_5)
FNDA:8,(anonymous_6)
FNDA:8,(anonymous_7)
FNDA:8,analyzeSkillsProfile
FNDA:9,(anonymous_9)
FNDA:9,(anonymous_10)
FNDA:9,(anonymous_11)
FNDA:9,(anonymous_12)
FNDA:9,(anonymous_13)
FNDA:9,(anonymous_14)
FNDA:9,(anonymous_15)
FNDA:9,(anonymous_16)
FNDA:0,(anonymous_17)
FNDA:9,(anonymous_18)
FNDA:8,analyzeExperienceProfile
FNDA:5,(anonymous_20)
FNDA:5,(anonymous_21)
FNDA:5,(anonymous_22)
FNDA:24,calculatePercentileFromDistribution
FNDA:16,(anonymous_24)
FNDA:40,(anonymous_25)
FNDA:40,(anonymous_26)
FNDA:24,calculateStats
FNDA:16,(anonymous_28)
FNDA:40,(anonymous_29)
FNDA:3,compareAgainstAllUsers
FNDA:5,(anonymous_31)
FNDA:5,(anonymous_32)
FNDA:5,(anonymous_33)
FNDA:5,(anonymous_34)
FNDA:5,(anonymous_35)
FNDA:5,(anonymous_36)
FNDA:5,(anonymous_37)
FNDA:5,(anonymous_38)
FNDA:5,(anonymous_39)
FNDA:5,(anonymous_40)
FNDA:5,(anonymous_41)
FNDA:5,(anonymous_42)
FNDA:5,(anonymous_43)
FNDA:5,(anonymous_44)
FNDA:5,(anonymous_45)
FNDA:5,(anonymous_46)
FNDA:3,identifySkillGaps
FNDA:3,(anonymous_48)
FNDA:3,(anonymous_49)
FNDA:21,(anonymous_50)
FNDA:5,(anonymous_51)
FNDA:21,(anonymous_52)
FNDA:31,(anonymous_53)
FNDA:16,(anonymous_54)
FNDA:3,generateCompetitiveRecommendations
FNDA:9,(anonymous_56)
FNDA:11,(anonymous_57)
FNDA:3,generateDifferentiationStrategies
FNDA:3,(anonymous_59)
FNDA:3,calculateMarketPosition
FNDA:3,(anonymous_61)
FNDA:2,(anonymous_62)
FNDA:5,(anonymous_63)
FNDA:4,(anonymous_64)
FNDA:4,(anonymous_65)
FNDA:4,(anonymous_66)
FNDA:4,(anonymous_67)
FNDA:5,(anonymous_68)
FNDA:9,(anonymous_69)
FNDA:8,(anonymous_70)
FNDA:8,(anonymous_71)
FNDA:8,(anonymous_72)
FNDA:8,(anonymous_73)
FNDA:6,(anonymous_74)
FNDA:24,(anonymous_75)
FNDA:24,(anonymous_76)
DA:8,7
DA:13,7
DA:53,8
DA:54,8
DA:57,8
DA:60,8
DA:61,8
DA:62,3
DA:64,8
DA:66,8
DA:67,8
DA:69,8
DA:83,9
DA:84,9
DA:85,9
DA:88,8
DA:89,9
DA:90,9
DA:91,9
DA:92,9
DA:96,9
DA:97,8
DA:100,8
DA:101,8
DA:102,9
DA:105,8
DA:122,8
DA:123,8
DA:124,8
DA:125,8
DA:127,8
DA:128,5
DA:130,5
DA:131,5
DA:132,5
DA:133,5
DA:135,5
DA:136,5
DA:140,5
DA:141,5
DA:142,1
DA:143,4
DA:144,1
DA:145,3
DA:146,3
DA:151,8
DA:152,8
DA:153,5
DA:158,8
DA:173,24
DA:176,24
DA:179,40
DA:180,40
DA:183,24
DA:185,24
DA:192,24
DA:193,0
DA:196,24
DA:197,40
DA:199,24
DA:214,5
DA:215,5
DA:216,5
DA:217,5
DA:218,5
DA:219,5
DA:220,5
DA:221,5
DA:224,3
DA:225,3
DA:226,3
DA:227,3
DA:228,3
DA:229,3
DA:230,3
DA:231,3
DA:233,3
DA:284,3
DA:292,3
DA:300,3
DA:301,3
DA:303,3
DA:304,3
DA:305,21
DA:309,5
DA:310,3
DA:311,21
DA:312,31
DA:316,16
DA:323,3
DA:330,3
DA:333,3
DA:334,0
DA:345,3
DA:346,1
DA:354,2
DA:355,2
DA:366,3
DA:367,3
DA:370,9
DA:378,3
DA:379,0
DA:390,3
DA:391,1
DA:402,3
DA:403,1
DA:414,3
DA:415,2
DA:425,3
DA:426,11
DA:427,11
DA:435,3
DA:438,3
DA:439,0
DA:448,3
DA:449,1
DA:458,3
DA:459,3
DA:460,3
DA:469,3
DA:470,0
DA:479,3
DA:480,0
DA:488,3
DA:496,3
DA:506,3
DA:513,3
DA:514,3
DA:515,3
DA:516,1
DA:517,0
DA:519,3
DA:529,7
DA:530,3
DA:532,3
DA:534,3
DA:541,3
DA:544,3
DA:545,3
DA:546,3
DA:550,2
DA:552,1
DA:556,3
DA:557,3
DA:558,3
DA:562,3
DA:564,0
DA:568,3
DA:569,3
DA:570,3
DA:574,3
DA:576,0
DA:580,3
DA:581,3
DA:582,3
DA:586,3
DA:588,0
DA:592,3
DA:593,3
DA:594,3
DA:598,3
DA:602,3
DA:603,3
DA:605,0
DA:609,3
DA:610,3
DA:611,3
DA:620,2
DA:622,1
DA:628,3
DA:631,3
DA:636,3
DA:639,3
DA:642,3
DA:645,3
DA:648,3
DA:651,3
DA:654,3
DA:657,3
DA:660,3
DA:663,3
DA:666,3
DA:667,3
DA:668,2
DA:672,3
DA:678,3
DA:681,3
DA:682,3
DA:683,5
DA:684,4
DA:685,4
DA:686,4
DA:687,4
DA:692,3
DA:693,9
DA:694,8
DA:695,8
DA:696,8
DA:697,8
DA:698,6
DA:700,5
DA:701,5
DA:702,5
DA:704,5
DA:716,3
DA:717,3
DA:724,3
DA:727,3
DA:728,3
DA:731,3
DA:734,3
DA:743,3
DA:746,3
DA:749,3
DA:757,3
DA:768,3
DA:796,24
DA:806,3
DA:807,3
DA:808,3
DA:809,3
DA:810,3
DA:811,3
DA:812,3
DA:813,3
DA:814,3
DA:815,3
DA:816,24
DA:817,3
DA:822,3
DA:851,0
DA:852,0
LF:232
LH:219
BRDA:51,0,0,8
BRDA:53,1,0,8
BRDA:53,1,1,8
BRDA:57,2,0,8
BRDA:57,2,1,5
BRDA:61,3,0,8
BRDA:61,3,1,5
BRDA:64,4,0,8
BRDA:64,4,1,4
BRDA:71,5,0,8
BRDA:71,5,1,0
BRDA:72,6,0,4
BRDA:72,6,1,4
BRDA:73,7,0,8
BRDA:73,7,1,0
BRDA:74,8,0,8
BRDA:74,8,1,0
BRDA:83,9,0,9
BRDA:83,9,1,0
BRDA:101,10,0,6
BRDA:101,10,1,2
BRDA:102,11,0,9
BRDA:102,11,1,0
BRDA:114,12,0,5
BRDA:114,12,1,3
BRDA:114,13,0,1
BRDA:114,13,1,2
BRDA:128,14,0,5
BRDA:128,14,1,0
BRDA:131,15,0,0
BRDA:131,15,1,5
BRDA:135,16,0,5
BRDA:135,16,1,0
BRDA:140,17,0,5
BRDA:140,17,1,0
BRDA:141,18,0,1
BRDA:141,18,1,4
BRDA:141,19,0,5
BRDA:141,19,1,4
BRDA:141,19,2,4
BRDA:143,20,0,1
BRDA:143,20,1,3
BRDA:143,21,0,4
BRDA:143,21,1,3
BRDA:143,21,2,3
BRDA:144,22,0,1
BRDA:144,22,1,0
BRDA:145,23,0,3
BRDA:145,23,1,0
BRDA:151,24,0,5
BRDA:151,24,1,5
BRDA:153,25,0,5
BRDA:153,25,1,5
BRDA:153,25,2,4
BRDA:153,25,3,4
BRDA:165,26,0,1
BRDA:165,26,1,7
BRDA:165,27,0,4
BRDA:165,27,1,3
BRDA:173,28,0,0
BRDA:173,28,1,24
BRDA:173,29,0,24
BRDA:173,29,1,24
BRDA:192,30,0,0
BRDA:192,30,1,24
BRDA:192,31,0,24
BRDA:192,31,1,24
BRDA:265,32,0,3
BRDA:265,32,1,2
BRDA:268,33,0,3
BRDA:268,33,1,2
BRDA:277,34,0,3
BRDA:277,34,1,2
BRDA:280,35,0,3
BRDA:280,35,1,2
BRDA:304,36,0,3
BRDA:304,36,1,0
BRDA:312,37,0,31
BRDA:312,37,1,26
BRDA:333,38,0,0
BRDA:333,38,1,3
BRDA:345,39,0,1
BRDA:345,39,1,2
BRDA:354,40,0,2
BRDA:354,40,1,0
BRDA:366,41,0,3
BRDA:366,41,1,0
BRDA:378,42,0,0
BRDA:378,42,1,3
BRDA:390,43,0,1
BRDA:390,43,1,2
BRDA:402,44,0,1
BRDA:402,44,1,2
BRDA:402,45,0,3
BRDA:402,45,1,1
BRDA:414,46,0,2
BRDA:414,46,1,1
BRDA:414,47,0,3
BRDA:414,47,1,2
BRDA:438,48,0,0
BRDA:438,48,1,3
BRDA:438,49,0,3
BRDA:438,49,1,2
BRDA:448,50,0,1
BRDA:448,50,1,2
BRDA:448,51,0,3
BRDA:448,51,1,3
BRDA:459,52,0,3
BRDA:459,52,1,0
BRDA:469,53,0,0
BRDA:469,53,1,3
BRDA:479,54,0,0
BRDA:479,54,1,3
BRDA:514,55,0,0
BRDA:514,55,1,3
BRDA:515,56,0,2
BRDA:515,56,1,1
BRDA:516,57,0,1
BRDA:516,57,1,0
BRDA:541,58,0,3
BRDA:541,58,1,0
BRDA:550,59,0,2
BRDA:550,59,1,0
BRDA:562,60,0,3
BRDA:562,60,1,0
BRDA:574,61,0,3
BRDA:574,61,1,0
BRDA:586,62,0,3
BRDA:586,62,1,0
BRDA:602,63,0,3
BRDA:602,63,1,2
BRDA:603,64,0,3
BRDA:603,64,1,2
BRDA:620,65,0,2
BRDA:620,65,1,0
BRDA:636,66,0,3
BRDA:636,66,1,0
BRDA:642,67,0,3
BRDA:642,67,1,0
BRDA:648,68,0,3
BRDA:648,68,1,0
BRDA:654,69,0,3
BRDA:654,69,1,0
BRDA:660,70,0,3
BRDA:660,70,1,0
BRDA:668,71,0,2
BRDA:668,71,1,0
BRDA:678,72,0,3
BRDA:678,72,1,0
BRDA:698,73,0,6
BRDA:698,73,1,3
BRDA:712,74,0,5
BRDA:712,74,1,3
BRF:153
BRH:116
end_of_record
TN:
SF:routes\contacts.js
FN:15,(anonymous_0)
FN:60,(anonymous_1)
FN:117,(anonymous_2)
FN:200,(anonymous_3)
FN:273,(anonymous_4)
FN:298,(anonymous_5)
FN:329,(anonymous_6)
FN:357,(anonymous_7)
FN:388,(anonymous_8)
FN:416,(anonymous_9)
FN:447,(anonymous_10)
FN:472,(anonymous_11)
FN:488,(anonymous_12)
FN:529,(anonymous_13)
FN:557,(anonymous_14)
FN:588,(anonymous_15)
FN:606,(anonymous_16)
FN:693,(anonymous_17)
FN:861,(anonymous_18)
FNF:19
FNH:19
FNDA:7,(anonymous_0)
FNDA:3,(anonymous_1)
FNDA:7,(anonymous_2)
FNDA:5,(anonymous_3)
FNDA:3,(anonymous_4)
FNDA:3,(anonymous_5)
FNDA:3,(anonymous_6)
FNDA:3,(anonymous_7)
FNDA:3,(anonymous_8)
FNDA:3,(anonymous_9)
FNDA:4,(anonymous_10)
FNDA:2,(anonymous_11)
FNDA:5,(anonymous_12)
FNDA:3,(anonymous_13)
FNDA:3,(anonymous_14)
FNDA:2,(anonymous_15)
FNDA:6,(anonymous_16)
FNDA:9,(anonymous_17)
FNDA:82,(anonymous_18)
DA:8,7
DA:15,7
DA:16,7
DA:17,7
DA:19,7
DA:23,7
DA:24,7
DA:27,7
DA:28,2
DA:29,2
DA:30,2
DA:32,7
DA:33,2
DA:34,2
DA:35,2
DA:37,7
DA:38,2
DA:39,2
DA:40,2
DA:42,7
DA:43,2
DA:44,2
DA:45,2
DA:48,7
DA:50,7
DA:51,6
DA:53,1
DA:54,1
DA:60,7
DA:61,3
DA:62,3
DA:65,3
DA:70,2
DA:71,1
DA:74,1
DA:77,1
DA:83,1
DA:89,1
DA:95,1
DA:102,1
DA:110,1
DA:111,1
DA:117,7
DA:118,7
DA:136,7
DA:139,7
DA:140,2
DA:143,5
DA:146,5
DA:173,3
DA:175,3
DA:178,3
DA:179,1
DA:180,2
DA:187,3
DA:189,2
DA:190,2
DA:191,2
DA:192,1
DA:194,1
DA:200,7
DA:201,5
DA:202,5
DA:219,5
DA:222,5
DA:227,4
DA:228,2
DA:231,2
DA:260,2
DA:261,1
DA:264,1
DA:266,1
DA:267,1
DA:273,7
DA:274,3
DA:275,3
DA:278,3
DA:283,2
DA:284,1
DA:287,1
DA:289,1
DA:291,1
DA:292,1
DA:298,7
DA:299,3
DA:300,3
DA:301,3
DA:304,3
DA:309,2
DA:310,1
DA:313,1
DA:320,1
DA:322,1
DA:323,1
DA:329,7
DA:330,3
DA:331,3
DA:334,3
DA:339,2
DA:340,1
DA:343,1
DA:348,1
DA:350,1
DA:351,1
DA:357,7
DA:358,3
DA:359,3
DA:360,3
DA:363,3
DA:368,2
DA:369,1
DA:372,1
DA:379,1
DA:381,1
DA:382,1
DA:388,7
DA:389,3
DA:390,3
DA:393,3
DA:398,2
DA:399,1
DA:402,1
DA:407,1
DA:409,1
DA:410,1
DA:416,7
DA:417,3
DA:418,3
DA:419,3
DA:422,3
DA:429,2
DA:430,1
DA:433,1
DA:438,1
DA:440,1
DA:441,1
DA:447,7
DA:448,4
DA:449,4
DA:451,4
DA:452,1
DA:455,3
DA:460,1
DA:462,2
DA:463,2
DA:464,1
DA:466,1
DA:472,7
DA:473,2
DA:474,2
DA:479,1
DA:481,1
DA:482,1
DA:488,7
DA:489,5
DA:490,5
DA:493,5
DA:498,4
DA:499,1
DA:503,3
DA:508,3
DA:509,1
DA:512,2
DA:517,1
DA:519,2
DA:520,2
DA:521,1
DA:523,1
DA:529,7
DA:530,3
DA:531,3
DA:534,3
DA:539,2
DA:540,1
DA:543,1
DA:548,1
DA:550,1
DA:551,1
DA:557,7
DA:558,3
DA:559,3
DA:560,3
DA:563,3
DA:568,2
DA:569,1
DA:572,1
DA:579,1
DA:581,1
DA:582,1
DA:588,7
DA:589,2
DA:590,2
DA:592,2
DA:597,1
DA:599,1
DA:600,1
DA:606,7
DA:607,6
DA:608,6
DA:610,6
DA:611,1
DA:614,5
DA:616,5
DA:617,7
DA:619,7
DA:621,6
DA:625,6
DA:626,5
DA:646,1
DA:665,4
DA:668,2
DA:673,5
DA:674,4
DA:681,5
DA:686,0
DA:687,0
DA:693,7
DA:694,9
DA:695,9
DA:697,9
DA:698,2
DA:701,7
DA:704,7
DA:706,7
DA:707,15
DA:709,8
DA:710,8
DA:711,8
DA:722,8
DA:723,47
DA:726,47
DA:727,6
DA:728,6
DA:729,6
DA:730,6
DA:731,6
DA:736,47
DA:737,7
DA:738,7
DA:739,7
DA:740,7
DA:745,47
DA:746,4
DA:747,4
DA:748,4
DA:753,47
DA:754,2
DA:755,2
DA:756,2
DA:761,47
DA:762,1
DA:766,47
DA:767,1
DA:768,1
DA:769,1
DA:773,47
DA:774,1
DA:775,1
DA:776,1
DA:781,47
DA:782,1
DA:787,8
DA:788,7
DA:791,7
DA:792,3
DA:812,4
DA:831,5
DA:833,2
DA:837,0
DA:842,7
DA:843,4
DA:850,7
DA:855,0
DA:856,0
DA:861,7
DA:862,82
LF:276
LH:271
BRDA:27,0,0,2
BRDA:27,0,1,5
BRDA:32,1,0,2
BRDA:32,1,1,5
BRDA:37,2,0,2
BRDA:37,2,1,5
BRDA:42,3,0,2
BRDA:42,3,1,5
BRDA:70,4,0,1
BRDA:70,4,1,1
BRDA:139,5,0,2
BRDA:139,5,1,5
BRDA:139,6,0,7
BRDA:139,6,1,6
BRDA:157,7,0,5
BRDA:157,7,1,2
BRDA:158,8,0,7
BRDA:158,8,1,4
BRDA:159,9,0,7
BRDA:159,9,1,4
BRDA:160,10,0,7
BRDA:160,10,1,4
BRDA:161,11,0,7
BRDA:161,11,1,4
BRDA:162,12,0,7
BRDA:162,12,1,4
BRDA:163,13,0,7
BRDA:163,13,1,4
BRDA:164,14,0,7
BRDA:164,14,1,4
BRDA:165,15,0,7
BRDA:165,15,1,4
BRDA:166,16,0,7
BRDA:166,16,1,4
BRDA:167,17,0,7
BRDA:167,17,1,4
BRDA:168,18,0,7
BRDA:168,18,1,4
BRDA:169,19,0,7
BRDA:169,19,1,4
BRDA:178,20,0,1
BRDA:178,20,1,2
BRDA:178,21,0,3
BRDA:178,21,1,1
BRDA:178,21,2,1
BRDA:191,22,0,1
BRDA:191,22,1,1
BRDA:227,23,0,2
BRDA:227,23,1,2
BRDA:227,24,0,4
BRDA:227,24,1,3
BRDA:242,25,0,2
BRDA:242,25,1,2
BRDA:243,26,0,5
BRDA:243,26,1,2
BRDA:244,27,0,5
BRDA:244,27,1,2
BRDA:245,28,0,5
BRDA:245,28,1,2
BRDA:246,29,0,5
BRDA:246,29,1,2
BRDA:249,30,0,5
BRDA:249,30,1,2
BRDA:250,31,0,5
BRDA:250,31,1,2
BRDA:251,32,0,5
BRDA:251,32,1,2
BRDA:252,33,0,5
BRDA:252,33,1,2
BRDA:253,34,0,5
BRDA:253,34,1,2
BRDA:254,35,0,5
BRDA:254,35,1,2
BRDA:260,36,0,1
BRDA:260,36,1,1
BRDA:283,37,0,1
BRDA:283,37,1,1
BRDA:283,38,0,2
BRDA:283,38,1,2
BRDA:309,39,0,1
BRDA:309,39,1,1
BRDA:309,40,0,2
BRDA:309,40,1,2
BRDA:317,41,0,1
BRDA:317,41,1,0
BRDA:317,42,0,3
BRDA:317,42,1,0
BRDA:339,43,0,1
BRDA:339,43,1,1
BRDA:339,44,0,2
BRDA:339,44,1,1
BRDA:368,45,0,1
BRDA:368,45,1,1
BRDA:368,46,0,2
BRDA:368,46,1,2
BRDA:376,47,0,1
BRDA:376,47,1,0
BRDA:398,48,0,1
BRDA:398,48,1,1
BRDA:398,49,0,2
BRDA:398,49,1,1
BRDA:429,50,0,1
BRDA:429,50,1,1
BRDA:451,51,0,1
BRDA:451,51,1,3
BRDA:457,52,0,3
BRDA:457,52,1,2
BRDA:463,53,0,1
BRDA:463,53,1,1
BRDA:498,54,0,1
BRDA:498,54,1,3
BRDA:508,55,0,1
BRDA:508,55,1,2
BRDA:520,56,0,1
BRDA:520,56,1,1
BRDA:539,57,0,1
BRDA:539,57,1,1
BRDA:568,58,0,1
BRDA:568,58,1,1
BRDA:568,59,0,2
BRDA:568,59,1,1
BRDA:576,60,0,1
BRDA:576,60,1,0
BRDA:576,61,0,3
BRDA:576,61,1,0
BRDA:610,62,0,1
BRDA:610,62,1,5
BRDA:610,63,0,6
BRDA:610,63,1,6
BRDA:619,64,0,1
BRDA:619,64,1,6
BRDA:619,65,0,7
BRDA:619,65,1,6
BRDA:625,66,0,5
BRDA:625,66,1,1
BRDA:625,67,0,6
BRDA:625,67,1,5
BRDA:637,68,0,5
BRDA:637,68,1,5
BRDA:638,69,0,5
BRDA:638,69,1,5
BRDA:639,70,0,5
BRDA:639,70,1,5
BRDA:640,71,0,5
BRDA:640,71,1,5
BRDA:641,72,0,5
BRDA:641,72,1,5
BRDA:656,73,0,1
BRDA:656,73,1,1
BRDA:657,74,0,1
BRDA:657,74,1,1
BRDA:658,75,0,1
BRDA:658,75,1,1
BRDA:659,76,0,1
BRDA:659,76,1,1
BRDA:660,77,0,1
BRDA:660,77,1,1
BRDA:673,78,0,4
BRDA:673,78,1,1
BRDA:677,79,0,4
BRDA:677,79,1,3
BRDA:697,80,0,2
BRDA:697,80,1,7
BRDA:697,81,0,9
BRDA:697,81,1,8
BRDA:707,82,0,7
BRDA:707,82,1,8
BRDA:726,83,0,6
BRDA:726,83,1,41
BRDA:729,84,0,6
BRDA:729,84,1,0
BRDA:736,85,0,7
BRDA:736,85,1,40
BRDA:738,86,0,7
BRDA:738,86,1,0
BRDA:739,87,0,7
BRDA:739,87,1,0
BRDA:740,88,0,7
BRDA:740,88,1,0
BRDA:745,89,0,4
BRDA:745,89,1,43
BRDA:747,90,0,4
BRDA:747,90,1,0
BRDA:753,91,0,2
BRDA:753,91,1,45
BRDA:755,92,0,2
BRDA:755,92,1,0
BRDA:755,93,0,2
BRDA:755,93,1,2
BRDA:761,94,0,1
BRDA:761,94,1,46
BRDA:766,95,0,1
BRDA:766,95,1,46
BRDA:769,96,0,1
BRDA:769,96,1,0
BRDA:773,97,0,1
BRDA:773,97,1,46
BRDA:775,98,0,1
BRDA:775,98,1,0
BRDA:775,99,0,1
BRDA:775,99,1,1
BRDA:781,100,0,1
BRDA:781,100,1,46
BRDA:787,101,0,7
BRDA:787,101,1,1
BRDA:787,102,0,8
BRDA:787,102,1,7
BRDA:791,103,0,3
BRDA:791,103,1,4
BRDA:791,104,0,7
BRDA:791,104,1,3
BRDA:803,105,0,3
BRDA:803,105,1,2
BRDA:804,106,0,3
BRDA:804,106,1,2
BRDA:805,107,0,3
BRDA:805,107,1,2
BRDA:806,108,0,3
BRDA:806,108,1,3
BRDA:807,109,0,3
BRDA:807,109,1,3
BRDA:821,110,0,4
BRDA:821,110,1,3
BRDA:822,111,0,4
BRDA:822,111,1,4
BRDA:823,112,0,4
BRDA:823,112,1,4
BRDA:824,113,0,4
BRDA:824,113,1,3
BRDA:825,114,0,4
BRDA:825,114,1,3
BRDA:842,115,0,4
BRDA:842,115,1,3
BRF:233
BRH:220
end_of_record
TN:
SF:routes\coverLetterAI.js
FN:13,createCoverLetterAIRoutes
FN:22,(anonymous_1)
FN:159,(anonymous_2)
FN:263,(anonymous_3)
FN:294,(anonymous_4)
FN:303,(anonymous_5)
FN:339,(anonymous_6)
FNF:7
FNH:7
FNDA:26,createCoverLetterAIRoutes
FNDA:11,(anonymous_1)
FNDA:11,(anonymous_2)
FNDA:11,(anonymous_3)
FNDA:8,(anonymous_4)
FNDA:4,(anonymous_5)
FNDA:5,(anonymous_6)
DA:8,7
DA:14,26
DA:15,26
DA:16,26
DA:22,26
DA:23,11
DA:47,11
DA:50,11
DA:51,11
DA:55,11
DA:58,11
DA:63,11
DA:68,11
DA:70,11
DA:71,11
DA:72,11
DA:82,10
DA:84,2
DA:89,11
DA:99,11
DA:108,11
DA:155,11
DA:156,11
DA:157,11
DA:159,11
DA:173,10
DA:176,11
DA:177,1
DA:183,10
DA:184,10
DA:185,10
DA:187,1
DA:190,1
DA:197,11
DA:260,11
DA:261,11
DA:263,11
DA:278,10
DA:280,11
DA:286,1
DA:287,1
DA:294,26
DA:295,8
DA:296,8
DA:298,8
DA:299,3
DA:303,8
DA:304,4
DA:305,4
DA:306,4
DA:309,4
DA:313,4
DA:322,5
DA:331,5
DA:336,5
DA:337,8
DA:339,5
DA:357,4
DA:358,8
DA:360,8
DA:368,1
DA:369,1
DA:373,26
DA:377,7
LF:64
LH:64
BRDA:13,0,0,26
BRDA:13,1,0,26
BRDA:15,2,0,26
BRDA:15,2,1,7
BRDA:15,3,0,7
BRDA:15,3,1,0
BRDA:16,4,0,26
BRDA:16,4,1,7
BRDA:40,5,0,11
BRDA:41,6,0,11
BRDA:42,7,0,11
BRDA:43,8,0,11
BRDA:44,9,0,11
BRDA:45,10,0,11
BRDA:46,11,0,11
BRDA:50,12,0,11
BRDA:50,12,1,1
BRDA:50,12,2,0
BRDA:51,13,0,11
BRDA:51,13,1,1
BRDA:51,13,2,0
BRDA:55,14,0,11
BRDA:55,14,1,9
BRDA:55,15,0,9
BRDA:55,15,1,0
BRDA:58,16,0,11
BRDA:58,16,1,10
BRDA:59,17,0,1
BRDA:59,17,1,9
BRDA:63,18,0,11
BRDA:63,18,1,10
BRDA:70,19,0,11
BRDA:70,19,1,0
BRDA:82,20,0,10
BRDA:82,20,1,0
BRDA:89,21,0,1
BRDA:89,21,1,10
BRDA:91,22,0,1
BRDA:91,22,1,9
BRDA:156,23,0,11
BRDA:156,23,1,0
BRDA:156,23,2,0
BRDA:173,24,0,10
BRDA:173,24,1,1
BRDA:176,25,0,1
BRDA:176,25,1,10
BRDA:260,26,0,11
BRDA:260,26,1,0
BRDA:260,26,2,0
BRDA:278,27,0,10
BRDA:278,27,1,1
BRDA:304,28,0,4
BRDA:304,28,1,0
BRDA:305,29,0,4
BRDA:305,29,1,0
BRDA:316,30,0,4
BRDA:316,30,1,0
BRDA:316,31,0,0
BRDA:316,31,1,0
BRDA:296,32,0,8
BRDA:298,33,0,3
BRDA:298,33,1,5
BRDA:336,34,0,5
BRDA:336,34,1,0
BRDA:357,35,0,4
BRDA:357,35,1,0
BRDA:358,36,0,8
BRDA:358,36,1,2
BRDA:362,37,0,8
BRDA:362,37,1,2
BRDA:363,38,0,8
BRDA:363,38,1,3
BRDA:364,39,0,8
BRDA:364,39,1,3
BRF:74
BRH:57
end_of_record
TN:
SF:routes\coverLetterExport.js
FN:9,safe
FN:18,(anonymous_1)
FN:43,(anonymous_2)
FN:82,(anonymous_3)
FNF:4
FNH:4
FNDA:40,safe
FNDA:6,(anonymous_1)
FNDA:5,(anonymous_2)
FNDA:9,(anonymous_3)
DA:6,7
DA:10,40
DA:18,7
DA:19,6
DA:20,6
DA:22,6
DA:24,6
DA:25,6
DA:26,6
DA:31,6
DA:32,6
DA:33,6
DA:35,1
DA:36,1
DA:43,7
DA:44,5
DA:45,5
DA:47,5
DA:49,5
DA:61,5
DA:63,4
DA:67,4
DA:72,4
DA:74,1
DA:75,1
DA:82,7
DA:83,9
DA:84,9
DA:86,9
DA:88,9
DA:89,9
DA:94,9
DA:96,0
DA:97,0
LF:34
LH:32
BRDA:10,0,0,40
BRDA:10,0,1,2
BRDA:20,1,0,6
BRDA:20,2,0,6
BRDA:31,3,0,6
BRDA:31,3,1,1
BRDA:45,4,0,5
BRDA:45,5,0,5
BRDA:54,6,0,5
BRDA:54,6,1,1
BRDA:84,7,0,9
BRDA:84,8,0,9
BRDA:94,9,0,9
BRDA:94,9,1,1
BRF:14
BRH:14
end_of_record
TN:
SF:routes\coverLetterTemplates.js
FN:12,createCoverLetterTemplatesRoutes
FN:25,(anonymous_1)
FN:49,(anonymous_2)
FN:83,(anonymous_3)
FN:105,(anonymous_4)
FN:127,(anonymous_5)
FN:207,(anonymous_6)
FN:233,(anonymous_7)
FN:267,(anonymous_8)
FN:298,(anonymous_9)
FN:320,(anonymous_10)
FN:339,(anonymous_11)
FNF:12
FNH:12
FNDA:43,createCoverLetterTemplatesRoutes
FNDA:2,(anonymous_1)
FNDA:7,(anonymous_2)
FNDA:2,(anonymous_3)
FNDA:2,(anonymous_4)
FNDA:11,(anonymous_5)
FNDA:3,(anonymous_6)
FNDA:8,(anonymous_7)
FNDA:5,(anonymous_8)
FNDA:2,(anonymous_9)
FNDA:2,(anonymous_10)
FNDA:3,(anonymous_11)
DA:7,7
DA:13,43
DA:14,43
DA:15,43
DA:25,43
DA:26,2
DA:27,2
DA:37,1
DA:39,1
DA:40,1
DA:49,43
DA:50,7
DA:56,7
DA:58,7
DA:59,4
DA:64,3
DA:73,2
DA:75,1
DA:76,1
DA:83,43
DA:84,2
DA:85,2
DA:87,2
DA:95,1
DA:97,1
DA:98,1
DA:105,43
DA:106,2
DA:107,2
DA:109,2
DA:117,1
DA:119,1
DA:120,1
DA:127,43
DA:128,11
DA:137,11
DA:139,11
DA:140,3
DA:147,8
DA:158,8
DA:161,11
DA:162,11
DA:163,11
DA:164,11
DA:165,11
DA:166,11
DA:167,11
DA:170,11
DA:171,11
DA:172,1
DA:173,7
DA:175,1
DA:179,8
DA:181,8
DA:207,3
DA:229,11
DA:231,11
DA:233,8
DA:251,7
DA:254,11
DA:256,1
DA:257,1
DA:267,43
DA:268,5
DA:269,5
DA:271,5
DA:272,2
DA:278,3
DA:285,2
DA:287,1
DA:288,1
DA:298,43
DA:299,2
DA:300,2
DA:302,2
DA:310,1
DA:312,1
DA:313,1
DA:320,43
DA:321,2
DA:322,2
DA:324,2
DA:329,1
DA:331,1
DA:332,1
DA:339,43
DA:340,3
DA:341,3
DA:342,3
DA:344,3
DA:352,2
DA:354,1
DA:355,1
DA:359,43
DA:363,7
LF:95
LH:95
BRDA:12,0,0,43
BRDA:12,1,0,43
BRDA:14,2,0,43
BRDA:14,2,1,7
BRDA:14,3,0,7
BRDA:14,3,1,0
BRDA:15,4,0,43
BRDA:15,4,1,7
BRDA:52,5,0,7
BRDA:53,6,0,7
BRDA:54,7,0,7
BRDA:55,8,0,7
BRDA:58,9,0,4
BRDA:58,9,1,3
BRDA:58,10,0,7
BRDA:58,10,1,5
BRDA:58,10,2,4
BRDA:130,11,0,11
BRDA:131,12,0,11
BRDA:132,13,0,11
BRDA:133,14,0,11
BRDA:134,15,0,11
BRDA:135,16,0,11
BRDA:136,17,0,11
BRDA:139,18,0,3
BRDA:139,18,1,8
BRDA:139,19,0,11
BRDA:139,19,1,9
BRDA:158,20,0,8
BRDA:158,20,1,6
BRDA:161,21,0,11
BRDA:161,21,1,6
BRDA:162,22,0,11
BRDA:162,22,1,6
BRDA:163,23,0,11
BRDA:163,23,1,6
BRDA:164,24,0,11
BRDA:164,24,1,6
BRDA:165,25,0,11
BRDA:165,25,1,6
BRDA:166,26,0,11
BRDA:166,26,1,6
BRDA:167,27,0,11
BRDA:167,27,1,7
BRDA:171,28,0,1
BRDA:171,28,1,7
BRDA:173,29,0,1
BRDA:173,29,1,6
BRDA:187,30,0,8
BRDA:187,30,1,7
BRDA:188,31,0,11
BRDA:188,31,1,7
BRDA:189,32,0,11
BRDA:189,32,1,8
BRDA:190,33,0,11
BRDA:190,33,1,8
BRDA:190,33,2,8
BRDA:193,34,0,11
BRDA:193,34,1,7
BRDA:194,35,0,11
BRDA:194,35,1,7
BRDA:195,36,0,11
BRDA:195,36,1,7
BRDA:198,37,0,11
BRDA:198,37,1,7
BRDA:201,38,0,11
BRDA:201,38,1,7
BRDA:201,38,2,7
BRDA:204,39,0,11
BRDA:204,39,1,7
BRDA:207,40,0,8
BRDA:207,40,1,0
BRDA:213,41,0,11
BRDA:213,41,1,7
BRDA:214,42,0,11
BRDA:214,42,1,7
BRDA:215,43,0,11
BRDA:215,43,1,7
BRDA:229,44,0,11
BRDA:229,44,1,7
BRDA:229,44,2,7
BRDA:251,45,0,7
BRDA:251,45,1,1
BRDA:271,46,0,2
BRDA:271,46,1,3
BRDA:271,47,0,5
BRDA:271,47,1,4
BRDA:282,48,0,3
BRDA:282,48,1,2
BRDA:349,49,0,3
BRDA:349,49,1,2
BRF:91
BRH:89
end_of_record
TN:
SF:routes\cover_letter.js
FN:12,(anonymous_0)
FN:29,(anonymous_1)
FN:114,(anonymous_2)
FN:119,(anonymous_3)
FN:144,(anonymous_4)
FN:179,(anonymous_5)
FN:201,(anonymous_6)
FN:297,(anonymous_7)
FN:436,(anonymous_8)
FN:489,(anonymous_9)
FN:533,(anonymous_10)
FN:595,(anonymous_11)
FN:624,(anonymous_12)
FNF:13
FNH:12
FNDA:7,(anonymous_0)
FNDA:5,(anonymous_1)
FNDA:1,(anonymous_2)
FNDA:1,(anonymous_3)
FNDA:6,(anonymous_4)
FNDA:2,(anonymous_5)
FNDA:6,(anonymous_6)
FNDA:12,(anonymous_7)
FNDA:0,(anonymous_8)
FNDA:5,(anonymous_9)
FNDA:6,(anonymous_10)
FNDA:3,(anonymous_11)
FNDA:7,(anonymous_12)
DA:11,7
DA:13,7
DA:14,7
DA:15,7
DA:17,0
DA:18,0
DA:22,7
DA:24,7
DA:26,7
DA:29,7
DA:30,5
DA:31,5
DA:34,5
DA:36,5
DA:37,5
DA:56,2
DA:57,2
DA:61,5
DA:62,5
DA:63,5
DA:81,1
DA:82,1
DA:86,5
DA:87,5
DA:88,5
DA:106,1
DA:107,1
DA:110,5
DA:113,5
DA:114,1
DA:119,1
DA:126,5
DA:134,0
DA:135,0
DA:136,0
DA:138,0
DA:139,0
DA:144,7
DA:145,6
DA:146,6
DA:147,6
DA:150,6
DA:151,6
DA:154,5
DA:163,3
DA:164,3
DA:165,3
DA:166,3
DA:169,2
DA:170,1
DA:171,1
DA:173,1
DA:174,1
DA:179,7
DA:180,2
DA:181,2
DA:191,1
DA:193,1
DA:194,1
DA:201,7
DA:202,6
DA:203,6
DA:204,6
DA:207,6
DA:208,6
DA:209,1
DA:214,5
DA:215,5
DA:216,5
DA:232,1
DA:236,5
DA:237,4
DA:238,4
DA:253,0
DA:258,5
DA:259,3
DA:260,3
DA:275,0
DA:279,5
DA:280,2
DA:283,3
DA:285,3
DA:286,2
DA:289,3
DA:291,0
DA:292,0
DA:297,7
DA:298,12
DA:299,12
DA:300,12
DA:303,12
DA:304,12
DA:305,1
DA:309,11
DA:310,11
DA:311,11
DA:318,0
DA:322,11
DA:323,2
DA:324,2
DA:331,0
DA:335,11
DA:336,1
DA:339,10
DA:342,10
DA:343,8
DA:344,8
DA:345,8
DA:346,8
DA:347,8
DA:349,8
DA:350,8
DA:351,8
DA:352,8
DA:353,8
DA:355,8
DA:356,6
DA:357,6
DA:360,6
DA:361,1
DA:362,0
DA:365,1
DA:366,1
DA:369,1
DA:372,1
DA:373,0
DA:376,0
DA:377,0
DA:379,0
DA:380,0
DA:383,0
DA:406,0
DA:409,0
DA:414,0
DA:415,0
DA:416,0
DA:422,0
DA:425,0
DA:426,0
DA:428,0
DA:432,0
DA:433,0
DA:436,1
DA:438,0
DA:439,0
DA:440,0
DA:443,0
DA:445,0
DA:446,0
DA:450,1
DA:452,1
DA:459,6
DA:460,6
DA:467,6
DA:469,6
DA:470,6
DA:471,6
DA:473,1
DA:479,3
DA:480,3
DA:481,12
DA:483,1
DA:484,1
DA:489,7
DA:490,5
DA:491,5
DA:492,5
DA:494,5
DA:495,5
DA:496,1
DA:500,4
DA:504,4
DA:509,4
DA:510,1
DA:515,3
DA:525,2
DA:527,1
DA:528,1
DA:533,7
DA:534,6
DA:535,6
DA:536,6
DA:537,6
DA:539,6
DA:540,6
DA:542,6
DA:543,1
DA:547,5
DA:552,5
DA:554,2
DA:558,2
DA:559,1
DA:563,1
DA:567,3
DA:572,3
DA:573,1
DA:577,2
DA:587,1
DA:589,1
DA:590,1
DA:595,7
DA:596,3
DA:597,3
DA:598,3
DA:599,3
DA:601,3
DA:602,3
DA:604,3
DA:605,1
DA:609,2
DA:616,1
DA:618,1
DA:619,1
DA:624,7
DA:625,7
DA:626,7
DA:627,7
DA:630,7
DA:631,7
DA:632,1
DA:636,6
DA:637,6
DA:638,6
DA:642,2
DA:643,1
DA:647,4
DA:648,1
DA:653,6
DA:654,5
DA:655,5
DA:659,3
DA:660,1
DA:664,2
DA:665,1
DA:670,6
DA:671,4
DA:674,2
DA:676,0
DA:677,0
LF:239
LH:200
BRDA:15,0,0,7
BRDA:15,0,1,0
BRDA:26,1,0,7
BRDA:26,1,1,0
BRDA:134,2,0,0
BRDA:134,2,1,0
BRDA:134,3,0,0
BRDA:134,3,1,0
BRDA:147,4,0,6
BRDA:150,5,0,6
BRDA:150,5,1,2
BRDA:151,6,0,1
BRDA:151,6,1,5
BRDA:160,7,0,5
BRDA:160,7,1,1
BRDA:160,8,0,6
BRDA:160,8,1,4
BRDA:169,9,0,1
BRDA:169,9,1,1
BRDA:169,10,0,2
BRDA:169,10,1,1
BRDA:208,11,0,1
BRDA:208,11,1,5
BRDA:236,12,0,4
BRDA:236,12,1,1
BRDA:258,13,0,3
BRDA:258,13,1,2
BRDA:279,14,0,2
BRDA:279,14,1,3
BRDA:285,15,0,2
BRDA:285,15,1,1
BRDA:285,16,0,3
BRDA:285,16,1,2
BRDA:304,17,0,1
BRDA:304,17,1,11
BRDA:322,18,0,2
BRDA:322,18,1,9
BRDA:335,19,0,1
BRDA:335,19,1,10
BRDA:342,20,0,8
BRDA:342,20,1,2
BRDA:355,21,0,6
BRDA:355,21,1,1
BRDA:360,22,0,1
BRDA:360,22,1,5
BRDA:360,23,0,6
BRDA:360,23,1,6
BRDA:360,23,2,2
BRDA:361,24,0,0
BRDA:361,24,1,1
BRDA:377,25,0,0
BRDA:377,25,1,0
BRDA:433,26,0,0
BRDA:433,26,1,0
BRDA:439,27,0,0
BRDA:439,27,1,0
BRDA:445,28,0,0
BRDA:445,28,1,0
BRDA:467,29,0,2
BRDA:467,29,1,4
BRDA:469,30,0,6
BRDA:469,30,1,0
BRDA:470,31,0,6
BRDA:470,31,1,0
BRDA:480,32,0,3
BRDA:480,32,1,0
BRDA:481,33,0,12
BRDA:481,33,1,1
BRDA:495,34,0,1
BRDA:495,34,1,4
BRDA:509,35,0,1
BRDA:509,35,1,3
BRDA:509,36,0,4
BRDA:509,36,1,2
BRDA:542,37,0,1
BRDA:542,37,1,5
BRDA:542,38,0,6
BRDA:542,38,1,5
BRDA:552,39,0,2
BRDA:552,39,1,3
BRDA:558,40,0,1
BRDA:558,40,1,1
BRDA:572,41,0,1
BRDA:572,41,1,2
BRDA:604,42,0,1
BRDA:604,42,1,2
BRDA:604,43,0,3
BRDA:604,43,1,2
BRDA:631,44,0,1
BRDA:631,44,1,6
BRDA:642,45,0,1
BRDA:642,45,1,1
BRDA:647,46,0,1
BRDA:647,46,1,3
BRDA:647,47,0,4
BRDA:647,47,1,1
BRDA:653,48,0,5
BRDA:653,48,1,1
BRDA:659,49,0,1
BRDA:659,49,1,2
BRDA:664,50,0,1
BRDA:664,50,1,1
BRDA:664,51,0,2
BRDA:664,51,1,1
BRDA:670,52,0,4
BRDA:670,52,1,2
BRDA:677,53,0,0
BRDA:677,53,1,0
BRF:108
BRH:88
end_of_record
TN:
SF:routes\dashboard.js
FN:13,(anonymous_0)
FN:345,(anonymous_1)
FNF:2
FNH:2
FNDA:19,(anonymous_0)
FNDA:31,(anonymous_1)
DA:6,7
DA:7,7
DA:13,7
DA:14,19
DA:15,19
DA:19,19
DA:20,19
DA:23,19
DA:24,19
DA:25,19
DA:26,19
DA:27,19
DA:28,19
DA:31,19
DA:35,18
DA:38,18
DA:47,18
DA:50,18
DA:58,18
DA:63,18
DA:64,18
DA:65,0
DA:68,0
DA:74,18
DA:88,18
DA:90,18
DA:113,18
DA:129,18
DA:133,19
DA:185,18
DA:190,18
DA:204,18
DA:209,18
DA:228,18
DA:233,18
DA:239,18
DA:241,18
DA:242,18
DA:249,18
DA:250,0
DA:257,0
DA:263,18
DA:269,18
DA:276,18
DA:283,19
DA:314,19
DA:320,19
DA:322,19
DA:323,17
DA:325,18
DA:326,13
DA:328,18
DA:329,10
DA:331,18
DA:340,18
DA:345,31
DA:354,18
DA:355,18
DA:358,18
DA:361,0
DA:367,18
DA:369,1
DA:370,1
LF:63
LH:58
BRDA:19,0,0,1
BRDA:19,0,1,18
BRDA:20,1,0,1
BRDA:20,1,1,18
BRDA:64,2,0,0
BRDA:64,2,1,18
BRDA:129,3,0,18
BRDA:129,3,1,17
BRDA:249,4,0,0
BRDA:249,4,1,18
BRDA:251,5,0,0
BRDA:251,5,1,0
BRDA:252,6,0,0
BRDA:252,6,1,0
BRDA:253,7,0,0
BRDA:253,7,1,0
BRDA:277,8,0,18
BRDA:277,8,1,10
BRDA:278,9,0,19
BRDA:278,9,1,12
BRDA:279,10,0,19
BRDA:279,10,1,17
BRDA:291,11,0,18
BRDA:291,11,1,0
BRDA:294,12,0,8
BRDA:294,12,1,10
BRDA:300,13,0,18
BRDA:300,13,1,0
BRDA:303,14,0,6
BRDA:303,14,1,12
BRDA:309,15,0,18
BRDA:309,15,1,0
BRDA:315,16,0,19
BRDA:315,16,1,3
BRDA:316,17,0,19
BRDA:316,17,1,10
BRDA:317,18,0,19
BRDA:317,18,1,12
BRDA:322,19,0,17
BRDA:322,19,1,2
BRDA:325,20,0,13
BRDA:325,20,1,5
BRDA:328,21,0,10
BRDA:328,21,1,8
BRDA:331,22,0,0
BRDA:331,22,1,18
BRDA:347,23,0,31
BRDA:347,23,1,31
BRF:48
BRH:36
end_of_record
TN:
SF:routes\education.js
FN:18,auth
FN:32,(anonymous_1)
FN:77,(anonymous_2)
FN:91,(anonymous_3)
FN:137,(anonymous_4)
FNF:5
FNH:5
FNDA:20,auth
FNDA:6,(anonymous_1)
FNDA:4,(anonymous_2)
FNDA:3,(anonymous_3)
FNDA:3,(anonymous_4)
DA:6,6
DA:7,6
DA:8,6
DA:12,6
DA:15,6
DA:19,20
DA:20,20
DA:21,16
DA:22,16
DA:23,16
DA:24,16
DA:25,16
DA:27,0
DA:32,6
DA:43,6
DA:45,6
DA:46,3
DA:48,3
DA:49,3
DA:69,2
DA:71,1
DA:72,1
DA:77,6
DA:78,4
DA:79,4
DA:83,3
DA:85,1
DA:86,1
DA:91,6
DA:102,3
DA:104,3
DA:105,3
DA:127,3
DA:128,2
DA:129,1
DA:131,0
DA:132,0
DA:137,6
DA:138,3
DA:139,3
DA:143,3
DA:144,2
DA:145,1
DA:147,0
DA:148,0
LF:45
LH:40
BRDA:12,0,0,6
BRDA:12,0,1,0
BRDA:15,1,0,6
BRDA:15,1,1,0
BRDA:20,2,0,4
BRDA:20,2,1,16
BRDA:45,3,0,3
BRDA:45,3,1,3
BRDA:45,4,0,6
BRDA:45,4,1,5
BRDA:45,4,2,4
BRDA:61,5,0,3
BRDA:61,5,1,0
BRDA:62,6,0,6
BRDA:62,6,1,3
BRDA:63,7,0,6
BRDA:63,7,1,2
BRDA:64,8,0,6
BRDA:64,8,1,2
BRDA:65,9,0,6
BRDA:65,9,1,3
BRDA:66,10,0,6
BRDA:66,10,1,2
BRDA:116,11,0,3
BRDA:116,11,1,2
BRDA:117,12,0,3
BRDA:117,12,1,3
BRDA:118,13,0,3
BRDA:118,13,1,3
BRDA:119,14,0,3
BRDA:119,14,1,3
BRDA:120,15,0,3
BRDA:120,15,1,3
BRDA:121,16,0,3
BRDA:121,16,1,3
BRDA:127,17,0,2
BRDA:127,17,1,1
BRDA:143,18,0,2
BRDA:143,18,1,1
BRF:39
BRH:36
end_of_record
TN:
SF:routes\employment.js
FN:18,auth
FN:35,(anonymous_1)
FN:90,(anonymous_2)
FN:111,(anonymous_3)
FN:166,(anonymous_4)
FNF:5
FNH:5
FNDA:17,auth
FNDA:6,(anonymous_1)
FNDA:1,(anonymous_2)
FNDA:4,(anonymous_3)
FNDA:3,(anonymous_4)
DA:6,6
DA:7,6
DA:8,6
DA:11,6
DA:15,6
DA:19,17
DA:20,17
DA:21,16
DA:22,16
DA:23,16
DA:24,16
DA:25,16
DA:27,2
DA:28,2
DA:35,6
DA:44,6
DA:46,6
DA:47,2
DA:52,4
DA:53,1
DA:58,3
DA:59,3
DA:65,3
DA:76,6
DA:77,3
DA:82,0
DA:83,0
DA:90,6
DA:91,1
DA:92,1
DA:101,1
DA:103,0
DA:104,0
DA:111,6
DA:120,4
DA:122,4
DA:123,1
DA:128,3
DA:129,3
DA:150,3
DA:151,3
DA:153,1
DA:158,0
DA:159,0
DA:166,6
DA:167,3
DA:168,3
DA:177,3
DA:178,2
DA:180,1
DA:182,0
DA:183,0
LF:52
LH:44
BRDA:11,0,0,6
BRDA:11,0,1,0
BRDA:15,1,0,6
BRDA:15,1,1,0
BRDA:20,2,0,1
BRDA:20,2,1,16
BRDA:46,3,0,2
BRDA:46,3,1,4
BRDA:46,4,0,6
BRDA:46,4,1,5
BRDA:46,4,2,4
BRDA:52,5,0,1
BRDA:52,5,1,3
BRDA:52,6,0,4
BRDA:52,6,1,2
BRDA:52,6,2,2
BRDA:71,7,0,3
BRDA:71,7,1,2
BRDA:72,8,0,6
BRDA:72,8,1,1
BRDA:73,9,0,6
BRDA:73,9,1,2
BRDA:122,10,0,1
BRDA:122,10,1,3
BRDA:122,11,0,4
BRDA:122,11,1,3
BRDA:122,11,2,3
BRDA:142,12,0,3
BRDA:142,12,1,3
BRDA:143,13,0,4
BRDA:143,13,1,3
BRDA:144,14,0,4
BRDA:144,14,1,3
BRDA:150,15,0,2
BRDA:150,15,1,1
BRDA:177,16,0,2
BRDA:177,16,1,1
BRF:37
BRH:35
end_of_record
TN:
SF:routes\fileUpload.js
FN:20,(anonymous_0)
FN:41,(anonymous_1)
FN:48,auth
FN:63,resumeDestination
FN:67,resumeFilename
FN:75,coverLetterDestination
FN:79,coverLetterFilename
FN:100,fileFilter
FN:127,extractPdfText
FN:138,extractDocxText
FN:153,extractTxtText
FN:165,(anonymous_11)
FN:249,(anonymous_12)
FN:309,(anonymous_13)
FN:340,(anonymous_14)
FNF:15
FNH:15
FNDA:7,(anonymous_0)
FNDA:14,(anonymous_1)
FNDA:26,auth
FNDA:1,resumeDestination
FNDA:2,resumeFilename
FNDA:1,coverLetterDestination
FNDA:2,coverLetterFilename
FNDA:8,fileFilter
FNDA:10,extractPdfText
FNDA:5,extractDocxText
FNDA:5,extractTxtText
FNDA:12,(anonymous_11)
FNDA:6,(anonymous_12)
FNDA:2,(anonymous_13)
FNDA:2,(anonymous_14)
DA:15,7
DA:16,7
DA:20,7
DA:21,7
DA:22,7
DA:23,7
DA:25,0
DA:26,0
DA:30,7
DA:31,7
DA:32,7
DA:34,7
DA:35,7
DA:38,7
DA:39,7
DA:41,7
DA:42,14
DA:43,0
DA:49,26
DA:50,26
DA:51,23
DA:52,23
DA:53,23
DA:54,23
DA:55,23
DA:56,23
DA:58,1
DA:64,1
DA:68,2
DA:72,2
DA:76,1
DA:80,2
DA:84,2
DA:88,7
DA:94,7
DA:101,8
DA:102,8
DA:103,8
DA:104,5
DA:106,3
DA:114,7
DA:120,7
DA:128,10
DA:129,10
DA:130,0
DA:132,10
DA:133,10
DA:139,5
DA:140,5
DA:141,0
DA:142,0
DA:144,5
DA:145,0
DA:147,5
DA:148,5
DA:154,5
DA:155,5
DA:157,0
DA:158,0
DA:165,7
DA:166,12
DA:167,12
DA:168,2
DA:171,10
DA:172,10
DA:173,10
DA:174,10
DA:175,10
DA:178,10
DA:179,10
DA:180,6
DA:181,6
DA:182,4
DA:183,2
DA:184,2
DA:185,2
DA:189,10
DA:194,10
DA:195,10
DA:209,2
DA:210,1
DA:222,1
DA:224,1
DA:228,9
DA:233,1
DA:235,1
DA:236,1
DA:238,1
DA:245,7
DA:250,6
DA:251,6
DA:252,1
DA:255,5
DA:256,5
DA:257,5
DA:258,5
DA:259,5
DA:262,5
DA:263,5
DA:264,2
DA:265,2
DA:266,3
DA:267,2
DA:268,1
DA:269,1
DA:273,5
DA:276,5
DA:289,4
DA:294,1
DA:296,1
DA:297,1
DA:299,1
DA:309,7
DA:310,2
DA:311,2
DA:312,2
DA:314,2
DA:315,1
DA:319,1
DA:320,1
DA:328,1
DA:332,2
DA:333,2
DA:335,0
DA:336,0
DA:340,7
DA:341,2
DA:342,2
DA:343,2
DA:345,2
DA:346,1
DA:350,1
DA:351,1
DA:359,1
DA:363,2
DA:364,2
DA:366,0
DA:367,0
LF:138
LH:125
BRDA:23,0,0,7
BRDA:23,0,1,0
BRDA:32,1,0,7
BRDA:32,1,1,0
BRDA:42,2,0,0
BRDA:42,2,1,14
BRDA:50,3,0,3
BRDA:50,3,1,23
BRDA:103,4,0,5
BRDA:103,4,1,3
BRDA:140,5,0,0
BRDA:140,5,1,5
BRDA:167,6,0,2
BRDA:167,6,1,10
BRDA:179,7,0,6
BRDA:179,7,1,4
BRDA:182,8,0,2
BRDA:182,8,1,2
BRDA:182,9,0,4
BRDA:182,9,1,3
BRDA:184,10,0,2
BRDA:184,10,1,0
BRDA:201,11,0,10
BRDA:201,11,1,3
BRDA:204,12,0,2
BRDA:204,12,1,8
BRDA:209,13,0,1
BRDA:209,13,1,1
BRDA:216,14,0,1
BRDA:216,14,1,0
BRDA:218,15,0,0
BRDA:218,15,1,1
BRDA:235,16,0,1
BRDA:235,16,1,0
BRDA:235,17,0,1
BRDA:235,17,1,1
BRDA:238,18,0,1
BRDA:238,18,1,0
BRDA:251,19,0,1
BRDA:251,19,1,5
BRDA:263,20,0,2
BRDA:263,20,1,3
BRDA:266,21,0,2
BRDA:266,21,1,1
BRDA:266,22,0,3
BRDA:266,22,1,2
BRDA:268,23,0,1
BRDA:268,23,1,0
BRDA:282,24,0,5
BRDA:282,24,1,3
BRDA:296,25,0,1
BRDA:296,25,1,0
BRDA:296,26,0,1
BRDA:296,26,1,1
BRDA:301,27,0,1
BRDA:301,27,1,0
BRDA:314,28,0,1
BRDA:314,28,1,1
BRDA:330,29,0,1
BRDA:330,29,1,0
BRDA:345,30,0,1
BRDA:345,30,1,1
BRDA:361,31,0,1
BRDA:361,31,1,0
BRF:64
BRH:50
end_of_record
TN:
SF:routes\followupReminders.js
FN:15,auth
FN:42,calculateFollowUpDate
FN:106,generateEmailTemplate
FN:188,calculateResponsivenessScore
FN:224,adjustReminderFrequency
FN:240,(anonymous_5)
FN:306,(anonymous_6)
FN:355,(anonymous_7)
FN:392,(anonymous_8)
FN:423,(anonymous_9)
FN:505,determineReminderType
FN:536,(anonymous_11)
FN:624,(anonymous_12)
FN:653,(anonymous_13)
FN:677,(anonymous_14)
FN:757,(anonymous_15)
FN:837,(anonymous_16)
FNF:17
FNH:17
FNDA:52,auth
FNDA:14,calculateFollowUpDate
FNDA:13,generateEmailTemplate
FNDA:8,calculateResponsivenessScore
FNDA:12,adjustReminderFrequency
FNDA:7,(anonymous_5)
FNDA:4,(anonymous_6)
FNDA:4,(anonymous_7)
FNDA:3,(anonymous_8)
FNDA:9,(anonymous_9)
FNDA:13,determineReminderType
FNDA:5,(anonymous_11)
FNDA:4,(anonymous_12)
FNDA:3,(anonymous_13)
FNDA:4,(anonymous_14)
FNDA:3,(anonymous_15)
FNDA:3,(anonymous_16)
DA:10,7
DA:11,7
DA:12,7
DA:16,52
DA:17,52
DA:18,1
DA:21,51
DA:22,51
DA:23,51
DA:24,51
DA:25,51
DA:26,51
DA:28,2
DA:29,1
DA:31,1
DA:43,14
DA:44,14
DA:46,14
DA:49,3
DA:52,3
DA:53,3
DA:54,3
DA:58,3
DA:61,3
DA:62,2
DA:63,2
DA:65,3
DA:69,1
DA:72,1
DA:73,1
DA:74,1
DA:76,1
DA:80,3
DA:81,3
DA:82,1
DA:83,1
DA:85,3
DA:89,3
DA:92,3
DA:93,3
DA:94,3
DA:97,1
DA:100,14
DA:107,13
DA:108,13
DA:109,13
DA:111,13
DA:112,13
DA:114,13
DA:116,4
DA:117,4
DA:124,4
DA:127,2
DA:128,2
DA:135,2
DA:138,1
DA:139,1
DA:147,1
DA:150,2
DA:151,2
DA:158,2
DA:161,3
DA:162,3
DA:169,3
DA:172,1
DA:173,1
DA:182,13
DA:189,8
DA:190,8
DA:200,8
DA:201,8
DA:202,7
DA:206,1
DA:207,1
DA:211,8
DA:212,8
DA:214,8
DA:216,0
DA:217,0
DA:227,12
DA:228,6
DA:229,6
DA:230,3
DA:232,3
DA:240,7
DA:241,7
DA:242,7
DA:244,7
DA:260,7
DA:261,7
DA:263,7
DA:264,1
DA:265,1
DA:266,1
DA:269,7
DA:270,1
DA:271,1
DA:272,1
DA:275,7
DA:276,1
DA:277,1
DA:278,1
DA:281,7
DA:283,7
DA:284,4
DA:286,3
DA:287,3
DA:290,3
DA:291,2
DA:298,1
DA:306,7
DA:307,4
DA:308,4
DA:309,4
DA:310,4
DA:312,4
DA:333,2
DA:335,2
DA:336,2
DA:339,2
DA:340,1
DA:347,1
DA:355,7
DA:356,4
DA:357,4
DA:359,4
DA:360,4
DA:362,4
DA:363,1
DA:364,1
DA:367,4
DA:369,4
DA:370,2
DA:372,2
DA:373,2
DA:376,2
DA:377,1
DA:384,1
DA:392,7
DA:393,3
DA:394,3
DA:411,2
DA:412,1
DA:415,1
DA:417,1
DA:418,1
DA:423,7
DA:424,9
DA:426,9
DA:428,9
DA:429,1
DA:433,8
DA:438,7
DA:439,1
DA:442,6
DA:445,6
DA:446,1
DA:452,5
DA:455,9
DA:456,9
DA:459,9
DA:460,9
DA:463,9
DA:470,9
DA:476,5
DA:497,5
DA:499,1
DA:500,1
DA:506,13
DA:507,2
DA:508,11
DA:509,4
DA:510,4
DA:511,4
DA:515,4
DA:516,1
DA:517,3
DA:518,2
DA:520,7
DA:521,6
DA:524,6
DA:525,6
DA:527,6
DA:528,2
DA:532,6
DA:536,7
DA:537,5
DA:545,5
DA:548,5
DA:553,4
DA:554,1
DA:557,3
DA:558,3
DA:559,3
DA:561,3
DA:562,1
DA:563,1
DA:564,1
DA:567,3
DA:568,1
DA:569,1
DA:570,1
DA:573,3
DA:574,3
DA:575,3
DA:576,3
DA:579,3
DA:580,1
DA:581,2
DA:582,1
DA:586,3
DA:587,1
DA:588,1
DA:589,1
DA:592,3
DA:593,1
DA:594,1
DA:595,1
DA:598,3
DA:599,1
DA:600,1
DA:601,1
DA:604,3
DA:605,3
DA:606,3
DA:608,3
DA:616,3
DA:618,1
DA:619,1
DA:624,7
DA:625,4
DA:626,4
DA:627,4
DA:628,4
DA:630,4
DA:641,3
DA:642,1
DA:645,2
DA:647,1
DA:648,1
DA:653,7
DA:654,3
DA:655,3
DA:665,2
DA:666,1
DA:669,1
DA:671,1
DA:672,1
DA:677,7
DA:678,4
DA:685,4
DA:688,4
DA:711,3
DA:712,1
DA:715,2
DA:718,2
DA:738,2
DA:742,2
DA:749,2
DA:751,1
DA:752,1
DA:757,7
DA:758,3
DA:760,3
DA:775,2
DA:777,2
DA:778,2
DA:779,2
DA:782,2
DA:788,2
DA:790,1
DA:791,1
DA:792,1
DA:794,1
DA:799,1
DA:804,1
DA:823,1
DA:826,2
DA:831,1
DA:832,1
DA:837,7
DA:838,3
DA:839,3
DA:848,2
DA:850,1
DA:851,1
LF:286
LH:284
BRDA:12,0,0,7
BRDA:12,0,1,0
BRDA:17,1,0,1
BRDA:17,1,1,51
BRDA:28,2,0,1
BRDA:28,2,1,1
BRDA:46,3,0,3
BRDA:46,3,1,3
BRDA:46,3,2,1
BRDA:46,3,3,3
BRDA:46,3,4,3
BRDA:46,3,5,1
BRDA:49,4,0,1
BRDA:49,4,1,2
BRDA:58,5,0,2
BRDA:58,5,1,1
BRDA:61,6,0,2
BRDA:61,6,1,1
BRDA:69,7,0,1
BRDA:69,7,1,0
BRDA:72,8,0,1
BRDA:72,8,1,0
BRDA:80,9,0,1
BRDA:80,9,1,2
BRDA:81,10,0,1
BRDA:81,10,1,2
BRDA:89,11,0,0
BRDA:89,11,1,3
BRDA:106,12,0,13
BRDA:107,13,0,13
BRDA:107,13,1,8
BRDA:108,14,0,13
BRDA:108,14,1,8
BRDA:109,15,0,13
BRDA:109,15,1,13
BRDA:114,16,0,4
BRDA:114,16,1,2
BRDA:114,16,2,1
BRDA:114,16,3,2
BRDA:114,16,4,3
BRDA:114,16,5,1
BRDA:119,17,0,4
BRDA:119,17,1,4
BRDA:123,18,0,4
BRDA:123,18,1,1
BRDA:134,19,0,2
BRDA:134,19,1,1
BRDA:146,20,0,1
BRDA:146,20,1,1
BRDA:157,21,0,2
BRDA:157,21,1,1
BRDA:168,22,0,3
BRDA:168,22,1,1
BRDA:179,23,0,1
BRDA:179,23,1,1
BRDA:201,24,0,7
BRDA:201,24,1,1
BRDA:201,25,0,8
BRDA:201,25,1,8
BRDA:207,26,0,1
BRDA:207,26,1,1
BRDA:227,27,0,6
BRDA:227,27,1,6
BRDA:229,28,0,3
BRDA:229,28,1,3
BRDA:263,29,0,1
BRDA:263,29,1,6
BRDA:269,30,0,1
BRDA:269,30,1,6
BRDA:275,31,0,1
BRDA:275,31,1,6
BRDA:290,32,0,2
BRDA:290,32,1,1
BRDA:290,33,0,3
BRDA:290,33,1,2
BRDA:300,34,0,0
BRDA:300,34,1,1
BRDA:308,35,0,4
BRDA:339,36,0,1
BRDA:339,36,1,1
BRDA:339,37,0,2
BRDA:339,37,1,1
BRDA:349,38,0,0
BRDA:349,38,1,1
BRDA:362,39,0,1
BRDA:362,39,1,3
BRDA:376,40,0,1
BRDA:376,40,1,1
BRDA:376,41,0,2
BRDA:376,41,1,1
BRDA:386,42,0,0
BRDA:386,42,1,1
BRDA:411,43,0,1
BRDA:411,43,1,1
BRDA:428,44,0,1
BRDA:428,44,1,8
BRDA:438,45,0,1
BRDA:438,45,1,6
BRDA:445,46,0,1
BRDA:445,46,1,5
BRDA:452,47,0,5
BRDA:452,47,1,4
BRDA:456,48,0,1
BRDA:456,48,1,4
BRDA:490,49,0,5
BRDA:490,49,1,4
BRDA:492,50,0,9
BRDA:492,50,1,4
BRDA:506,51,0,2
BRDA:506,51,1,11
BRDA:508,52,0,4
BRDA:508,52,1,7
BRDA:508,53,0,11
BRDA:508,53,1,4
BRDA:515,54,0,1
BRDA:515,54,1,3
BRDA:517,55,0,2
BRDA:517,55,1,1
BRDA:520,56,0,6
BRDA:520,56,1,1
BRDA:520,57,0,7
BRDA:520,57,1,1
BRDA:521,58,0,2
BRDA:521,58,1,4
BRDA:527,59,0,2
BRDA:527,59,1,4
BRDA:553,60,0,1
BRDA:553,60,1,3
BRDA:561,61,0,1
BRDA:561,61,1,2
BRDA:567,62,0,1
BRDA:567,62,1,2
BRDA:573,63,0,3
BRDA:573,63,1,0
BRDA:579,64,0,1
BRDA:579,64,1,2
BRDA:581,65,0,1
BRDA:581,65,1,1
BRDA:586,66,0,1
BRDA:586,66,1,2
BRDA:592,67,0,1
BRDA:592,67,1,2
BRDA:598,68,0,1
BRDA:598,68,1,2
BRDA:626,69,0,4
BRDA:641,70,0,1
BRDA:641,70,1,2
BRDA:665,71,0,1
BRDA:665,71,1,1
BRDA:703,72,0,4
BRDA:703,72,1,3
BRDA:704,73,0,4
BRDA:704,73,1,3
BRDA:705,74,0,4
BRDA:705,74,1,3
BRDA:711,75,0,1
BRDA:711,75,1,2
BRDA:729,76,0,2
BRDA:729,76,1,1
BRDA:730,77,0,4
BRDA:730,77,1,1
BRDA:732,78,0,4
BRDA:732,78,1,1
BRDA:733,79,0,4
BRDA:733,79,1,1
BRDA:779,80,0,0
BRDA:779,80,1,2
BRDA:788,81,0,1
BRDA:788,81,1,1
BRF:169
BRH:160
end_of_record
TN:
SF:routes\geocoding.js
FN:22,getTimezoneFromCoordinates
FN:28,(anonymous_1)
FN:67,auth
FN:82,ensureTimezoneColumns
FN:116,geocodeWithRateLimit
FN:158,(anonymous_5)
FN:168,(anonymous_6)
FN:326,(anonymous_7)
FN:351,(anonymous_8)
FN:390,calculateDistance
FN:405,(anonymous_10)
FN:606,(anonymous_11)
FN:645,(anonymous_12)
FNF:13
FNH:13
FNDA:11,getTimezoneFromCoordinates
FNDA:11,(anonymous_1)
FNDA:30,auth
FNDA:20,ensureTimezoneColumns
FNDA:20,geocodeWithRateLimit
FNDA:17,(anonymous_5)
FNDA:18,(anonymous_6)
FNDA:11,(anonymous_7)
FNDA:2,(anonymous_8)
FNDA:7,calculateDistance
FNDA:13,(anonymous_10)
FNDA:14,(anonymous_11)
FNDA:4,(anonymous_12)
DA:12,7
DA:13,7
DA:14,7
DA:17,7
DA:18,7
DA:23,11
DA:26,11
DA:28,11
DA:46,10
DA:49,8
DA:51,8
DA:57,2
DA:61,1
DA:62,1
DA:68,30
DA:69,30
DA:70,30
DA:71,30
DA:72,30
DA:73,30
DA:74,30
DA:75,30
DA:77,0
DA:83,20
DA:85,20
DA:91,19
DA:93,14
DA:98,14
DA:102,1
DA:103,1
DA:110,0
DA:118,20
DA:122,20
DA:123,20
DA:131,1
DA:132,1
DA:133,1
DA:140,1
DA:141,1
DA:142,1
DA:145,0
DA:149,20
DA:150,2
DA:151,2
DA:155,18
DA:156,18
DA:157,18
DA:158,17
DA:159,17
DA:163,18
DA:165,18
DA:166,18
DA:168,18
DA:188,17
DA:190,17
DA:193,12
DA:197,12
DA:198,12
DA:199,12
DA:200,12
DA:203,12
DA:204,12
DA:205,12
DA:206,12
DA:209,12
DA:210,12
DA:213,12
DA:214,12
DA:217,12
DA:218,12
DA:219,0
DA:222,12
DA:223,12
DA:224,12
DA:228,12
DA:229,12
DA:232,12
DA:233,12
DA:234,12
DA:235,1
DA:236,11
DA:237,1
DA:238,10
DA:239,0
DA:244,12
DA:245,12
DA:246,11
DA:247,11
DA:250,0
DA:255,12
DA:256,12
DA:281,1
DA:282,1
DA:283,1
DA:303,0
DA:307,12
DA:318,5
DA:320,1
DA:321,1
DA:326,7
DA:327,11
DA:328,11
DA:330,11
DA:331,1
DA:334,10
DA:336,10
DA:337,1
DA:340,9
DA:345,0
DA:346,0
DA:351,7
DA:352,2
DA:353,2
DA:355,2
DA:356,1
DA:359,1
DA:360,1
DA:361,2
DA:363,2
DA:364,2
DA:365,2
DA:371,0
DA:379,1
DA:384,0
DA:385,0
DA:391,7
DA:392,7
DA:393,7
DA:395,7
DA:400,7
DA:401,7
DA:405,7
DA:406,13
DA:407,13
DA:409,13
DA:410,0
DA:414,13
DA:421,12
DA:422,1
DA:425,11
DA:428,11
DA:429,11
DA:431,11
DA:432,3
DA:433,1
DA:436,2
DA:437,2
DA:438,1
DA:441,1
DA:442,1
DA:445,1
DA:446,3
DA:447,3
DA:459,9
DA:461,2
DA:462,2
DA:463,1
DA:465,1
DA:466,1
DA:469,7
DA:476,7
DA:477,7
DA:478,7
DA:479,5
DA:480,5
DA:481,2
DA:483,1
DA:484,1
DA:485,1
DA:486,1
DA:489,1
DA:490,1
DA:491,1
DA:505,8
DA:506,1
DA:512,7
DA:513,7
DA:520,7
DA:522,0
DA:523,7
DA:525,0
DA:526,7
DA:528,1
DA:531,6
DA:534,7
DA:537,7
DA:539,0
DA:540,7
DA:542,0
DA:543,7
DA:545,1
DA:546,6
DA:548,1
DA:551,5
DA:555,7
DA:562,7
DA:564,1
DA:565,6
DA:567,2
DA:570,4
DA:573,7
DA:577,7
DA:579,1
DA:580,6
DA:582,1
DA:585,5
DA:588,7
DA:594,7
DA:595,1
DA:596,6
DA:597,2
DA:599,4
DA:602,7
DA:606,14
DA:607,7
DA:608,7
DA:609,7
DA:611,7
DA:639,1
DA:640,1
DA:645,7
DA:646,4
DA:647,4
DA:649,4
DA:650,1
DA:654,3
DA:656,2
DA:657,1
DA:661,1
DA:678,1
DA:690,1
DA:691,1
LF:232
LH:215
BRDA:14,0,0,7
BRDA:14,0,1,0
BRDA:22,1,0,11
BRDA:30,2,0,11
BRDA:30,2,1,11
BRDA:46,3,0,8
BRDA:46,3,1,2
BRDA:46,4,0,10
BRDA:46,4,1,10
BRDA:46,4,2,8
BRDA:49,5,0,8
BRDA:49,5,1,0
BRDA:69,6,0,0
BRDA:69,6,1,30
BRDA:91,7,0,14
BRDA:91,7,1,5
BRDA:116,8,0,20
BRDA:131,9,0,1
BRDA:131,9,1,0
BRDA:131,10,0,1
BRDA:131,10,1,1
BRDA:140,11,0,1
BRDA:140,11,1,0
BRDA:149,12,0,2
BRDA:149,12,1,18
BRDA:157,13,0,17
BRDA:157,13,1,1
BRDA:190,14,0,12
BRDA:190,14,1,5
BRDA:190,15,0,17
BRDA:190,15,1,17
BRDA:199,16,0,12
BRDA:199,16,1,0
BRDA:203,17,0,11
BRDA:203,17,1,1
BRDA:204,18,0,0
BRDA:204,18,1,12
BRDA:205,19,0,0
BRDA:205,19,1,12
BRDA:206,20,0,0
BRDA:206,20,1,12
BRDA:206,21,0,12
BRDA:206,21,1,0
BRDA:209,22,0,0
BRDA:209,22,1,12
BRDA:210,23,0,0
BRDA:210,23,1,12
BRDA:210,24,0,12
BRDA:210,24,1,12
BRDA:213,25,0,0
BRDA:213,25,1,12
BRDA:213,26,0,12
BRDA:213,26,1,0
BRDA:213,26,2,0
BRDA:213,26,3,0
BRDA:214,27,0,0
BRDA:214,27,1,12
BRDA:214,28,0,12
BRDA:214,28,1,0
BRDA:214,28,2,0
BRDA:214,28,3,0
BRDA:217,29,0,12
BRDA:217,29,1,0
BRDA:218,30,0,0
BRDA:218,30,1,12
BRDA:218,31,0,12
BRDA:218,31,1,12
BRDA:222,32,0,12
BRDA:222,32,1,0
BRDA:233,33,0,12
BRDA:233,33,1,0
BRDA:234,34,0,1
BRDA:234,34,1,11
BRDA:236,35,0,1
BRDA:236,35,1,10
BRDA:238,36,0,0
BRDA:238,36,1,10
BRDA:238,37,0,10
BRDA:238,37,1,10
BRDA:238,37,2,10
BRDA:245,38,0,11
BRDA:245,38,1,1
BRDA:274,39,0,12
BRDA:274,39,1,0
BRDA:275,40,0,12
BRDA:275,40,1,4
BRDA:276,41,0,12
BRDA:276,41,1,4
BRDA:281,42,0,1
BRDA:281,42,1,0
BRDA:281,43,0,1
BRDA:281,43,1,1
BRDA:299,44,0,1
BRDA:299,44,1,0
BRDA:312,45,0,12
BRDA:312,45,1,0
BRDA:313,46,0,12
BRDA:313,46,1,4
BRDA:314,47,0,12
BRDA:314,47,1,4
BRDA:330,48,0,1
BRDA:330,48,1,10
BRDA:330,49,0,11
BRDA:330,49,1,10
BRDA:336,50,0,1
BRDA:336,50,1,9
BRDA:355,51,0,1
BRDA:355,51,1,1
BRDA:355,52,0,2
BRDA:355,52,1,1
BRDA:361,53,0,0
BRDA:361,53,1,2
BRDA:361,54,0,2
BRDA:361,54,1,2
BRDA:368,55,0,2
BRDA:368,55,1,1
BRDA:409,56,0,0
BRDA:409,56,1,13
BRDA:421,57,0,1
BRDA:421,57,1,11
BRDA:431,58,0,3
BRDA:431,58,1,8
BRDA:431,59,0,11
BRDA:431,59,1,8
BRDA:432,60,0,1
BRDA:432,60,1,2
BRDA:437,61,0,1
BRDA:437,61,1,1
BRDA:445,62,0,1
BRDA:445,62,1,0
BRDA:446,63,0,3
BRDA:446,63,1,0
BRDA:459,64,0,2
BRDA:459,64,1,7
BRDA:462,65,0,1
BRDA:462,65,1,1
BRDA:476,66,0,7
BRDA:476,66,1,0
BRDA:478,67,0,5
BRDA:478,67,1,2
BRDA:478,68,0,7
BRDA:478,68,1,5
BRDA:481,69,0,1
BRDA:481,69,1,1
BRDA:484,70,0,1
BRDA:484,70,1,0
BRDA:489,71,0,1
BRDA:489,71,1,0
BRDA:490,72,0,1
BRDA:490,72,1,0
BRDA:505,73,0,1
BRDA:505,73,1,7
BRDA:505,74,0,8
BRDA:505,74,1,7
BRDA:520,75,0,0
BRDA:520,75,1,7
BRDA:523,76,0,0
BRDA:523,76,1,7
BRDA:526,77,0,1
BRDA:526,77,1,6
BRDA:537,78,0,0
BRDA:537,78,1,7
BRDA:540,79,0,0
BRDA:540,79,1,7
BRDA:543,80,0,1
BRDA:543,80,1,6
BRDA:546,81,0,1
BRDA:546,81,1,5
BRDA:562,82,0,1
BRDA:562,82,1,6
BRDA:565,83,0,2
BRDA:565,83,1,4
BRDA:577,84,0,1
BRDA:577,84,1,6
BRDA:580,85,0,1
BRDA:580,85,1,5
BRDA:594,86,0,1
BRDA:594,86,1,6
BRDA:596,87,0,2
BRDA:596,87,1,4
BRDA:649,88,0,1
BRDA:649,88,1,3
BRDA:649,89,0,4
BRDA:649,89,1,3
BRDA:656,90,0,1
BRDA:656,90,1,1
BRDA:672,91,0,1
BRDA:672,91,1,0
BRDA:673,92,0,4
BRDA:673,92,1,0
BRDA:685,93,0,1
BRDA:685,93,1,0
BRDA:686,94,0,4
BRDA:686,94,1,0
BRF:194
BRH:149
end_of_record
TN:
SF:routes\github.js
FN:11,createGitHubRoutes
FN:20,(anonymous_1)
FN:111,retryQuery
FN:125,(anonymous_3)
FN:133,(anonymous_4)
FN:143,(anonymous_5)
FN:177,(anonymous_6)
FN:197,(anonymous_7)
FN:200,(anonymous_8)
FN:205,(anonymous_9)
FN:236,(anonymous_10)
FN:245,(anonymous_11)
FN:284,(anonymous_12)
FN:327,(anonymous_13)
FN:335,(anonymous_14)
FN:351,(anonymous_15)
FN:353,(anonymous_16)
FN:383,(anonymous_17)
FN:413,(anonymous_18)
FN:458,(anonymous_19)
FN:488,(anonymous_20)
FN:535,(anonymous_21)
FN:616,(anonymous_22)
FN:619,(anonymous_23)
FN:627,(anonymous_24)
FN:662,(anonymous_25)
FN:709,(anonymous_26)
FN:755,(anonymous_27)
FN:846,(anonymous_28)
FN:894,(anonymous_29)
FN:929,(anonymous_30)
FN:964,(anonymous_31)
FN:1021,(anonymous_32)
FN:1058,(anonymous_33)
FN:1087,(anonymous_34)
FN:1153,(anonymous_35)
FN:1208,(anonymous_36)
FN:1271,(anonymous_37)
FNF:38
FNH:36
FNDA:7,createGitHubRoutes
FNDA:7,(anonymous_1)
FNDA:186,retryQuery
FNDA:0,(anonymous_3)
FNDA:17,(anonymous_4)
FNDA:17,(anonymous_5)
FNDA:14,(anonymous_6)
FNDA:16,(anonymous_7)
FNDA:16,(anonymous_8)
FNDA:14,(anonymous_9)
FNDA:13,(anonymous_10)
FNDA:1,(anonymous_11)
FNDA:12,(anonymous_12)
FNDA:13,(anonymous_13)
FNDA:13,(anonymous_14)
FNDA:13,(anonymous_15)
FNDA:0,(anonymous_16)
FNDA:102,(anonymous_17)
FNDA:1,(anonymous_18)
FNDA:11,(anonymous_19)
FNDA:3,(anonymous_20)
FNDA:10,(anonymous_21)
FNDA:8,(anonymous_22)
FNDA:8,(anonymous_23)
FNDA:8,(anonymous_24)
FNDA:4,(anonymous_25)
FNDA:5,(anonymous_26)
FNDA:6,(anonymous_27)
FNDA:7,(anonymous_28)
FNDA:2,(anonymous_29)
FNDA:5,(anonymous_30)
FNDA:3,(anonymous_31)
FNDA:2,(anonymous_32)
FNDA:3,(anonymous_33)
FNDA:5,(anonymous_34)
FNDA:2,(anonymous_35)
FNDA:6,(anonymous_36)
FNDA:3,(anonymous_37)
DA:12,7
DA:13,7
DA:14,7
DA:20,7
DA:21,7
DA:22,7
DA:23,7
DA:25,7
DA:30,3
DA:33,4
DA:36,4
DA:42,3
DA:47,7
DA:48,7
DA:52,3
DA:56,3
DA:58,2
DA:65,2
DA:67,1
DA:71,1
DA:73,1
DA:77,1
DA:84,1
DA:88,1
DA:95,2
DA:101,1
DA:102,1
DA:112,186
DA:113,186
DA:114,186
DA:117,2
DA:121,2
DA:122,0
DA:125,0
DA:126,0
DA:128,2
DA:133,7
DA:135,17
DA:136,17
DA:137,17
DA:139,17
DA:140,17
DA:143,17
DA:144,17
DA:150,17
DA:154,2
DA:163,15
DA:166,15
DA:169,17
DA:170,1
DA:177,14
DA:178,14
DA:188,14
DA:196,11
DA:197,16
DA:199,11
DA:200,16
DA:203,11
DA:205,14
DA:207,17
DA:208,17
DA:209,17
DA:210,17
DA:211,17
DA:212,17
DA:213,17
DA:216,17
DA:217,14
DA:219,14
DA:226,13
DA:231,13
DA:236,13
DA:237,13
DA:243,13
DA:245,1
DA:246,1
DA:278,1
DA:279,1
DA:284,12
DA:285,12
DA:316,12
DA:317,12
DA:324,13
DA:327,13
DA:328,13
DA:335,13
DA:337,13
DA:343,13
DA:351,14
DA:352,13
DA:353,0
DA:358,14
DA:363,10
DA:368,14
DA:369,2
DA:371,2
DA:372,2
DA:373,3
DA:374,3
DA:375,102
DA:377,102
DA:378,0
DA:383,102
DA:384,102
DA:403,101
DA:405,1
DA:412,3
DA:413,1
DA:416,3
DA:420,8
DA:426,3
DA:430,1
DA:433,2
DA:434,1
DA:437,1
DA:438,1
DA:442,0
DA:449,1
DA:453,1
DA:458,11
DA:459,11
DA:467,11
DA:480,3
DA:483,3
DA:486,3
DA:487,3
DA:488,3
DA:489,3
DA:497,1
DA:506,3
DA:510,3
DA:511,1
DA:523,2
DA:535,7
DA:536,10
DA:537,10
DA:543,10
DA:546,10
DA:551,9
DA:552,10
DA:554,10
DA:558,10
DA:562,10
DA:563,10
DA:568,10
DA:572,7
DA:573,7
DA:574,2
DA:576,1
DA:577,1
DA:583,1
DA:587,8
DA:588,1
DA:592,8
DA:593,1
DA:594,1
DA:595,1
DA:599,8
DA:600,8
DA:602,10
DA:610,10
DA:612,10
DA:615,8
DA:616,8
DA:618,8
DA:619,8
DA:621,8
DA:626,8
DA:629,8
DA:637,8
DA:648,8
DA:651,8
DA:653,1
DA:654,1
DA:662,7
DA:663,4
DA:664,4
DA:665,4
DA:667,4
DA:668,1
DA:671,3
DA:677,2
DA:678,1
DA:681,1
DA:682,1
DA:688,4
DA:696,1
DA:698,4
DA:700,1
DA:701,1
DA:709,7
DA:710,5
DA:711,5
DA:712,5
DA:713,5
DA:715,5
DA:716,1
DA:719,4
DA:720,1
DA:723,3
DA:731,2
DA:732,1
DA:735,1
DA:736,1
DA:741,5
DA:746,1
DA:747,1
DA:755,7
DA:756,6
DA:757,6
DA:758,6
DA:760,6
DA:765,6
DA:766,6
DA:768,6
DA:769,1
DA:770,1
DA:771,1
DA:774,6
DA:775,1
DA:776,1
DA:777,1
DA:780,6
DA:782,6
DA:784,5
DA:789,5
DA:796,5
DA:797,2
DA:801,2
DA:808,2
DA:812,5
DA:813,1
DA:818,1
DA:824,1
DA:828,1
DA:833,5
DA:835,1
DA:836,1
DA:846,7
DA:847,7
DA:848,7
DA:849,7
DA:850,7
DA:852,7
DA:853,1
DA:856,6
DA:857,1
DA:861,5
DA:866,4
DA:867,1
DA:871,3
DA:877,3
DA:879,2
DA:884,2
DA:885,1
DA:893,1
DA:894,2
DA:897,1
DA:905,2
DA:912,2
DA:917,1
DA:918,1
DA:926,7
DA:930,5
DA:931,5
DA:932,5
DA:933,5
DA:935,5
DA:936,2
DA:941,3
DA:948,2
DA:949,1
DA:952,1
DA:954,1
DA:955,1
DA:964,7
DA:965,3
DA:966,3
DA:969,3
DA:981,2
DA:992,2
DA:1003,2
DA:1014,2
DA:1021,2
DA:1047,3
DA:1049,1
DA:1050,1
DA:1058,7
DA:1059,3
DA:1060,3
DA:1062,3
DA:1070,2
DA:1071,1
DA:1075,1
DA:1076,1
DA:1078,1
DA:1079,1
DA:1087,7
DA:1088,5
DA:1089,5
DA:1091,5
DA:1093,5
DA:1094,5
DA:1095,5
DA:1097,5
DA:1098,2
DA:1099,2
DA:1100,2
DA:1103,5
DA:1107,1
DA:1108,1
DA:1109,1
DA:1113,5
DA:1114,5
DA:1116,5
DA:1118,1
DA:1122,1
DA:1124,1
DA:1127,1
DA:1128,1
DA:1129,1
DA:1132,5
DA:1133,2
DA:1136,3
DA:1138,3
DA:1146,2
DA:1148,1
DA:1152,1
DA:1153,2
DA:1156,1
DA:1158,1
DA:1164,1
DA:1170,1
DA:1175,1
DA:1179,0
DA:1186,2
DA:1194,2
DA:1199,1
DA:1200,1
DA:1208,7
DA:1209,6
DA:1210,6
DA:1211,6
DA:1213,6
DA:1218,3
DA:1222,3
DA:1227,3
DA:1228,1
DA:1237,2
[...]
BRDA:2103,250,0,2
BRDA:2103,250,1,2
BRDA:2114,251,0,2
BRDA:2114,251,1,0
BRDA:2128,252,0,8
BRDA:2128,252,1,2
BRDA:2131,253,0,8
BRDA:2131,253,1,2
BRDA:2132,254,0,8
BRDA:2132,254,1,2
BRDA:2133,255,0,8
BRDA:2133,255,1,2
BRDA:2134,256,0,8
BRDA:2134,256,1,2
BRDA:2135,257,0,6
BRDA:2135,257,1,2
BRDA:2138,258,0,6
BRDA:2138,258,1,2
BRDA:2141,259,0,6
BRDA:2141,259,1,2
BRDA:2152,260,0,22
BRDA:2152,260,1,16
BRDA:2163,261,0,6
BRDA:2163,261,1,10
BRDA:2174,262,0,4
BRDA:2174,262,1,6
BRDA:2185,263,0,4
BRDA:2185,263,1,2
BRDA:2200,264,0,35
BRDA:2200,264,1,0
BRDA:2203,265,0,38
BRDA:2203,265,1,3
BRDA:2204,266,0,38
BRDA:2204,266,1,3
BRDA:2205,267,0,38
BRDA:2205,267,1,5
BRDA:2206,268,0,38
BRDA:2206,268,1,9
BRDA:2207,269,0,32
BRDA:2207,269,1,3
BRDA:2210,270,0,32
BRDA:2210,270,1,3
BRDA:2213,271,0,32
BRDA:2213,271,1,3
BRDA:2245,272,0,1
BRDA:2245,272,1,25
BRDA:2251,273,0,1
BRDA:2251,273,1,25
BRDA:2263,274,0,22
BRDA:2263,274,1,1
BRDA:2264,275,0,22
BRDA:2264,275,1,1
BRDA:2265,276,0,4
BRDA:2265,276,1,19
BRDA:2265,277,0,4
BRDA:2265,277,1,0
BRDA:2266,278,0,4
BRDA:2266,278,1,19
BRDA:2266,279,0,4
BRDA:2266,279,1,0
BRDA:2269,280,0,19
BRDA:2269,280,1,4
BRDA:2269,281,0,23
BRDA:2269,281,1,4
BRDA:2292,282,0,19
BRDA:2292,282,1,17
BRDA:2292,282,2,17
BRDA:2295,283,0,2
BRDA:2295,283,1,17
BRDA:2295,284,0,19
BRDA:2295,284,1,17
BRDA:2296,285,0,1
BRDA:2296,285,1,1
BRDA:2298,286,0,1
BRDA:2298,286,1,0
BRDA:2302,287,0,0
BRDA:2302,287,1,0
BRDA:2309,288,0,19
BRDA:2309,288,1,0
BRDA:2309,289,0,19
BRDA:2309,289,1,19
BRDA:2339,290,0,12
BRDA:2339,290,1,11
BRDA:2342,291,0,4
BRDA:2342,291,1,7
BRDA:2345,292,0,3
BRDA:2345,292,1,4
BRDA:2348,293,0,3
BRDA:2348,293,1,1
BRDA:2362,294,0,0
BRDA:2362,294,1,23
BRDA:2362,295,0,23
BRDA:2362,295,1,23
BRDA:2363,296,0,0
BRDA:2363,296,1,0
BRDA:2365,297,0,0
BRDA:2365,297,1,23
BRDA:2365,298,0,23
BRDA:2365,298,1,23
BRDA:2366,299,0,0
BRDA:2366,299,1,0
BRDA:2368,300,0,0
BRDA:2368,300,1,23
BRDA:2368,301,0,23
BRDA:2368,301,1,23
BRDA:2369,302,0,0
BRDA:2369,302,1,0
BRDA:2417,303,0,2
BRDA:2417,303,1,1
BRDA:2427,304,0,2
BRDA:2427,304,1,0
BRF:612
BRH:437
end_of_record
TN:
SF:routes\upload.js
FN:20,(anonymous_0)
FN:21,(anonymous_1)
FN:30,(anonymous_2)
FN:38,(anonymous_3)
FNF:4
FNH:4
FNDA:10,(anonymous_0)
FNDA:10,(anonymous_1)
FNDA:13,(anonymous_2)
FNDA:11,(anonymous_3)
DA:7,28
DA:9,28
DA:10,28
DA:13,28
DA:14,28
DA:15,0
DA:19,28
DA:20,10
DA:22,10
DA:23,10
DA:27,28
DA:31,13
DA:32,13
DA:33,13
DA:38,28
DA:39,11
DA:40,11
LF:17
LH:16
BRDA:14,0,0,0
BRDA:14,0,1,28
BRDA:33,1,0,10
BRDA:33,1,1,3
BRF:4
BRH:3
end_of_record
TN:
SF:utils\adminAuth.js
FN:14,requireAdmin
FN:25,(anonymous_1)
FN:55,isAdmin
FNF:3
FNH:3
FNDA:6,requireAdmin
FNDA:4,(anonymous_1)
FNDA:4,isAdmin
DA:17,6
DA:18,2
DA:25,4
DA:26,4
DA:27,4
DA:30,4
DA:35,3
DA:37,4
DA:38,2
DA:44,1
DA:46,1
DA:47,1
DA:56,4
DA:57,4
DA:61,3
DA:63,1
DA:64,1
LF:17
LH:17
BRDA:17,0,0,2
BRDA:17,0,1,4
BRDA:17,1,0,6
BRDA:17,1,1,5
BRDA:37,2,0,2
BRDA:37,2,1,2
BRF:6
BRH:6
end_of_record
TN:
SF:utils\inputValidation.js
FN:14,validateIdParam
FN:41,validateIdParams
FN:42,(anonymous_2)
FN:68,isValidEmail
FN:79,sanitizeString
FN:97,sanitizeNumber
FN:113,validateArray
FN:125,securityLogger
FN:126,(anonymous_8)
FNF:9
FNH:9
FNDA:54,validateIdParam
FNDA:5,validateIdParams
FNDA:5,(anonymous_2)
FNDA:14,isValidEmail
FNDA:14,sanitizeString
FNDA:14,sanitizeNumber
FNDA:10,validateArray
FNDA:4,securityLogger
FNDA:4,(anonymous_8)
DA:15,54
DA:17,54
DA:18,2
DA:22,52
DA:25,52
DA:26,9
DA:33,43
DA:34,43
DA:42,5
DA:43,5
DA:44,9
DA:46,9
DA:47,2
DA:50,7
DA:52,7
DA:53,2
DA:59,5
DA:61,3
DA:69,14
DA:70,5
DA:72,9
DA:80,14
DA:81,5
DA:84,9
DA:98,14
DA:99,7
DA:102,7
DA:103,7
DA:104,2
DA:107,5
DA:114,10
DA:115,5
DA:119,5
DA:126,4
DA:127,4
DA:138,4
DA:139,3
DA:145,4
LF:38
LH:38
BRDA:17,0,0,2
BRDA:17,0,1,52
BRDA:17,1,0,54
BRDA:17,1,1,52
BRDA:25,2,0,9
BRDA:25,2,1,43
BRDA:25,3,0,52
BRDA:25,3,1,50
BRDA:25,3,2,47
BRDA:46,4,0,2
BRDA:46,4,1,7
BRDA:46,5,0,9
BRDA:46,5,1,7
BRDA:52,6,0,2
BRDA:52,6,1,5
BRDA:52,7,0,7
BRDA:52,7,1,5
BRDA:52,7,2,5
BRDA:69,8,0,5
BRDA:69,8,1,9
BRDA:69,9,0,14
BRDA:69,9,1,11
BRDA:80,10,0,5
BRDA:80,10,1,9
BRDA:80,11,0,14
BRDA:80,11,1,11
BRDA:97,12,0,14
BRDA:98,13,0,7
BRDA:98,13,1,7
BRDA:98,14,0,14
BRDA:98,14,1,11
BRDA:98,14,2,9
BRDA:103,15,0,2
BRDA:103,15,1,5
BRDA:113,16,0,10
BRDA:114,17,0,5
BRDA:114,17,1,5
BRDA:130,18,0,4
BRDA:130,18,1,0
BRDA:134,19,0,4
BRDA:134,19,1,3
BRDA:134,19,2,3
BRDA:138,20,0,3
BRDA:138,20,1,1
BRF:44
BRH:43
end_of_record
TN:
SF:utils\logger.js
FN:36,(anonymous_0)
FN:56,(anonymous_1)
FN:106,(anonymous_2)
FN:117,(anonymous_3)
FN:129,(anonymous_4)
FN:133,(anonymous_5)
FN:137,(anonymous_6)
FN:141,(anonymous_7)
FNF:8
FNH:6
FNDA:448,(anonymous_0)
FNDA:26,(anonymous_1)
FNDA:408,(anonymous_2)
FNDA:14,(anonymous_3)
FNDA:0,(anonymous_4)
FNDA:12,(anonymous_5)
FNDA:382,(anonymous_6)
FNDA:0,(anonymous_7)
DA:8,6
DA:9,6
DA:12,6
DA:21,6
DA:29,6
DA:32,6
DA:37,448
DA:38,448
DA:41,448
DA:42,436
DA:45,448
DA:50,6
DA:57,26
DA:58,26
DA:59,26
DA:60,20
DA:62,26
DA:80,6
DA:100,6
DA:101,6
DA:102,0
DA:106,6
DA:107,408
DA:113,408
DA:117,6
DA:118,14
DA:126,14
DA:129,6
DA:130,0
DA:133,6
DA:134,12
DA:137,6
DA:138,382
DA:141,6
DA:142,0
LF:35
LH:32
BRDA:41,0,0,436
BRDA:41,0,1,12
BRDA:59,1,0,20
BRDA:59,1,1,6
BRDA:81,2,0,6
BRDA:81,2,1,6
BRDA:101,3,0,0
BRDA:101,3,1,6
BRDA:106,4,0,408
BRDA:117,5,0,14
BRDA:117,6,0,14
BRDA:120,7,0,2
BRDA:120,7,1,12
BRDA:129,8,0,0
BRDA:133,9,0,12
BRDA:137,10,0,382
BRDA:141,11,0,0
BRF:17
BRH:14
end_of_record
TN:
SF:utils\monitoring.js
FN:7,(anonymous_0)
FN:25,(anonymous_1)
FN:71,(anonymous_2)
FN:79,(anonymous_3)
FN:84,(anonymous_4)
FN:86,(anonymous_5)
FN:91,(anonymous_6)
FN:92,(anonymous_7)
FN:99,(anonymous_8)
FN:104,(anonymous_9)
FN:106,(anonymous_10)
FN:109,(anonymous_11)
FN:115,(anonymous_12)
FN:117,(anonymous_13)
FN:147,(anonymous_14)
FN:149,(anonymous_15)
FN:154,(anonymous_16)
FN:166,(anonymous_17)
FNF:18
FNH:18
FNDA:8,(anonymous_0)
FNDA:2040,(anonymous_1)
FNDA:2040,(anonymous_2)
FNDA:28,(anonymous_3)
FNDA:1842,(anonymous_4)
FNDA:1842,(anonymous_5)
FNDA:509,(anonymous_6)
FNDA:1842,(anonymous_7)
FNDA:1842,(anonymous_8)
FNDA:2,(anonymous_9)
FNDA:23,(anonymous_10)
FNDA:509,(anonymous_11)
FNDA:1,(anonymous_12)
FNDA:7,(anonymous_13)
FNDA:84,(anonymous_14)
FNDA:5472,(anonymous_15)
FNDA:32,(anonymous_16)
FNDA:34,(anonymous_17)
DA:8,8
DA:21,8
DA:22,8
DA:26,2040
DA:29,2040
DA:33,2040
DA:34,2040
DA:38,2040
DA:39,2040
DA:43,2040
DA:44,1
DA:46,2040
DA:56,2040
DA:57,609
DA:58,1
DA:60,609
DA:73,2040
DA:80,28
DA:81,28
DA:84,1842
DA:85,28
DA:86,1842
DA:90,28
DA:91,509
DA:92,1842
DA:93,28
DA:98,28
DA:99,1842
DA:103,28
DA:104,2
DA:106,23
DA:109,28
DA:110,509
DA:111,509
DA:112,509
DA:114,28
DA:115,1
DA:117,7
DA:119,28
DA:148,84
DA:149,5472
DA:150,63
DA:151,63
DA:155,32
DA:156,32
DA:157,32
DA:158,32
DA:160,32
DA:161,31
DA:162,30
DA:163,29
DA:167,34
DA:182,8
LF:53
LH:53
BRDA:25,0,0,2040
BRDA:30,1,0,2040
BRDA:30,1,1,44
BRDA:35,2,0,2040
BRDA:35,2,1,47
BRDA:40,3,0,2040
BRDA:40,3,1,43
BRDA:43,4,0,1
BRDA:43,4,1,2039
BRDA:56,5,0,609
BRDA:56,5,1,1431
BRDA:57,6,0,1
BRDA:57,6,1,608
BRDA:85,7,0,21
BRDA:85,7,1,7
BRDA:93,8,0,21
BRDA:93,8,1,7
BRDA:111,9,0,509
BRDA:111,9,1,7
BRDA:148,10,0,21
BRDA:148,10,1,63
BRDA:151,11,0,63
BRDA:151,11,1,0
BRDA:160,12,0,1
BRDA:160,12,1,31
BRDA:161,13,0,1
BRDA:161,13,1,30
BRDA:162,14,0,1
BRDA:162,14,1,29
BRF:29
BRH:28
end_of_record
TN:
SF:utils\pagination.js
FN:25,parsePaginationParams
FN:70,generatePaginationMeta
FN:113,applyPaginationToQuery
FN:141,paginationMiddleware
FN:142,(anonymous_4)
FN:155,formatPaginatedResponse
FN:169,limitOffsetSQL
FN:180,orderBySQL
FNF:8
FNH:8
FNDA:43,parsePaginationParams
FNDA:21,generatePaginationMeta
FNDA:6,applyPaginationToQuery
FNDA:4,paginationMiddleware
FNDA:4,(anonymous_4)
FNDA:3,formatPaginatedResponse
FNDA:4,limitOffsetSQL
FNDA:15,orderBySQL
DA:11,1
DA:26,43
DA:29,43
DA:30,43
DA:33,43
DA:34,43
DA:35,43
DA:38,43
DA:41,43
DA:42,43
DA:45,43
DA:46,2
DA:50,43
DA:52,43
DA:71,21
DA:72,21
DA:73,21
DA:75,21
DA:87,21
DA:88,5
DA:90,5
DA:91,3
DA:92,3
DA:95,5
DA:96,4
DA:97,4
DA:100,5
DA:103,21
DA:114,6
DA:117,6
DA:122,6
DA:125,6
DA:131,6
DA:142,4
DA:143,4
DA:144,4
DA:156,3
DA:170,4
DA:182,15
DA:186,15
DA:188,15
LF:41
LH:41
BRDA:25,0,0,43
BRDA:29,1,0,43
BRDA:29,1,1,33
BRDA:30,2,0,35
BRDA:30,2,1,8
BRDA:30,3,0,43
BRDA:30,3,1,10
BRDA:33,4,0,43
BRDA:33,4,1,31
BRDA:33,4,2,30
BRDA:34,5,0,32
BRDA:34,5,1,11
BRDA:34,6,0,43
BRDA:34,6,1,13
BRDA:35,7,0,2
BRDA:35,7,1,41
BRDA:41,8,0,43
BRDA:41,8,1,41
BRDA:41,8,2,40
BRDA:41,8,3,39
BRDA:42,9,0,43
BRDA:42,9,1,35
BRDA:42,9,2,34
BRDA:42,9,3,33
BRDA:45,10,0,2
BRDA:45,10,1,41
BRDA:50,11,0,43
BRDA:50,11,1,41
BRDA:50,11,2,40
BRDA:70,12,0,21
BRDA:87,13,0,5
BRDA:87,13,1,16
BRDA:90,14,0,3
BRDA:90,14,1,2
BRDA:95,15,0,4
BRDA:95,15,1,1
BRDA:113,16,0,6
BRDA:117,17,0,4
BRDA:117,17,1,2
BRDA:141,18,0,4
BRDA:180,19,0,15
BRDA:180,20,0,15
BRDA:182,21,0,2
BRDA:182,21,1,13
BRDA:182,22,0,15
BRDA:182,22,1,3
BRDA:183,23,0,2
BRDA:183,23,1,0
BRDA:186,24,0,9
BRDA:186,24,1,6
BRF:50
BRH:49
end_of_record
TN:
SF:utils\resourceMonitor.js
FN:37,getMemoryUsage
FN:61,getCpuUsage
FN:66,(anonymous_2)
FN:84,getDbPoolStats
FN:97,getApplicationMetrics
FN:126,formatUptime
FN:144,recordRequest
FN:161,(anonymous_7)
FN:168,recordQuery
FN:182,(anonymous_9)
FN:189,getHealthReport
FN:257,metricsMiddleware
FN:261,(anonymous_12)
FN:273,healthCheckHandler
FN:286,metricsHandler
FNF:15
FNH:15
FNDA:24,getMemoryUsage
FNDA:25,getCpuUsage
FNDA:264,(anonymous_2)
FNDA:25,getDbPoolStats
FNDA:53,getApplicationMetrics
FNDA:53,formatUptime
FNDA:1776,recordRequest
FNDA:1021498,(anonymous_7)
FNDA:1012,recordQuery
FNDA:512500,(anonymous_9)
FNDA:15,getHealthReport
FNDA:264,metricsMiddleware
FNDA:263,(anonymous_12)
FNDA:3,healthCheckHandler
FNDA:6,metricsHandler
DA:12,8
DA:38,24
DA:39,24
DA:40,24
DA:42,24
DA:62,25
DA:63,25
DA:64,25
DA:66,25
DA:67,264
DA:68,1320
DA:70,264
DA:73,25
DA:85,25
DA:98,53
DA:100,53
DA:127,53
DA:128,53
DA:129,53
DA:130,53
DA:132,53
DA:133,53
DA:134,53
DA:135,53
DA:136,53
DA:138,53
DA:145,1776
DA:147,1776
DA:148,638
DA:150,1138
DA:154,1776
DA:155,1776
DA:156,515
DA:160,1776
DA:161,1021498
DA:169,1012
DA:171,1012
DA:172,1012
DA:175,1012
DA:176,1012
DA:177,12
DA:181,1012
DA:182,512500
DA:190,15
DA:191,15
DA:192,15
DA:193,15
DA:196,15
DA:197,15
DA:200,15
DA:201,3
DA:202,3
DA:203,12
DA:204,2
DA:205,2
DA:209,15
DA:210,2
DA:211,2
DA:212,13
DA:213,1
DA:214,1
DA:218,15
DA:222,15
DA:223,1
DA:224,1
DA:225,14
DA:226,1
DA:227,1
DA:231,15
DA:235,15
DA:236,6
DA:237,6
DA:240,15
DA:258,264
DA:261,264
DA:262,263
DA:263,263
DA:264,263
DA:267,264
DA:274,3
DA:277,3
DA:280,3
DA:287,6
LF:83
LH:83
BRDA:75,0,0,25
BRDA:75,0,1,1
BRDA:86,1,0,25
BRDA:86,1,1,1
BRDA:87,2,0,25
BRDA:87,2,1,2
BRDA:88,3,0,25
BRDA:88,3,1,24
BRDA:89,4,0,25
BRDA:89,4,1,1
BRDA:89,5,0,25
BRDA:89,5,1,2
BRDA:90,6,0,25
BRDA:90,6,1,2
BRDA:109,7,0,49
BRDA:109,7,1,4
BRDA:133,8,0,0
BRDA:133,8,1,53
BRDA:134,9,0,0
BRDA:134,9,1,53
BRDA:135,10,0,0
BRDA:135,10,1,53
BRDA:144,11,0,1776
BRDA:147,12,0,638
BRDA:147,12,1,1138
BRDA:155,13,0,515
BRDA:155,13,1,1261
BRDA:168,14,0,1012
BRDA:168,15,0,1012
BRDA:171,16,0,2
BRDA:171,16,1,1010
BRDA:172,17,0,2
BRDA:172,17,1,1010
BRDA:176,18,0,12
BRDA:176,18,1,1000
BRDA:200,19,0,3
BRDA:200,19,1,12
BRDA:203,20,0,2
BRDA:203,20,1,10
BRDA:204,21,0,2
BRDA:204,21,1,0
BRDA:209,22,0,2
BRDA:209,22,1,13
BRDA:212,23,0,1
BRDA:212,23,1,12
BRDA:213,24,0,1
BRDA:213,24,1,0
BRDA:218,25,0,14
BRDA:218,25,1,1
BRDA:222,26,0,1
BRDA:222,26,1,14
BRDA:225,27,0,1
BRDA:225,27,1,13
BRDA:226,28,0,1
BRDA:226,28,1,0
BRDA:231,29,0,15
BRDA:231,29,1,0
BRDA:235,30,0,6
BRDA:235,30,1,9
BRDA:236,31,0,3
BRDA:236,31,1,3
BRDA:277,32,0,1
BRDA:277,32,1,2
BRDA:278,33,0,2
BRDA:278,33,1,0
BRF:65
BRH:57
end_of_record
TN:
SF:utils\roleTypeMapper.js
FN:5,getRoleTypeFromTitle
FN:183,getRoleCategoryFromTitle
FNF:2
FNH:2
FNDA:129,getRoleTypeFromTitle
FNDA:12,getRoleCategoryFromTitle
DA:6,129
DA:9,129
DA:12,126
DA:13,3
DA:15,123
DA:16,2
DA:18,121
DA:19,2
DA:21,119
DA:22,3
DA:24,116
DA:25,3
DA:27,113
DA:28,3
DA:30,110
DA:31,2
DA:35,108
DA:36,3
DA:38,105
DA:39,1
DA:41,104
DA:42,1
DA:44,103
DA:45,3
DA:47,100
DA:48,2
DA:50,98
DA:51,1
DA:53,97
DA:54,0
DA:58,97
DA:59,2
DA:61,95
DA:62,3
DA:64,92
DA:65,3
DA:67,89
DA:68,3
DA:72,86
DA:73,2
DA:75,84
DA:76,2
DA:78,82
DA:79,4
DA:81,78
DA:82,2
DA:86,76
DA:87,4
DA:91,72
DA:92,5
DA:96,67
DA:97,3
DA:99,64
DA:100,3
DA:102,61
DA:103,5
DA:105,56
DA:106,5
DA:108,51
DA:109,1
DA:113,50
DA:114,4
DA:116,46
DA:117,2
DA:121,44
DA:122,2
DA:124,42
DA:125,4
DA:129,38
DA:130,3
DA:134,35
DA:135,1
DA:139,34
DA:140,2
DA:142,32
DA:143,1
DA:147,31
DA:148,5
DA:152,26
DA:153,4
DA:157,22
DA:158,4
DA:162,18
DA:163,1
DA:167,17
DA:168,2
DA:172,15
DA:173,1
DA:177,14
DA:184,12
DA:187,12
DA:194,12
DA:197,12
DA:198,7
DA:199,3
DA:201,2
LF:96
LH:95
BRDA:5,0,0,129
BRDA:9,1,0,3
BRDA:9,1,1,126
BRDA:12,2,0,3
BRDA:12,2,1,123
BRDA:12,3,0,126
BRDA:12,3,1,123
BRDA:15,4,0,2
BRDA:15,4,1,121
BRDA:15,5,0,123
BRDA:15,5,1,122
BRDA:18,6,0,2
BRDA:18,6,1,119
BRDA:18,7,0,121
BRDA:18,7,1,120
BRDA:21,8,0,3
BRDA:21,8,1,116
BRDA:21,9,0,119
BRDA:21,9,1,118
BRDA:21,9,2,117
BRDA:24,10,0,3
BRDA:24,10,1,113
BRDA:24,11,0,116
BRDA:24,11,1,115
BRDA:24,11,2,114
BRDA:27,12,0,3
BRDA:27,12,1,110
BRDA:27,13,0,113
BRDA:27,13,1,3
BRDA:27,13,2,2
BRDA:27,13,3,1
BRDA:30,14,0,2
BRDA:30,14,1,108
BRDA:30,15,0,110
BRDA:30,15,1,109
BRDA:35,16,0,3
BRDA:35,16,1,105
BRDA:38,17,0,1
BRDA:38,17,1,104
BRDA:41,18,0,1
BRDA:41,18,1,103
BRDA:44,19,0,3
BRDA:44,19,1,100
BRDA:44,20,0,103
BRDA:44,20,1,102
BRDA:44,20,2,101
BRDA:47,21,0,2
BRDA:47,21,1,98
BRDA:47,22,0,100
BRDA:47,22,1,99
BRDA:50,23,0,1
BRDA:50,23,1,97
BRDA:53,24,0,0
BRDA:53,24,1,97
BRDA:53,25,0,97
BRDA:53,25,1,2
BRDA:53,25,2,1
BRDA:58,26,0,2
BRDA:58,26,1,95
BRDA:58,27,0,97
BRDA:58,27,1,96
BRDA:61,28,0,3
BRDA:61,28,1,92
BRDA:61,29,0,95
BRDA:61,29,1,92
BRDA:64,30,0,3
BRDA:64,30,1,89
BRDA:64,31,0,92
BRDA:64,31,1,91
BRDA:64,31,2,90
BRDA:67,32,0,3
BRDA:67,32,1,86
BRDA:67,33,0,89
BRDA:67,33,1,88
BRDA:67,33,2,87
BRDA:72,34,0,2
BRDA:72,34,1,84
BRDA:75,35,0,2
BRDA:75,35,1,82
BRDA:75,36,0,84
BRDA:75,36,1,83
BRDA:78,37,0,4
BRDA:78,37,1,78
BRDA:78,38,0,82
BRDA:78,38,1,81
BRDA:78,38,2,80
BRDA:78,38,3,79
BRDA:81,39,0,2
BRDA:81,39,1,76
BRDA:81,40,0,78
BRDA:81,40,1,77
BRDA:86,41,0,4
BRDA:86,41,1,72
BRDA:86,42,0,76
BRDA:86,42,1,74
BRDA:86,42,2,74
BRDA:86,42,3,73
BRDA:91,43,0,5
BRDA:91,43,1,67
BRDA:91,44,0,72
BRDA:91,44,1,71
BRDA:91,44,2,70
BRDA:91,44,3,69
BRDA:91,44,4,68
BRDA:96,45,0,3
BRDA:96,45,1,64
BRDA:96,46,0,67
BRDA:96,46,1,65
BRDA:99,47,0,3
BRDA:99,47,1,61
BRDA:99,48,0,64
BRDA:99,48,1,62
BRDA:102,49,0,5
BRDA:102,49,1,56
BRDA:102,50,0,61
BRDA:102,50,1,59
BRDA:102,50,2,58
BRDA:102,50,3,57
BRDA:105,51,0,5
BRDA:105,51,1,51
BRDA:105,52,0,56
BRDA:105,52,1,54
BRDA:105,52,2,53
BRDA:105,52,3,52
BRDA:108,53,0,1
BRDA:108,53,1,50
BRDA:108,54,0,51
BRDA:108,54,1,1
BRDA:108,54,2,1
BRDA:113,55,0,4
BRDA:113,55,1,46
BRDA:113,56,0,50
BRDA:113,56,1,49
BRDA:113,56,2,48
BRDA:113,56,3,47
BRDA:116,57,0,2
BRDA:116,57,1,44
BRDA:121,58,0,2
BRDA:121,58,1,42
BRDA:121,59,0,44
BRDA:121,59,1,42
BRDA:121,59,2,42
BRDA:124,60,0,4
BRDA:124,60,1,38
BRDA:124,61,0,42
BRDA:124,61,1,41
BRDA:124,61,2,40
BRDA:124,61,3,39
BRDA:129,62,0,3
BRDA:129,62,1,35
BRDA:134,63,0,1
BRDA:134,63,1,34
BRDA:139,64,0,2
BRDA:139,64,1,32
BRDA:139,65,0,34
BRDA:139,65,1,33
BRDA:139,65,2,32
BRDA:142,66,0,1
BRDA:142,66,1,31
BRDA:142,67,0,32
BRDA:142,67,1,32
BRDA:147,68,0,5
BRDA:147,68,1,26
BRDA:147,69,0,31
BRDA:147,69,1,30
BRDA:147,69,2,29
BRDA:147,69,3,28
BRDA:147,69,4,27
BRDA:152,70,0,4
BRDA:152,70,1,22
BRDA:152,71,0,26
BRDA:152,71,1,25
BRDA:152,71,2,24
BRDA:152,71,3,23
BRDA:152,71,4,23
BRDA:157,72,0,4
BRDA:157,72,1,18
BRDA:157,73,0,22
BRDA:157,73,1,21
BRDA:157,73,2,20
BRDA:157,73,3,19
BRDA:162,74,0,1
BRDA:162,74,1,17
BRDA:162,75,0,18
BRDA:162,75,1,17
BRDA:167,76,0,2
BRDA:167,76,1,15
BRDA:167,77,0,17
BRDA:167,77,1,17
BRDA:167,77,2,16
BRDA:172,78,0,1
BRDA:172,78,1,14
BRDA:172,79,0,15
BRDA:172,79,1,14
BRDA:183,80,0,12
BRDA:197,81,0,5
BRDA:197,81,1,7
BRDA:198,82,0,4
BRDA:198,82,1,3
BRDA:199,83,0,1
BRDA:199,83,1,2
BRF:201
BRH:200
end_of_record
TN:
SF:utils\schedulingHelpers.js
FN:19,getCalendarAuthUrl
FN:32,handleCalendarCallback
FN:42,syncToGoogleCalendar
FN:137,deleteFromGoogleCalendar
FN:172,sendInterviewReminder
FN:330,sendInterviewConfirmation
FNF:6
FNH:6
FNDA:2,getCalendarAuthUrl
FNDA:2,handleCalendarCallback
FNDA:6,syncToGoogleCalendar
FNDA:4,deleteFromGoogleCalendar
FNDA:5,sendInterviewReminder
FNDA:2,sendInterviewConfirmation
DA:6,12
DA:13,12
DA:20,2
DA:29,2
DA:33,2
DA:34,2
DA:35,1
DA:37,1
DA:38,1
DA:43,6
DA:45,6
DA:51,6
DA:52,1
DA:53,1
DA:57,5
DA:58,5
DA:60,5
DA:62,1
DA:66,1
DA:69,1
DA:77,1
DA:79,4
DA:85,5
DA:88,5
DA:89,6
DA:91,6
DA:113,6
DA:115,1
DA:120,1
DA:121,1
DA:124,4
DA:128,3
DA:129,3
DA:132,1
DA:133,1
DA:138,4
DA:139,4
DA:145,4
DA:147,2
DA:152,2
DA:154,2
DA:159,1
DA:161,1
DA:170,12
DA:173,5
DA:174,5
DA:175,5
DA:185,5
DA:189,5
DA:193,5
DA:270,5
DA:271,5
DA:277,5
DA:280,5
DA:281,5
DA:282,1
DA:291,1
DA:302,4
DA:314,1
DA:317,5
DA:318,1
DA:319,1
DA:322,4
DA:323,4
DA:325,1
DA:326,1
DA:331,2
DA:332,2
DA:334,2
DA:335,2
DA:350,2
DA:353,2
DA:354,2
DA:355,0
DA:364,0
DA:375,2
DA:387,0
DA:390,2
DA:392,2
DA:393,2
DA:395,0
LF:81
LH:77
BRDA:15,0,0,12
BRDA:15,0,1,0
BRDA:51,1,0,1
BRDA:51,1,1,5
BRDA:60,2,0,1
BRDA:60,2,1,4
BRDA:60,3,0,5
BRDA:60,3,1,1
BRDA:88,4,0,5
BRDA:88,4,1,1
BRDA:89,5,0,6
BRDA:89,5,1,4
BRDA:93,6,0,6
BRDA:93,6,1,4
BRDA:93,7,0,6
BRDA:93,7,1,4
BRDA:93,8,0,6
BRDA:93,8,1,4
BRDA:93,9,0,1
BRDA:93,9,1,4
BRDA:96,10,0,6
BRDA:96,10,1,1
BRDA:100,11,0,6
BRDA:100,11,1,1
BRDA:102,12,0,6
BRDA:102,12,1,4
BRDA:102,12,2,3
BRDA:113,13,0,1
BRDA:113,13,1,4
BRDA:116,14,0,1
BRDA:116,14,1,0
BRDA:125,15,0,4
BRDA:125,15,1,0
BRDA:145,16,0,2
BRDA:145,16,1,2
BRDA:145,17,0,4
BRDA:145,17,1,3
BRDA:155,18,0,2
BRDA:155,18,1,0
BRDA:174,19,0,5
BRDA:174,19,1,1
BRDA:185,20,0,4
BRDA:185,20,1,1
BRDA:189,21,0,4
BRDA:189,21,1,1
BRDA:190,22,0,4
BRDA:190,22,1,3
BRDA:191,23,0,1
BRDA:191,23,1,1
BRDA:229,24,0,5
BRDA:229,24,1,4
BRDA:235,25,0,1
BRDA:235,25,1,4
BRDA:241,26,0,1
BRDA:241,26,1,4
BRDA:247,27,0,1
BRDA:247,27,1,4
BRDA:250,28,0,1
BRDA:250,28,1,0
BRDA:281,29,0,1
BRDA:281,29,1,4
BRDA:287,30,0,1
BRDA:287,30,1,0
BRDA:288,31,0,1
BRDA:288,31,1,0
BRDA:297,32,0,1
BRDA:297,32,1,0
BRDA:317,33,0,1
BRDA:317,33,1,4
BRDA:332,34,0,2
BRDA:332,34,1,1
BRDA:345,35,0,1
BRDA:345,35,1,1
BRDA:354,36,0,0
BRDA:354,36,1,2
BRDA:360,37,0,0
BRDA:360,37,1,0
BRDA:361,38,0,0
BRDA:361,38,1,0
BRDA:370,39,0,0
BRDA:370,39,1,0
BRDA:390,40,0,0
BRDA:390,40,1,2
BRF:83
BRH:67
end_of_record
TN:
SF:utils\sentry.js
FN:9,(anonymous_0)
FN:26,(anonymous_1)
FN:42,(anonymous_2)
FN:43,(anonymous_3)
FN:45,(anonymous_4)
FN:55,(anonymous_5)
FN:56,(anonymous_6)
FN:57,(anonymous_7)
FN:67,(anonymous_8)
FN:77,(anonymous_9)
FNF:10
FNH:10
FNDA:15,(anonymous_0)
FNDA:4,(anonymous_1)
FNDA:4,(anonymous_2)
FNDA:5,(anonymous_3)
FNDA:7,(anonymous_4)
FNDA:4,(anonymous_5)
FNDA:5,(anonymous_6)
FNDA:4,(anonymous_7)
FNDA:2,(anonymous_8)
FNDA:1,(anonymous_9)
DA:9,7
DA:10,15
DA:12,15
DA:13,7
DA:14,7
DA:17,8
DA:28,4
DA:30,2
DA:32,2
DA:36,15
DA:42,7
DA:43,4
DA:45,5
DA:46,7
DA:48,5
DA:55,7
DA:56,4
DA:57,5
DA:58,4
DA:60,5
DA:67,7
DA:68,2
DA:77,7
DA:78,1
LF:24
LH:24
BRDA:12,0,0,7
BRDA:12,0,1,8
BRDA:19,1,0,8
BRDA:19,1,1,1
BRDA:22,2,0,1
BRDA:22,2,1,7
BRDA:24,3,0,15
BRDA:24,3,1,1
BRDA:28,4,0,2
BRDA:28,4,1,2
BRDA:28,5,0,4
BRDA:28,5,1,3
BRDA:42,6,0,4
BRDA:55,7,0,4
BRDA:55,8,0,4
BRF:15
BRH:15
end_of_record
TN:
SF:utils\tokenEncryption.js
FN:15,getEncryptionKey
FN:40,encryptToken
FN:68,decryptToken
FNF:3
FNH:3
FNDA:17,getEncryptionKey
FNDA:13,encryptToken
FNDA:10,decryptToken
DA:5,7
DA:6,7
DA:7,7
DA:8,7
DA:9,7
DA:16,17
DA:17,17
DA:19,13
DA:20,8
DA:21,8
DA:22,8
DA:25,13
DA:28,4
DA:29,3
DA:32,1
DA:41,13
DA:42,3
DA:45,10
DA:46,10
DA:47,10
DA:48,10
DA:50,10
DA:51,10
DA:52,10
DA:55,10
DA:56,10
DA:58,0
DA:59,0
DA:69,10
DA:70,3
DA:73,7
DA:74,7
DA:75,7
DA:77,7
DA:79,1
DA:80,1
DA:83,6
DA:84,6
DA:85,6
DA:87,6
DA:88,6
DA:90,6
DA:91,6
DA:93,6
DA:95,1
DA:97,1
DA:98,1
LF:47
LH:45
BRDA:17,0,0,13
BRDA:17,0,1,4
BRDA:19,1,0,8
BRDA:19,1,1,5
BRDA:28,2,0,3
BRDA:28,2,1,1
BRDA:41,3,0,3
BRDA:41,3,1,10
BRDA:69,4,0,3
BRDA:69,4,1,7
BRDA:77,5,0,1
BRDA:77,5,1,6
BRF:12
BRH:12
end_of_record
