TN:
SF:auth.js
FN:3,auth
FNF:1
FNH:1
FNDA:583,auth
DA:4,583
DA:5,583
DA:6,583
DA:8,549
DA:9,549
DA:11,549
DA:12,549
DA:14,5
DA:15,1
DA:17,4
LF:10
LH:10
BRDA:4,0,0,583
BRDA:4,0,1,34
BRDA:5,1,0,549
BRDA:5,1,1,34
BRDA:6,2,0,34
BRDA:6,2,1,549
BRDA:14,3,0,1
BRDA:14,3,1,4
BRF:8
BRH:8
end_of_record
TN:
SF:server.js
FN:101,(anonymous_0)
FN:106,(anonymous_1)
FN:114,makeToken
FN:124,(anonymous_3)
FN:202,(anonymous_4)
FN:226,(anonymous_5)
FN:235,(anonymous_6)
FN:276,(anonymous_7)
FN:311,(anonymous_8)
FN:326,(anonymous_9)
FN:339,(anonymous_10)
FN:359,(anonymous_11)
FN:384,(anonymous_12)
FN:464,(anonymous_13)
FN:470,(anonymous_14)
FN:475,(anonymous_15)
FN:533,sendDeadlineReminders
FN:643,(anonymous_17)
FN:657,(anonymous_18)
FN:682,(anonymous_19)
FN:703,(anonymous_20)
FN:712,(anonymous_21)
FNF:22
FNH:16
FNDA:8,(anonymous_0)
FNDA:0,(anonymous_1)
FNDA:1,makeToken
FNDA:25,(anonymous_3)
FNDA:11,(anonymous_4)
FNDA:3,(anonymous_5)
FNDA:6,(anonymous_6)
FNDA:12,(anonymous_7)
FNDA:4,(anonymous_8)
FNDA:4,(anonymous_9)
FNDA:5,(anonymous_10)
FNDA:7,(anonymous_11)
FNDA:8,(anonymous_12)
FNDA:1,(anonymous_13)
FNDA:2,(anonymous_14)
FNDA:0,(anonymous_15)
FNDA:8,sendDeadlineReminders
FNDA:8,(anonymous_17)
FNDA:0,(anonymous_18)
FNDA:0,(anonymous_19)
FNDA:0,(anonymous_20)
FNDA:0,(anonymous_21)
DA:65,8
DA:66,8
DA:71,8
DA:73,8
DA:74,8
DA:78,8
DA:87,8
DA:88,8
DA:91,8
DA:99,8
DA:102,8
DA:104,8
DA:106,0
DA:109,8
DA:110,8
DA:111,8
DA:112,8
DA:115,1
DA:121,8
DA:124,8
DA:132,25
DA:133,25
DA:134,25
DA:135,3
DA:137,22
DA:138,3
DA:142,19
DA:143,3
DA:145,16
DA:146,3
DA:150,13
DA:154,25
DA:155,3
DA:158,10
DA:159,10
DA:160,10
DA:161,10
DA:163,7
DA:167,6
DA:168,5
DA:169,5
DA:172,0
DA:173,0
DA:177,0
DA:182,0
DA:183,0
DA:184,0
DA:186,5
DA:187,5
DA:189,3
DA:191,5
DA:193,10
DA:196,5
DA:197,5
DA:202,8
DA:203,11
DA:204,11
DA:205,11
DA:206,11
DA:209,10
DA:210,10
DA:212,8
DA:213,8
DA:214,8
DA:215,7
DA:217,1
DA:218,1
DA:220,1
DA:221,1
DA:226,8
DA:227,3
DA:232,8
DA:235,8
DA:236,6
DA:237,6
DA:238,6
DA:239,6
DA:244,6
DA:245,6
DA:246,6
DA:248,6
DA:250,4
DA:263,4
DA:266,6
DA:270,0
DA:271,0
DA:276,8
DA:277,12
DA:278,12
DA:280,12
DA:281,2
DA:282,10
DA:283,3
DA:284,7
DA:285,3
DA:290,4
DA:291,4
DA:292,4
DA:293,4
DA:296,0
DA:297,0
DA:301,0
DA:303,0
DA:305,0
DA:306,0
DA:311,8
DA:312,4
DA:313,4
DA:317,4
DA:318,1
DA:319,3
DA:321,0
DA:322,0
DA:326,8
DA:327,4
DA:328,4
DA:329,4
DA:333,3
DA:335,1
DA:336,1
DA:339,8
DA:340,5
DA:341,5
DA:343,5
DA:344,5
DA:345,5
DA:347,5
DA:348,5
DA:349,5
DA:351,3
DA:359,8
DA:360,7
DA:361,7
DA:362,7
DA:365,7
DA:366,1
DA:368,6
DA:369,6
DA:370,6
DA:372,0
DA:373,0
DA:375,0
DA:376,0
DA:382,8
DA:384,8
DA:385,8
DA:386,8
DA:387,8
DA:388,3
DA:391,5
DA:396,5
DA:397,5
DA:398,8
DA:399,8
DA:402,8
DA:405,0
DA:406,0
DA:412,0
DA:413,0
DA:415,5
DA:416,5
DA:421,8
DA:422,8
DA:423,8
DA:424,8
DA:425,8
DA:426,8
DA:427,8
DA:428,8
DA:429,8
DA:430,8
DA:431,8
DA:432,8
DA:433,8
DA:434,8
DA:435,8
DA:436,8
DA:437,8
DA:438,8
DA:439,8
DA:440,8
DA:441,8
DA:442,8
DA:443,8
DA:444,8
DA:445,8
DA:446,8
DA:447,8
DA:448,8
DA:449,8
DA:450,8
DA:451,8
DA:452,8
DA:453,8
DA:454,8
DA:455,8
DA:456,8
DA:457,8
DA:458,8
DA:460,8
DA:464,8
DA:465,1
DA:466,1
DA:470,8
DA:475,8
DA:476,0
DA:478,0
DA:480,0
DA:488,0
DA:489,0
DA:490,0
DA:494,0
DA:495,0
DA:498,0
DA:501,0
DA:519,0
DA:526,0
DA:529,0
DA:534,8
DA:537,8
DA:539,8
DA:540,8
DA:558,7
DA:559,2
DA:560,2
DA:563,5
DA:564,5
DA:565,5
DA:566,5
DA:571,5
DA:575,5
DA:599,5
DA:606,5
DA:607,0
DA:612,0
DA:619,6
DA:622,8
DA:624,8
DA:625,8
DA:626,8
DA:627,8
DA:628,8
DA:629,8
DA:630,8
DA:631,8
DA:632,8
DA:633,8
DA:634,8
DA:635,8
DA:636,8
DA:639,8
DA:641,8
DA:643,8
DA:644,8
DA:645,8
DA:646,8
DA:648,0
DA:649,0
DA:657,8
DA:659,0
DA:660,0
DA:661,0
DA:663,0
DA:671,0
DA:673,0
DA:677,0
DA:678,0
DA:682,8
DA:684,0
DA:685,0
DA:687,0
DA:695,0
DA:697,0
DA:700,0
DA:701,0
DA:703,0
DA:704,0
DA:710,8
DA:711,0
DA:712,0
LF:280
LH:219
BRDA:68,0,0,8
BRDA:68,0,1,0
BRDA:109,1,0,8
BRDA:109,1,1,0
BRDA:126,2,0,25
BRDA:127,3,0,25
BRDA:128,4,0,25
BRDA:129,5,0,25
BRDA:130,6,0,25
BRDA:131,7,0,25
BRDA:134,8,0,3
BRDA:134,8,1,22
BRDA:134,9,0,25
BRDA:134,9,1,22
BRDA:137,10,0,3
BRDA:137,10,1,19
BRDA:142,11,0,3
BRDA:142,11,1,16
BRDA:145,12,0,3
BRDA:145,12,1,13
BRDA:145,13,0,16
BRDA:145,13,1,13
BRDA:150,14,0,13
BRDA:150,14,1,0
BRDA:154,15,0,3
BRDA:154,15,1,22
BRDA:167,16,0,5
BRDA:167,16,1,1
BRDA:203,17,0,11
BRDA:203,18,0,11
BRDA:209,19,0,2
BRDA:209,19,1,8
BRDA:213,20,0,8
BRDA:213,20,1,2
BRDA:214,21,0,7
BRDA:214,21,1,1
BRDA:237,22,0,6
BRDA:248,23,0,4
BRDA:248,23,1,2
BRDA:280,24,0,2
BRDA:280,24,1,10
BRDA:280,25,0,12
BRDA:280,25,1,12
BRDA:280,25,2,10
BRDA:282,26,0,3
BRDA:282,26,1,7
BRDA:284,27,0,3
BRDA:284,27,1,4
BRDA:292,28,0,4
BRDA:292,28,1,0
BRDA:292,29,0,4
BRDA:292,29,1,4
BRDA:292,29,2,0
BRDA:317,30,0,1
BRDA:317,30,1,3
BRDA:327,31,0,4
BRDA:327,32,0,4
BRDA:340,33,0,5
BRDA:340,33,1,1
BRDA:341,34,0,4
BRDA:341,34,1,1
BRDA:361,35,0,7
BRDA:365,36,0,1
BRDA:365,36,1,6
BRDA:369,37,0,6
BRDA:369,37,1,2
BRDA:370,38,0,6
BRDA:370,38,1,0
BRDA:387,39,0,3
BRDA:387,39,1,5
BRDA:398,40,0,8
BRDA:398,40,1,0
BRDA:399,41,0,8
BRDA:399,41,1,0
BRDA:405,42,0,0
BRDA:405,42,1,0
BRDA:488,43,0,0
BRDA:488,43,1,0
BRDA:499,44,0,0
BRDA:499,44,1,0
BRDA:504,45,0,0
BRDA:504,45,1,0
BRDA:509,46,0,0
BRDA:509,46,1,0
BRDA:537,47,0,8
BRDA:537,47,1,0
BRDA:537,48,0,8
BRDA:537,48,1,0
BRDA:558,49,0,2
BRDA:558,49,1,5
BRDA:572,50,0,3
BRDA:572,50,1,2
BRDA:578,51,0,5
BRDA:578,51,1,1
BRDA:585,52,0,5
BRDA:585,52,1,0
BRDA:606,53,0,0
BRDA:606,53,1,0
BRDA:641,54,0,8
BRDA:641,54,1,0
BRDA:641,55,0,8
BRDA:641,55,1,0
BRDA:659,56,0,0
BRDA:659,56,1,0
BRDA:659,57,0,0
BRDA:659,57,1,0
BRDA:661,58,0,0
BRDA:661,58,1,0
BRDA:663,59,0,0
BRDA:663,59,1,0
BRDA:663,60,0,0
BRDA:663,60,1,0
BRDA:663,60,2,0
BRDA:663,60,3,0
BRDA:663,60,4,0
BRDA:663,60,5,0
BRDA:663,60,6,0
BRDA:663,60,7,0
BRDA:685,61,0,0
BRDA:685,61,1,0
BRDA:687,62,0,0
BRDA:687,62,1,0
BRDA:687,63,0,0
BRDA:687,63,1,0
BRDA:687,63,2,0
BRDA:687,63,3,0
BRDA:687,63,4,0
BRDA:687,63,5,0
BRDA:687,63,6,0
BRDA:687,63,7,0
BRDA:710,64,0,0
BRDA:710,64,1,8
BRDA:711,65,0,0
BRDA:711,65,1,0
BRF:134
BRH:78
end_of_record
TN:
SF:routes\calendar.js
FN:27,(anonymous_0)
FN:57,(anonymous_1)
FN:81,(anonymous_2)
FN:185,(anonymous_3)
FN:224,(anonymous_4)
FNF:5
FNH:0
FNDA:0,(anonymous_0)
FNDA:0,(anonymous_1)
FNDA:0,(anonymous_2)
FNDA:0,(anonymous_3)
FNDA:0,(anonymous_4)
DA:8,8
DA:10,8
DA:12,8
DA:17,8
DA:27,8
DA:28,0
DA:29,0
DA:31,0
DA:32,0
DA:38,0
DA:40,0
DA:45,0
DA:46,0
DA:57,8
DA:58,0
DA:59,0
DA:61,0
DA:62,0
DA:74,0
DA:76,0
DA:79,0
DA:80,0
DA:81,0
DA:84,0
DA:101,0
DA:102,0
DA:103,0
DA:114,0
DA:117,0
DA:168,0
DA:169,0
DA:185,8
DA:186,0
DA:187,0
DA:189,0
DA:190,0
DA:196,0
DA:202,0
DA:212,0
DA:213,0
DA:224,8
DA:225,0
DA:226,0
DA:228,0
DA:229,0
DA:235,0
DA:240,0
DA:241,0
DA:242,0
DA:248,0
DA:250,0
DA:255,0
DA:256,0
LF:53
LH:8
BRDA:31,0,0,0
BRDA:31,0,1,0
BRDA:61,1,0,0
BRDA:61,1,1,0
BRDA:61,2,0,0
BRDA:61,2,1,0
BRDA:92,3,0,0
BRDA:92,3,1,0
BRDA:93,4,0,0
BRDA:93,4,1,0
BRDA:94,5,0,0
BRDA:94,5,1,0
BRDA:101,6,0,0
BRDA:101,6,1,0
BRDA:189,7,0,0
BRDA:189,7,1,0
BRDA:205,8,0,0
BRDA:205,8,1,0
BRDA:228,9,0,0
BRDA:228,9,1,0
BRDA:240,10,0,0
BRDA:240,10,1,0
BRF:22
BRH:0
end_of_record
TN:
SF:routes\careerGoals.js
FN:12,(anonymous_0)
FN:49,(anonymous_1)
FN:100,(anonymous_2)
FN:211,(anonymous_3)
FN:375,(anonymous_4)
FN:405,(anonymous_5)
FN:431,(anonymous_6)
FN:432,(anonymous_7)
FN:434,(anonymous_8)
FN:468,(anonymous_9)
FN:490,(anonymous_10)
FN:502,(anonymous_11)
FNF:12
FNH:0
FNDA:0,(anonymous_0)
FNDA:0,(anonymous_1)
FNDA:0,(anonymous_2)
FNDA:0,(anonymous_3)
FNDA:0,(anonymous_4)
FNDA:0,(anonymous_5)
FNDA:0,(anonymous_6)
FNDA:0,(anonymous_7)
FNDA:0,(anonymous_8)
FNDA:0,(anonymous_9)
FNDA:0,(anonymous_10)
FNDA:0,(anonymous_11)
DA:5,8
DA:6,8
DA:12,8
DA:13,0
DA:14,0
DA:16,0
DA:38,0
DA:40,0
DA:41,0
DA:49,8
DA:50,0
DA:51,0
DA:52,0
DA:55,0
DA:60,0
DA:61,0
DA:64,0
DA:67,0
DA:73,0
DA:79,0
DA:84,0
DA:91,0
DA:92,0
DA:100,8
DA:101,0
DA:102,0
DA:119,0
DA:122,0
DA:123,0
DA:129,0
DA:130,0
DA:131,0
DA:136,0
DA:162,0
DA:165,0
DA:166,0
DA:167,0
DA:185,0
DA:197,0
DA:199,0
DA:200,0
DA:211,8
DA:212,0
DA:213,0
DA:214,0
DA:215,0
DA:218,0
DA:223,0
DA:224,0
DA:227,0
DA:228,0
DA:231,0
DA:232,0
DA:233,0
DA:235,0
DA:254,0
DA:255,0
DA:256,0
DA:257,0
DA:258,0
DA:262,0
DA:263,0
DA:267,0
DA:268,0
DA:270,0
DA:271,0
DA:274,0
DA:278,0
DA:282,0
DA:283,0
DA:284,0
DA:287,0
DA:288,0
DA:290,0
DA:298,0
DA:301,0
DA:302,0
DA:315,0
DA:316,0
DA:321,0
DA:322,0
DA:327,0
DA:328,0
DA:336,0
DA:337,0
DA:340,0
DA:341,0
DA:342,0
DA:344,0
DA:361,0
DA:363,0
DA:364,0
DA:375,8
DA:376,0
DA:377,0
DA:378,0
DA:380,0
DA:387,0
DA:388,0
DA:391,0
DA:393,0
DA:394,0
DA:405,8
DA:406,0
DA:407,0
DA:410,0
DA:415,0
DA:417,0
DA:418,0
DA:430,0
DA:431,0
DA:432,0
DA:433,0
DA:434,0
DA:437,0
DA:443,0
DA:444,0
DA:447,0
DA:448,0
DA:453,0
DA:454,0
DA:459,0
DA:468,0
DA:469,0
DA:474,0
DA:475,0
DA:480,0
DA:489,0
DA:490,0
DA:491,0
DA:492,0
DA:493,0
DA:495,0
DA:496,0
DA:497,0
DA:499,0
DA:502,0
DA:503,0
DA:504,0
DA:505,0
DA:507,0
DA:508,0
DA:517,0
DA:518,0
DA:527,0
DA:528,0
DA:536,0
DA:548,0
DA:549,0
LF:149
LH:8
BRDA:60,0,0,0
BRDA:60,0,1,0
BRDA:122,1,0,0
BRDA:122,1,1,0
BRDA:122,2,0,0
BRDA:122,2,1,0
BRDA:122,2,2,0
BRDA:122,2,3,0
BRDA:122,2,4,0
BRDA:129,3,0,0
BRDA:129,3,1,0
BRDA:130,4,0,0
BRDA:130,4,1,0
BRDA:131,5,0,0
BRDA:131,5,1,0
BRDA:131,6,0,0
BRDA:131,6,1,0
BRDA:145,7,0,0
BRDA:145,7,1,0
BRDA:146,8,0,0
BRDA:146,8,1,0
BRDA:149,9,0,0
BRDA:149,9,1,0
BRDA:150,10,0,0
BRDA:150,10,1,0
BRDA:155,11,0,0
BRDA:155,11,1,0
BRDA:156,12,0,0
BRDA:156,12,1,0
BRDA:158,13,0,0
BRDA:158,13,1,0
BRDA:165,14,0,0
BRDA:165,14,1,0
BRDA:165,15,0,0
BRDA:165,15,1,0
BRDA:165,15,2,0
BRDA:175,16,0,0
BRDA:175,16,1,0
BRDA:177,17,0,0
BRDA:177,17,1,0
BRDA:178,18,0,0
BRDA:178,18,1,0
BRDA:223,19,0,0
BRDA:223,19,1,0
BRDA:244,20,0,0
BRDA:244,20,1,0
BRDA:245,21,0,0
BRDA:245,21,1,0
BRDA:255,22,0,0
BRDA:255,22,1,0
BRDA:262,23,0,0
BRDA:262,23,1,0
BRDA:267,24,0,0
BRDA:267,24,1,0
BRDA:268,25,0,0
BRDA:268,25,1,0
BRDA:271,26,0,0
BRDA:271,26,1,0
BRDA:273,27,0,0
BRDA:273,27,1,0
BRDA:274,28,0,0
BRDA:274,28,1,0
BRDA:276,29,0,0
BRDA:276,29,1,0
BRDA:278,30,0,0
BRDA:278,30,1,0
BRDA:278,31,0,0
BRDA:278,31,1,0
BRDA:301,32,0,0
BRDA:301,32,1,0
BRDA:301,33,0,0
BRDA:301,33,1,0
BRDA:310,34,0,0
BRDA:310,34,1,0
BRDA:315,35,0,0
BRDA:315,35,1,0
BRDA:315,36,0,0
BRDA:315,36,1,0
BRDA:321,37,0,0
BRDA:321,37,1,0
BRDA:321,38,0,0
BRDA:321,38,1,0
BRDA:327,39,0,0
BRDA:327,39,1,0
BRDA:327,40,0,0
BRDA:327,40,1,0
BRDA:336,41,0,0
BRDA:336,41,1,0
BRDA:336,42,0,0
BRDA:336,42,1,0
BRDA:338,43,0,0
BRDA:338,43,1,0
BRDA:341,44,0,0
BRDA:341,44,1,0
BRDA:350,45,0,0
BRDA:350,45,1,0
BRDA:351,46,0,0
BRDA:351,46,1,0
BRDA:387,47,0,0
BRDA:387,47,1,0
BRDA:417,48,0,0
BRDA:417,48,1,0
BRDA:433,49,0,0
BRDA:433,49,1,0
BRDA:434,50,0,0
BRDA:434,50,1,0
BRDA:447,51,0,0
BRDA:447,51,1,0
BRDA:453,52,0,0
BRDA:453,52,1,0
BRDA:453,53,0,0
BRDA:453,53,1,0
BRDA:469,54,0,0
BRDA:469,54,1,0
BRDA:469,54,2,0
BRDA:474,55,0,0
BRDA:474,55,1,0
BRDA:491,56,0,0
BRDA:491,56,1,0
BRDA:492,57,0,0
BRDA:492,57,1,0
BRDA:496,58,0,0
BRDA:496,58,1,0
BRDA:499,59,0,0
BRDA:499,59,1,0
BRDA:507,60,0,0
BRDA:507,60,1,0
BRDA:507,61,0,0
BRDA:507,61,1,0
BRDA:517,62,0,0
BRDA:517,62,1,0
BRDA:527,63,0,0
BRDA:527,63,1,0
BRF:133
BRH:0
end_of_record
TN:
SF:routes\certification.js
FN:13,auth
FN:28,(anonymous_1)
FN:85,(anonymous_2)
FN:99,(anonymous_3)
FN:156,(anonymous_4)
FNF:5
FNH:5
FNDA:36,auth
FNDA:11,(anonymous_1)
FNDA:5,(anonymous_2)
FNDA:10,(anonymous_3)
FNDA:5,(anonymous_4)
DA:6,12
DA:7,12
DA:8,12
DA:9,12
DA:10,12
DA:14,36
DA:15,36
DA:17,32
DA:18,32
DA:19,32
DA:20,32
DA:21,32
DA:23,1
DA:28,12
DA:29,11
DA:41,11
DA:43,11
DA:44,2
DA:49,9
DA:50,11
DA:52,11
DA:56,11
DA:77,8
DA:79,1
DA:80,1
DA:85,12
DA:86,5
DA:87,5
DA:91,4
DA:93,1
DA:94,1
DA:99,12
DA:100,10
DA:113,10
DA:114,10
DA:115,10
DA:117,10
DA:118,100
DA:119,22
DA:122,22
DA:125,9
DA:128,22
DA:129,22
DA:133,10
DA:134,1
DA:136,9
DA:138,9
DA:145,9
DA:146,9
DA:147,8
DA:148,5
DA:150,1
DA:151,1
DA:156,12
DA:157,5
DA:158,5
DA:162,4
DA:163,4
DA:164,2
DA:166,1
DA:167,1
LF:61
LH:61
BRDA:10,0,0,12
BRDA:10,0,1,0
BRDA:15,1,0,4
BRDA:15,1,1,32
BRDA:43,2,0,2
BRDA:43,2,1,9
BRDA:43,3,0,11
BRDA:43,3,1,10
BRDA:49,4,0,9
BRDA:49,4,1,5
BRDA:50,5,0,1
BRDA:50,5,1,8
BRDA:50,6,0,8
BRDA:50,6,1,4
BRDA:52,7,0,1
BRDA:52,7,1,8
BRDA:52,8,0,11
BRDA:52,8,1,2
BRDA:66,9,0,11
BRDA:66,9,1,8
BRDA:67,10,0,11
BRDA:67,10,1,7
BRDA:70,11,0,11
BRDA:70,11,1,8
BRDA:71,12,0,11
BRDA:71,12,1,8
BRDA:73,13,0,11
BRDA:73,13,1,8
BRDA:118,14,0,22
BRDA:118,14,1,78
BRDA:122,15,0,9
BRDA:122,15,1,13
BRDA:125,16,0,6
BRDA:125,16,1,3
BRDA:125,17,0,9
BRDA:125,17,1,7
BRDA:133,18,0,1
BRDA:133,18,1,9
BRDA:147,19,0,3
BRDA:147,19,1,5
BRDA:162,20,0,2
BRDA:162,20,1,2
BRF:42
BRH:41
end_of_record
TN:
SF:routes\company.js
FN:22,(anonymous_0)
FN:23,(anonymous_1)
FN:31,auth
FN:45,(anonymous_3)
FN:87,(anonymous_4)
FN:165,(anonymous_5)
FN:189,(anonymous_6)
FN:208,(anonymous_7)
FNF:8
FNH:6
FNDA:0,(anonymous_0)
FNDA:0,(anonymous_1)
FNDA:28,auth
FNDA:6,(anonymous_3)
FNDA:7,(anonymous_4)
FNDA:6,(anonymous_5)
FNDA:6,(anonymous_6)
FNDA:4,(anonymous_7)
DA:10,11
DA:11,11
DA:12,11
DA:13,11
DA:14,11
DA:17,11
DA:18,11
DA:21,11
DA:22,0
DA:24,0
DA:25,0
DA:28,11
DA:32,28
DA:33,28
DA:34,24
DA:35,24
DA:36,24
DA:37,24
DA:38,24
DA:40,1
DA:45,11
DA:46,6
DA:47,6
DA:48,6
DA:68,5
DA:70,1
DA:76,1
DA:79,4
DA:81,1
DA:82,1
DA:87,11
DA:101,7
DA:103,7
DA:105,6
DA:106,6
DA:111,5
DA:112,4
DA:134,4
DA:136,1
DA:156,1
DA:159,1
DA:160,1
DA:165,11
DA:166,6
DA:167,6
DA:168,6
DA:170,6
DA:175,5
DA:176,1
DA:182,1
DA:185,4
DA:186,4
DA:187,1
DA:189,6
DA:190,3
DA:192,3
DA:200,3
DA:202,1
DA:203,1
DA:208,11
DA:209,4
DA:210,4
DA:211,4
DA:212,1
DA:214,3
DA:215,3
DA:220,2
DA:221,1
DA:227,1
DA:233,1
DA:241,1
DA:246,1
DA:247,1
LF:73
LH:70
BRDA:14,0,0,11
BRDA:14,0,1,0
BRDA:18,1,0,0
BRDA:18,1,1,11
BRDA:33,2,0,4
BRDA:33,2,1,24
BRDA:68,3,0,1
BRDA:68,3,1,4
BRDA:103,4,0,1
BRDA:103,4,1,6
BRDA:111,5,0,4
BRDA:111,5,1,1
BRDA:168,6,0,6
BRDA:168,6,1,0
BRDA:175,7,0,1
BRDA:175,7,1,4
BRDA:180,8,0,1
BRDA:180,8,1,0
BRDA:186,9,0,1
BRDA:186,9,1,3
BRDA:211,10,0,1
BRDA:211,10,1,3
BRDA:220,11,0,1
BRDA:220,11,1,1
BRF:24
BRH:20
end_of_record
TN:
SF:routes\companyResearch.js
FN:10,getWikipedia
FN:82,getNews
FN:134,(anonymous_2)
FN:175,extractKeyPoints
FN:177,(anonymous_4)
FN:178,(anonymous_5)
FN:185,generateInsights
FN:249,(anonymous_7)
FN:329,buildSocialLinks
FN:340,generateTalkingPointsAndQuestions
FN:368,(anonymous_10)
FN:424,(anonymous_11)
FN:438,(anonymous_12)
FN:489,(anonymous_13)
FN:530,(anonymous_14)
FN:536,(anonymous_15)
FN:540,(anonymous_16)
FN:544,(anonymous_17)
FN:548,(anonymous_18)
FN:556,(anonymous_19)
FN:560,(anonymous_20)
FNF:21
FNH:17
FNDA:8,getWikipedia
FNDA:8,getNews
FNDA:0,(anonymous_2)
FNDA:0,extractKeyPoints
FNDA:0,(anonymous_4)
FNDA:0,(anonymous_5)
FNDA:8,generateInsights
FNDA:21,(anonymous_7)
FNDA:8,buildSocialLinks
FNDA:8,generateTalkingPointsAndQuestions
FNDA:24,(anonymous_10)
FNDA:12,(anonymous_11)
FNDA:24,(anonymous_12)
FNDA:6,(anonymous_13)
FNDA:1,(anonymous_14)
FNDA:1,(anonymous_15)
FNDA:1,(anonymous_16)
FNDA:1,(anonymous_17)
FNDA:1,(anonymous_18)
FNDA:1,(anonymous_19)
FNDA:1,(anonymous_20)
DA:4,10
DA:6,10
DA:7,10
DA:11,8
DA:12,8
DA:15,8
DA:27,6
DA:28,8
DA:29,8
DA:32,5
DA:45,5
DA:46,8
DA:47,8
DA:50,8
DA:52,8
DA:55,8
DA:56,3
DA:60,5
DA:65,5
DA:66,8
DA:74,8
DA:76,2
DA:77,2
DA:83,8
DA:85,8
DA:118,8
DA:119,1
DA:120,1
DA:123,7
DA:124,7
DA:128,7
DA:129,1
DA:130,1
DA:133,0
DA:134,0
DA:135,0
DA:136,0
DA:137,0
DA:139,0
DA:140,0
DA:158,0
DA:170,6
DA:171,6
DA:176,0
DA:177,0
DA:178,0
DA:186,8
DA:187,8
DA:189,8
DA:199,8
DA:231,8
DA:232,8
DA:246,7
DA:248,8
DA:249,21
DA:251,8
DA:252,3
DA:260,3
DA:274,3
DA:277,3
DA:280,7
DA:311,1
DA:312,1
DA:330,8
DA:331,8
DA:341,8
DA:342,8
DA:344,0
DA:362,8
DA:368,24
DA:386,8
DA:387,8
DA:401,8
DA:402,8
DA:407,0
DA:408,0
DA:424,10
DA:425,12
DA:426,12
DA:427,4
DA:429,8
DA:430,8
DA:432,8
DA:433,8
DA:435,8
DA:438,24
DA:442,8
DA:446,12
DA:466,12
DA:475,8
DA:477,8
DA:478,8
DA:480,0
DA:481,0
DA:489,10
DA:490,6
DA:491,6
DA:493,6
DA:494,1
DA:500,5
DA:501,6
DA:503,6
DA:505,2
DA:506,2
DA:507,2
DA:508,2
DA:511,3
DA:513,2
DA:530,1
DA:536,1
DA:540,1
DA:544,1
DA:548,1
DA:556,1
DA:560,1
DA:573,2
DA:574,2
DA:575,2
DA:576,2
DA:579,1
DA:585,0
DA:586,0
LF:122
LH:104
BRDA:29,0,0,1
BRDA:29,0,1,7
BRDA:29,1,0,8
BRDA:29,1,1,5
BRDA:46,2,0,8
BRDA:46,2,1,0
BRDA:47,3,0,8
BRDA:47,3,1,0
BRDA:52,4,0,8
BRDA:52,4,1,2
BRDA:55,5,0,3
BRDA:55,5,1,5
BRDA:65,6,0,5
BRDA:65,6,1,0
BRDA:67,7,0,8
BRDA:67,7,1,0
BRDA:68,8,0,8
BRDA:68,8,1,3
BRDA:69,9,0,8
BRDA:69,9,1,0
BRDA:70,10,0,8
BRDA:70,10,1,0
BRDA:74,11,0,8
BRDA:74,11,1,0
BRDA:118,12,0,1
BRDA:118,12,1,7
BRDA:128,13,0,1
BRDA:128,13,1,6
BRDA:128,14,0,7
BRDA:128,14,1,0
BRDA:139,15,0,0
BRDA:139,15,1,0
BRDA:140,16,0,0
BRDA:140,16,1,0
BRDA:142,17,0,0
BRDA:142,17,1,0
BRDA:144,18,0,0
BRDA:144,18,1,0
BRDA:146,19,0,0
BRDA:146,19,1,0
BRDA:148,20,0,0
BRDA:148,20,1,0
BRDA:150,21,0,0
BRDA:150,21,1,0
BRDA:152,22,0,0
BRDA:152,22,1,0
BRDA:154,23,0,0
BRDA:154,23,1,0
BRDA:165,24,0,0
BRDA:165,24,1,0
BRDA:166,25,0,0
BRDA:166,25,1,0
BRDA:176,26,0,0
BRDA:176,26,1,0
BRDA:187,27,0,0
BRDA:187,27,1,8
BRDA:193,28,0,8
BRDA:193,28,1,3
BRDA:246,29,0,7
BRDA:246,29,1,0
BRDA:249,30,0,21
BRDA:249,30,1,15
BRDA:251,31,0,3
BRDA:251,31,1,5
BRDA:275,32,0,3
BRDA:275,32,1,0
BRDA:281,33,0,7
BRDA:281,33,1,6
BRDA:282,34,0,8
BRDA:282,34,1,0
BRDA:283,35,0,8
BRDA:283,35,1,0
BRDA:284,36,0,8
BRDA:284,36,1,0
BRDA:286,37,0,8
BRDA:286,37,1,0
BRDA:289,38,0,8
BRDA:289,38,1,0
BRDA:290,39,0,8
BRDA:290,39,1,0
BRDA:292,40,0,7
BRDA:292,40,1,0
BRDA:299,41,0,7
BRDA:299,41,1,0
BRDA:303,42,0,7
BRDA:303,42,1,0
BRDA:307,43,0,8
BRDA:307,43,1,0
BRDA:342,44,0,0
BRDA:342,44,1,8
BRDA:354,45,0,0
BRDA:354,45,1,0
BRDA:366,46,0,8
BRDA:366,46,1,0
BRDA:367,47,0,8
BRDA:367,47,1,0
BRDA:368,48,0,8
BRDA:368,48,1,0
BRDA:369,49,0,8
BRDA:369,49,1,1
BRDA:370,50,0,8
BRDA:370,50,1,1
BRDA:401,51,0,8
BRDA:401,51,1,0
BRDA:403,52,0,8
BRDA:403,52,1,0
BRDA:404,53,0,8
BRDA:404,53,1,0
BRDA:425,54,0,12
BRDA:425,54,1,3
BRDA:426,55,0,4
BRDA:426,55,1,8
BRDA:437,56,0,8
BRDA:437,56,1,3
BRDA:442,57,0,8
BRDA:442,57,1,1
BRDA:442,57,2,1
BRDA:448,58,0,12
BRDA:448,58,1,0
BRDA:448,58,2,0
BRDA:449,59,0,12
BRDA:449,59,1,0
BRDA:453,60,0,12
BRDA:453,60,1,0
BRDA:454,61,0,12
BRDA:454,61,1,0
BRDA:455,62,0,12
BRDA:455,62,1,0
BRDA:457,63,0,12
BRDA:457,63,1,0
BRDA:458,64,0,12
BRDA:458,64,1,0
BRDA:459,65,0,12
BRDA:459,65,1,0
BRDA:460,66,0,12
BRDA:460,66,1,0
BRDA:460,66,2,0
BRDA:493,67,0,1
BRDA:493,67,1,5
BRDA:500,68,0,5
BRDA:500,68,1,1
BRDA:501,69,0,6
BRDA:501,69,1,1
BRDA:503,70,0,2
BRDA:503,70,1,4
BRDA:511,71,0,2
BRDA:511,71,1,1
BRDA:521,72,0,2
BRDA:521,72,1,1
BRDA:522,73,0,2
BRDA:522,73,1,1
BRDA:523,74,0,2
BRDA:523,74,1,1
BRDA:527,75,0,2
BRDA:527,75,1,1
BRDA:530,76,0,2
BRDA:530,76,1,1
BRDA:532,77,0,2
BRDA:532,77,1,1
BRDA:536,78,0,2
BRDA:536,78,1,1
BRDA:540,79,0,2
BRDA:540,79,1,1
BRDA:544,80,0,2
BRDA:544,80,1,1
BRDA:548,81,0,2
BRDA:548,81,1,1
BRDA:556,82,0,2
BRDA:556,82,1,1
BRDA:560,83,0,2
BRDA:560,83,1,1
BRDA:564,84,0,2
BRDA:564,84,1,1
BRDA:565,85,0,2
BRDA:565,85,1,1
BRDA:566,86,0,2
BRDA:566,86,1,1
BRF:177
BRH:112
end_of_record
TN:
SF:routes\compensationHistory.js
FN:12,(anonymous_0)
FN:35,(anonymous_1)
FN:124,(anonymous_2)
FN:205,(anonymous_3)
FNF:4
FNH:0
FNDA:0,(anonymous_0)
FNDA:0,(anonymous_1)
FNDA:0,(anonymous_2)
FNDA:0,(anonymous_3)
DA:5,8
DA:6,8
DA:12,8
DA:13,0
DA:14,0
DA:16,0
DA:23,0
DA:25,0
DA:26,0
DA:35,8
DA:36,0
DA:37,0
DA:57,0
DA:60,0
DA:61,0
DA:67,0
DA:70,0
DA:74,0
DA:105,0
DA:107,0
DA:112,0
DA:113,0
DA:124,8
DA:125,0
DA:126,0
DA:127,0
DA:128,0
DA:131,0
DA:136,0
DA:137,0
DA:141,0
DA:142,0
DA:143,0
DA:145,0
DA:165,0
DA:166,0
DA:167,0
DA:168,0
DA:169,0
DA:173,0
DA:174,0
DA:177,0
DA:178,0
DA:180,0
DA:188,0
DA:193,0
DA:194,0
DA:205,8
DA:206,0
DA:207,0
DA:208,0
DA:210,0
DA:217,0
DA:218,0
DA:221,0
DA:225,0
DA:226,0
LF:57
LH:6
BRDA:60,0,0,0
BRDA:60,0,1,0
BRDA:60,1,0,0
BRDA:60,1,1,0
BRDA:60,1,2,0
BRDA:67,2,0,0
BRDA:67,2,1,0
BRDA:70,3,0,0
BRDA:70,3,1,0
BRDA:84,4,0,0
BRDA:84,4,1,0
BRDA:87,5,0,0
BRDA:87,5,1,0
BRDA:89,6,0,0
BRDA:89,6,1,0
BRDA:90,7,0,0
BRDA:90,7,1,0
BRDA:91,8,0,0
BRDA:91,8,1,0
BRDA:91,8,2,0
BRDA:92,9,0,0
BRDA:92,9,1,0
BRDA:92,9,2,0
BRDA:93,10,0,0
BRDA:93,10,1,0
BRDA:93,10,2,0
BRDA:93,10,3,0
BRDA:94,11,0,0
BRDA:94,11,1,0
BRDA:95,12,0,0
BRDA:95,12,1,0
BRDA:96,13,0,0
BRDA:96,13,1,0
BRDA:97,14,0,0
BRDA:97,14,1,0
BRDA:98,15,0,0
BRDA:98,15,1,0
BRDA:99,16,0,0
BRDA:99,16,1,0
BRDA:100,17,0,0
BRDA:100,17,1,0
BRDA:101,18,0,0
BRDA:101,18,1,0
BRDA:136,19,0,0
BRDA:136,19,1,0
BRDA:151,20,0,0
BRDA:151,20,1,0
BRDA:152,21,0,0
BRDA:152,21,1,0
BRDA:153,22,0,0
BRDA:153,22,1,0
BRDA:154,23,0,0
BRDA:154,23,1,0
BRDA:158,24,0,0
BRDA:158,24,1,0
BRDA:160,25,0,0
BRDA:160,25,1,0
BRDA:161,26,0,0
BRDA:161,26,1,0
BRDA:162,27,0,0
BRDA:162,27,1,0
BRDA:166,28,0,0
BRDA:166,28,1,0
BRDA:173,29,0,0
BRDA:173,29,1,0
BRDA:217,30,0,0
BRDA:217,30,1,0
BRF:67
BRH:0
end_of_record
TN:
SF:routes\coverLetterAI.js
FN:10,createCoverLetterAIRoutes
FN:19,(anonymous_1)
FN:269,(anonymous_2)
FN:278,estimateReadability
FNF:4
FNH:4
FNDA:37,createCoverLetterAIRoutes
FNDA:18,(anonymous_1)
FNDA:10,(anonymous_2)
FNDA:7,estimateReadability
DA:7,10
DA:11,37
DA:12,37
DA:13,37
DA:19,37
DA:20,18
DA:44,18
DA:47,18
DA:48,18
DA:52,18
DA:55,18
DA:60,18
DA:65,18
DA:67,18
DA:68,18
DA:69,18
DA:79,16
DA:81,2
DA:86,18
DA:96,18
DA:105,18
DA:152,18
DA:153,18
DA:159,18
DA:162,18
DA:163,0
DA:169,18
DA:170,18
DA:171,18
DA:173,0
DA:176,0
DA:183,18
DA:246,18
DA:253,17
DA:255,18
DA:261,1
DA:262,1
DA:269,37
DA:270,10
DA:271,10
DA:273,10
DA:274,2
DA:279,7
DA:280,7
DA:281,7
DA:284,7
DA:288,7
DA:297,8
DA:306,8
DA:311,8
DA:321,7
DA:322,10
DA:324,10
DA:332,1
DA:333,1
DA:337,37
DA:341,10
LF:57
LH:54
BRDA:10,0,0,37
BRDA:10,1,0,37
BRDA:12,2,0,37
BRDA:12,2,1,10
BRDA:13,3,0,37
BRDA:13,3,1,10
BRDA:37,4,0,18
BRDA:38,5,0,18
BRDA:39,6,0,18
BRDA:40,7,0,18
BRDA:41,8,0,18
BRDA:42,9,0,18
BRDA:43,10,0,18
BRDA:47,11,0,18
BRDA:47,11,1,2
BRDA:47,11,2,1
BRDA:48,12,0,18
BRDA:48,12,1,3
BRDA:48,12,2,1
BRDA:52,13,0,18
BRDA:52,13,1,12
BRDA:52,14,0,12
BRDA:52,14,1,0
BRDA:55,15,0,18
BRDA:55,15,1,17
BRDA:56,16,0,1
BRDA:56,16,1,16
BRDA:60,17,0,18
BRDA:60,17,1,17
BRDA:67,18,0,18
BRDA:67,18,1,0
BRDA:79,19,0,16
BRDA:79,19,1,0
BRDA:86,20,0,14
BRDA:86,20,1,4
BRDA:88,21,0,1
BRDA:88,21,1,3
BRDA:159,22,0,18
BRDA:159,22,1,0
BRDA:162,23,0,0
BRDA:162,23,1,18
BRDA:253,24,0,17
BRDA:253,24,1,0
BRDA:271,25,0,10
BRDA:273,26,0,2
BRDA:273,26,1,8
BRDA:279,27,0,7
BRDA:279,27,1,0
BRDA:280,28,0,7
BRDA:280,28,1,0
BRDA:291,29,0,5
BRDA:291,29,1,2
BRDA:291,30,0,2
BRDA:291,30,1,0
BRDA:321,31,0,7
BRDA:321,31,1,0
BRDA:322,32,0,10
BRDA:322,32,1,7
BRDA:326,33,0,10
BRDA:326,33,1,7
BRDA:327,34,0,10
BRDA:327,34,1,7
BRDA:328,35,0,10
BRDA:328,35,1,7
BRF:64
BRH:54
end_of_record
TN:
SF:routes\coverLetterExport.js
FN:9,safe
FN:18,(anonymous_1)
FN:43,(anonymous_2)
FN:82,(anonymous_3)
FNF:4
FNH:4
FNDA:64,safe
FNDA:10,(anonymous_1)
FNDA:8,(anonymous_2)
FNDA:14,(anonymous_3)
DA:6,9
DA:10,64
DA:18,9
DA:19,10
DA:20,10
DA:22,10
DA:24,10
DA:25,10
DA:26,10
DA:31,10
DA:32,10
DA:33,10
DA:35,8
DA:36,8
DA:43,9
DA:44,8
DA:45,8
DA:47,8
DA:49,8
DA:61,8
DA:63,7
DA:67,7
DA:72,7
DA:74,1
DA:75,1
DA:82,9
DA:83,14
DA:84,14
DA:86,14
DA:88,14
DA:89,14
DA:94,14
DA:96,0
DA:97,0
LF:34
LH:32
BRDA:10,0,0,64
BRDA:10,0,1,3
BRDA:20,1,0,10
BRDA:20,2,0,10
BRDA:31,3,0,10
BRDA:31,3,1,3
BRDA:45,4,0,8
BRDA:45,5,0,8
BRDA:54,6,0,8
BRDA:54,6,1,2
BRDA:84,7,0,14
BRDA:84,8,0,14
BRDA:94,9,0,14
BRDA:94,9,1,2
BRF:14
BRH:14
end_of_record
TN:
SF:routes\coverLetterTemplates.js
FN:9,createCoverLetterTemplatesRoutes
FN:22,(anonymous_1)
FN:46,(anonymous_2)
FN:80,(anonymous_3)
FN:102,(anonymous_4)
FN:124,(anonymous_5)
FN:204,(anonymous_6)
FN:251,(anonymous_7)
FN:282,(anonymous_8)
FN:304,(anonymous_9)
FN:323,(anonymous_10)
FNF:11
FNH:11
FNDA:44,createCoverLetterTemplatesRoutes
FNDA:3,(anonymous_1)
FNDA:7,(anonymous_2)
FNDA:2,(anonymous_3)
FNDA:2,(anonymous_4)
FNDA:9,(anonymous_5)
FNDA:12,(anonymous_6)
FNDA:5,(anonymous_7)
FNDA:2,(anonymous_8)
FNDA:2,(anonymous_9)
FNDA:3,(anonymous_10)
DA:6,10
DA:10,44
DA:11,44
DA:12,44
DA:22,44
DA:23,3
DA:24,3
DA:34,2
DA:36,1
DA:37,1
DA:46,44
DA:47,7
DA:53,7
DA:55,7
DA:56,3
DA:61,4
DA:70,3
DA:72,1
DA:73,1
DA:80,44
DA:81,2
DA:82,2
DA:84,2
DA:92,1
DA:94,1
DA:95,1
DA:102,44
DA:103,2
DA:104,2
DA:106,2
DA:114,1
DA:116,1
DA:117,1
DA:124,44
DA:125,9
DA:134,9
DA:136,9
DA:137,2
DA:144,7
DA:155,7
DA:158,9
DA:159,9
DA:160,9
DA:161,9
DA:162,9
DA:163,9
DA:164,9
DA:167,9
DA:168,9
DA:169,1
DA:171,6
DA:172,1
DA:176,7
DA:178,7
DA:204,12
DA:225,9
DA:235,6
DA:238,9
DA:240,1
DA:241,1
DA:251,44
DA:252,5
DA:253,5
DA:255,5
DA:256,2
DA:262,3
DA:269,2
DA:271,1
DA:272,1
DA:282,44
DA:283,2
DA:284,2
DA:286,2
DA:294,1
DA:296,1
DA:297,1
DA:304,44
DA:305,2
DA:306,2
DA:308,2
DA:313,1
DA:315,1
DA:316,1
DA:323,44
DA:324,3
DA:325,3
DA:326,3
DA:328,3
DA:336,2
DA:338,1
DA:339,1
DA:343,44
DA:347,10
LF:93
LH:93
BRDA:9,0,0,44
BRDA:9,1,0,44
BRDA:11,2,0,44
BRDA:11,2,1,10
BRDA:12,3,0,44
BRDA:12,3,1,10
BRDA:49,4,0,7
BRDA:50,5,0,7
BRDA:51,6,0,7
BRDA:52,7,0,7
BRDA:55,8,0,3
BRDA:55,8,1,4
BRDA:55,9,0,7
BRDA:55,9,1,6
BRDA:55,9,2,5
BRDA:127,10,0,9
BRDA:128,11,0,9
BRDA:129,12,0,9
BRDA:130,13,0,9
BRDA:131,14,0,9
BRDA:132,15,0,9
BRDA:133,16,0,9
BRDA:136,17,0,2
BRDA:136,17,1,7
BRDA:136,18,0,9
BRDA:136,18,1,8
BRDA:155,19,0,7
BRDA:155,19,1,1
BRDA:158,20,0,9
BRDA:158,20,1,1
BRDA:159,21,0,9
BRDA:159,21,1,1
BRDA:160,22,0,9
BRDA:160,22,1,1
BRDA:161,23,0,9
BRDA:161,23,1,1
BRDA:162,24,0,9
BRDA:162,24,1,1
BRDA:163,25,0,9
BRDA:163,25,1,1
BRDA:164,26,0,9
BRDA:164,26,1,1
BRDA:168,27,0,1
BRDA:168,27,1,6
BRDA:171,28,0,1
BRDA:171,28,1,5
BRDA:184,29,0,7
BRDA:184,29,1,1
BRDA:185,30,0,9
BRDA:185,30,1,1
BRDA:186,31,0,9
BRDA:186,31,1,1
BRDA:187,32,0,9
BRDA:187,32,1,7
BRDA:187,32,2,7
BRDA:190,33,0,9
BRDA:190,33,1,1
BRDA:191,34,0,9
BRDA:191,34,1,1
BRDA:192,35,0,9
BRDA:192,35,1,1
BRDA:195,36,0,9
BRDA:195,36,1,1
BRDA:198,37,0,9
BRDA:198,37,1,1
BRDA:198,37,2,1
BRDA:201,38,0,9
BRDA:201,38,1,1
BRDA:204,39,0,7
BRDA:204,39,1,0
BRDA:210,40,0,9
BRDA:210,40,1,6
BRDA:211,41,0,9
BRDA:211,41,1,6
BRDA:212,42,0,9
BRDA:212,42,1,6
BRDA:235,43,0,6
BRDA:235,43,1,1
BRDA:255,44,0,2
BRDA:255,44,1,3
BRDA:255,45,0,5
BRDA:255,45,1,4
BRDA:266,46,0,3
BRDA:266,46,1,2
BRDA:333,47,0,3
BRDA:333,47,1,1
BRF:86
BRH:85
end_of_record
TN:
SF:routes\cover_letter.js
FN:12,(anonymous_0)
FN:28,(anonymous_1)
FN:86,(anonymous_2)
FN:108,(anonymous_3)
FN:165,(anonymous_4)
FN:194,(anonymous_5)
FN:303,(anonymous_6)
FN:306,(anonymous_7)
FN:357,(anonymous_8)
FNF:9
FNH:6
FNDA:11,(anonymous_0)
FNDA:11,(anonymous_1)
FNDA:8,(anonymous_2)
FNDA:11,(anonymous_3)
FNDA:2,(anonymous_4)
FNDA:0,(anonymous_5)
FNDA:0,(anonymous_6)
FNDA:0,(anonymous_7)
FNDA:7,(anonymous_8)
DA:12,11
DA:13,11
DA:14,11
DA:15,11
DA:17,0
DA:18,0
DA:22,11
DA:24,11
DA:25,11
DA:28,11
DA:29,11
DA:30,11
DA:33,11
DA:35,11
DA:36,11
DA:54,5
DA:55,5
DA:59,11
DA:60,11
DA:61,11
DA:78,2
DA:79,2
DA:82,11
DA:83,11
DA:86,11
DA:91,11
DA:98,1
DA:99,0
DA:100,0
DA:102,1
DA:103,1
DA:108,11
DA:109,11
DA:110,11
DA:111,11
DA:114,11
DA:115,11
DA:118,9
DA:119,9
DA:128,4
DA:129,4
DA:130,4
DA:131,4
DA:134,5
DA:135,2
DA:144,2
DA:145,2
DA:146,2
DA:147,2
DA:148,2
DA:150,3
DA:155,3
DA:156,2
DA:157,2
DA:159,1
DA:160,1
DA:165,11
DA:166,2
DA:167,2
DA:168,2
DA:172,2
DA:173,2
DA:178,0
DA:179,0
DA:182,2
DA:183,1
DA:186,1
DA:188,0
DA:189,0
DA:194,11
DA:195,0
DA:196,0
DA:197,0
DA:200,0
DA:201,0
DA:202,0
DA:209,0
DA:212,0
DA:213,0
DA:216,0
DA:219,0
DA:220,0
DA:221,0
DA:222,0
DA:223,0
DA:224,0
DA:226,0
DA:227,0
DA:228,0
DA:229,0
DA:230,0
DA:232,0
DA:233,0
DA:236,0
DA:237,0
DA:238,0
DA:241,0
DA:244,0
DA:245,0
DA:248,0
DA:249,0
DA:251,0
DA:252,0
DA:255,0
DA:277,0
DA:280,0
DA:285,0
DA:286,0
DA:288,0
DA:295,0
DA:298,0
DA:301,0
DA:302,0
DA:303,0
DA:305,0
DA:306,0
DA:308,0
DA:311,0
DA:312,0
DA:314,0
DA:320,0
DA:321,0
DA:322,0
DA:326,0
DA:327,0
DA:328,0
DA:332,0
DA:333,0
DA:337,0
DA:338,0
DA:339,0
DA:341,0
DA:347,0
DA:348,0
DA:349,0
DA:351,0
DA:352,0
DA:357,11
DA:358,7
DA:359,7
DA:360,7
DA:364,4
DA:367,3
DA:368,2
DA:369,2
DA:371,1
DA:372,1
LF:147
LH:72
BRDA:15,0,0,11
BRDA:15,0,1,0
BRDA:98,1,0,0
BRDA:98,1,1,1
BRDA:98,2,0,1
BRDA:98,2,1,1
BRDA:111,3,0,11
BRDA:114,4,0,11
BRDA:114,4,1,8
BRDA:115,5,0,2
BRDA:115,5,1,9
BRDA:125,6,0,9
BRDA:125,6,1,3
BRDA:125,7,0,11
BRDA:125,7,1,8
BRDA:134,8,0,2
BRDA:134,8,1,3
BRDA:141,9,0,2
BRDA:141,9,1,0
BRDA:147,10,0,0
BRDA:147,10,1,2
BRDA:155,11,0,2
BRDA:155,11,1,1
BRDA:155,12,0,3
BRDA:155,12,1,2
BRDA:182,13,0,1
BRDA:182,13,1,1
BRDA:212,14,0,0
BRDA:212,14,1,0
BRDA:219,15,0,0
BRDA:219,15,1,0
BRDA:232,16,0,0
BRDA:232,16,1,0
BRDA:236,17,0,0
BRDA:236,17,1,0
BRDA:236,18,0,0
BRDA:236,18,1,0
BRDA:236,18,2,0
BRDA:249,19,0,0
BRDA:249,19,1,0
BRDA:298,20,0,0
BRDA:298,20,1,0
BRDA:302,21,0,0
BRDA:302,21,1,0
BRDA:305,22,0,0
BRDA:305,22,1,0
BRDA:308,23,0,0
BRDA:308,23,1,0
BRDA:320,24,0,0
BRDA:320,24,1,0
BRDA:320,25,0,0
BRDA:320,25,1,0
BRDA:326,26,0,0
BRDA:326,26,1,0
BRDA:327,27,0,0
BRDA:327,27,1,0
BRDA:337,28,0,0
BRDA:337,28,1,0
BRDA:338,29,0,0
BRDA:338,29,1,0
BRDA:348,30,0,0
BRDA:348,30,1,0
BRDA:349,31,0,0
BRDA:349,31,1,0
BRDA:367,32,0,2
BRDA:367,32,1,1
BRDA:367,33,0,3
BRDA:367,33,1,2
BRF:68
BRH:27
end_of_record
TN:
SF:routes\dashboard.js
FN:12,(anonymous_0)
FN:336,(anonymous_1)
FNF:2
FNH:2
FNDA:18,(anonymous_0)
FNDA:10,(anonymous_1)
DA:5,11
DA:6,11
DA:12,11
DA:13,18
DA:14,18
DA:18,18
DA:19,18
DA:22,18
DA:23,18
DA:24,18
DA:25,18
DA:26,18
DA:27,18
DA:30,18
DA:34,17
DA:37,17
DA:46,17
DA:49,17
DA:57,17
DA:64,17
DA:78,17
DA:80,17
DA:103,17
DA:119,17
DA:123,18
DA:175,17
DA:180,17
DA:194,17
DA:199,17
DA:218,17
DA:223,17
DA:229,17
DA:231,17
DA:232,17
DA:239,16
DA:240,6
DA:247,1
DA:253,17
DA:260,17
DA:267,17
DA:274,18
DA:305,18
DA:311,18
DA:313,18
DA:314,13
DA:316,17
DA:317,4
DA:319,17
DA:320,8
DA:322,17
DA:331,17
DA:336,10
DA:345,17
DA:346,17
DA:349,17
DA:351,1
DA:352,1
LF:57
LH:57
BRDA:18,0,0,2
BRDA:18,0,1,16
BRDA:19,1,0,2
BRDA:19,1,1,16
BRDA:119,2,0,17
BRDA:119,2,1,8
BRDA:239,3,0,6
BRDA:239,3,1,10
BRDA:241,4,0,6
BRDA:241,4,1,4
BRDA:242,5,0,6
BRDA:242,5,1,4
BRDA:243,6,0,6
BRDA:243,6,1,4
BRDA:268,7,0,17
BRDA:268,7,1,7
BRDA:269,8,0,18
BRDA:269,8,1,13
BRDA:270,9,0,18
BRDA:270,9,1,8
BRDA:282,10,0,17
BRDA:282,10,1,0
BRDA:285,11,0,9
BRDA:285,11,1,8
BRDA:291,12,0,17
BRDA:291,12,1,0
BRDA:294,13,0,4
BRDA:294,13,1,13
BRDA:300,14,0,17
BRDA:300,14,1,0
BRDA:306,15,0,18
BRDA:306,15,1,5
BRDA:307,16,0,18
BRDA:307,16,1,7
BRDA:308,17,0,18
BRDA:308,17,1,13
BRDA:313,18,0,13
BRDA:313,18,1,5
BRDA:316,19,0,4
BRDA:316,19,1,13
BRDA:319,20,0,8
BRDA:319,20,1,9
BRDA:322,21,0,1
BRDA:322,21,1,16
BRDA:338,22,0,10
BRDA:338,22,1,6
BRF:46
BRH:43
end_of_record
TN:
SF:routes\education.js
FN:14,auth
FN:28,(anonymous_1)
FN:73,(anonymous_2)
FN:87,(anonymous_3)
FN:132,(anonymous_4)
FNF:5
FNH:5
FNDA:34,auth
FNDA:11,(anonymous_1)
FNDA:6,(anonymous_2)
FNDA:7,(anonymous_3)
FNDA:5,(anonymous_4)
DA:6,11
DA:7,11
DA:8,11
DA:10,11
DA:11,11
DA:15,34
DA:16,34
DA:17,30
DA:18,30
DA:19,30
DA:20,30
DA:21,30
DA:23,1
DA:28,11
DA:39,11
DA:41,11
DA:42,3
DA:44,8
DA:45,8
DA:65,7
DA:67,1
DA:68,1
DA:73,11
DA:74,6
DA:75,6
DA:79,5
DA:81,1
DA:82,1
DA:87,11
DA:98,7
DA:100,7
DA:101,7
DA:123,6
DA:124,4
DA:126,1
DA:127,1
DA:132,11
DA:133,5
DA:134,5
DA:138,4
DA:139,4
DA:140,2
DA:142,1
DA:143,1
LF:44
LH:44
BRDA:11,0,0,11
BRDA:11,0,1,0
BRDA:16,1,0,4
BRDA:16,1,1,30
BRDA:41,2,0,3
BRDA:41,2,1,8
BRDA:41,3,0,11
BRDA:41,3,1,10
BRDA:41,3,2,9
BRDA:57,4,0,8
BRDA:57,4,1,5
BRDA:58,5,0,11
BRDA:58,5,1,7
BRDA:59,6,0,11
BRDA:59,6,1,6
BRDA:60,7,0,11
BRDA:60,7,1,5
BRDA:61,8,0,11
BRDA:61,8,1,7
BRDA:62,9,0,11
BRDA:62,9,1,6
BRDA:112,10,0,7
BRDA:112,10,1,6
BRDA:113,11,0,7
BRDA:113,11,1,7
BRDA:114,12,0,7
BRDA:114,12,1,6
BRDA:115,13,0,7
BRDA:115,13,1,5
BRDA:116,14,0,7
BRDA:116,14,1,7
BRDA:117,15,0,7
BRDA:117,15,1,6
BRDA:123,16,0,2
BRDA:123,16,1,4
BRDA:138,17,0,2
BRDA:138,17,1,2
BRF:37
BRH:36
end_of_record
TN:
SF:routes\employment.js
FN:17,auth
FN:34,(anonymous_1)
FN:89,(anonymous_2)
FN:110,(anonymous_3)
FN:165,(anonymous_4)
FNF:5
FNH:5
FNDA:39,auth
FNDA:14,(anonymous_1)
FNDA:6,(anonymous_2)
FNDA:9,(anonymous_3)
FNDA:5,(anonymous_4)
DA:6,11
DA:7,11
DA:8,11
DA:10,11
DA:14,11
DA:18,39
DA:19,39
DA:20,35
DA:21,35
DA:22,35
DA:23,35
DA:24,35
DA:26,1
DA:27,1
DA:34,11
DA:43,14
DA:45,14
DA:46,3
DA:51,11
DA:52,1
DA:57,10
DA:58,10
DA:64,10
DA:75,14
DA:76,9
DA:81,1
DA:82,1
DA:89,11
DA:90,6
DA:91,6
DA:100,5
DA:102,1
DA:103,1
DA:110,11
DA:119,9
DA:121,9
DA:122,5
DA:127,4
DA:128,4
DA:149,3
DA:150,3
DA:152,2
DA:157,1
DA:158,1
DA:165,11
DA:166,5
DA:167,5
DA:176,4
DA:177,4
DA:179,2
DA:181,1
DA:182,1
LF:52
LH:52
BRDA:14,0,0,11
BRDA:14,0,1,0
BRDA:19,1,0,4
BRDA:19,1,1,35
BRDA:45,2,0,3
BRDA:45,2,1,11
BRDA:45,3,0,14
BRDA:45,3,1,13
BRDA:45,3,2,12
BRDA:51,4,0,1
BRDA:51,4,1,10
BRDA:51,5,0,11
BRDA:51,5,1,9
BRDA:51,5,2,4
BRDA:70,6,0,10
BRDA:70,6,1,6
BRDA:71,7,0,14
BRDA:71,7,1,8
BRDA:72,8,0,14
BRDA:72,8,1,7
BRDA:121,9,0,5
BRDA:121,9,1,4
BRDA:121,10,0,9
BRDA:121,10,1,8
BRDA:121,10,2,5
BRDA:141,11,0,4
BRDA:141,11,1,4
BRDA:142,12,0,9
BRDA:142,12,1,3
BRDA:143,13,0,9
BRDA:143,13,1,3
BRDA:149,14,0,1
BRDA:149,14,1,2
BRDA:176,15,0,2
BRDA:176,15,1,2
BRF:35
BRH:34
end_of_record
TN:
SF:routes\fileUpload.js
FN:16,(anonymous_0)
FN:37,(anonymous_1)
FN:44,auth
FN:60,(anonymous_3)
FN:61,(anonymous_4)
FN:69,(anonymous_5)
FN:70,(anonymous_6)
FN:76,(anonymous_7)
FN:99,extractPdfText
FN:108,(anonymous_9)
FN:118,extractDocxText
FN:133,extractTxtText
FN:145,(anonymous_12)
FN:225,(anonymous_13)
FN:276,(anonymous_14)
FN:303,(anonymous_15)
FNF:16
FNH:4
FNDA:8,(anonymous_0)
FNDA:16,(anonymous_1)
FNDA:1,auth
FNDA:0,(anonymous_3)
FNDA:0,(anonymous_4)
FNDA:0,(anonymous_5)
FNDA:0,(anonymous_6)
FNDA:0,(anonymous_7)
FNDA:0,extractPdfText
FNDA:0,(anonymous_9)
FNDA:0,extractDocxText
FNDA:0,extractTxtText
FNDA:1,(anonymous_12)
FNDA:0,(anonymous_13)
FNDA:0,(anonymous_14)
FNDA:0,(anonymous_15)
DA:16,8
DA:17,8
DA:18,8
DA:19,8
DA:21,0
DA:22,0
DA:26,8
DA:27,8
DA:28,8
DA:30,8
DA:31,8
DA:34,8
DA:35,8
DA:37,8
DA:38,16
DA:39,0
DA:45,1
DA:46,1
DA:47,1
DA:48,1
DA:49,1
DA:50,1
DA:51,1
DA:52,1
DA:54,0
DA:59,8
DA:60,0
DA:62,0
DA:63,0
DA:68,8
DA:69,0
DA:71,0
DA:72,0
DA:76,8
DA:77,0
DA:78,0
DA:79,0
DA:80,0
DA:82,0
DA:86,8
DA:92,8
DA:100,0
DA:101,0
DA:102,0
DA:103,0
DA:104,0
DA:105,0
DA:106,0
DA:107,0
DA:108,0
DA:110,0
DA:112,0
DA:113,0
DA:119,0
DA:120,0
DA:121,0
DA:122,0
DA:124,0
DA:125,0
DA:127,0
DA:128,0
DA:134,0
DA:135,0
DA:137,0
DA:138,0
DA:145,8
DA:146,1
DA:147,1
DA:148,0
DA:151,1
DA:152,1
DA:153,1
DA:154,1
DA:155,1
DA:158,1
DA:159,1
DA:160,0
DA:161,0
DA:162,0
DA:163,0
DA:164,0
DA:165,0
DA:169,0
DA:174,0
DA:175,0
DA:189,0
DA:190,0
DA:202,0
DA:204,0
DA:208,0
DA:213,1
DA:215,1
DA:216,0
DA:218,1
DA:225,8
DA:226,0
DA:227,0
DA:228,0
DA:231,0
DA:232,0
DA:233,0
DA:234,0
DA:235,0
DA:238,0
DA:239,0
DA:240,0
DA:241,0
DA:242,0
DA:243,0
DA:244,0
DA:245,0
DA:249,0
DA:252,0
DA:259,0
DA:264,0
DA:266,0
DA:267,0
DA:269,0
DA:276,8
DA:277,0
DA:278,0
DA:279,0
DA:281,0
DA:282,0
DA:286,0
DA:287,0
DA:294,0
DA:295,0
DA:296,0
DA:298,0
DA:299,0
DA:303,8
DA:304,0
DA:305,0
DA:306,0
DA:308,0
DA:309,0
DA:313,0
DA:314,0
DA:321,0
DA:322,0
DA:323,0
DA:325,0
DA:326,0
LF:144
LH:42
BRDA:19,0,0,8
BRDA:19,0,1,0
BRDA:28,1,0,8
BRDA:28,1,1,0
BRDA:38,2,0,0
BRDA:38,2,1,16
BRDA:46,3,0,0
BRDA:46,3,1,1
BRDA:79,4,0,0
BRDA:79,4,1,0
BRDA:120,5,0,0
BRDA:120,5,1,0
BRDA:147,6,0,0
BRDA:147,6,1,1
BRDA:159,7,0,0
BRDA:159,7,1,0
BRDA:162,8,0,0
BRDA:162,8,1,0
BRDA:162,9,0,0
BRDA:162,9,1,0
BRDA:164,10,0,0
BRDA:164,10,1,0
BRDA:181,11,0,0
BRDA:181,11,1,0
BRDA:184,12,0,0
BRDA:184,12,1,0
BRDA:189,13,0,0
BRDA:189,13,1,0
BRDA:196,14,0,0
BRDA:196,14,1,0
BRDA:198,15,0,0
BRDA:198,15,1,0
BRDA:215,16,0,0
BRDA:215,16,1,1
BRDA:215,17,0,1
BRDA:215,17,1,1
BRDA:218,18,0,1
BRDA:218,18,1,0
BRDA:227,19,0,0
BRDA:227,19,1,0
BRDA:239,20,0,0
BRDA:239,20,1,0
BRDA:242,21,0,0
BRDA:242,21,1,0
BRDA:242,22,0,0
BRDA:242,22,1,0
BRDA:244,23,0,0
BRDA:244,23,1,0
BRDA:256,24,0,0
BRDA:256,24,1,0
BRDA:266,25,0,0
BRDA:266,25,1,0
BRDA:266,26,0,0
BRDA:266,26,1,0
BRDA:269,27,0,0
BRDA:269,27,1,0
BRDA:281,28,0,0
BRDA:281,28,1,0
BRDA:294,29,0,0
BRDA:294,29,1,0
BRDA:308,30,0,0
BRDA:308,30,1,0
BRDA:321,31,0,0
BRDA:321,31,1,0
BRF:64
BRH:9
end_of_record
TN:
SF:routes\goals.js
FN:18,(anonymous_0)
FN:54,(anonymous_1)
FN:95,(anonymous_2)
FNF:3
FNH:3
FNDA:8,(anonymous_0)
FNDA:11,(anonymous_1)
FNDA:4,(anonymous_2)
DA:5,11
DA:6,11
DA:9,11
DA:18,11
DA:19,8
DA:20,8
DA:22,8
DA:29,7
DA:31,2
DA:37,5
DA:46,1
DA:47,1
DA:54,11
DA:55,11
DA:56,11
DA:57,11
DA:60,11
DA:61,11
DA:62,11
DA:65,11
DA:78,10
DA:87,1
DA:88,1
DA:95,11
DA:96,4
DA:97,4
DA:99,4
DA:101,3
DA:106,1
DA:107,1
LF:30
LH:30
BRDA:29,0,0,2
BRDA:29,0,1,5
BRDA:60,1,0,11
BRDA:60,1,1,1
BRDA:61,2,0,11
BRDA:61,2,1,1
BRDA:62,3,0,11
BRDA:62,3,1,1
BRF:8
BRH:8
end_of_record
TN:
SF:routes\interviewAnalytics.js
FN:8,createInterviewAnalyticsRoutes
FN:32,retryDatabaseOperation
FN:39,(anonymous_2)
FN:47,generateInsights
FN:140,(anonymous_4)
FN:209,(anonymous_5)
FN:212,(anonymous_6)
FN:219,(anonymous_7)
FN:245,(anonymous_8)
FN:251,(anonymous_9)
FN:258,(anonymous_10)
FN:265,(anonymous_11)
FN:279,(anonymous_12)
FN:286,(anonymous_13)
FN:290,(anonymous_14)
FN:297,(anonymous_15)
FN:304,(anonymous_16)
FN:308,(anonymous_17)
FN:317,(anonymous_18)
FN:326,(anonymous_19)
FN:328,(anonymous_20)
FN:331,(anonymous_21)
FN:333,(anonymous_22)
FN:337,(anonymous_23)
FN:356,(anonymous_24)
FN:362,(anonymous_25)
FN:365,(anonymous_26)
FN:370,(anonymous_27)
FN:377,(anonymous_28)
FN:377,(anonymous_29)
FN:378,(anonymous_30)
FN:378,(anonymous_31)
FN:381,(anonymous_32)
FN:385,(anonymous_33)
FN:404,(anonymous_34)
FN:421,(anonymous_35)
FN:427,(anonymous_36)
FN:430,(anonymous_37)
FN:434,(anonymous_38)
FN:434,(anonymous_39)
FN:436,(anonymous_40)
FN:440,(anonymous_41)
FN:441,(anonymous_42)
FN:443,(anonymous_43)
FN:443,(anonymous_44)
FN:444,(anonymous_45)
FN:444,(anonymous_46)
FN:447,(anonymous_47)
FN:451,(anonymous_48)
FN:463,(anonymous_49)
FN:463,(anonymous_50)
FN:464,(anonymous_51)
FN:464,(anonymous_52)
FN:467,(anonymous_53)
FN:471,(anonymous_54)
FN:515,(anonymous_55)
FN:516,(anonymous_56)
FN:518,(anonymous_57)
FN:563,(anonymous_58)
FN:618,(anonymous_59)
FN:736,(anonymous_60)
FN:768,(anonymous_61)
FN:781,(anonymous_62)
FN:853,(anonymous_63)
FN:895,(anonymous_64)
FN:931,(anonymous_65)
FNF:66
FNH:27
FNDA:114,createInterviewAnalyticsRoutes
FNDA:24,retryDatabaseOperation
FNDA:40,(anonymous_2)
FNDA:0,generateInsights
FNDA:70,(anonymous_4)
FNDA:8,(anonymous_5)
FNDA:8,(anonymous_6)
FNDA:8,(anonymous_7)
FNDA:5,(anonymous_8)
FNDA:3,(anonymous_9)
FNDA:8,(anonymous_10)
FNDA:0,(anonymous_11)
FNDA:0,(anonymous_12)
FNDA:0,(anonymous_13)
FNDA:0,(anonymous_14)
FNDA:0,(anonymous_15)
FNDA:8,(anonymous_16)
FNDA:0,(anonymous_17)
FNDA:0,(anonymous_18)
FNDA:0,(anonymous_19)
FNDA:0,(anonymous_20)
FNDA:0,(anonymous_21)
FNDA:0,(anonymous_22)
FNDA:8,(anonymous_23)
FNDA:5,(anonymous_24)
FNDA:3,(anonymous_25)
FNDA:0,(anonymous_26)
FNDA:3,(anonymous_27)
FNDA:5,(anonymous_28)
FNDA:4,(anonymous_29)
FNDA:5,(anonymous_30)
FNDA:4,(anonymous_31)
FNDA:0,(anonymous_32)
FNDA:0,(anonymous_33)
FNDA:5,(anonymous_34)
FNDA:0,(anonymous_35)
FNDA:0,(anonymous_36)
FNDA:0,(anonymous_37)
FNDA:0,(anonymous_38)
FNDA:0,(anonymous_39)
FNDA:0,(anonymous_40)
FNDA:0,(anonymous_41)
FNDA:0,(anonymous_42)
FNDA:0,(anonymous_43)
FNDA:0,(anonymous_44)
FNDA:0,(anonymous_45)
FNDA:0,(anonymous_46)
FNDA:0,(anonymous_47)
FNDA:0,(anonymous_48)
FNDA:0,(anonymous_49)
FNDA:0,(anonymous_50)
FNDA:0,(anonymous_51)
FNDA:0,(anonymous_52)
FNDA:0,(anonymous_53)
FNDA:0,(anonymous_54)
FNDA:0,(anonymous_55)
FNDA:0,(anonymous_56)
FNDA:0,(anonymous_57)
FNDA:16,(anonymous_58)
FNDA:38,(anonymous_59)
FNDA:14,(anonymous_60)
FNDA:28,(anonymous_61)
FNDA:26,(anonymous_62)
FNDA:10,(anonymous_63)
FNDA:0,(anonymous_64)
FNDA:8,(anonymous_65)
DA:9,114
DA:11,114
DA:12,114
DA:13,114
DA:17,114
DA:18,104
DA:20,10
DA:21,0
DA:23,10
DA:33,24
DA:34,64
DA:35,64
DA:37,60
DA:38,40
DA:39,40
DA:48,0
DA:49,0
DA:50,0
DA:62,0
DA:102,0
DA:120,0
DA:122,0
DA:123,0
DA:140,114
DA:141,70
DA:142,70
DA:143,70
DA:145,70
DA:146,1
DA:152,69
DA:153,69
DA:154,1
DA:160,68
DA:163,68
DA:164,68
DA:165,68
DA:166,1
DA:167,67
DA:168,1
DA:169,66
DA:170,1
DA:171,65
DA:172,1
DA:176,68
DA:182,68
DA:183,0
DA:186,62
DA:188,61
DA:189,0
DA:190,0
DA:194,61
DA:200,5
DA:201,0
DA:204,5
DA:205,70
DA:208,70
DA:209,70
DA:210,8
DA:212,70
DA:213,70
DA:218,70
DA:219,70
DA:221,8
DA:222,8
DA:224,8
DA:227,0
DA:228,8
DA:229,0
DA:232,8
DA:233,5
DA:236,8
DA:237,8
DA:238,0
DA:240,8
DA:241,7
DA:245,70
DA:251,3
DA:256,70
DA:258,70
DA:260,8
DA:261,0
DA:265,0
DA:266,0
DA:267,0
DA:269,0
DA:270,0
DA:271,0
DA:272,0
DA:278,70
DA:279,0
DA:286,0
DA:289,70
DA:290,0
DA:297,0
DA:301,70
DA:302,70
DA:304,70
DA:305,8
DA:306,0
DA:307,0
DA:308,0
DA:309,0
DA:310,0
DA:314,8
DA:315,0
DA:316,0
DA:317,0
DA:318,0
DA:319,0
DA:325,70
DA:326,0
DA:328,0
DA:330,70
DA:331,0
DA:333,0
DA:336,70
DA:337,70
DA:338,8
DA:339,8
DA:340,5
DA:348,8
DA:349,8
DA:350,0
DA:352,8
DA:353,8
DA:356,70
DA:362,3
DA:365,0
DA:370,70
DA:371,3
DA:374,70
DA:375,70
DA:377,70
DA:378,70
DA:380,70
DA:381,0
DA:384,70
DA:385,0
DA:388,70
DA:392,70
DA:395,70
DA:403,70
DA:404,70
DA:405,5
DA:406,5
DA:408,5
DA:409,0
DA:411,0
DA:412,0
DA:413,0
DA:415,0
DA:416,0
DA:420,70
DA:421,0
DA:427,0
DA:430,0
DA:433,70
DA:434,70
DA:435,70
DA:436,0
DA:440,70
DA:441,70
DA:443,70
DA:444,70
DA:446,70
DA:447,0
DA:450,70
DA:451,0
DA:454,70
DA:463,70
DA:464,70
DA:466,70
DA:467,0
DA:470,70
DA:471,0
DA:474,70
DA:486,70
DA:509,70
DA:515,0
DA:516,0
DA:518,0
DA:525,70
DA:528,0
DA:543,0
DA:545,0
DA:551,68
DA:552,68
DA:563,114
DA:564,16
DA:601,16
DA:603,16
DA:604,1
DA:610,15
DA:611,15
DA:612,1
DA:618,14
DA:619,38
DA:662,2
DA:663,1
DA:664,1
DA:671,1
DA:674,1
DA:676,1
DA:677,0
DA:678,0
DA:679,0
DA:680,0
DA:688,0
DA:691,0
DA:692,0
DA:700,1
DA:701,1
DA:707,1
DA:708,0
DA:709,0
DA:712,1
DA:715,0
DA:719,1
DA:724,12
DA:725,12
DA:736,114
DA:737,14
DA:738,14
DA:739,14
DA:741,14
DA:742,2
DA:748,12
DA:749,12
DA:750,1
DA:756,11
DA:758,11
DA:759,11
DA:768,11
DA:769,28
DA:770,26
DA:774,11
DA:775,1
DA:781,10
DA:782,26
DA:791,2
DA:792,1
DA:793,1
DA:800,1
DA:803,1
DA:804,1
DA:805,0
DA:806,0
DA:807,0
DA:808,0
DA:816,0
DA:819,0
DA:820,0
DA:827,0
DA:830,1
DA:835,8
DA:836,8
DA:853,114
DA:854,10
DA:855,10
DA:856,10
DA:857,10
DA:859,10
DA:860,2
DA:866,8
DA:867,8
DA:868,1
DA:875,7
DA:883,0
DA:884,0
DA:885,0
DA:886,0
DA:887,0
DA:889,0
DA:895,0
DA:896,0
DA:903,0
DA:904,0
DA:905,0
DA:912,0
DA:914,0
DA:919,7
DA:920,7
DA:931,114
DA:932,8
DA:933,8
DA:935,8
DA:936,1
DA:942,7
DA:943,7
DA:944,1
DA:950,6
DA:956,3
DA:957,1
DA:958,1
DA:965,2
DA:970,3
DA:971,3
DA:978,114
DA:982,10
LF:299
LH:202
BRDA:8,0,0,114
BRDA:8,1,0,114
BRDA:13,2,0,114
BRDA:13,2,1,10
BRDA:17,3,0,104
BRDA:17,3,1,10
BRDA:20,4,0,0
BRDA:20,4,1,10
BRDA:20,5,0,10
BRDA:20,5,1,10
BRDA:32,6,0,24
BRDA:37,7,0,20
BRDA:37,7,1,40
BRDA:49,8,0,0
BRDA:49,8,1,0
BRDA:49,9,0,0
BRDA:49,9,1,0
BRDA:70,10,0,0
BRDA:70,10,1,0
BRDA:71,11,0,0
BRDA:71,11,1,0
BRDA:72,12,0,0
BRDA:72,12,1,0
BRDA:73,13,0,0
BRDA:73,13,1,0
BRDA:143,14,0,70
BRDA:143,14,1,64
BRDA:145,15,0,1
BRDA:145,15,1,69
BRDA:153,16,0,1
BRDA:153,16,1,68
BRDA:165,17,0,1
BRDA:165,17,1,67
BRDA:167,18,0,1
BRDA:167,18,1,66
BRDA:169,19,0,1
BRDA:169,19,1,65
BRDA:171,20,0,1
BRDA:171,20,1,64
BRDA:182,21,0,0
BRDA:182,21,1,68
BRDA:188,22,0,0
BRDA:188,22,1,61
BRDA:200,23,0,0
BRDA:200,23,1,5
BRDA:204,24,0,5
BRDA:204,24,1,0
BRDA:205,25,0,70
BRDA:205,25,1,5
BRDA:210,26,0,8
BRDA:210,26,1,8
BRDA:213,27,0,5
BRDA:213,27,1,0
BRDA:224,28,0,0
BRDA:224,28,1,8
BRDA:224,29,0,8
BRDA:224,29,1,8
BRDA:224,29,2,8
BRDA:224,29,3,8
BRDA:224,29,4,8
BRDA:224,29,5,8
BRDA:228,30,0,0
BRDA:228,30,1,8
BRDA:228,31,0,8
BRDA:228,31,1,8
BRDA:232,32,0,5
BRDA:232,32,1,3
BRDA:237,33,0,0
BRDA:237,33,1,8
BRDA:237,34,0,8
BRDA:237,34,1,8
BRDA:240,35,0,7
BRDA:240,35,1,1
BRDA:250,36,0,4
BRDA:250,36,1,1
BRDA:260,37,0,0
BRDA:260,37,1,8
BRDA:261,38,0,0
BRDA:261,38,1,0
BRDA:263,39,0,0
BRDA:263,39,1,0
BRDA:266,40,0,0
BRDA:266,40,1,0
BRDA:270,41,0,0
BRDA:270,41,1,0
BRDA:281,42,0,0
BRDA:281,42,1,0
BRDA:292,43,0,0
BRDA:292,43,1,0
BRDA:305,44,0,0
BRDA:305,44,1,8
BRDA:306,45,0,0
BRDA:306,45,1,0
BRDA:307,46,0,0
BRDA:307,46,1,0
BRDA:309,47,0,0
BRDA:309,47,1,0
BRDA:310,48,0,0
BRDA:310,48,1,0
BRDA:314,49,0,0
BRDA:314,49,1,8
BRDA:315,50,0,0
BRDA:315,50,1,0
BRDA:316,51,0,0
BRDA:316,51,1,0
BRDA:318,52,0,0
BRDA:318,52,1,0
BRDA:319,53,0,0
BRDA:319,53,1,0
BRDA:338,54,0,8
BRDA:338,54,1,8
BRDA:339,55,0,5
BRDA:339,55,1,3
BRDA:349,56,0,0
BRDA:349,56,1,8
BRDA:349,57,0,8
BRDA:349,57,1,8
BRDA:352,58,0,7
BRDA:352,58,1,1
BRDA:353,59,0,0
BRDA:353,59,1,8
BRDA:361,60,0,4
BRDA:361,60,1,1
BRDA:364,61,0,0
BRDA:364,61,1,5
BRDA:380,62,0,4
BRDA:380,62,1,1
BRDA:384,63,0,4
BRDA:384,63,1,1
BRDA:388,64,0,4
BRDA:388,64,1,1
BRDA:388,65,0,70
BRDA:388,65,1,4
BRDA:392,66,0,1
BRDA:392,66,1,4
BRDA:393,67,0,2
BRDA:393,67,1,2
BRDA:408,68,0,0
BRDA:408,68,1,5
BRDA:412,69,0,0
BRDA:412,69,1,0
BRDA:412,70,0,0
BRDA:412,70,1,0
BRDA:415,71,0,0
BRDA:415,71,1,0
BRDA:426,72,0,0
BRDA:426,72,1,0
BRDA:435,73,0,0
BRDA:435,73,1,0
BRDA:441,74,0,0
BRDA:441,74,1,0
BRDA:446,75,0,0
BRDA:446,75,1,0
BRDA:450,76,0,0
BRDA:450,76,1,0
BRDA:459,77,0,0
BRDA:459,77,1,0
BRDA:466,78,0,0
BRDA:466,78,1,0
BRDA:470,79,0,0
BRDA:470,79,1,0
BRDA:491,80,0,0
BRDA:491,80,1,0
BRDA:492,81,0,0
BRDA:492,81,1,0
BRDA:498,82,0,0
BRDA:498,82,1,0
BRDA:499,83,0,0
BRDA:499,83,1,0
BRDA:517,84,0,0
BRDA:517,84,1,0
BRDA:554,85,0,68
BRDA:554,85,1,0
BRDA:603,86,0,1
BRDA:603,86,1,15
BRDA:603,87,0,16
BRDA:603,87,1,16
BRDA:603,87,2,16
BRDA:603,87,3,15
BRDA:603,87,4,15
BRDA:611,88,0,1
BRDA:611,88,1,14
BRDA:623,89,0,38
BRDA:623,89,1,35
BRDA:627,90,0,38
BRDA:627,90,1,38
BRDA:628,91,0,38
BRDA:628,91,1,38
BRDA:630,92,0,38
BRDA:630,92,1,32
BRDA:631,93,0,38
BRDA:631,93,1,38
BRDA:632,94,0,38
BRDA:632,94,1,32
BRDA:633,95,0,38
BRDA:633,95,1,29
BRDA:634,96,0,38
BRDA:634,96,1,29
BRDA:635,97,0,38
BRDA:635,97,1,32
BRDA:636,98,0,38
BRDA:636,98,1,32
BRDA:637,99,0,38
BRDA:637,99,1,32
BRDA:638,100,0,38
BRDA:638,100,1,32
BRDA:639,101,0,38
BRDA:639,101,1,35
BRDA:640,102,0,38
BRDA:640,102,1,32
BRDA:641,103,0,38
BRDA:641,103,1,32
BRDA:642,104,0,38
BRDA:642,104,1,35
BRDA:643,105,0,38
BRDA:643,105,1,32
BRDA:644,106,0,38
BRDA:644,106,1,32
BRDA:645,107,0,38
BRDA:645,107,1,32
BRDA:646,108,0,38
BRDA:646,108,1,32
BRDA:647,109,0,38
BRDA:647,109,1,35
BRDA:649,110,0,38
BRDA:649,110,1,38
BRDA:650,111,0,38
BRDA:650,111,1,38
BRDA:651,112,0,38
BRDA:651,112,1,38
BRDA:652,113,0,38
BRDA:652,113,1,38
BRDA:653,114,0,38
BRDA:653,114,1,38
BRDA:654,115,0,38
BRDA:654,115,1,38
BRDA:655,116,0,38
BRDA:655,116,1,38
BRDA:662,117,0,1
BRDA:662,117,1,1
BRDA:676,118,0,0
BRDA:676,118,1,1
BRDA:679,119,0,0
BRDA:679,119,1,0
BRDA:707,120,0,0
BRDA:707,120,1,1
BRDA:741,121,0,2
BRDA:741,121,1,12
BRDA:741,122,0,14
BRDA:741,122,1,13
BRDA:749,123,0,1
BRDA:749,123,1,11
BRDA:769,124,0,26
BRDA:769,124,1,2
BRDA:769,125,0,28
BRDA:769,125,1,26
BRDA:774,126,0,1
BRDA:774,126,1,10
BRDA:774,127,0,11
BRDA:774,127,1,1
BRDA:791,128,0,1
BRDA:791,128,1,1
BRDA:804,129,0,0
BRDA:804,129,1,1
BRDA:804,130,0,1
BRDA:804,130,1,0
BRDA:807,131,0,0
BRDA:807,131,1,0
BRDA:859,132,0,2
BRDA:859,132,1,8
BRDA:859,133,0,10
BRDA:859,133,1,9
BRDA:867,134,0,1
BRDA:867,134,1,7
BRDA:883,135,0,0
BRDA:883,135,1,0
BRDA:883,136,0,0
BRDA:883,136,1,0
BRDA:903,137,0,0
BRDA:903,137,1,0
BRDA:935,138,0,1
BRDA:935,138,1,7
BRDA:943,139,0,1
BRDA:943,139,1,6
BRDA:956,140,0,1
BRDA:956,140,1,2
BRF:286
BRH:183
end_of_record
TN:
SF:routes\job.js
FN:18,auth
FN:36,(anonymous_1)
FN:62,(anonymous_2)
FN:105,(anonymous_3)
FN:233,(anonymous_4)
FN:263,(anonymous_5)
FN:366,(anonymous_6)
FN:431,(anonymous_7)
FN:465,(anonymous_8)
FN:482,(anonymous_9)
FN:531,(anonymous_10)
FN:582,(anonymous_11)
FN:691,(anonymous_12)
FN:704,(anonymous_13)
FN:784,(anonymous_14)
FN:803,(anonymous_15)
FN:873,(anonymous_16)
FN:908,(anonymous_17)
FN:928,(anonymous_18)
FNF:19
FNH:19
FNDA:171,auth
FNDA:28,(anonymous_1)
FNDA:44,(anonymous_2)
FNDA:44,(anonymous_3)
FNDA:3,(anonymous_4)
FNDA:37,(anonymous_5)
FNDA:6,(anonymous_6)
FNDA:15,(anonymous_7)
FNDA:3,(anonymous_8)
FNDA:10,(anonymous_9)
FNDA:13,(anonymous_10)
FNDA:27,(anonymous_11)
FNDA:3,(anonymous_12)
FNDA:5,(anonymous_13)
FNDA:7,(anonymous_14)
FNDA:32,(anonymous_15)
FNDA:10,(anonymous_16)
FNDA:7,(anonymous_17)
FNDA:5,(anonymous_18)
DA:10,12
DA:11,12
DA:13,12
DA:15,12
DA:19,171
DA:20,171
DA:21,170
DA:22,170
DA:23,170
DA:25,170
DA:26,170
DA:27,170
DA:29,1
DA:36,12
DA:37,28
DA:39,28
DA:56,28
DA:58,28
DA:59,6
DA:62,22
DA:63,44
DA:65,14
DA:67,14
DA:69,14
DA:70,14
DA:72,14
DA:75,22
DA:76,22
DA:80,22
DA:83,28
DA:84,4
DA:87,4
DA:90,4
DA:91,4
DA:94,0
DA:95,0
DA:96,0
DA:97,0
DA:99,0
DA:105,22
DA:106,44
DA:107,5
DA:108,5
DA:111,22
DA:112,22
DA:115,22
DA:116,0
DA:117,0
DA:118,0
DA:119,0
DA:120,0
DA:122,0
DA:123,0
DA:124,0
DA:125,0
DA:127,0
DA:133,22
DA:134,22
DA:135,22
DA:138,22
DA:149,22
DA:165,28
DA:166,21
DA:170,21
DA:172,21
DA:173,21
DA:174,1
DA:178,1
DA:179,1
DA:180,1
DA:182,0
DA:187,21
DA:188,21
DA:189,0
DA:193,0
DA:194,0
DA:195,0
DA:197,0
DA:202,21
DA:212,21
DA:214,0
DA:215,0
DA:219,21
DA:225,1
DA:226,1
DA:233,12
DA:234,3
DA:235,3
DA:240,2
DA:241,2
DA:243,2
DA:244,3
DA:245,3
DA:247,3
DA:253,2
DA:255,1
DA:256,1
DA:263,12
DA:264,37
DA:275,37
DA:277,37
DA:279,37
DA:280,37
DA:282,37
DA:283,4
DA:286,4
DA:287,4
DA:289,37
DA:290,3
DA:291,3
DA:292,3
DA:294,37
DA:295,2
DA:296,2
DA:297,2
DA:299,37
DA:300,2
DA:301,2
DA:302,2
DA:304,37
DA:305,2
DA:306,2
DA:307,2
DA:309,37
DA:310,2
DA:311,2
DA:312,2
DA:314,37
DA:315,2
DA:316,2
DA:317,2
DA:319,37
DA:320,2
DA:321,2
DA:322,2
DA:325,37
DA:326,37
DA:328,2
DA:329,2
DA:331,2
DA:332,2
DA:334,2
DA:335,2
DA:337,31
DA:340,37
DA:354,35
DA:356,2
DA:357,2
DA:366,12
DA:367,6
DA:368,6
DA:428,6
DA:429,5
DA:431,5
DA:432,15
DA:433,15
DA:436,5
DA:437,6
DA:438,6
DA:440,6
DA:441,6
DA:442,6
DA:444,6
DA:446,6
DA:447,4
DA:450,5
DA:453,1
DA:454,1
DA:465,12
DA:466,3
DA:468,3
DA:473,2
DA:475,1
DA:476,1
DA:482,12
DA:483,10
DA:484,10
DA:486,10
DA:490,9
DA:492,7
DA:495,7
DA:496,7
DA:503,7
DA:504,6
DA:506,6
DA:507,6
DA:508,6
DA:511,0
DA:512,0
DA:513,0
DA:517,1
DA:518,1
DA:519,1
DA:522,7
DA:523,7
DA:525,1
DA:526,1
DA:531,12
DA:532,13
DA:533,13
DA:536,13
DA:537,2
DA:540,13
DA:562,13
DA:563,13
DA:564,247
DA:565,17
DA:569,13
DA:570,8
DA:573,13
DA:574,1
DA:576,12
DA:577,2
DA:581,12
DA:582,27
DA:585,12
DA:587,12
DA:603,11
DA:604,11
DA:606,10
DA:612,10
DA:613,1
DA:615,1
DA:620,1
DA:621,1
DA:624,1
DA:625,1
DA:629,1
DA:630,0
DA:635,1
DA:636,0
DA:640,0
DA:641,0
DA:646,1
DA:657,0
DA:663,10
DA:664,10
DA:668,10
DA:669,6
DA:670,6
DA:671,6
DA:673,1
DA:674,1
DA:677,3
DA:678,3
DA:681,10
DA:683,1
DA:684,1
DA:691,12
DA:692,3
DA:695,3
DA:697,0
DA:698,0
DA:704,12
DA:705,5
DA:706,5
DA:707,5
DA:711,5
DA:714,5
DA:715,3
DA:718,3
DA:721,0
DA:722,0
DA:725,3
DA:730,5
DA:731,5
DA:732,5
DA:736,4
DA:737,4
DA:741,4
DA:742,4
DA:743,3
DA:747,3
DA:748,3
DA:753,4
DA:754,4
DA:767,4
DA:772,4
DA:773,1
DA:776,3
DA:778,1
DA:779,1
DA:784,12
DA:785,7
DA:786,7
DA:787,7
DA:791,6
DA:792,1
DA:794,5
DA:796,1
DA:797,1
DA:803,12
DA:804,32
DA:805,32
DA:807,32
DA:809,29
DA:814,29
DA:815,8
DA:823,8
DA:827,21
DA:828,7
DA:836,7
DA:841,14
DA:848,14
DA:851,29
DA:853,28
DA:854,28
DA:857,27
DA:865,27
DA:867,1
DA:868,1
DA:873,12
DA:874,10
DA:876,10
DA:877,3
DA:879,7
DA:880,7
DA:881,3
DA:883,4
DA:884,4
DA:893,3
DA:895,1
DA:896,1
DA:908,12
DA:909,7
DA:910,7
DA:912,7
DA:917,6
DA:918,1
DA:920,5
DA:922,1
DA:923,1
DA:928,12
DA:929,5
DA:930,5
DA:932,5
DA:937,4
DA:938,1
DA:940,3
DA:942,1
DA:943,1
LF:341
LH:306
BRDA:13,0,0,12
BRDA:13,0,1,0
BRDA:20,1,0,1
BRDA:20,1,1,170
BRDA:39,2,0,28
BRDA:39,2,1,28
BRDA:39,2,2,25
BRDA:58,3,0,6
BRDA:58,3,1,22
BRDA:58,4,0,28
BRDA:58,4,1,24
BRDA:63,5,0,30
BRDA:63,5,1,14
BRDA:70,6,0,0
BRDA:70,6,1,14
BRDA:80,7,0,22
BRDA:80,7,1,18
BRDA:83,8,0,4
BRDA:83,8,1,24
BRDA:87,9,0,4
BRDA:87,9,1,0
BRDA:95,10,0,0
BRDA:95,10,1,0
BRDA:106,11,0,39
BRDA:106,11,1,5
BRDA:106,12,0,44
BRDA:106,12,1,5
BRDA:106,12,2,5
BRDA:106,12,3,5
BRDA:108,13,0,4
BRDA:108,13,1,1
BRDA:115,14,0,0
BRDA:115,14,1,22
BRDA:117,15,0,0
BRDA:117,15,1,0
BRDA:123,16,0,0
BRDA:123,16,1,0
BRDA:153,17,0,22
BRDA:153,17,1,18
BRDA:156,18,0,28
BRDA:156,18,1,21
BRDA:157,19,0,28
BRDA:157,19,1,15
BRDA:158,20,0,28
BRDA:158,20,1,19
BRDA:159,21,0,28
BRDA:159,21,1,21
BRDA:162,22,0,4
BRDA:162,22,1,18
BRDA:173,23,0,1
BRDA:173,23,1,20
BRDA:178,24,0,1
BRDA:178,24,1,0
BRDA:188,25,0,0
BRDA:188,25,1,21
BRDA:193,26,0,0
BRDA:193,26,1,0
BRDA:274,27,0,37
BRDA:282,28,0,4
BRDA:282,28,1,33
BRDA:289,29,0,3
BRDA:289,29,1,34
BRDA:289,30,0,37
BRDA:289,30,1,3
BRDA:294,31,0,2
BRDA:294,31,1,35
BRDA:299,32,0,2
BRDA:299,32,1,35
BRDA:304,33,0,2
BRDA:304,33,1,35
BRDA:309,34,0,2
BRDA:309,34,1,35
BRDA:314,35,0,2
BRDA:314,35,1,35
BRDA:319,36,0,2
BRDA:319,36,1,35
BRDA:326,37,0,2
BRDA:326,37,1,2
BRDA:326,37,2,2
BRDA:326,37,3,31
BRDA:433,38,0,12
BRDA:433,38,1,3
BRDA:436,39,0,5
BRDA:436,39,1,4
BRDA:437,40,0,6
BRDA:437,40,1,4
BRDA:438,41,0,6
BRDA:438,41,1,4
BRDA:444,42,0,6
BRDA:444,42,1,4
BRDA:446,43,0,4
BRDA:446,43,1,2
BRDA:490,44,0,2
BRDA:490,44,1,7
BRDA:503,45,0,6
BRDA:503,45,1,0
BRDA:536,46,0,2
BRDA:536,46,1,11
BRDA:564,47,0,17
BRDA:564,47,1,230
BRDA:569,48,0,8
BRDA:569,48,1,5
BRDA:573,49,0,1
BRDA:573,49,1,12
BRDA:576,50,0,2
BRDA:576,50,1,10
BRDA:576,51,0,12
BRDA:576,51,1,2
BRDA:600,52,0,12
BRDA:600,52,1,10
BRDA:603,53,0,1
BRDA:603,53,1,10
BRDA:612,54,0,1
BRDA:612,54,1,9
BRDA:612,55,0,10
BRDA:612,55,1,9
BRDA:620,56,0,1
BRDA:620,56,1,0
BRDA:620,57,0,0
BRDA:620,57,1,0
BRDA:621,58,0,0
BRDA:621,58,1,1
BRDA:621,59,0,1
BRDA:621,59,1,1
BRDA:624,60,0,1
BRDA:624,60,1,0
BRDA:629,61,0,0
BRDA:629,61,1,1
BRDA:635,62,0,0
BRDA:635,62,1,1
BRDA:640,63,0,0
BRDA:640,63,1,0
BRDA:654,64,0,1
BRDA:654,64,1,0
BRDA:654,65,0,1
BRDA:654,65,1,1
BRDA:668,66,0,6
BRDA:668,66,1,1
BRDA:711,67,0,5
BRDA:711,67,1,2
BRDA:714,68,0,3
BRDA:714,68,1,2
BRDA:718,69,0,0
BRDA:718,69,1,3
BRDA:725,70,0,0
BRDA:725,70,1,3
BRDA:731,71,0,5
BRDA:731,71,1,0
BRDA:736,72,0,4
BRDA:736,72,1,0
BRDA:742,73,0,3
BRDA:742,73,1,1
BRDA:747,74,0,3
BRDA:747,74,1,0
BRDA:753,75,0,4
BRDA:753,75,1,0
BRDA:753,76,0,4
BRDA:753,76,1,0
BRDA:772,77,0,1
BRDA:772,77,1,3
BRDA:791,78,0,1
BRDA:791,78,1,5
BRDA:807,79,0,3
BRDA:807,79,1,29
BRDA:814,80,0,8
BRDA:814,80,1,21
BRDA:827,81,0,7
BRDA:827,81,1,14
BRDA:853,82,0,1
BRDA:853,82,1,27
BRDA:876,83,0,3
BRDA:876,83,1,7
BRDA:876,84,0,10
BRDA:876,84,1,10
BRDA:880,85,0,3
BRDA:880,85,1,4
BRDA:880,86,0,7
BRDA:880,86,1,6
BRDA:917,87,0,1
BRDA:917,87,1,5
BRDA:937,88,0,1
BRDA:937,88,1,3
BRF:182
BRH:150
end_of_record
TN:
SF:routes\jobDescriptions.js
FN:12,auth
FN:26,(anonymous_1)
FN:44,(anonymous_2)
FNF:3
FNH:3
FNDA:20,auth
FNDA:10,(anonymous_1)
FNDA:7,(anonymous_2)
DA:6,11
DA:7,11
DA:8,11
DA:9,11
DA:13,20
DA:14,20
DA:15,18
DA:16,18
DA:17,18
DA:18,18
DA:19,18
DA:21,1
DA:26,11
DA:27,10
DA:28,10
DA:29,4
DA:31,6
DA:32,6
DA:36,5
DA:38,1
DA:39,1
DA:44,11
DA:45,7
DA:46,7
DA:50,6
DA:52,1
DA:53,1
LF:27
LH:27
BRDA:9,0,0,11
BRDA:9,0,1,0
BRDA:14,1,0,2
BRDA:14,1,1,18
BRDA:28,2,0,4
BRDA:28,2,1,6
BRDA:28,3,0,10
BRDA:28,3,1,7
BRF:8
BRH:7
end_of_record
TN:
SF:routes\jobRoutes.js
FN:7,createJobRoutes
FN:16,(anonymous_1)
FN:129,(anonymous_2)
FNF:3
FNH:3
FNDA:43,createJobRoutes
FNDA:42,(anonymous_1)
FNDA:4,(anonymous_2)
DA:8,43
DA:10,43
DA:16,43
DA:17,42
DA:19,42
DA:20,9
DA:23,33
DA:24,33
DA:27,33
DA:37,29
DA:38,29
DA:44,29
DA:45,3
DA:46,3
DA:58,20
DA:61,20
DA:81,20
DA:89,20
DA:90,20
DA:91,20
DA:94,20
DA:95,20
DA:97,3
DA:101,3
DA:108,17
DA:109,17
DA:110,68
DA:113,17
DA:115,17
DA:121,10
DA:122,10
DA:129,43
DA:130,4
DA:131,4
DA:132,4
DA:135,3
DA:137,1
DA:138,1
DA:142,43
DA:146,10
LF:40
LH:40
BRDA:7,0,0,43
BRDA:10,1,0,43
BRDA:10,1,1,10
BRDA:19,2,0,9
BRDA:19,2,1,33
BRDA:19,3,0,42
BRDA:19,3,1,39
BRDA:44,4,0,3
BRDA:44,4,1,26
BRDA:44,5,0,29
BRDA:44,5,1,21
BRDA:110,6,0,65
BRDA:110,6,1,3
BRF:13
BRH:13
end_of_record
TN:
SF:routes\marketBenchmarks.js
FN:31,(anonymous_0)
FN:200,(anonymous_1)
FN:235,(anonymous_2)
FN:236,(anonymous_3)
FN:244,(anonymous_4)
FN:359,(anonymous_5)
FN:426,(anonymous_6)
FN:614,(anonymous_7)
FNF:8
FNH:0
FNDA:0,(anonymous_0)
FNDA:0,(anonymous_1)
FNDA:0,(anonymous_2)
FNDA:0,(anonymous_3)
FNDA:0,(anonymous_4)
FNDA:0,(anonymous_5)
FNDA:0,(anonymous_6)
FNDA:0,(anonymous_7)
DA:7,8
DA:9,8
DA:10,8
DA:13,8
DA:14,0
DA:15,0
DA:17,8
DA:18,8
DA:19,8
DA:22,8
DA:31,8
DA:32,0
DA:34,0
DA:35,0
DA:41,0
DA:44,0
DA:45,0
DA:50,0
DA:53,0
DA:88,0
DA:96,0
DA:97,0
DA:101,0
DA:102,0
DA:105,0
DA:106,0
DA:110,0
DA:111,0
DA:118,0
DA:144,0
DA:166,0
DA:168,0
DA:176,0
DA:179,0
DA:180,0
DA:188,0
DA:200,8
DA:201,0
DA:203,0
DA:204,0
DA:210,0
DA:212,0
DA:213,0
DA:218,0
DA:219,0
DA:224,0
DA:225,0
DA:227,0
DA:228,0
DA:230,0
DA:234,0
DA:235,0
DA:237,0
DA:238,0
DA:240,0
DA:245,0
DA:246,0
DA:248,0
DA:254,0
DA:256,0
DA:257,0
DA:258,0
DA:261,0
DA:291,0
DA:299,0
DA:300,0
DA:301,0
DA:303,0
DA:329,0
DA:351,0
DA:359,0
DA:362,0
DA:365,0
DA:369,0
DA:377,0
DA:378,0
DA:392,0
DA:402,0
DA:405,0
DA:406,0
DA:414,0
DA:426,8
DA:427,0
DA:429,0
DA:430,0
DA:436,0
DA:437,0
DA:439,0
DA:440,0
DA:444,0
DA:451,0
DA:452,0
DA:455,0
DA:458,0
DA:477,0
DA:478,0
DA:487,0
DA:517,0
DA:525,0
DA:526,0
DA:528,0
DA:529,0
DA:531,0
DA:532,0
DA:535,0
DA:561,0
DA:583,0
DA:591,0
DA:594,0
DA:595,0
DA:603,0
DA:614,8
DA:615,0
DA:617,0
DA:618,0
DA:626,0
DA:627,0
DA:635,0
DA:643,0
DA:644,0
DA:646,0
DA:654,0
DA:657,0
DA:658,0
DA:667,0
LF:125
LH:12
BRDA:13,0,0,0
BRDA:13,0,1,8
BRDA:22,1,0,8
BRDA:22,1,1,0
BRDA:34,2,0,0
BRDA:34,2,1,0
BRDA:34,3,0,0
BRDA:34,3,1,0
BRDA:44,4,0,0
BRDA:44,4,1,0
BRDA:44,5,0,0
BRDA:44,5,1,0
BRDA:44,5,2,0
BRDA:58,6,0,0
BRDA:58,6,1,0
BRDA:59,7,0,0
BRDA:59,7,1,0
BRDA:60,8,0,0
BRDA:60,8,1,0
BRDA:110,9,0,0
BRDA:110,9,1,0
BRDA:110,10,0,0
BRDA:110,10,1,0
BRDA:147,11,0,0
BRDA:147,11,1,0
BRDA:148,12,0,0
BRDA:148,12,1,0
BRDA:150,13,0,0
BRDA:150,13,1,0
BRDA:156,14,0,0
BRDA:156,14,1,0
BRDA:157,15,0,0
BRDA:157,15,1,0
BRDA:158,16,0,0
BRDA:158,16,1,0
BRDA:159,17,0,0
BRDA:159,17,1,0
BRDA:160,18,0,0
BRDA:160,18,1,0
BRDA:161,19,0,0
BRDA:161,19,1,0
BRDA:162,20,0,0
BRDA:162,20,1,0
BRDA:172,21,0,0
BRDA:172,21,1,0
BRDA:179,22,0,0
BRDA:179,22,1,0
BRDA:179,23,0,0
BRDA:179,23,1,0
BRDA:179,23,2,0
BRDA:203,24,0,0
BRDA:203,24,1,0
BRDA:203,25,0,0
BRDA:203,25,1,0
BRDA:212,26,0,0
BRDA:212,26,1,0
BRDA:212,27,0,0
BRDA:212,27,1,0
BRDA:218,28,0,0
BRDA:218,28,1,0
BRDA:237,29,0,0
BRDA:237,29,1,0
BRDA:245,30,0,0
BRDA:245,30,1,0
BRDA:256,31,0,0
BRDA:256,31,1,0
BRDA:256,32,0,0
BRDA:256,32,1,0
BRDA:256,32,2,0
BRDA:266,33,0,0
BRDA:266,33,1,0
BRDA:267,34,0,0
BRDA:267,34,1,0
BRDA:268,35,0,0
BRDA:268,35,1,0
BRDA:332,36,0,0
BRDA:332,36,1,0
BRDA:333,37,0,0
BRDA:333,37,1,0
BRDA:335,38,0,0
BRDA:335,38,1,0
BRDA:341,39,0,0
BRDA:341,39,1,0
BRDA:342,40,0,0
BRDA:342,40,1,0
BRDA:343,41,0,0
BRDA:343,41,1,0
BRDA:344,42,0,0
BRDA:344,42,1,0
BRDA:345,43,0,0
BRDA:345,43,1,0
BRDA:346,44,0,0
BRDA:346,44,1,0
BRDA:347,45,0,0
BRDA:347,45,1,0
BRDA:365,46,0,0
BRDA:365,46,1,0
BRDA:365,46,2,0
BRDA:371,47,0,0
BRDA:371,47,1,0
BRDA:377,48,0,0
BRDA:377,48,1,0
BRDA:377,49,0,0
BRDA:377,49,1,0
BRDA:398,50,0,0
BRDA:398,50,1,0
BRDA:405,51,0,0
BRDA:405,51,1,0
BRDA:405,52,0,0
BRDA:405,52,1,0
BRDA:429,53,0,0
BRDA:429,53,1,0
BRDA:429,54,0,0
BRDA:429,54,1,0
BRDA:439,55,0,0
BRDA:439,55,1,0
BRDA:451,56,0,0
BRDA:451,56,1,0
BRDA:473,57,0,0
BRDA:473,57,1,0
BRDA:477,58,0,0
BRDA:477,58,1,0
BRDA:492,59,0,0
BRDA:492,59,1,0
BRDA:493,60,0,0
BRDA:493,60,1,0
BRDA:494,61,0,0
BRDA:494,61,1,0
BRDA:564,62,0,0
BRDA:564,62,1,0
BRDA:565,63,0,0
BRDA:565,63,1,0
BRDA:567,64,0,0
BRDA:567,64,1,0
BRDA:573,65,0,0
BRDA:573,65,1,0
BRDA:574,66,0,0
BRDA:574,66,1,0
BRDA:575,67,0,0
BRDA:575,67,1,0
BRDA:576,68,0,0
BRDA:576,68,1,0
BRDA:577,69,0,0
BRDA:577,69,1,0
BRDA:578,70,0,0
BRDA:578,70,1,0
BRDA:579,71,0,0
BRDA:579,71,1,0
BRDA:587,72,0,0
BRDA:587,72,1,0
BRDA:594,73,0,0
BRDA:594,73,1,0
BRDA:594,74,0,0
BRDA:594,74,1,0
BRDA:594,74,2,0
BRDA:617,75,0,0
BRDA:617,75,1,0
BRDA:626,76,0,0
BRDA:626,76,1,0
BRDA:657,77,0,0
BRDA:657,77,1,0
BRDA:657,78,0,0
BRDA:657,78,1,0
BRDA:657,78,2,0
BRDA:661,79,0,0
BRDA:661,79,1,0
BRF:166
BRH:2
end_of_record
TN:
SF:routes\match.js
FN:9,createMatchRoutes
FN:17,getUserProfileObject
FN:83,getJobObject
FN:106,analyzeMatch
FN:175,(anonymous_4)
FN:267,(anonymous_5)
FNF:6
FNH:6
FNDA:38,createMatchRoutes
FNDA:15,getUserProfileObject
FNDA:15,getJobObject
FNDA:12,analyzeMatch
FNDA:25,(anonymous_4)
FNDA:4,(anonymous_5)
DA:6,10
DA:10,38
DA:11,38
DA:12,38
DA:19,15
DA:28,15
DA:37,15
DA:46,15
DA:54,15
DA:61,14
DA:63,15
DA:84,15
DA:92,14
DA:94,13
DA:107,12
DA:109,12
DA:136,12
DA:150,11
DA:151,11
DA:152,11
DA:154,1
DA:155,1
DA:158,4
DA:161,4
DA:175,38
DA:176,25
DA:179,25
DA:180,25
DA:182,25
DA:183,10
DA:184,10
DA:188,15
DA:189,0
DA:191,15
DA:197,25
DA:198,25
DA:203,13
DA:204,13
DA:206,12
DA:208,4
DA:229,4
DA:256,4
DA:258,10
DA:259,10
DA:260,10
DA:267,38
DA:272,4
DA:273,4
DA:293,3
DA:295,1
DA:296,1
DA:300,38
DA:304,10
LF:53
LH:52
BRDA:9,0,0,38
BRDA:9,1,0,38
BRDA:11,2,0,38
BRDA:11,2,1,10
BRDA:12,3,0,38
BRDA:12,3,1,11
BRDA:61,4,0,14
BRDA:61,4,1,4
BRDA:65,5,0,15
BRDA:65,5,1,4
BRDA:66,6,0,15
BRDA:66,6,1,4
BRDA:67,7,0,15
BRDA:67,7,1,13
BRDA:68,8,0,15
BRDA:68,8,1,13
BRDA:69,9,0,15
BRDA:69,9,1,4
BRDA:70,10,0,15
BRDA:70,10,1,13
BRDA:71,11,0,15
BRDA:71,11,1,13
BRDA:72,12,0,15
BRDA:72,12,1,13
BRDA:92,13,0,1
BRDA:92,13,1,13
BRDA:99,14,0,13
BRDA:99,14,1,1
BRDA:107,15,0,0
BRDA:107,15,1,12
BRDA:162,16,0,4
BRDA:162,16,1,1
BRDA:163,17,0,12
BRDA:163,17,1,2
BRDA:163,17,2,1
BRDA:164,18,0,12
BRDA:164,18,1,2
BRDA:164,18,2,1
BRDA:165,19,0,12
BRDA:165,19,1,2
BRDA:165,19,2,1
BRDA:166,20,0,12
BRDA:166,20,1,1
BRDA:167,21,0,12
BRDA:167,21,1,1
BRDA:168,22,0,12
BRDA:168,22,1,1
BRDA:182,23,0,10
BRDA:182,23,1,15
BRDA:182,24,0,25
BRDA:182,24,1,19
BRDA:182,24,2,15
BRDA:182,24,3,15
BRDA:188,25,0,0
BRDA:188,25,1,15
BRDA:188,26,0,15
BRDA:188,26,1,15
BRDA:192,27,0,15
BRDA:192,27,1,13
BRDA:193,28,0,25
BRDA:193,28,1,13
BRDA:194,29,0,25
BRDA:194,29,1,13
BRDA:203,30,0,1
BRDA:203,30,1,12
BRDA:239,31,0,4
BRDA:239,31,1,1
BRDA:240,32,0,25
BRDA:240,32,1,1
BRDA:241,33,0,25
BRDA:241,33,1,1
BRDA:242,34,0,25
BRDA:242,34,1,1
BRDA:245,35,0,25
BRDA:245,35,1,0
BRDA:246,36,0,25
BRDA:246,36,1,0
BRDA:247,37,0,25
BRDA:247,37,1,0
BRF:79
BRH:74
end_of_record
TN:
SF:routes\networking.js
FN:9,ensureNumber
FN:19,(anonymous_1)
FN:36,(anonymous_2)
FN:56,(anonymous_3)
FN:99,(anonymous_4)
FN:146,(anonymous_5)
FN:166,(anonymous_6)
FN:193,(anonymous_7)
FN:247,(anonymous_8)
FN:264,(anonymous_9)
FN:310,(anonymous_10)
FN:332,(anonymous_11)
FN:373,(anonymous_12)
FNF:13
FNH:12
FNDA:0,ensureNumber
FNDA:4,(anonymous_1)
FNDA:4,(anonymous_2)
FNDA:6,(anonymous_3)
FNDA:4,(anonymous_4)
FNDA:3,(anonymous_5)
FNDA:3,(anonymous_6)
FNDA:4,(anonymous_7)
FNDA:2,(anonymous_8)
FNDA:4,(anonymous_9)
FNDA:2,(anonymous_10)
FNDA:4,(anonymous_11)
FNDA:3,(anonymous_12)
DA:5,11
DA:6,11
DA:10,0
DA:11,0
DA:19,11
DA:20,4
DA:21,4
DA:22,4
DA:28,3
DA:30,1
DA:31,1
DA:36,11
DA:37,4
DA:38,4
DA:39,4
DA:40,4
DA:45,3
DA:46,1
DA:48,2
DA:50,1
DA:51,1
DA:56,11
DA:57,6
DA:58,6
DA:71,6
DA:73,6
DA:74,2
DA:77,4
DA:91,3
DA:93,1
DA:94,1
DA:99,11
DA:100,4
DA:101,4
DA:102,4
DA:107,4
DA:109,4
DA:134,3
DA:135,1
DA:138,2
DA:140,1
DA:141,1
DA:146,11
DA:147,3
DA:148,3
DA:149,3
DA:150,3
DA:154,2
DA:156,1
DA:157,1
DA:166,11
DA:167,3
DA:168,3
DA:169,3
DA:171,3
DA:175,3
DA:177,3
DA:178,1
DA:179,1
DA:182,3
DA:184,3
DA:185,2
DA:187,1
DA:188,1
DA:193,11
DA:194,4
DA:195,4
DA:206,4
DA:208,4
DA:209,1
DA:212,3
DA:226,2
DA:227,1
DA:235,2
DA:237,1
DA:238,1
DA:247,11
DA:248,2
DA:249,2
DA:250,2
DA:256,1
DA:258,1
DA:259,1
DA:264,11
DA:265,4
DA:266,4
DA:278,4
DA:280,4
DA:281,2
DA:284,2
DA:298,1
DA:300,1
DA:301,1
DA:310,11
DA:311,2
DA:312,2
DA:313,2
DA:324,1
DA:326,1
DA:327,1
DA:332,11
DA:333,4
DA:334,4
DA:344,4
DA:346,4
DA:347,1
DA:350,3
DA:365,2
DA:367,1
DA:368,1
DA:373,11
DA:374,3
DA:375,3
DA:376,3
DA:382,3
DA:384,3
DA:396,2
DA:397,1
DA:400,1
DA:402,1
DA:403,1
LF:121
LH:119
BRDA:11,0,0,0
BRDA:11,0,1,0
BRDA:45,1,0,1
BRDA:45,1,1,2
BRDA:66,2,0,6
BRDA:67,3,0,6
BRDA:68,4,0,6
BRDA:70,5,0,6
BRDA:73,6,0,2
BRDA:73,6,1,4
BRDA:84,7,0,4
BRDA:84,7,1,2
BRDA:84,8,0,6
BRDA:84,8,1,2
BRDA:84,9,0,6
BRDA:84,9,1,2
BRDA:85,10,0,6
BRDA:85,10,1,2
BRDA:85,11,0,6
BRDA:85,11,1,2
BRDA:87,12,0,6
BRDA:87,12,1,2
BRDA:134,13,0,1
BRDA:134,13,1,2
BRDA:177,14,0,1
BRDA:177,14,1,2
BRDA:200,15,0,4
BRDA:204,16,0,4
BRDA:205,17,0,4
BRDA:208,18,0,1
BRDA:208,18,1,3
BRDA:219,19,0,3
BRDA:219,19,1,2
BRDA:219,20,0,4
BRDA:219,20,1,2
BRDA:220,21,0,4
BRDA:220,21,1,2
BRDA:220,22,0,4
BRDA:220,22,1,2
BRDA:220,23,0,4
BRDA:220,23,1,2
BRDA:226,24,0,1
BRDA:226,24,1,1
BRDA:273,25,0,4
BRDA:274,26,0,4
BRDA:275,27,0,4
BRDA:276,28,0,4
BRDA:280,29,0,2
BRDA:280,29,1,2
BRDA:280,30,0,4
BRDA:280,30,1,3
BRDA:292,31,0,2
BRDA:292,31,1,1
BRDA:292,32,0,4
BRDA:292,32,1,1
BRDA:293,33,0,4
BRDA:293,33,1,1
BRDA:294,34,0,4
BRDA:294,34,1,1
BRDA:343,35,0,4
BRDA:346,36,0,1
BRDA:346,36,1,3
BRDA:358,37,0,3
BRDA:358,37,1,2
BRDA:358,38,0,4
BRDA:358,38,1,2
BRDA:359,39,0,4
BRDA:359,39,1,2
BRDA:359,40,0,4
BRDA:359,40,1,2
BRDA:360,41,0,4
BRDA:360,41,1,2
BRDA:360,42,0,4
BRDA:360,42,1,2
BRDA:396,43,0,1
BRDA:396,43,1,1
BRF:76
BRH:74
end_of_record
TN:
SF:routes\offers.js
FN:9,calculateTotalComp
FN:26,findCompetingOffers
FN:55,(anonymous_2)
FN:64,(anonymous_3)
FN:79,(anonymous_4)
FN:98,(anonymous_5)
FN:215,(anonymous_6)
FN:492,(anonymous_7)
FN:562,(anonymous_8)
FN:641,(anonymous_9)
FN:736,(anonymous_10)
FN:776,(anonymous_11)
FNF:12
FNH:10
FNDA:16,calculateTotalComp
FNDA:8,findCompetingOffers
FNDA:3,(anonymous_2)
FNDA:6,(anonymous_3)
FNDA:4,(anonymous_4)
FNDA:9,(anonymous_5)
FNDA:8,(anonymous_6)
FNDA:0,(anonymous_7)
FNDA:4,(anonymous_8)
FNDA:3,(anonymous_9)
FNDA:0,(anonymous_10)
FNDA:4,(anonymous_11)
DA:5,11
DA:6,11
DA:10,16
DA:11,16
DA:12,16
DA:15,16
DA:16,16
DA:19,16
DA:20,16
DA:22,16
DA:27,8
DA:28,8
DA:29,8
DA:31,8
DA:32,0
DA:36,8
DA:44,8
DA:46,8
DA:47,2
DA:48,2
DA:51,8
DA:53,7
DA:55,3
DA:58,1
DA:59,1
DA:64,11
DA:65,6
DA:66,6
DA:67,6
DA:71,5
DA:73,1
DA:74,1
DA:79,11
DA:80,4
DA:81,4
DA:82,4
DA:83,4
DA:87,3
DA:88,1
DA:90,2
DA:92,1
DA:93,1
DA:98,11
DA:99,9
DA:100,9
DA:101,9
DA:104,9
DA:108,9
DA:111,9
DA:112,9
DA:113,6
DA:114,3
DA:116,0
DA:122,9
DA:171,9
DA:172,2
DA:173,2
DA:176,2
DA:177,2
DA:178,2
DA:183,2
DA:184,2
DA:185,2
DA:188,2
DA:189,2
DA:190,2
DA:201,0
DA:207,8
DA:209,1
DA:210,1
DA:215,11
DA:216,8
DA:217,8
DA:218,8
DA:219,8
DA:222,8
DA:227,7
DA:228,2
DA:231,5
DA:232,5
DA:235,5
DA:239,8
DA:244,8
DA:245,8
DA:246,8
DA:248,8
DA:249,2
DA:252,2
DA:255,2
DA:261,5
DA:262,5
DA:263,2
DA:264,3
DA:266,0
DA:272,3
DA:279,5
DA:282,8
DA:360,5
DA:361,1
DA:362,1
DA:365,1
DA:366,1
DA:368,0
DA:369,0
DA:374,0
DA:375,0
DA:376,0
DA:379,0
DA:380,0
DA:381,0
DA:392,0
DA:398,5
DA:401,5
DA:402,0
DA:404,0
DA:409,0
DA:411,0
DA:433,0
DA:435,0
DA:438,0
DA:445,5
DA:446,0
DA:447,0
DA:452,0
DA:454,0
DA:476,0
DA:479,0
DA:484,5
DA:486,1
DA:487,1
DA:492,11
DA:493,0
DA:494,0
DA:497,0
DA:502,0
DA:505,0
DA:506,0
DA:509,0
DA:523,0
DA:524,0
DA:529,0
DA:530,0
DA:531,0
DA:532,0
DA:533,0
DA:545,0
DA:546,0
DA:550,0
DA:556,0
DA:557,0
DA:562,11
DA:563,4
DA:564,4
DA:565,4
DA:566,4
DA:569,4
DA:574,3
DA:575,1
DA:578,2
DA:579,2
DA:580,4
DA:581,4
DA:584,4
DA:598,2
DA:602,2
DA:604,2
DA:618,2
DA:622,2
DA:623,2
DA:628,2
DA:633,2
DA:635,1
DA:636,1
DA:641,11
DA:642,3
DA:643,3
DA:644,3
DA:646,3
DA:649,3
DA:654,2
DA:655,1
DA:656,1
DA:659,1
DA:662,1
DA:664,0
DA:669,0
DA:670,0
DA:679,1
DA:692,1
DA:695,1
DA:701,1
DA:703,1
DA:726,1
DA:729,1
DA:734,1
DA:735,0
DA:736,0
DA:744,1
DA:746,0
DA:749,0
DA:750,0
DA:751,0
DA:757,0
DA:760,1
DA:761,1
DA:767,1
DA:776,11
DA:777,4
DA:778,4
DA:779,4
DA:780,4
DA:784,3
DA:786,1
DA:787,1
LF:214
LH:159
BRDA:10,0,0,16
BRDA:10,0,1,6
BRDA:11,1,0,16
BRDA:11,1,1,9
BRDA:12,2,0,2
BRDA:12,2,1,14
BRDA:13,3,0,2
BRDA:13,3,1,0
BRDA:14,4,0,14
BRDA:14,4,1,8
BRDA:15,5,0,16
BRDA:15,5,1,9
BRDA:16,6,0,16
BRDA:16,6,1,11
BRDA:17,7,0,16
BRDA:17,7,1,11
BRDA:26,8,0,8
BRDA:29,9,0,8
BRDA:29,9,1,0
BRDA:31,10,0,0
BRDA:31,10,1,8
BRDA:31,11,0,8
BRDA:31,11,1,8
BRDA:46,12,0,2
BRDA:46,12,1,6
BRDA:87,13,0,1
BRDA:87,13,1,2
BRDA:108,14,0,9
BRDA:108,14,1,9
BRDA:112,15,0,6
BRDA:112,15,1,3
BRDA:112,16,0,9
BRDA:112,16,1,6
BRDA:112,16,2,6
BRDA:114,17,0,0
BRDA:114,17,1,3
BRDA:114,18,0,3
BRDA:114,18,1,3
BRDA:117,19,0,0
BRDA:117,19,1,0
BRDA:118,20,0,0
BRDA:118,20,1,0
BRDA:136,21,0,9
BRDA:136,21,1,5
BRDA:145,22,0,9
BRDA:145,22,1,6
BRDA:146,23,0,9
BRDA:146,23,1,5
BRDA:147,24,0,9
BRDA:147,24,1,7
BRDA:148,25,0,9
BRDA:148,25,1,7
BRDA:149,26,0,9
BRDA:149,26,1,6
BRDA:152,27,0,9
BRDA:152,27,1,7
BRDA:153,28,0,9
BRDA:153,28,1,7
BRDA:154,29,0,9
BRDA:154,29,1,7
BRDA:155,30,0,9
BRDA:155,30,1,7
BRDA:156,31,0,9
BRDA:156,31,1,7
BRDA:159,32,0,9
BRDA:159,32,1,9
BRDA:164,33,0,9
BRDA:164,33,1,9
BRDA:166,34,0,2
BRDA:166,34,1,7
BRDA:171,35,0,2
BRDA:171,35,1,7
BRDA:171,36,0,9
BRDA:171,36,1,2
BRDA:173,37,0,2
BRDA:173,37,1,0
BRDA:183,38,0,2
BRDA:183,38,1,0
BRDA:184,39,0,2
BRDA:184,39,1,2
BRDA:185,40,0,2
BRDA:185,40,1,2
BRDA:188,41,0,2
BRDA:188,41,1,0
BRDA:227,42,0,2
BRDA:227,42,1,5
BRDA:235,43,0,0
BRDA:235,43,1,5
BRDA:237,44,0,5
BRDA:237,44,1,4
BRDA:239,45,0,2
BRDA:239,45,1,3
BRDA:248,46,0,2
BRDA:248,46,1,6
BRDA:248,47,0,8
BRDA:248,47,1,2
BRDA:248,47,2,2
BRDA:249,48,0,0
BRDA:249,48,1,2
BRDA:252,49,0,0
BRDA:252,49,1,2
BRDA:255,50,0,0
BRDA:255,50,1,2
BRDA:262,51,0,2
BRDA:262,51,1,3
BRDA:262,52,0,5
BRDA:262,52,1,2
BRDA:262,52,2,2
BRDA:264,53,0,0
BRDA:264,53,1,3
BRDA:264,54,0,3
BRDA:264,54,1,3
BRDA:267,55,0,0
BRDA:267,55,1,0
BRDA:268,56,0,0
BRDA:268,56,1,0
BRDA:273,57,0,3
BRDA:273,57,1,3
BRDA:274,58,0,3
BRDA:274,58,1,3
BRDA:279,59,0,5
BRDA:279,59,1,0
BRDA:351,60,0,1
BRDA:351,60,1,4
BRDA:360,61,0,1
BRDA:360,61,1,4
BRDA:360,62,0,5
BRDA:360,62,1,1
BRDA:362,63,0,1
BRDA:362,63,1,0
BRDA:362,63,2,0
BRDA:366,64,0,1
BRDA:366,64,1,0
BRDA:374,65,0,0
BRDA:374,65,1,0
BRDA:375,66,0,0
BRDA:375,66,1,0
BRDA:376,67,0,0
BRDA:376,67,1,0
BRDA:379,68,0,0
BRDA:379,68,1,0
BRDA:401,69,0,0
BRDA:401,69,1,5
BRDA:409,70,0,0
BRDA:409,70,1,0
BRDA:421,71,0,0
BRDA:421,71,1,0
BRDA:422,72,0,0
BRDA:422,72,1,0
BRDA:423,73,0,0
BRDA:423,73,1,0
BRDA:425,74,0,0
BRDA:425,74,1,0
BRDA:426,75,0,0
BRDA:426,75,1,0
BRDA:426,75,2,0
BRDA:427,76,0,0
BRDA:427,76,1,0
BRDA:428,77,0,0
BRDA:428,77,1,0
BRDA:428,77,2,0
BRDA:429,78,0,0
BRDA:429,78,1,0
BRDA:430,79,0,0
BRDA:430,79,1,0
BRDA:430,80,0,0
BRDA:430,80,1,0
BRDA:445,81,0,0
BRDA:445,81,1,5
BRDA:452,82,0,0
BRDA:452,82,1,0
BRDA:469,83,0,0
BRDA:469,83,1,0
BRDA:470,84,0,0
BRDA:470,84,1,0
BRDA:470,84,2,0
BRDA:471,85,0,0
BRDA:471,85,1,0
BRDA:472,86,0,0
BRDA:472,86,1,0
BRDA:472,87,0,0
BRDA:472,87,1,0
BRDA:517,88,0,0
BRDA:517,88,1,0
BRDA:529,89,0,0
BRDA:529,89,1,0
BRDA:530,90,0,0
BRDA:530,90,1,0
BRDA:531,91,0,0
BRDA:531,91,1,0
BRDA:545,92,0,0
BRDA:545,92,1,0
BRDA:574,93,0,1
BRDA:574,93,1,2
BRDA:579,94,0,2
BRDA:579,94,1,1
BRDA:580,95,0,4
BRDA:580,95,1,1
BRDA:581,96,0,2
BRDA:581,96,1,0
BRDA:611,97,0,2
BRDA:611,97,1,1
BRDA:611,98,0,4
BRDA:611,98,1,1
BRDA:612,99,0,4
BRDA:612,99,1,1
BRDA:612,100,0,4
BRDA:612,100,1,1
BRDA:613,101,0,4
BRDA:613,101,1,1
BRDA:654,102,0,1
BRDA:654,102,1,1
BRDA:662,103,0,0
BRDA:662,103,1,1
BRDA:669,104,0,0
BRDA:669,104,1,0
BRDA:713,105,0,1
BRDA:713,105,1,0
BRDA:714,106,0,3
BRDA:714,106,1,0
BRDA:715,107,0,3
BRDA:715,107,1,0
BRDA:717,108,0,3
BRDA:717,108,1,0
BRDA:718,109,0,3
BRDA:718,109,1,0
BRDA:718,109,2,0
BRDA:719,110,0,3
BRDA:719,110,1,0
BRDA:720,111,0,3
BRDA:720,111,1,0
BRDA:720,111,2,0
BRDA:721,112,0,3
BRDA:721,112,1,0
BRDA:722,113,0,3
BRDA:722,113,1,0
BRDA:722,114,0,3
BRDA:722,114,1,0
BRDA:734,115,0,0
BRDA:734,115,1,1
BRDA:749,116,0,0
BRDA:749,116,1,0
BRDA:749,117,0,0
BRDA:749,117,1,0
BRF:244
BRH:142
end_of_record
TN:
SF:routes\profile.js
FN:19,auth
FN:33,(anonymous_1)
FN:90,(anonymous_2)
FN:107,(anonymous_3)
FN:139,(anonymous_4)
FN:142,(anonymous_5)
FNF:6
FNH:6
FNDA:34,auth
FNDA:10,(anonymous_1)
FNDA:10,(anonymous_2)
FNDA:3,(anonymous_3)
FNDA:6,(anonymous_4)
FNDA:36,(anonymous_5)
DA:6,12
DA:7,12
DA:9,12
DA:12,12
DA:16,12
DA:20,34
DA:21,34
DA:22,30
DA:23,30
DA:24,30
DA:25,30
DA:26,30
DA:28,1
DA:33,12
DA:43,10
DA:44,10
DA:45,10
DA:49,9
DA:50,7
DA:66,2
DA:82,9
DA:84,1
DA:85,1
DA:90,12
DA:91,10
DA:92,10
DA:98,9
DA:99,10
DA:101,1
DA:102,1
DA:107,12
DA:108,3
DA:109,3
DA:111,3
DA:114,3
DA:117,2
DA:118,1
DA:123,1
DA:129,2
DA:134,1
DA:135,1
DA:139,12
DA:140,6
DA:142,36
DA:145,6
DA:175,5
DA:183,6
DA:185,6
DA:191,6
DA:200,6
DA:201,6
DA:202,5
DA:203,5
DA:204,1
DA:205,4
DA:207,5
DA:208,5
DA:209,5
DA:212,5
DA:213,5
DA:214,5
DA:217,5
DA:218,5
DA:219,5
DA:220,5
DA:221,5
DA:222,3
DA:223,5
DA:224,5
DA:225,5
DA:226,5
DA:227,5
DA:228,5
DA:233,5
DA:239,1
DA:240,1
LF:76
LH:76
BRDA:16,0,0,12
BRDA:16,0,1,0
BRDA:21,1,0,4
BRDA:21,1,1,30
BRDA:49,2,0,7
BRDA:49,2,1,2
BRDA:98,3,0,9
BRDA:98,3,1,2
BRDA:117,4,0,1
BRDA:117,4,1,1
BRDA:176,5,0,5
BRDA:176,5,1,3
BRDA:177,6,0,6
BRDA:177,6,1,2
BRDA:178,7,0,6
BRDA:178,7,1,3
BRDA:179,8,0,6
BRDA:179,8,1,4
BRDA:180,9,0,6
BRDA:180,9,1,4
BRDA:183,10,0,6
BRDA:183,10,1,2
BRDA:185,11,0,6
BRDA:185,11,1,3
BRDA:185,11,2,2
BRDA:185,11,3,2
BRDA:201,12,0,2
BRDA:201,12,1,4
BRDA:202,13,0,2
BRDA:202,13,1,3
BRDA:203,14,0,1
BRDA:203,14,1,4
BRDA:205,15,0,2
BRDA:205,15,1,2
BRDA:207,16,0,2
BRDA:207,16,1,3
BRDA:208,17,0,1
BRDA:208,17,1,4
BRDA:209,18,0,1
BRDA:209,18,1,4
BRDA:213,19,0,3
BRDA:213,19,1,2
BRDA:217,20,0,3
BRDA:217,20,1,2
BRDA:219,21,0,4
BRDA:219,21,1,1
BRDA:221,22,0,3
BRDA:221,22,1,2
BRDA:223,23,0,4
BRDA:223,23,1,1
BRDA:225,24,0,3
BRDA:225,24,1,2
BRDA:227,25,0,3
BRDA:227,25,1,2
BRF:54
BRH:53
end_of_record
TN:
SF:routes\projects.js
FN:17,auth
FN:34,(anonymous_1)
FN:76,(anonymous_2)
FN:102,(anonymous_3)
FN:121,(anonymous_4)
FN:161,(anonymous_5)
FN:191,(anonymous_6)
FNF:7
FNH:7
FNDA:41,auth
FNDA:13,(anonymous_1)
FNDA:6,(anonymous_2)
FNDA:5,(anonymous_3)
FNDA:12,(anonymous_4)
FNDA:5,(anonymous_5)
FNDA:6,(anonymous_6)
DA:6,12
DA:7,12
DA:8,12
DA:10,12
DA:14,12
DA:18,41
DA:19,41
DA:20,37
DA:21,37
DA:22,37
DA:23,37
DA:24,37
DA:26,1
DA:27,1
DA:34,12
DA:50,13
DA:52,13
DA:53,5
DA:58,8
DA:59,8
DA:69,8
DA:76,6
DA:87,13
DA:89,4
DA:94,4
DA:95,4
DA:102,12
DA:103,5
DA:104,5
DA:110,5
DA:111,4
DA:113,1
DA:114,1
DA:121,12
DA:137,12
DA:139,12
DA:140,7
DA:145,5
DA:146,5
DA:161,5
DA:175,4
DA:176,4
DA:178,3
DA:183,1
DA:184,1
DA:191,12
DA:192,6
DA:193,6
DA:202,5
DA:203,5
DA:205,2
DA:207,1
DA:208,1
LF:53
LH:53
BRDA:14,0,0,12
BRDA:14,0,1,0
BRDA:19,1,0,4
BRDA:19,1,1,37
BRDA:52,2,0,5
BRDA:52,2,1,8
BRDA:52,3,0,13
BRDA:52,3,1,12
BRDA:52,3,2,11
BRDA:52,3,3,9
BRDA:75,4,0,8
BRDA:75,4,1,4
BRDA:76,5,0,5
BRDA:76,5,1,3
BRDA:77,6,0,13
BRDA:77,6,1,4
BRDA:78,7,0,13
BRDA:78,7,1,4
BRDA:79,8,0,13
BRDA:79,8,1,4
BRDA:80,9,0,13
BRDA:80,9,1,4
BRDA:81,10,0,13
BRDA:81,10,1,4
BRDA:82,11,0,13
BRDA:82,11,1,4
BRDA:83,12,0,13
BRDA:83,12,1,4
BRDA:84,13,0,13
BRDA:84,13,1,4
BRDA:139,14,0,7
BRDA:139,14,1,5
BRDA:139,15,0,12
BRDA:139,15,1,11
BRDA:139,15,2,7
BRDA:139,15,3,6
BRDA:160,16,0,5
BRDA:160,16,1,4
BRDA:161,17,0,2
BRDA:161,17,1,3
BRDA:162,18,0,12
BRDA:162,18,1,4
BRDA:163,19,0,12
BRDA:163,19,1,4
BRDA:164,20,0,12
BRDA:164,20,1,4
BRDA:165,21,0,12
BRDA:165,21,1,4
BRDA:166,22,0,12
BRDA:166,22,1,4
BRDA:167,23,0,12
BRDA:167,23,1,4
BRDA:168,24,0,12
BRDA:168,24,1,4
BRDA:169,25,0,12
BRDA:169,25,1,4
BRDA:175,26,0,1
BRDA:175,26,1,3
BRDA:202,27,0,3
BRDA:202,27,1,2
BRF:60
BRH:59
end_of_record
TN:
SF:routes\resumePresets.js
FN:12,auth
FN:26,(anonymous_1)
FN:46,(anonymous_2)
FN:63,(anonymous_3)
FNF:4
FNH:4
FNDA:21,auth
FNDA:8,(anonymous_1)
FNDA:6,(anonymous_2)
FNDA:3,(anonymous_3)
DA:6,10
DA:7,10
DA:8,10
DA:9,10
DA:13,21
DA:14,21
DA:15,18
DA:16,18
DA:17,18
DA:18,18
DA:19,18
DA:21,1
DA:26,10
DA:27,8
DA:28,8
DA:29,3
DA:31,5
DA:32,5
DA:38,3
DA:40,2
DA:41,2
DA:46,10
DA:47,6
DA:48,6
DA:55,5
DA:57,1
DA:58,1
DA:63,10
DA:64,3
DA:65,3
DA:69,2
DA:71,1
LF:32
LH:32
BRDA:9,0,0,10
BRDA:9,0,1,0
BRDA:14,1,0,3
BRDA:14,1,1,18
BRDA:28,2,0,3
BRDA:28,2,1,5
BRDA:28,3,0,8
BRDA:28,3,1,7
BRF:8
BRH:7
end_of_record
TN:
SF:routes\resumes.js
FN:33,(anonymous_0)
FN:42,extractPdfText
FN:50,(anonymous_2)
FN:55,basicSectionParser
FN:58,(anonymous_4)
FN:75,normalizeSections
FN:97,(anonymous_6)
FN:102,(anonymous_7)
FN:130,createResumesRoutes
FN:142,toTemplateFileBase
FN:157,flattenForTemplate
FN:168,(anonymous_11)
FN:172,(anonymous_12)
FN:185,(anonymous_13)
FN:270,(anonymous_14)
FN:277,(anonymous_15)
FN:280,(anonymous_16)
FN:338,(anonymous_17)
FN:516,(anonymous_18)
FN:532,(anonymous_19)
FN:548,(anonymous_20)
FN:636,(anonymous_21)
FN:639,(anonymous_22)
FN:716,(anonymous_23)
FN:718,(anonymous_24)
FN:730,(anonymous_25)
FN:750,(anonymous_26)
FN:770,(anonymous_27)
FN:869,normalizeGeminiOutput
FN:882,(anonymous_29)
FN:885,(anonymous_30)
FN:896,(anonymous_31)
FN:909,(anonymous_32)
FN:1003,(anonymous_33)
FN:1016,(anonymous_34)
FNF:35
FNH:26
FNDA:10,(anonymous_0)
FNDA:3,extractPdfText
FNDA:0,(anonymous_2)
FNDA:0,basicSectionParser
FNDA:0,(anonymous_4)
FNDA:27,normalizeSections
FNDA:3,(anonymous_6)
FNDA:42,(anonymous_7)
FNDA:61,createResumesRoutes
FNDA:5,toTemplateFileBase
FNDA:18,flattenForTemplate
FNDA:1,(anonymous_11)
FNDA:3,(anonymous_12)
FNDA:21,(anonymous_13)
FNDA:1,(anonymous_14)
FNDA:5,(anonymous_15)
FNDA:30,(anonymous_16)
FNDA:4,(anonymous_17)
FNDA:7,(anonymous_18)
FNDA:7,(anonymous_19)
FNDA:11,(anonymous_20)
FNDA:0,(anonymous_21)
FNDA:0,(anonymous_22)
FNDA:1,(anonymous_23)
FNDA:6,(anonymous_24)
FNDA:6,(anonymous_25)
FNDA:4,(anonymous_26)
FNDA:6,(anonymous_27)
FNDA:0,normalizeGeminiOutput
FNDA:0,(anonymous_29)
FNDA:0,(anonymous_30)
FNDA:0,(anonymous_31)
FNDA:9,(anonymous_32)
FNDA:3,(anonymous_33)
FNDA:1,(anonymous_34)
DA:16,10
DA:21,10
DA:22,10
DA:24,10
DA:25,10
DA:27,10
DA:28,10
DA:29,0
DA:33,10
DA:34,10
DA:35,10
DA:36,10
DA:38,0
DA:43,3
DA:44,3
DA:45,3
DA:46,0
DA:47,0
DA:48,0
DA:49,0
DA:50,0
DA:52,0
DA:56,0
DA:58,0
DA:60,0
DA:76,27
DA:77,27
DA:85,27
DA:86,135
DA:87,135
DA:88,82
DA:89,82
DA:92,53
DA:93,3
DA:94,2
DA:95,1
DA:97,3
DA:99,1
DA:102,53
DA:103,42
DA:104,27
DA:105,27
DA:106,27
DA:107,27
DA:108,27
DA:109,27
DA:114,27
DA:124,27
DA:135,61
DA:137,61
DA:138,61
DA:139,61
DA:143,5
DA:145,5
DA:147,5
DA:153,5
DA:158,18
DA:168,61
DA:169,1
DA:172,61
DA:173,3
DA:174,3
DA:178,2
DA:180,1
DA:181,1
DA:185,61
DA:186,21
DA:187,21
DA:195,21
DA:197,21
DA:198,7
DA:202,14
DA:205,14
DA:211,13
DA:212,2
DA:218,2
DA:220,11
DA:225,11
DA:229,13
DA:236,13
DA:237,13
DA:241,13
DA:244,13
DA:247,12
DA:248,12
DA:254,12
DA:265,2
DA:266,2
DA:270,61
DA:271,1
DA:272,1
DA:273,1
DA:274,0
DA:277,61
DA:278,5
DA:279,5
DA:280,30
DA:283,5
DA:305,4
DA:307,5
DA:325,5
DA:331,1
DA:332,1
DA:338,61
DA:339,4
DA:340,4
DA:342,4
DA:343,4
DA:344,4
DA:346,4
DA:347,3
DA:348,3
DA:349,0
DA:350,0
DA:351,0
DA:352,0
DA:353,0
DA:355,0
DA:358,0
DA:360,0
DA:484,0
DA:492,0
DA:493,0
DA:496,0
DA:497,0
DA:499,0
DA:500,0
DA:503,0
DA:505,0
DA:511,4
DA:512,4
DA:516,61
DA:517,7
DA:518,7
DA:523,6
DA:525,1
DA:526,1
DA:532,61
DA:533,7
DA:534,7
DA:538,6
DA:540,1
DA:541,1
DA:548,61
DA:549,11
DA:550,11
DA:554,10
DA:555,10
DA:557,9
DA:560,9
DA:562,0
DA:563,0
DA:565,0
DA:566,0
DA:569,0
DA:570,0
DA:571,0
DA:574,0
DA:577,0
DA:578,0
DA:581,0
DA:582,0
DA:584,0
DA:585,0
DA:588,0
DA:610,0
DA:613,0
DA:618,0
DA:619,0
DA:621,0
DA:628,0
DA:631,0
DA:634,0
DA:635,0
DA:636,0
DA:638,0
DA:639,0
DA:641,0
DA:644,0
DA:645,0
DA:647,0
DA:653,0
DA:654,0
DA:658,0
DA:659,0
DA:660,0
DA:664,0
DA:665,0
DA:669,0
DA:670,0
DA:671,0
DA:673,0
DA:680,9
DA:684,11
DA:685,11
DA:690,11
DA:691,5
DA:692,5
DA:693,5
DA:694,3
DA:697,4
DA:698,1
DA:701,1
DA:702,6
DA:705,6
DA:707,1
DA:708,1
DA:709,1
DA:710,1
DA:711,1
DA:714,3
DA:715,1
DA:716,1
DA:717,1
DA:718,6
DA:720,1
DA:721,1
DA:724,2
DA:725,1
DA:726,1
DA:731,6
DA:738,1
DA:739,1
DA:742,1
DA:744,3
DA:745,3
DA:750,61
DA:751,4
DA:752,4
DA:753,4
DA:757,4
DA:758,1
DA:760,3
DA:762,0
DA:763,0
DA:770,61
DA:771,6
DA:772,6
DA:774,6
DA:775,3
DA:779,3
DA:840,3
DA:848,3
DA:849,1
DA:853,1
DA:854,1
DA:857,0
DA:858,0
DA:861,1
DA:863,2
DA:864,2
DA:870,0
DA:871,0
DA:874,0
DA:881,0
DA:882,0
DA:886,0
DA:895,0
DA:896,0
DA:900,0
DA:901,0
DA:903,0
DA:909,61
DA:910,9
DA:911,9
DA:912,9
DA:913,3
DA:918,6
DA:963,6
DA:971,6
DA:972,4
DA:978,4
DA:979,4
DA:981,0
DA:982,0
DA:987,4
DA:996,9
DA:1003,3
DA:1016,1
DA:1039,9
DA:1044,9
DA:1046,2
DA:1047,2
DA:1051,61
DA:1055,10
LF:285
LH:197
BRDA:25,0,0,0
BRDA:25,0,1,10
BRDA:28,1,0,0
BRDA:28,1,1,10
BRDA:36,2,0,10
BRDA:36,2,1,0
BRDA:55,3,0,0
BRDA:62,4,0,0
BRDA:62,4,1,0
BRDA:75,5,0,27
BRDA:87,6,0,82
BRDA:87,6,1,53
BRDA:92,7,0,3
BRDA:92,7,1,50
BRDA:93,8,0,1
BRDA:93,8,1,2
BRDA:94,9,0,1
BRDA:94,9,1,1
BRDA:103,10,0,15
BRDA:103,10,1,27
BRDA:115,11,0,24
BRDA:115,11,1,3
BRDA:115,12,0,27
BRDA:115,12,1,25
BRDA:131,13,0,61
BRDA:132,14,0,61
BRDA:133,15,0,61
BRDA:137,16,0,61
BRDA:137,16,1,10
BRDA:138,17,0,61
BRDA:138,17,1,61
BRDA:139,18,0,61
BRDA:139,18,1,10
BRDA:142,19,0,5
BRDA:143,20,0,5
BRDA:143,20,1,2
BRDA:153,21,0,5
BRDA:153,21,1,2
BRDA:159,22,0,18
BRDA:159,22,1,0
BRDA:160,23,0,18
BRDA:160,23,1,0
BRDA:161,24,0,18
BRDA:161,24,1,0
BRDA:162,25,0,18
BRDA:162,25,1,0
BRDA:163,26,0,18
BRDA:163,26,1,0
BRDA:164,27,0,18
BRDA:164,27,1,0
BRDA:190,28,0,21
BRDA:191,29,0,21
BRDA:192,30,0,21
BRDA:194,31,0,21
BRDA:197,32,0,7
BRDA:197,32,1,14
BRDA:197,33,0,21
BRDA:197,33,1,17
BRDA:211,34,0,2
BRDA:211,34,1,11
BRDA:266,35,0,2
BRDA:266,35,1,0
BRDA:272,36,0,1
BRDA:272,36,1,0
BRDA:305,37,0,4
BRDA:305,37,1,1
BRDA:309,38,0,5
BRDA:309,38,1,1
BRDA:310,39,0,5
BRDA:310,39,1,2
BRDA:312,40,0,5
BRDA:312,40,1,1
BRDA:313,41,0,5
BRDA:313,41,1,2
BRDA:314,42,0,5
BRDA:314,42,1,2
BRDA:316,43,0,5
BRDA:316,43,1,2
BRDA:334,44,0,1
BRDA:334,44,1,0
BRDA:340,45,0,0
BRDA:340,45,1,4
BRDA:346,46,0,3
BRDA:346,46,1,0
BRDA:349,47,0,0
BRDA:349,47,1,0
BRDA:350,48,0,0
BRDA:350,48,1,0
BRDA:512,49,0,4
BRDA:512,49,1,0
BRDA:528,50,0,1
BRDA:528,50,1,0
BRDA:541,51,0,1
BRDA:541,51,1,0
BRDA:554,52,0,1
BRDA:554,52,1,9
BRDA:560,53,0,0
BRDA:560,53,1,9
BRDA:565,54,0,0
BRDA:565,54,1,0
BRDA:569,55,0,0
BRDA:569,55,1,0
BRDA:569,56,0,0
BRDA:569,56,1,0
BRDA:569,56,2,0
BRDA:582,57,0,0
BRDA:582,57,1,0
BRDA:631,58,0,0
BRDA:631,58,1,0
BRDA:638,59,0,0
BRDA:638,59,1,0
BRDA:641,60,0,0
BRDA:641,60,1,0
BRDA:653,61,0,0
BRDA:653,61,1,0
BRDA:653,62,0,0
BRDA:653,62,1,0
BRDA:658,63,0,0
BRDA:658,63,1,0
BRDA:669,64,0,0
BRDA:669,64,1,0
BRDA:680,65,0,1
BRDA:680,65,1,8
BRDA:684,66,0,11
BRDA:684,66,1,3
BRDA:690,67,0,5
BRDA:690,67,1,6
BRDA:697,68,0,1
BRDA:697,68,1,3
BRDA:714,69,0,1
BRDA:714,69,1,2
BRDA:724,70,0,1
BRDA:724,70,1,1
BRDA:745,71,0,3
BRDA:745,71,1,0
BRDA:757,72,0,1
BRDA:757,72,1,3
BRDA:763,73,0,0
BRDA:763,73,1,0
BRDA:774,74,0,3
BRDA:774,74,1,3
BRDA:774,75,0,6
BRDA:774,75,1,4
BRDA:870,76,0,0
BRDA:870,76,1,0
BRDA:874,77,0,0
BRDA:874,77,1,0
BRDA:877,78,0,0
BRDA:877,78,1,0
BRDA:881,79,0,0
BRDA:881,79,1,0
BRDA:883,80,0,0
BRDA:883,80,1,0
BRDA:884,81,0,0
BRDA:884,81,1,0
BRDA:885,82,0,0
BRDA:885,82,1,0
BRDA:886,83,0,0
BRDA:886,83,1,0
BRDA:886,84,0,0
BRDA:886,84,1,0
BRDA:888,85,0,0
BRDA:888,85,1,0
BRDA:889,86,0,0
BRDA:889,86,1,0
BRDA:890,87,0,0
BRDA:890,87,1,0
BRDA:895,88,0,0
BRDA:895,88,1,0
BRDA:900,89,0,0
BRDA:900,89,1,0
BRDA:901,90,0,0
BRDA:901,90,1,0
BRDA:912,91,0,3
BRDA:912,91,1,6
BRDA:912,92,0,9
BRDA:912,92,1,7
BRDA:987,93,0,1
BRDA:987,93,1,3
BRDA:987,94,0,4
BRDA:987,94,1,2
BRDA:989,95,0,0
BRDA:989,95,1,3
BRDA:991,96,0,1
BRDA:991,96,1,2
BRDA:993,97,0,2
BRDA:993,97,1,1
BRDA:997,98,0,9
BRDA:997,98,1,0
BRDA:998,99,0,0
BRDA:998,99,1,0
BRDA:999,100,0,0
BRDA:999,100,1,0
BRDA:1001,101,0,0
BRDA:1001,101,1,0
BRDA:1001,101,2,0
BRDA:1004,102,0,3
BRDA:1004,102,1,1
BRDA:1004,102,2,0
BRDA:1005,103,0,3
BRDA:1005,103,1,0
BRDA:1006,104,0,3
BRDA:1006,104,1,2
BRDA:1006,104,2,2
BRDA:1008,105,0,3
BRDA:1008,105,1,2
BRDA:1008,105,2,2
BRDA:1009,106,0,3
BRDA:1009,106,1,3
BRDA:1009,106,2,3
BRDA:1011,107,0,1
BRDA:1011,107,1,2
BRDA:1013,108,0,2
BRDA:1013,108,1,2
BRDA:1014,109,0,1
BRDA:1014,109,1,2
BRDA:1016,110,0,1
BRDA:1016,110,1,0
BRDA:1016,111,0,0
BRDA:1016,111,1,0
BRDA:1018,112,0,2
BRDA:1018,112,1,1
BRDA:1019,113,0,3
BRDA:1019,113,1,2
BRDA:1020,114,0,3
BRDA:1020,114,1,2
BRDA:1021,115,0,3
BRDA:1021,115,1,2
BRDA:1021,115,2,2
BRDA:1024,116,0,0
BRDA:1024,116,1,4
BRDA:1024,117,0,9
BRDA:1024,117,1,1
BRDA:1026,118,0,4
BRDA:1026,118,1,4
BRDA:1028,119,0,0
BRDA:1028,119,1,4
BRDA:1028,120,0,9
BRDA:1028,120,1,1
BRDA:1030,121,0,4
BRDA:1030,121,1,4
BRDA:1032,122,0,1
BRDA:1032,122,1,3
BRDA:1032,123,0,9
BRDA:1032,123,1,1
BRDA:1034,124,0,3
BRDA:1034,124,1,3
BRDA:1034,124,2,3
BRF:248
BRH:151
end_of_record
TN:
SF:routes\salaryResearch.js
FN:18,inferLevelFromTitle
FN:28,inferCompanySize
FN:31,(anonymous_2)
FN:36,computeSalary
FN:86,(anonymous_4)
FNF:5
FNH:5
FNDA:1,inferLevelFromTitle
FNDA:1,inferCompanySize
FNDA:6,(anonymous_2)
FNDA:1,computeSalary
FNDA:1,(anonymous_4)
DA:8,9
DA:9,9
DA:10,9
DA:12,9
DA:13,9
DA:19,1
DA:20,1
DA:21,0
DA:22,1
DA:23,1
DA:24,1
DA:29,1
DA:30,1
DA:31,6
DA:32,1
DA:37,1
DA:45,1
DA:48,1
DA:55,1
DA:61,1
DA:63,1
DA:72,1
DA:76,1
DA:86,9
DA:87,1
DA:88,1
DA:90,1
DA:92,1
DA:97,1
DA:98,0
DA:101,1
DA:102,1
DA:103,1
DA:104,1
DA:106,1
DA:107,1
DA:111,1
DA:115,1
DA:116,1
DA:126,1
DA:154,1
DA:163,1
DA:174,1
DA:179,1
DA:182,1
DA:187,1
DA:203,1
DA:204,1
LF:48
LH:46
BRDA:18,0,0,1
BRDA:20,1,0,0
BRDA:20,1,1,1
BRDA:20,2,0,1
BRDA:20,2,1,1
BRDA:20,2,2,1
BRDA:22,3,0,0
BRDA:22,3,1,1
BRDA:22,4,0,1
BRDA:22,4,1,1
BRDA:23,5,0,0
BRDA:23,5,1,1
BRDA:23,6,0,1
BRDA:23,6,1,1
BRDA:28,7,0,1
BRDA:31,8,0,0
BRDA:31,8,1,1
BRDA:45,9,0,1
BRDA:45,9,1,1
BRDA:61,10,0,1
BRDA:61,10,1,0
BRDA:63,11,0,0
BRDA:63,11,1,1
BRDA:63,12,0,1
BRDA:63,12,1,1
BRDA:63,12,2,1
BRDA:63,12,3,1
BRDA:63,12,4,1
BRDA:72,13,0,1
BRDA:72,13,1,0
BRDA:73,14,0,1
BRDA:73,14,1,0
BRDA:88,15,0,1
BRDA:88,15,1,0
BRDA:97,16,0,0
BRDA:97,16,1,1
BRDA:102,17,0,1
BRDA:102,17,1,0
BRDA:103,18,0,1
BRDA:103,18,1,0
BRDA:104,19,0,1
BRDA:104,19,1,1
BRDA:111,20,0,1
BRDA:111,20,1,1
BRDA:179,21,0,1
BRDA:179,21,1,0
BRDA:182,22,0,0
BRDA:182,22,1,0
BRF:48
BRH:33
end_of_record
TN:
SF:routes\sectionPresets.js
FN:11,auth
FN:24,(anonymous_1)
FN:44,(anonymous_2)
FN:61,(anonymous_3)
FNF:4
FNH:4
FNDA:17,auth
FNDA:8,(anonymous_1)
FNDA:3,(anonymous_2)
FNDA:2,(anonymous_3)
DA:6,10
DA:7,10
DA:8,10
DA:9,10
DA:12,17
DA:13,17
DA:14,14
DA:15,14
DA:16,14
DA:17,14
DA:18,14
DA:20,1
DA:24,10
DA:25,8
DA:26,8
DA:27,3
DA:29,5
DA:30,5
DA:36,4
DA:38,1
DA:39,1
DA:44,10
DA:45,3
DA:46,3
DA:53,2
DA:55,1
DA:56,1
DA:61,10
DA:62,2
DA:63,2
DA:67,1
DA:69,1
LF:32
LH:32
BRDA:9,0,0,10
BRDA:9,0,1,0
BRDA:13,1,0,3
BRDA:13,1,1,14
BRDA:26,2,0,3
BRDA:26,2,1,5
BRDA:26,3,0,8
BRDA:26,3,1,7
BRDA:26,3,2,6
BRF:9
BRH:8
end_of_record
TN:
SF:routes\skillProgress.js
FN:13,auth
FN:35,(anonymous_1)
FN:55,(anonymous_2)
FNF:3
FNH:3
FNDA:18,auth
FNDA:7,(anonymous_1)
FNDA:7,(anonymous_2)
DA:6,11
DA:7,11
DA:8,11
DA:9,11
DA:10,11
DA:14,18
DA:16,18
DA:17,2
DA:20,16
DA:21,16
DA:22,16
DA:23,16
DA:24,16
DA:26,2
DA:35,11
DA:36,7
DA:37,7
DA:44,6
DA:46,1
DA:47,1
DA:55,11
DA:56,7
DA:57,7
DA:60,7
DA:62,7
DA:63,2
DA:66,5
DA:67,5
DA:76,4
DA:78,1
DA:79,1
LF:31
LH:31
BRDA:10,0,0,11
BRDA:10,0,1,0
BRDA:16,1,0,2
BRDA:16,1,1,16
BRDA:62,2,0,2
BRDA:62,2,1,5
BRF:6
BRH:5
end_of_record
TN:
SF:routes\skills.js
FN:13,auth
FN:27,(anonymous_1)
FN:53,(anonymous_2)
FN:67,(anonymous_3)
FN:87,(anonymous_4)
FNF:5
FNH:5
FNDA:38,auth
FNDA:12,(anonymous_1)
FNDA:7,(anonymous_2)
FNDA:7,(anonymous_3)
FNDA:7,(anonymous_4)
DA:6,12
DA:7,12
DA:8,12
DA:9,12
DA:10,12
DA:14,38
DA:15,38
DA:16,34
DA:17,34
DA:18,34
DA:19,34
DA:20,34
DA:22,1
DA:27,12
DA:28,12
DA:29,12
DA:31,10
DA:32,10
DA:36,9
DA:37,9
DA:39,2
DA:45,2
DA:47,1
DA:48,1
DA:53,12
DA:54,7
DA:55,7
DA:59,6
DA:61,1
DA:62,1
DA:67,12
DA:68,7
DA:69,7
DA:70,7
DA:78,6
DA:79,5
DA:81,1
DA:82,1
DA:87,12
DA:88,7
DA:89,7
DA:93,6
DA:94,6
DA:95,3
DA:97,1
DA:98,1
LF:46
LH:46
BRDA:10,0,0,12
BRDA:10,0,1,0
BRDA:15,1,0,4
BRDA:15,1,1,34
BRDA:29,2,0,2
BRDA:29,2,1,10
BRDA:36,3,0,7
BRDA:36,3,1,2
BRDA:78,4,0,1
BRDA:78,4,1,5
BRDA:93,5,0,3
BRDA:93,5,1,3
BRF:12
BRH:11
end_of_record
TN:
SF:routes\skillsGap.js
FN:16,auth
FN:46,(anonymous_1)
FN:59,(anonymous_2)
FN:76,(anonymous_3)
FN:93,calculatePriority
FN:114,(anonymous_5)
FN:116,(anonymous_6)
FN:149,(anonymous_7)
FN:152,getRes
FN:158,(anonymous_9)
FN:168,(anonymous_10)
FNF:11
FNH:11
FNDA:17,auth
FNDA:17,(anonymous_1)
FNDA:24,(anonymous_2)
FNDA:22,(anonymous_3)
FNDA:18,calculatePriority
FNDA:22,(anonymous_5)
FNDA:10,(anonymous_6)
FNDA:10,(anonymous_7)
FNDA:22,getRes
FNDA:44,(anonymous_9)
FNDA:22,(anonymous_10)
DA:9,10
DA:10,10
DA:11,10
DA:12,10
DA:13,10
DA:17,17
DA:18,17
DA:19,17
DA:20,17
DA:21,17
DA:22,17
DA:23,17
DA:25,0
DA:30,10
DA:31,10
DA:34,10
DA:35,10
DA:36,10
DA:37,10
DA:39,0
DA:46,10
DA:47,17
DA:48,17
DA:50,17
DA:52,17
DA:59,24
DA:66,16
DA:71,16
DA:72,2
DA:75,14
DA:76,17
DA:77,22
DA:80,17
DA:81,17
DA:82,17
DA:83,17
DA:94,18
DA:97,18
DA:98,2
DA:101,18
DA:102,18
DA:106,18
DA:109,18
DA:110,18
DA:114,17
DA:115,22
DA:116,22
DA:118,22
DA:119,16
DA:121,16
DA:127,6
DA:128,2
DA:130,2
DA:137,4
DA:139,4
DA:149,17
DA:153,22
DA:155,22
DA:157,22
DA:158,44
DA:164,0
DA:167,17
DA:168,17
DA:169,22
DA:173,17
DA:183,1
DA:184,1
LF:67
LH:64
BRDA:13,0,0,10
BRDA:13,0,1,0
BRDA:18,1,0,0
BRDA:18,1,1,17
BRDA:62,2,0,24
BRDA:62,2,1,1
BRDA:71,3,0,2
BRDA:71,3,1,14
BRDA:75,4,0,14
BRDA:75,4,1,1
BRDA:77,5,0,22
BRDA:77,5,1,0
BRDA:97,6,0,16
BRDA:97,6,1,2
BRDA:102,7,0,12
BRDA:102,7,1,6
BRDA:118,8,0,16
BRDA:118,8,1,6
BRDA:127,9,0,2
BRDA:127,9,1,4
BRDA:155,10,0,0
BRDA:155,10,1,22
BRDA:157,11,0,22
BRDA:157,11,1,0
BRF:24
BRH:19
end_of_record
TN:
SF:routes\upload.js
FN:20,(anonymous_0)
FN:21,(anonymous_1)
FN:30,(anonymous_2)
FN:38,(anonymous_3)
FNF:4
FNH:3
FNDA:1,(anonymous_0)
FNDA:1,(anonymous_1)
FNDA:0,(anonymous_2)
FNDA:21,(anonymous_3)
DA:7,11
DA:9,11
DA:10,11
DA:13,11
DA:14,11
DA:15,0
DA:19,11
DA:20,1
DA:22,1
DA:23,1
DA:27,11
DA:31,0
DA:32,0
DA:33,0
DA:38,11
DA:39,21
DA:40,21
LF:17
LH:13
BRDA:14,0,0,0
BRDA:14,0,1,11
BRDA:33,1,0,0
BRDA:33,1,1,0
BRF:4
BRH:1
end_of_record
TN:
SF:routes\versionControl.js
FN:15,(anonymous_0)
FN:55,(anonymous_1)
FN:95,(anonymous_2)
FN:127,(anonymous_3)
FN:159,(anonymous_4)
FN:203,(anonymous_5)
FN:247,(anonymous_6)
FN:281,(anonymous_7)
FNF:8
FNH:0
FNDA:0,(anonymous_0)
FNDA:0,(anonymous_1)
FNDA:0,(anonymous_2)
FNDA:0,(anonymous_3)
FNDA:0,(anonymous_4)
FNDA:0,(anonymous_5)
FNDA:0,(anonymous_6)
FNDA:0,(anonymous_7)
DA:9,8
DA:11,8
DA:12,8
DA:15,8
DA:16,0
DA:17,0
DA:18,0
DA:21,0
DA:26,0
DA:27,0
DA:31,0
DA:47,0
DA:49,0
DA:50,0
DA:55,8
DA:56,0
DA:57,0
DA:58,0
DA:61,0
DA:66,0
DA:67,0
DA:71,0
DA:87,0
DA:89,0
DA:90,0
DA:95,8
DA:96,0
DA:97,0
DA:98,0
DA:100,0
DA:115,0
DA:116,0
DA:119,0
DA:121,0
DA:122,0
DA:127,8
DA:128,0
DA:129,0
DA:130,0
DA:132,0
DA:147,0
DA:148,0
DA:151,0
DA:153,0
DA:154,0
DA:159,8
DA:160,0
DA:161,0
DA:162,0
DA:164,0
DA:171,0
DA:172,0
DA:175,0
DA:179,0
DA:180,0
DA:181,0
DA:183,0
DA:184,0
DA:187,0
DA:189,0
DA:190,0
DA:191,0
DA:192,0
DA:196,0
DA:198,0
DA:199,0
DA:203,8
DA:204,0
DA:205,0
DA:206,0
DA:208,0
DA:215,0
DA:216,0
DA:219,0
DA:222,0
DA:223,0
DA:224,0
DA:226,0
DA:227,0
DA:230,0
DA:232,0
DA:233,0
DA:234,0
DA:235,0
DA:239,0
DA:241,0
DA:242,0
DA:247,8
DA:248,0
DA:249,0
DA:250,0
DA:253,0
DA:260,0
DA:261,0
DA:264,0
DA:267,0
DA:274,0
DA:276,0
DA:277,0
DA:281,8
DA:282,0
DA:283,0
DA:284,0
DA:287,0
DA:294,0
DA:295,0
DA:298,0
DA:301,0
DA:308,0
DA:310,0
DA:311,0
LF:111
LH:11
BRDA:26,0,0,0
BRDA:26,0,1,0
BRDA:66,1,0,0
BRDA:66,1,1,0
BRDA:115,2,0,0
BRDA:115,2,1,0
BRDA:147,3,0,0
BRDA:147,3,1,0
BRDA:171,4,0,0
BRDA:171,4,1,0
BRDA:189,5,0,0
BRDA:189,5,1,0
BRDA:191,6,0,0
BRDA:191,6,1,0
BRDA:215,7,0,0
BRDA:215,7,1,0
BRDA:232,8,0,0
BRDA:232,8,1,0
BRDA:234,9,0,0
BRDA:234,9,1,0
BRDA:260,10,0,0
BRDA:260,10,1,0
BRDA:294,11,0,0
BRDA:294,11,1,0
BRF:24
BRH:0
end_of_record
TN:
SF:utils\roleTypeMapper.js
FN:5,getRoleTypeFromTitle
FN:184,getRoleCategoryFromTitle
FNF:2
FNH:2
FNDA:186,getRoleTypeFromTitle
FNDA:25,getRoleCategoryFromTitle
DA:6,186
DA:7,179
DA:10,179
DA:13,178
DA:14,15
DA:16,163
DA:17,3
DA:19,160
DA:20,2
DA:22,158
DA:23,3
DA:25,155
DA:26,3
DA:28,152
DA:29,3
DA:31,149
DA:32,8
DA:36,141
DA:37,4
DA:39,137
DA:40,2
DA:42,135
DA:43,2
DA:45,133
DA:46,3
DA:48,130
DA:49,2
DA:51,128
DA:52,1
DA:54,127
DA:55,2
DA:59,125
DA:60,5
DA:62,120
DA:63,5
DA:65,115
DA:66,3
DA:68,112
DA:69,3
DA:73,109
DA:74,2
DA:76,107
DA:77,2
DA:79,105
DA:80,5
DA:82,100
DA:83,2
DA:87,98
DA:88,5
DA:92,93
DA:93,6
DA:97,87
DA:98,5
DA:100,82
DA:101,6
DA:103,76
DA:104,6
DA:106,70
DA:107,5
DA:109,65
DA:110,3
DA:114,62
DA:115,4
DA:117,58
DA:118,2
DA:122,56
DA:123,3
DA:125,53
DA:126,4
DA:130,49
DA:131,5
DA:135,44
DA:136,5
DA:140,39
DA:141,5
DA:143,34
DA:144,3
DA:148,31
DA:149,6
DA:153,25
DA:154,4
DA:158,21
DA:159,4
DA:163,17
DA:164,3
DA:168,14
DA:169,2
DA:173,12
DA:174,2
DA:178,10
DA:185,25
DA:188,25
DA:195,25
DA:198,25
DA:199,16
DA:200,10
DA:202,7
LF:97
LH:97
BRDA:5,0,0,186
BRDA:6,1,0,7
BRDA:6,1,1,179
BRDA:6,2,0,186
BRDA:6,2,1,179
BRDA:6,2,2,179
BRDA:10,3,0,1
BRDA:10,3,1,178
BRDA:13,4,0,15
BRDA:13,4,1,163
BRDA:13,5,0,178
BRDA:13,5,1,163
BRDA:16,6,0,3
BRDA:16,6,1,160
BRDA:16,7,0,163
BRDA:16,7,1,161
BRDA:19,8,0,2
BRDA:19,8,1,158
BRDA:19,9,0,160
BRDA:19,9,1,159
BRDA:22,10,0,3
BRDA:22,10,1,155
BRDA:22,11,0,158
BRDA:22,11,1,157
BRDA:22,11,2,156
BRDA:25,12,0,3
BRDA:25,12,1,152
BRDA:25,13,0,155
BRDA:25,13,1,154
BRDA:25,13,2,153
BRDA:28,14,0,3
BRDA:28,14,1,149
BRDA:28,15,0,152
BRDA:28,15,1,3
BRDA:28,15,2,2
BRDA:28,15,3,1
BRDA:31,16,0,8
BRDA:31,16,1,141
BRDA:31,17,0,149
BRDA:31,17,1,143
BRDA:36,18,0,4
BRDA:36,18,1,137
BRDA:39,19,0,2
BRDA:39,19,1,135
BRDA:42,20,0,2
BRDA:42,20,1,133
BRDA:45,21,0,3
BRDA:45,21,1,130
BRDA:45,22,0,133
BRDA:45,22,1,132
BRDA:45,22,2,131
BRDA:48,23,0,2
BRDA:48,23,1,128
BRDA:48,24,0,130
BRDA:48,24,1,129
BRDA:51,25,0,1
BRDA:51,25,1,127
BRDA:54,26,0,2
BRDA:54,26,1,125
BRDA:54,27,0,127
BRDA:54,27,1,7
BRDA:54,27,2,4
BRDA:59,28,0,5
BRDA:59,28,1,120
BRDA:59,29,0,125
BRDA:59,29,1,122
BRDA:62,30,0,5
BRDA:62,30,1,115
BRDA:62,31,0,120
BRDA:62,31,1,115
BRDA:65,32,0,3
BRDA:65,32,1,112
BRDA:65,33,0,115
BRDA:65,33,1,114
BRDA:65,33,2,113
BRDA:68,34,0,3
BRDA:68,34,1,109
BRDA:68,35,0,112
BRDA:68,35,1,110
BRDA:68,35,2,110
BRDA:73,36,0,2
BRDA:73,36,1,107
BRDA:76,37,0,2
BRDA:76,37,1,105
BRDA:76,38,0,107
BRDA:76,38,1,106
BRDA:79,39,0,5
BRDA:79,39,1,100
BRDA:79,40,0,105
BRDA:79,40,1,103
BRDA:79,40,2,102
BRDA:79,40,3,101
BRDA:82,41,0,2
BRDA:82,41,1,98
BRDA:82,42,0,100
BRDA:82,42,1,99
BRDA:87,43,0,5
BRDA:87,43,1,93
BRDA:87,44,0,98
BRDA:87,44,1,96
BRDA:87,44,2,95
BRDA:87,44,3,94
BRDA:92,45,0,6
BRDA:92,45,1,87
BRDA:92,46,0,93
BRDA:92,46,1,91
BRDA:92,46,2,90
BRDA:92,46,3,89
BRDA:92,46,4,88
BRDA:97,47,0,5
BRDA:97,47,1,82
BRDA:97,48,0,87
BRDA:97,48,1,83
BRDA:100,49,0,6
BRDA:100,49,1,76
BRDA:100,50,0,82
BRDA:100,50,1,77
BRDA:103,51,0,6
BRDA:103,51,1,70
BRDA:103,52,0,76
BRDA:103,52,1,73
BRDA:103,52,2,72
BRDA:103,52,3,71
BRDA:106,53,0,5
BRDA:106,53,1,65
BRDA:106,54,0,70
BRDA:106,54,1,68
BRDA:106,54,2,67
BRDA:106,54,3,66
BRDA:109,55,0,3
BRDA:109,55,1,62
BRDA:109,56,0,65
BRDA:109,56,1,3
BRDA:109,56,2,3
BRDA:114,57,0,4
BRDA:114,57,1,58
BRDA:114,58,0,62
BRDA:114,58,1,61
BRDA:114,58,2,60
BRDA:114,58,3,59
BRDA:117,59,0,2
BRDA:117,59,1,56
BRDA:122,60,0,3
BRDA:122,60,1,53
BRDA:122,61,0,56
BRDA:122,61,1,54
BRDA:122,61,2,53
BRDA:125,62,0,4
BRDA:125,62,1,49
BRDA:125,63,0,53
BRDA:125,63,1,51
BRDA:125,63,2,51
BRDA:125,63,3,50
BRDA:130,64,0,5
BRDA:130,64,1,44
BRDA:135,65,0,5
BRDA:135,65,1,39
BRDA:140,66,0,5
BRDA:140,66,1,34
BRDA:140,67,0,39
BRDA:140,67,1,35
BRDA:140,67,2,34
BRDA:143,68,0,3
BRDA:143,68,1,31
BRDA:143,69,0,34
BRDA:143,69,1,32
BRDA:148,70,0,6
BRDA:148,70,1,25
BRDA:148,71,0,31
BRDA:148,71,1,29
BRDA:148,71,2,28
BRDA:148,71,3,27
BRDA:148,71,4,26
BRDA:153,72,0,4
BRDA:153,72,1,21
BRDA:153,73,0,25
BRDA:153,73,1,24
BRDA:153,73,2,23
BRDA:153,73,3,22
BRDA:153,73,4,22
BRDA:158,74,0,4
BRDA:158,74,1,17
BRDA:158,75,0,21
BRDA:158,75,1,20
BRDA:158,75,2,19
BRDA:158,75,3,18
BRDA:163,76,0,3
BRDA:163,76,1,14
BRDA:163,77,0,17
BRDA:163,77,1,15
BRDA:168,78,0,2
BRDA:168,78,1,12
BRDA:168,79,0,14
BRDA:168,79,1,13
BRDA:168,79,2,12
BRDA:173,80,0,2
BRDA:173,80,1,10
BRDA:173,81,0,12
BRDA:173,81,1,10
BRDA:184,82,0,25
BRDA:198,83,0,9
BRDA:198,83,1,16
BRDA:199,84,0,6
BRDA:199,84,1,10
BRDA:200,85,0,3
BRDA:200,85,1,7
BRF:206
BRH:206
end_of_record
TN:
SF:utils\schedulingHelpers.js
FN:18,getCalendarAuthUrl
FN:31,handleCalendarCallback
FN:41,syncToGoogleCalendar
FN:136,deleteFromGoogleCalendar
FN:171,sendInterviewReminder
FN:289,sendInterviewConfirmation
FNF:6
FNH:0
FNDA:0,getCalendarAuthUrl
FNDA:0,handleCalendarCallback
FNDA:0,syncToGoogleCalendar
FNDA:0,deleteFromGoogleCalendar
FNDA:0,sendInterviewReminder
FNDA:0,sendInterviewConfirmation
DA:5,10
DA:12,10
DA:19,0
DA:28,0
DA:32,0
DA:33,0
DA:34,0
DA:36,0
DA:37,0
DA:42,0
DA:44,0
DA:50,0
DA:51,0
DA:52,0
DA:56,0
DA:57,0
DA:59,0
DA:61,0
DA:65,0
DA:68,0
DA:76,0
DA:78,0
DA:84,0
DA:87,0
DA:88,0
DA:90,0
DA:112,0
DA:114,0
DA:119,0
DA:120,0
DA:123,0
DA:127,0
DA:128,0
DA:131,0
DA:132,0
DA:137,0
DA:138,0
DA:144,0
DA:146,0
DA:151,0
DA:153,0
DA:158,0
DA:160,0
DA:169,10
DA:172,0
DA:173,0
DA:174,0
DA:184,0
DA:188,0
DA:192,0
DA:269,0
DA:276,0
DA:277,0
DA:278,0
DA:281,0
DA:282,0
DA:284,0
DA:285,0
DA:290,0
DA:291,0
DA:293,0
DA:309,0
DA:311,0
DA:312,0
DA:314,0
LF:65
LH:3
BRDA:14,0,0,10
BRDA:14,0,1,0
BRDA:50,1,0,0
BRDA:50,1,1,0
BRDA:59,2,0,0
BRDA:59,2,1,0
BRDA:59,3,0,0
BRDA:59,3,1,0
BRDA:87,4,0,0
BRDA:87,4,1,0
BRDA:88,5,0,0
BRDA:88,5,1,0
BRDA:92,6,0,0
BRDA:92,6,1,0
BRDA:92,7,0,0
BRDA:92,7,1,0
BRDA:92,8,0,0
BRDA:92,8,1,0
BRDA:92,9,0,0
BRDA:92,9,1,0
BRDA:95,10,0,0
BRDA:95,10,1,0
BRDA:99,11,0,0
BRDA:99,11,1,0
BRDA:101,12,0,0
BRDA:101,12,1,0
BRDA:101,12,2,0
BRDA:112,13,0,0
BRDA:112,13,1,0
BRDA:115,14,0,0
BRDA:115,14,1,0
BRDA:124,15,0,0
BRDA:124,15,1,0
BRDA:144,16,0,0
BRDA:144,16,1,0
BRDA:144,17,0,0
BRDA:144,17,1,0
BRDA:154,18,0,0
BRDA:154,18,1,0
BRDA:173,19,0,0
BRDA:173,19,1,0
BRDA:184,20,0,0
BRDA:184,20,1,0
BRDA:188,21,0,0
BRDA:188,21,1,0
BRDA:189,22,0,0
BRDA:189,22,1,0
BRDA:190,23,0,0
BRDA:190,23,1,0
BRDA:228,24,0,0
BRDA:228,24,1,0
BRDA:234,25,0,0
BRDA:234,25,1,0
BRDA:240,26,0,0
BRDA:240,26,1,0
BRDA:246,27,0,0
BRDA:246,27,1,0
BRDA:249,28,0,0
BRDA:249,28,1,0
BRDA:276,29,0,0
BRDA:276,29,1,0
BRDA:291,30,0,0
BRDA:291,30,1,0
BRDA:303,31,0,0
BRDA:303,31,1,0
BRDA:309,32,0,0
BRDA:309,32,1,0
BRF:67
BRH:1
end_of_record
