<?xml version="1.0" encoding="UTF-8"?>
<coverage generated="1765878356491" clover="3.2.0">
  <project timestamp="1765878356491" name="All files">
    <metrics statements="365" coveredstatements="232" conditionals="200" coveredconditionals="95" methods="38" coveredmethods="28" elements="603" coveredelements="355" complexity="0" loc="365" ncloc="365" packages="1" files="1" classes="1"/>
    <file name="github.js" path="C:\Users\aditn\OneDrive\Desktop\Cursor\Aandsz-Forces-ATS-CS490\backend\routes\github.js">
      <metrics statements="365" coveredstatements="232" conditionals="200" coveredconditionals="95" methods="38" coveredmethods="28"/>
      <line num="12" count="1" type="stmt"/>
      <line num="13" count="1" type="cond" truecount="2" falsecount="0"/>
      <line num="14" count="1" type="stmt"/>
      <line num="20" count="1" type="stmt"/>
      <line num="21" count="3" type="stmt"/>
      <line num="22" count="3" type="stmt"/>
      <line num="23" count="3" type="stmt"/>
      <line num="25" count="3" type="cond" truecount="5" falsecount="0"/>
      <line num="26" count="1" type="stmt"/>
      <line num="29" count="2" type="stmt"/>
      <line num="32" count="2" type="stmt"/>
      <line num="37" count="2" type="cond" truecount="2" falsecount="0"/>
      <line num="42" count="3" type="stmt"/>
      <line num="43" count="3" type="stmt"/>
      <line num="47" count="2" type="stmt"/>
      <line num="49" count="2" type="cond" truecount="2" falsecount="0"/>
      <line num="51" count="1" type="stmt"/>
      <line num="58" count="1" type="cond" truecount="1" falsecount="1"/>
      <line num="60" count="1" type="stmt"/>
      <line num="64" count="1" type="cond" truecount="1" falsecount="1"/>
      <line num="66" count="1" type="stmt"/>
      <line num="68" count="1" type="stmt"/>
      <line num="75" count="1" type="stmt"/>
      <line num="79" count="1" type="stmt"/>
      <line num="86" count="1" type="stmt"/>
      <line num="92" count="0" type="stmt"/>
      <line num="93" count="0" type="stmt"/>
      <line num="103" count="7" type="stmt"/>
      <line num="104" count="7" type="stmt"/>
      <line num="105" count="7" type="stmt"/>
      <line num="107" count="0" type="cond" truecount="0" falsecount="3"/>
      <line num="111" count="0" type="cond" truecount="0" falsecount="4"/>
      <line num="112" count="0" type="stmt"/>
      <line num="113" count="0" type="stmt"/>
      <line num="114" count="0" type="stmt"/>
      <line num="116" count="0" type="stmt"/>
      <line num="121" count="1" type="stmt"/>
      <line num="122" count="2" type="stmt"/>
      <line num="123" count="2" type="stmt"/>
      <line num="126" count="2" type="stmt"/>
      <line num="127" count="2" type="stmt"/>
      <line num="133" count="2" type="cond" truecount="4" falsecount="0"/>
      <line num="134" count="1" type="stmt"/>
      <line num="137" count="1" type="stmt"/>
      <line num="140" count="1" type="cond" truecount="1" falsecount="1"/>
      <line num="143" count="2" type="cond" truecount="2" falsecount="2"/>
      <line num="144" count="0" type="stmt"/>
      <line num="150" count="1" type="stmt"/>
      <line num="151" count="1" type="stmt"/>
      <line num="161" count="1" type="stmt"/>
      <line num="169" count="2" type="stmt"/>
      <line num="170" count="2" type="stmt"/>
      <line num="172" count="1" type="cond" truecount="1" falsecount="1"/>
      <line num="174" count="2" type="stmt"/>
      <line num="176" count="2" type="stmt"/>
      <line num="177" count="2" type="stmt"/>
      <line num="178" count="2" type="stmt"/>
      <line num="179" count="2" type="stmt"/>
      <line num="180" count="2" type="stmt"/>
      <line num="181" count="2" type="stmt"/>
      <line num="182" count="2" type="stmt"/>
      <line num="184" count="2" type="stmt"/>
      <line num="185" count="2" type="stmt"/>
      <line num="186" count="2" type="stmt"/>
      <line num="189" count="2" type="stmt"/>
      <line num="190" count="1" type="stmt"/>
      <line num="192" count="1" type="stmt"/>
      <line num="199" count="1" type="stmt"/>
      <line num="201" count="1" type="stmt"/>
      <line num="204" count="1" type="stmt"/>
      <line num="205" count="1" type="stmt"/>
      <line num="211" count="1" type="cond" truecount="1" falsecount="1"/>
      <line num="213" count="0" type="stmt"/>
      <line num="214" count="0" type="stmt"/>
      <line num="246" count="0" type="stmt"/>
      <line num="247" count="0" type="stmt"/>
      <line num="250" count="1" type="stmt"/>
      <line num="251" count="1" type="stmt"/>
      <line num="282" count="1" type="stmt"/>
      <line num="283" count="1" type="stmt"/>
      <line num="288" count="1" type="stmt"/>
      <line num="291" count="1" type="stmt"/>
      <line num="292" count="1" type="stmt"/>
      <line num="299" count="1" type="stmt"/>
      <line num="301" count="1" type="stmt"/>
      <line num="304" count="1" type="stmt"/>
      <line num="312" count="1" type="stmt"/>
      <line num="313" count="1" type="stmt"/>
      <line num="316" count="1" type="stmt"/>
      <line num="318" count="1" type="cond" truecount="2" falsecount="0"/>
      <line num="321" count="1" type="cond" truecount="3" falsecount="1"/>
      <line num="322" count="0" type="stmt"/>
      <line num="324" count="0" type="stmt"/>
      <line num="325" count="0" type="stmt"/>
      <line num="326" count="0" type="stmt"/>
      <line num="327" count="0" type="stmt"/>
      <line num="328" count="0" type="stmt"/>
      <line num="330" count="0" type="cond" truecount="0" falsecount="2"/>
      <line num="331" count="0" type="stmt"/>
      <line num="334" count="0" type="stmt"/>
      <line num="335" count="0" type="stmt"/>
      <line num="354" count="0" type="stmt"/>
      <line num="356" count="0" type="stmt"/>
      <line num="360" count="0" type="cond" truecount="0" falsecount="2"/>
      <line num="361" count="0" type="stmt"/>
      <line num="364" count="0" type="stmt"/>
      <line num="366" count="1" type="stmt"/>
      <line num="370" count="0" type="cond" truecount="0" falsecount="4"/>
      <line num="371" count="0" type="stmt"/>
      <line num="372" count="0" type="cond" truecount="0" falsecount="2"/>
      <line num="373" count="0" type="stmt"/>
      <line num="374" count="0" type="cond" truecount="0" falsecount="2"/>
      <line num="375" count="0" type="stmt"/>
      <line num="377" count="0" type="stmt"/>
      <line num="381" count="0" type="stmt"/>
      <line num="382" count="0" type="stmt"/>
      <line num="387" count="1" type="stmt"/>
      <line num="388" count="1" type="stmt"/>
      <line num="396" count="1" type="stmt"/>
      <line num="409" count="0" type="stmt"/>
      <line num="412" count="0" type="stmt"/>
      <line num="413" count="0" type="stmt"/>
      <line num="414" count="0" type="stmt"/>
      <line num="422" count="0" type="stmt"/>
      <line num="426" count="0" type="cond" truecount="0" falsecount="3"/>
      <line num="430" count="0" type="cond" truecount="0" falsecount="2"/>
      <line num="431" count="0" type="stmt"/>
      <line num="442" count="0" type="stmt"/>
      <line num="454" count="1" type="stmt"/>
      <line num="455" count="2" type="stmt"/>
      <line num="456" count="2" type="stmt"/>
      <line num="457" count="2" type="cond" truecount="1" falsecount="0"/>
      <line num="460" count="2" type="stmt"/>
      <line num="464" count="2" type="cond" truecount="2" falsecount="0"/>
      <line num="465" count="2" type="stmt"/>
      <line num="467" count="2" type="stmt"/>
      <line num="469" count="2" type="stmt"/>
      <line num="473" count="2" type="stmt"/>
      <line num="474" count="2" type="stmt"/>
      <line num="479" count="2" type="cond" truecount="4" falsecount="1"/>
      <line num="480" count="2" type="stmt"/>
      <line num="481" count="2" type="stmt"/>
      <line num="482" count="0" type="cond" truecount="0" falsecount="4"/>
      <line num="484" count="0" type="stmt"/>
      <line num="485" count="0" type="stmt"/>
      <line num="490" count="0" type="stmt"/>
      <line num="494" count="2" type="cond" truecount="1" falsecount="1"/>
      <line num="495" count="0" type="stmt"/>
      <line num="499" count="2" type="cond" truecount="2" falsecount="0"/>
      <line num="500" count="1" type="stmt"/>
      <line num="501" count="1" type="stmt"/>
      <line num="502" count="1" type="stmt"/>
      <line num="506" count="2" type="stmt"/>
      <line num="507" count="2" type="cond" truecount="1" falsecount="1"/>
      <line num="508" count="2" type="cond" truecount="1" falsecount="1"/>
      <line num="512" count="2" type="stmt"/>
      <line num="514" count="2" type="stmt"/>
      <line num="517" count="2" type="stmt"/>
      <line num="518" count="2" type="stmt"/>
      <line num="519" count="2" type="stmt"/>
      <line num="522" count="2" type="stmt"/>
      <line num="525" count="1" type="stmt"/>
      <line num="533" count="1" type="stmt"/>
      <line num="541" count="2" type="stmt"/>
      <line num="542" count="2" type="stmt"/>
      <line num="544" count="0" type="stmt"/>
      <line num="545" count="0" type="stmt"/>
      <line num="553" count="1" type="stmt"/>
      <line num="554" count="2" type="stmt"/>
      <line num="555" count="2" type="stmt"/>
      <line num="556" count="2" type="stmt"/>
      <line num="558" count="2" type="cond" truecount="1" falsecount="1"/>
      <line num="559" count="0" type="stmt"/>
      <line num="562" count="2" type="stmt"/>
      <line num="568" count="2" type="cond" truecount="2" falsecount="0"/>
      <line num="569" count="1" type="stmt"/>
      <line num="572" count="1" type="stmt"/>
      <line num="573" count="1" type="cond" truecount="1" falsecount="1"/>
      <line num="576" count="2" type="stmt"/>
      <line num="584" count="1" type="cond" truecount="1" falsecount="1"/>
      <line num="586" count="2" type="stmt"/>
      <line num="588" count="0" type="stmt"/>
      <line num="589" count="0" type="stmt"/>
      <line num="597" count="1" type="stmt"/>
      <line num="598" count="2" type="stmt"/>
      <line num="599" count="2" type="stmt"/>
      <line num="600" count="2" type="stmt"/>
      <line num="601" count="2" type="stmt"/>
      <line num="603" count="2" type="cond" truecount="1" falsecount="1"/>
      <line num="604" count="0" type="stmt"/>
      <line num="607" count="2" type="cond" truecount="2" falsecount="0"/>
      <line num="608" count="1" type="stmt"/>
      <line num="611" count="1" type="stmt"/>
      <line num="619" count="1" type="cond" truecount="1" falsecount="1"/>
      <line num="620" count="0" type="stmt"/>
      <line num="623" count="1" type="stmt"/>
      <line num="624" count="1" type="cond" truecount="1" falsecount="1"/>
      <line num="626" count="2" type="stmt"/>
      <line num="631" count="0" type="stmt"/>
      <line num="632" count="0" type="stmt"/>
      <line num="640" count="1" type="stmt"/>
      <line num="641" count="1" type="stmt"/>
      <line num="642" count="1" type="stmt"/>
      <line num="643" count="1" type="stmt"/>
      <line num="645" count="1" type="stmt"/>
      <line num="650" count="1" type="stmt"/>
      <line num="651" count="1" type="stmt"/>
      <line num="653" count="1" type="cond" truecount="1" falsecount="1"/>
      <line num="654" count="0" type="stmt"/>
      <line num="655" count="0" type="stmt"/>
      <line num="656" count="0" type="stmt"/>
      <line num="659" count="1" type="cond" truecount="1" falsecount="1"/>
      <line num="660" count="0" type="stmt"/>
      <line num="661" count="0" type="stmt"/>
      <line num="662" count="0" type="stmt"/>
      <line num="665" count="1" type="stmt"/>
      <line num="667" count="1" type="stmt"/>
      <line num="669" count="1" type="stmt"/>
      <line num="672" count="1" type="stmt"/>
      <line num="679" count="1" type="cond" truecount="1" falsecount="1"/>
      <line num="680" count="1" type="stmt"/>
      <line num="682" count="1" type="stmt"/>
      <line num="689" count="1" type="stmt"/>
      <line num="693" count="1" type="cond" truecount="1" falsecount="1"/>
      <line num="694" count="0" type="stmt"/>
      <line num="699" count="0" type="stmt"/>
      <line num="702" count="0" type="stmt"/>
      <line num="706" count="0" type="cond" truecount="0" falsecount="2"/>
      <line num="709" count="1" type="stmt"/>
      <line num="711" count="0" type="stmt"/>
      <line num="712" count="0" type="stmt"/>
      <line num="720" count="1" type="stmt"/>
      <line num="721" count="0" type="stmt"/>
      <line num="722" count="0" type="stmt"/>
      <line num="723" count="0" type="stmt"/>
      <line num="724" count="0" type="stmt"/>
      <line num="726" count="0" type="cond" truecount="0" falsecount="2"/>
      <line num="727" count="0" type="stmt"/>
      <line num="730" count="0" type="cond" truecount="0" falsecount="2"/>
      <line num="731" count="0" type="stmt"/>
      <line num="735" count="0" type="stmt"/>
      <line num="740" count="0" type="cond" truecount="0" falsecount="2"/>
      <line num="741" count="0" type="stmt"/>
      <line num="745" count="0" type="stmt"/>
      <line num="751" count="0" type="cond" truecount="0" falsecount="2"/>
      <line num="753" count="0" type="stmt"/>
      <line num="758" count="0" type="cond" truecount="0" falsecount="2"/>
      <line num="759" count="0" type="stmt"/>
      <line num="763" count="0" type="stmt"/>
      <line num="764" count="0" type="stmt"/>
      <line num="767" count="0" type="stmt"/>
      <line num="775" count="0" type="stmt"/>
      <line num="782" count="0" type="stmt"/>
      <line num="787" count="0" type="stmt"/>
      <line num="788" count="0" type="stmt"/>
      <line num="796" count="1" type="stmt"/>
      <line num="797" count="0" type="stmt"/>
      <line num="798" count="0" type="stmt"/>
      <line num="799" count="0" type="stmt"/>
      <line num="800" count="0" type="stmt"/>
      <line num="802" count="0" type="cond" truecount="0" falsecount="4"/>
      <line num="803" count="0" type="stmt"/>
      <line num="806" count="0" type="stmt"/>
      <line num="813" count="0" type="cond" truecount="0" falsecount="2"/>
      <line num="814" count="0" type="stmt"/>
      <line num="817" count="0" type="stmt"/>
      <line num="819" count="0" type="stmt"/>
      <line num="820" count="0" type="stmt"/>
      <line num="828" count="1" type="stmt"/>
      <line num="829" count="1" type="stmt"/>
      <line num="830" count="1" type="stmt"/>
      <line num="833" count="1" type="stmt"/>
      <line num="845" count="1" type="stmt"/>
      <line num="856" count="1" type="stmt"/>
      <line num="867" count="1" type="stmt"/>
      <line num="878" count="1" type="stmt"/>
      <line num="885" count="1" type="stmt"/>
      <line num="903" count="1" type="stmt"/>
      <line num="905" count="0" type="stmt"/>
      <line num="906" count="0" type="stmt"/>
      <line num="914" count="1" type="stmt"/>
      <line num="915" count="2" type="stmt"/>
      <line num="916" count="2" type="stmt"/>
      <line num="918" count="2" type="stmt"/>
      <line num="926" count="2" type="cond" truecount="2" falsecount="0"/>
      <line num="927" count="1" type="stmt"/>
      <line num="931" count="1" type="stmt"/>
      <line num="932" count="1" type="stmt"/>
      <line num="934" count="0" type="stmt"/>
      <line num="935" count="0" type="stmt"/>
      <line num="943" count="1" type="stmt"/>
      <line num="944" count="1" type="stmt"/>
      <line num="945" count="1" type="stmt"/>
      <line num="946" count="1" type="stmt"/>
      <line num="948" count="1" type="stmt"/>
      <line num="949" count="1" type="stmt"/>
      <line num="950" count="1" type="stmt"/>
      <line num="952" count="1" type="cond" truecount="1" falsecount="1"/>
      <line num="953" count="1" type="stmt"/>
      <line num="954" count="1" type="stmt"/>
      <line num="955" count="1" type="stmt"/>
      <line num="958" count="1" type="cond" truecount="3" falsecount="1"/>
      <line num="959" count="1" type="stmt"/>
      <line num="960" count="1" type="stmt"/>
      <line num="961" count="1" type="stmt"/>
      <line num="965" count="1" type="stmt"/>
      <line num="966" count="1" type="stmt"/>
      <line num="968" count="1" type="cond" truecount="1" falsecount="1"/>
      <line num="970" count="0" type="stmt"/>
      <line num="974" count="0" type="cond" truecount="0" falsecount="2"/>
      <line num="975" count="0" type="cond" truecount="0" falsecount="2"/>
      <line num="977" count="0" type="stmt"/>
      <line num="978" count="0" type="stmt"/>
      <line num="979" count="0" type="stmt"/>
      <line num="982" count="1" type="cond" truecount="1" falsecount="1"/>
      <line num="983" count="0" type="stmt"/>
      <line num="986" count="1" type="stmt"/>
      <line num="988" count="1" type="stmt"/>
      <line num="996" count="1" type="cond" truecount="1" falsecount="1"/>
      <line num="998" count="0" type="stmt"/>
      <line num="1002" count="0" type="stmt"/>
      <line num="1004" count="0" type="cond" truecount="0" falsecount="2"/>
      <line num="1006" count="0" type="stmt"/>
      <line num="1012" count="0" type="stmt"/>
      <line num="1018" count="0" type="stmt"/>
      <line num="1023" count="0" type="stmt"/>
      <line num="1025" count="0" type="stmt"/>
      <line num="1030" count="1" type="stmt"/>
      <line num="1038" count="1" type="stmt"/>
      <line num="1043" count="0" type="stmt"/>
      <line num="1044" count="0" type="stmt"/>
      <line num="1052" count="1" type="stmt"/>
      <line num="1053" count="2" type="stmt"/>
      <line num="1054" count="2" type="stmt"/>
      <line num="1055" count="2" type="stmt"/>
      <line num="1057" count="2" type="cond" truecount="4" falsecount="1"/>
      <line num="1058" count="0" type="stmt"/>
      <line num="1062" count="2" type="stmt"/>
      <line num="1067" count="2" type="cond" truecount="2" falsecount="0"/>
      <line num="1068" count="1" type="stmt"/>
      <line num="1072" count="1" type="stmt"/>
      <line num="1075" count="1" type="stmt"/>
      <line num="1083" count="1" type="stmt"/>
      <line num="1091" count="1" type="stmt"/>
      <line num="1097" count="0" type="stmt"/>
      <line num="1098" count="0" type="stmt"/>
      <line num="1106" count="1" type="stmt"/>
      <line num="1107" count="2" type="stmt"/>
      <line num="1108" count="2" type="stmt"/>
      <line num="1111" count="2" type="stmt"/>
      <line num="1116" count="2" type="cond" truecount="2" falsecount="0"/>
      <line num="1117" count="1" type="stmt"/>
      <line num="1123" count="1" type="stmt"/>
      <line num="1127" count="1" type="stmt"/>
      <line num="1130" count="1" type="stmt"/>
      <line num="1134" count="1" type="stmt"/>
      <line num="1137" count="1" type="stmt"/>
      <line num="1141" count="1" type="stmt"/>
      <line num="1144" count="1" type="stmt"/>
      <line num="1148" count="1" type="stmt"/>
      <line num="1150" count="1" type="stmt"/>
      <line num="1160" count="0" type="stmt"/>
      <line num="1161" count="0" type="stmt"/>
      <line num="1165" count="1" type="stmt"/>
      <line num="1169" count="1" type="stmt"/>
    </file>
  </project>
</coverage>
