{"C:\\Users\\aditn\\OneDrive\\Desktop\\Cursor\\Aandsz-Forces-ATS-CS490\\backend\\routes\\github.js": {"path":"C:\\Users\\aditn\\OneDrive\\Desktop\\Cursor\\Aandsz-Forces-ATS-CS490\\backend\\routes\\github.js","statementMap":{"0":{"start":{"line":12,"column":17},"end":{"line":12,"column":33}},"1":{"start":{"line":13,"column":23},"end":{"line":13,"column":37}},"2":{"start":{"line":14,"column":23},"end":{"line":14,"column":57}},"3":{"start":{"line":20,"column":2},"end":{"line":95,"column":5}},"4":{"start":{"line":21,"column":4},"end":{"line":94,"column":5}},"5":{"start":{"line":22,"column":34},"end":{"line":22,"column":42}},"6":{"start":{"line":23,"column":21},"end":{"line":23,"column":32}},"7":{"start":{"line":25,"column":6},"end":{"line":27,"column":7}},"8":{"start":{"line":26,"column":8},"end":{"line":26,"column":78}},"9":{"start":{"line":29,"column":23},"end":{"line":29,"column":59}},"10":{"start":{"line":32,"column":23},"end":{"line":35,"column":7}},"11":{"start":{"line":37,"column":40},"end":{"line":38,"column":68}},"12":{"start":{"line":42,"column":6},"end":{"line":42,"column":74}},"13":{"start":{"line":43,"column":35},"end":{"line":46,"column":7}},"14":{"start":{"line":47,"column":6},"end":{"line":47,"column":91}},"15":{"start":{"line":49,"column":6},"end":{"line":84,"column":7}},"16":{"start":{"line":51,"column":8},"end":{"line":56,"column":10}},"17":{"start":{"line":58,"column":8},"end":{"line":76,"column":9}},"18":{"start":{"line":60,"column":29},"end":{"line":63,"column":11}},"19":{"start":{"line":64,"column":28},"end":{"line":64,"column":68}},"20":{"start":{"line":66,"column":10},"end":{"line":66,"column":104}},"21":{"start":{"line":68,"column":10},"end":{"line":74,"column":13}},"22":{"start":{"line":75,"column":10},"end":{"line":75,"column":17}},"23":{"start":{"line":79,"column":8},"end":{"line":83,"column":10}},"24":{"start":{"line":86,"column":6},"end":{"line":90,"column":9}},"25":{"start":{"line":92,"column":6},"end":{"line":92,"column":63}},"26":{"start":{"line":93,"column":6},"end":{"line":93,"column":74}},"27":{"start":{"line":103,"column":4},"end":{"line":118,"column":5}},"28":{"start":{"line":103,"column":17},"end":{"line":103,"column":18}},"29":{"start":{"line":104,"column":6},"end":{"line":117,"column":7}},"30":{"start":{"line":105,"column":8},"end":{"line":105,"column":31}},"31":{"start":{"line":107,"column":34},"end":{"line":109,"column":56}},"32":{"start":{"line":111,"column":8},"end":{"line":115,"column":9}},"33":{"start":{"line":112,"column":10},"end":{"line":112,"column":101}},"34":{"start":{"line":113,"column":10},"end":{"line":113,"column":76}},"35":{"start":{"line":113,"column":39},"end":{"line":113,"column":74}},"36":{"start":{"line":114,"column":10},"end":{"line":114,"column":19}},"37":{"start":{"line":116,"column":8},"end":{"line":116,"column":20}},"38":{"start":{"line":121,"column":2},"end":{"line":448,"column":5}},"39":{"start":{"line":122,"column":4},"end":{"line":447,"column":5}},"40":{"start":{"line":123,"column":21},"end":{"line":123,"column":32}},"41":{"start":{"line":126,"column":29},"end":{"line":131,"column":8}},"42":{"start":{"line":127,"column":8},"end":{"line":130,"column":10}},"43":{"start":{"line":133,"column":6},"end":{"line":135,"column":7}},"44":{"start":{"line":134,"column":8},"end":{"line":134,"column":122}},"45":{"start":{"line":137,"column":71},"end":{"line":137,"column":93}},"46":{"start":{"line":140,"column":29},"end":{"line":140,"column":77}},"47":{"start":{"line":143,"column":6},"end":{"line":147,"column":7}},"48":{"start":{"line":144,"column":8},"end":{"line":146,"column":11}},"49":{"start":{"line":150,"column":6},"end":{"line":157,"column":9}},"50":{"start":{"line":151,"column":8},"end":{"line":156,"column":10}},"51":{"start":{"line":161,"column":27},"end":{"line":165,"column":7}},"52":{"start":{"line":169,"column":32},"end":{"line":169,"column":89}},"53":{"start":{"line":169,"column":60},"end":{"line":169,"column":81}},"54":{"start":{"line":170,"column":31},"end":{"line":170,"column":89}},"55":{"start":{"line":170,"column":59},"end":{"line":170,"column":81}},"56":{"start":{"line":172,"column":35},"end":{"line":174,"column":52}},"57":{"start":{"line":174,"column":38},"end":{"line":174,"column":51}},"58":{"start":{"line":176,"column":6},"end":{"line":176,"column":49}},"59":{"start":{"line":177,"column":6},"end":{"line":177,"column":69}},"60":{"start":{"line":178,"column":6},"end":{"line":178,"column":59}},"61":{"start":{"line":179,"column":6},"end":{"line":179,"column":61}},"62":{"start":{"line":180,"column":6},"end":{"line":180,"column":75}},"63":{"start":{"line":181,"column":6},"end":{"line":181,"column":79}},"64":{"start":{"line":182,"column":6},"end":{"line":182,"column":61}},"65":{"start":{"line":184,"column":18},"end":{"line":184,"column":19}},"66":{"start":{"line":185,"column":20},"end":{"line":185,"column":21}},"67":{"start":{"line":186,"column":19},"end":{"line":186,"column":21}},"68":{"start":{"line":189,"column":6},"end":{"line":384,"column":7}},"69":{"start":{"line":190,"column":8},"end":{"line":383,"column":9}},"70":{"start":{"line":192,"column":30},"end":{"line":197,"column":11}},"71":{"start":{"line":199,"column":29},"end":{"line":199,"column":96}},"72":{"start":{"line":201,"column":10},"end":{"line":201,"column":100}},"73":{"start":{"line":204,"column":27},"end":{"line":209,"column":12}},"74":{"start":{"line":205,"column":12},"end":{"line":208,"column":14}},"75":{"start":{"line":211,"column":10},"end":{"line":284,"column":11}},"76":{"start":{"line":213,"column":12},"end":{"line":245,"column":15}},"77":{"start":{"line":214,"column":14},"end":{"line":244,"column":16}},"78":{"start":{"line":246,"column":12},"end":{"line":246,"column":22}},"79":{"start":{"line":247,"column":12},"end":{"line":247,"column":98}},"80":{"start":{"line":250,"column":12},"end":{"line":281,"column":15}},"81":{"start":{"line":251,"column":14},"end":{"line":280,"column":16}},"82":{"start":{"line":282,"column":12},"end":{"line":282,"column":20}},"83":{"start":{"line":283,"column":12},"end":{"line":283,"column":96}},"84":{"start":{"line":288,"column":10},"end":{"line":379,"column":11}},"85":{"start":{"line":291,"column":12},"end":{"line":296,"column":15}},"86":{"start":{"line":292,"column":14},"end":{"line":295,"column":16}},"87":{"start":{"line":299,"column":12},"end":{"line":299,"column":67}},"88":{"start":{"line":299,"column":41},"end":{"line":299,"column":65}},"89":{"start":{"line":301,"column":12},"end":{"line":301,"column":92}},"90":{"start":{"line":304,"column":40},"end":{"line":310,"column":13}},"91":{"start":{"line":312,"column":35},"end":{"line":314,"column":13}},"92":{"start":{"line":313,"column":14},"end":{"line":313,"column":96}},"93":{"start":{"line":313,"column":31},"end":{"line":313,"column":88}},"94":{"start":{"line":316,"column":34},"end":{"line":316,"column":91}},"95":{"start":{"line":318,"column":12},"end":{"line":318,"column":107}},"96":{"start":{"line":321,"column":12},"end":{"line":367,"column":13}},"97":{"start":{"line":322,"column":32},"end":{"line":322,"column":33}},"98":{"start":{"line":324,"column":32},"end":{"line":324,"column":34}},"99":{"start":{"line":325,"column":14},"end":{"line":363,"column":15}},"100":{"start":{"line":325,"column":27},"end":{"line":325,"column":28}},"101":{"start":{"line":326,"column":30},"end":{"line":326,"column":67}},"102":{"start":{"line":327,"column":16},"end":{"line":358,"column":17}},"103":{"start":{"line":328,"column":18},"end":{"line":357,"column":19}},"104":{"start":{"line":330,"column":20},"end":{"line":332,"column":21}},"105":{"start":{"line":331,"column":22},"end":{"line":331,"column":124}},"106":{"start":{"line":334,"column":20},"end":{"line":353,"column":23}},"107":{"start":{"line":335,"column":22},"end":{"line":352,"column":24}},"108":{"start":{"line":354,"column":20},"end":{"line":354,"column":34}},"109":{"start":{"line":356,"column":20},"end":{"line":356,"column":125}},"110":{"start":{"line":360,"column":16},"end":{"line":362,"column":17}},"111":{"start":{"line":361,"column":18},"end":{"line":361,"column":73}},"112":{"start":{"line":361,"column":47},"end":{"line":361,"column":71}},"113":{"start":{"line":364,"column":14},"end":{"line":364,"column":120}},"114":{"start":{"line":366,"column":14},"end":{"line":366,"column":118}},"115":{"start":{"line":370,"column":12},"end":{"line":378,"column":13}},"116":{"start":{"line":371,"column":14},"end":{"line":371,"column":102}},"117":{"start":{"line":372,"column":19},"end":{"line":378,"column":13}},"118":{"start":{"line":373,"column":14},"end":{"line":373,"column":98}},"119":{"start":{"line":374,"column":19},"end":{"line":378,"column":13}},"120":{"start":{"line":375,"column":14},"end":{"line":375,"column":102}},"121":{"start":{"line":377,"column":14},"end":{"line":377,"column":103}},"122":{"start":{"line":381,"column":10},"end":{"line":381,"column":90}},"123":{"start":{"line":382,"column":10},"end":{"line":382,"column":75}},"124":{"start":{"line":387,"column":6},"end":{"line":394,"column":9}},"125":{"start":{"line":388,"column":8},"end":{"line":393,"column":10}},"126":{"start":{"line":396,"column":6},"end":{"line":407,"column":9}},"127":{"start":{"line":409,"column":6},"end":{"line":409,"column":58}},"128":{"start":{"line":412,"column":6},"end":{"line":423,"column":7}},"129":{"start":{"line":413,"column":8},"end":{"line":420,"column":11}},"130":{"start":{"line":414,"column":10},"end":{"line":419,"column":12}},"131":{"start":{"line":422,"column":8},"end":{"line":422,"column":78}},"132":{"start":{"line":426,"column":32},"end":{"line":428,"column":85}},"133":{"start":{"line":430,"column":6},"end":{"line":446,"column":7}},"134":{"start":{"line":431,"column":8},"end":{"line":440,"column":11}},"135":{"start":{"line":442,"column":8},"end":{"line":445,"column":11}},"136":{"start":{"line":454,"column":2},"end":{"line":547,"column":5}},"137":{"start":{"line":455,"column":4},"end":{"line":546,"column":5}},"138":{"start":{"line":456,"column":21},"end":{"line":456,"column":32}},"139":{"start":{"line":457,"column":72},"end":{"line":457,"column":81}},"140":{"start":{"line":460,"column":29},"end":{"line":463,"column":7}},"141":{"start":{"line":464,"column":33},"end":{"line":464,"column":87}},"142":{"start":{"line":465,"column":23},"end":{"line":465,"column":61}},"143":{"start":{"line":467,"column":6},"end":{"line":467,"column":157}},"144":{"start":{"line":469,"column":18},"end":{"line":472,"column":7}},"145":{"start":{"line":473,"column":21},"end":{"line":473,"column":29}},"146":{"start":{"line":474,"column":23},"end":{"line":474,"column":24}},"147":{"start":{"line":479,"column":6},"end":{"line":491,"column":7}},"148":{"start":{"line":480,"column":8},"end":{"line":480,"column":43}},"149":{"start":{"line":481,"column":8},"end":{"line":481,"column":63}},"150":{"start":{"line":482,"column":13},"end":{"line":491,"column":7}},"151":{"start":{"line":484,"column":8},"end":{"line":484,"column":72}},"152":{"start":{"line":485,"column":8},"end":{"line":488,"column":11}},"153":{"start":{"line":490,"column":8},"end":{"line":490,"column":74}},"154":{"start":{"line":494,"column":6},"end":{"line":496,"column":7}},"155":{"start":{"line":495,"column":8},"end":{"line":495,"column":43}},"156":{"start":{"line":499,"column":6},"end":{"line":503,"column":7}},"157":{"start":{"line":500,"column":8},"end":{"line":500,"column":50}},"158":{"start":{"line":501,"column":8},"end":{"line":501,"column":30}},"159":{"start":{"line":502,"column":8},"end":{"line":502,"column":21}},"160":{"start":{"line":506,"column":25},"end":{"line":506,"column":66}},"161":{"start":{"line":507,"column":24},"end":{"line":507,"column":68}},"162":{"start":{"line":508,"column":25},"end":{"line":510,"column":76}},"163":{"start":{"line":512,"column":6},"end":{"line":512,"column":46}},"164":{"start":{"line":514,"column":21},"end":{"line":514,"column":60}},"165":{"start":{"line":517,"column":27},"end":{"line":517,"column":80}},"166":{"start":{"line":517,"column":51},"end":{"line":517,"column":72}},"167":{"start":{"line":518,"column":26},"end":{"line":518,"column":80}},"168":{"start":{"line":518,"column":50},"end":{"line":518,"column":72}},"169":{"start":{"line":519,"column":6},"end":{"line":519,"column":115}},"170":{"start":{"line":522,"column":27},"end":{"line":539,"column":7}},"171":{"start":{"line":525,"column":31},"end":{"line":531,"column":11}},"172":{"start":{"line":533,"column":10},"end":{"line":537,"column":12}},"173":{"start":{"line":541,"column":6},"end":{"line":541,"column":81}},"174":{"start":{"line":542,"column":6},"end":{"line":542,"column":33}},"175":{"start":{"line":544,"column":6},"end":{"line":544,"column":59}},"176":{"start":{"line":545,"column":6},"end":{"line":545,"column":70}},"177":{"start":{"line":553,"column":2},"end":{"line":591,"column":5}},"178":{"start":{"line":554,"column":4},"end":{"line":590,"column":5}},"179":{"start":{"line":555,"column":21},"end":{"line":555,"column":32}},"180":{"start":{"line":556,"column":21},"end":{"line":556,"column":48}},"181":{"start":{"line":558,"column":6},"end":{"line":560,"column":7}},"182":{"start":{"line":559,"column":8},"end":{"line":559,"column":72}},"183":{"start":{"line":562,"column":21},"end":{"line":566,"column":7}},"184":{"start":{"line":568,"column":6},"end":{"line":570,"column":7}},"185":{"start":{"line":569,"column":8},"end":{"line":569,"column":71}},"186":{"start":{"line":572,"column":19},"end":{"line":572,"column":33}},"187":{"start":{"line":573,"column":6},"end":{"line":573,"column":104}},"188":{"start":{"line":576,"column":27},"end":{"line":582,"column":7}},"189":{"start":{"line":584,"column":6},"end":{"line":584,"column":51}},"190":{"start":{"line":586,"column":6},"end":{"line":586,"column":37}},"191":{"start":{"line":588,"column":6},"end":{"line":588,"column":57}},"192":{"start":{"line":589,"column":6},"end":{"line":589,"column":68}},"193":{"start":{"line":597,"column":2},"end":{"line":634,"column":5}},"194":{"start":{"line":598,"column":4},"end":{"line":633,"column":5}},"195":{"start":{"line":599,"column":21},"end":{"line":599,"column":32}},"196":{"start":{"line":600,"column":21},"end":{"line":600,"column":48}},"197":{"start":{"line":601,"column":30},"end":{"line":601,"column":38}},"198":{"start":{"line":603,"column":6},"end":{"line":605,"column":7}},"199":{"start":{"line":604,"column":8},"end":{"line":604,"column":72}},"200":{"start":{"line":607,"column":6},"end":{"line":609,"column":7}},"201":{"start":{"line":608,"column":8},"end":{"line":608,"column":80}},"202":{"start":{"line":611,"column":21},"end":{"line":617,"column":7}},"203":{"start":{"line":619,"column":6},"end":{"line":621,"column":7}},"204":{"start":{"line":620,"column":8},"end":{"line":620,"column":71}},"205":{"start":{"line":623,"column":19},"end":{"line":623,"column":33}},"206":{"start":{"line":624,"column":6},"end":{"line":624,"column":104}},"207":{"start":{"line":626,"column":6},"end":{"line":629,"column":9}},"208":{"start":{"line":631,"column":6},"end":{"line":631,"column":62}},"209":{"start":{"line":632,"column":6},"end":{"line":632,"column":74}},"210":{"start":{"line":640,"column":2},"end":{"line":714,"column":5}},"211":{"start":{"line":641,"column":4},"end":{"line":713,"column":5}},"212":{"start":{"line":642,"column":21},"end":{"line":642,"column":32}},"213":{"start":{"line":643,"column":39},"end":{"line":643,"column":48}},"214":{"start":{"line":645,"column":18},"end":{"line":649,"column":7}},"215":{"start":{"line":650,"column":21},"end":{"line":650,"column":29}},"216":{"start":{"line":651,"column":23},"end":{"line":651,"column":24}},"217":{"start":{"line":653,"column":6},"end":{"line":657,"column":7}},"218":{"start":{"line":654,"column":8},"end":{"line":654,"column":47}},"219":{"start":{"line":655,"column":8},"end":{"line":655,"column":32}},"220":{"start":{"line":656,"column":8},"end":{"line":656,"column":21}},"221":{"start":{"line":659,"column":6},"end":{"line":663,"column":7}},"222":{"start":{"line":660,"column":8},"end":{"line":660,"column":47}},"223":{"start":{"line":661,"column":8},"end":{"line":661,"column":30}},"224":{"start":{"line":662,"column":8},"end":{"line":662,"column":21}},"225":{"start":{"line":665,"column":6},"end":{"line":665,"column":50}},"226":{"start":{"line":667,"column":21},"end":{"line":667,"column":60}},"227":{"start":{"line":669,"column":6},"end":{"line":669,"column":96}},"228":{"start":{"line":672,"column":24},"end":{"line":678,"column":7}},"229":{"start":{"line":679,"column":6},"end":{"line":690,"column":7}},"230":{"start":{"line":680,"column":8},"end":{"line":680,"column":133}},"231":{"start":{"line":682,"column":28},"end":{"line":688,"column":9}},"232":{"start":{"line":689,"column":8},"end":{"line":689,"column":59}},"233":{"start":{"line":693,"column":6},"end":{"line":707,"column":7}},"234":{"start":{"line":694,"column":27},"end":{"line":698,"column":9}},"235":{"start":{"line":699,"column":8},"end":{"line":699,"column":99}},"236":{"start":{"line":702,"column":27},"end":{"line":705,"column":9}},"237":{"start":{"line":706,"column":8},"end":{"line":706,"column":94}},"238":{"start":{"line":709,"column":6},"end":{"line":709,"column":47}},"239":{"start":{"line":711,"column":6},"end":{"line":711,"column":60}},"240":{"start":{"line":712,"column":6},"end":{"line":712,"column":93}},"241":{"start":{"line":720,"column":2},"end":{"line":790,"column":5}},"242":{"start":{"line":721,"column":4},"end":{"line":789,"column":5}},"243":{"start":{"line":722,"column":21},"end":{"line":722,"column":32}},"244":{"start":{"line":723,"column":21},"end":{"line":723,"column":48}},"245":{"start":{"line":724,"column":28},"end":{"line":724,"column":36}},"246":{"start":{"line":726,"column":6},"end":{"line":728,"column":7}},"247":{"start":{"line":727,"column":8},"end":{"line":727,"column":72}},"248":{"start":{"line":730,"column":6},"end":{"line":732,"column":7}},"249":{"start":{"line":731,"column":8},"end":{"line":731,"column":77}},"250":{"start":{"line":735,"column":24},"end":{"line":738,"column":7}},"251":{"start":{"line":740,"column":6},"end":{"line":742,"column":7}},"252":{"start":{"line":741,"column":8},"end":{"line":741,"column":71}},"253":{"start":{"line":745,"column":6},"end":{"line":748,"column":8}},"254":{"start":{"line":751,"column":6},"end":{"line":772,"column":7}},"255":{"start":{"line":753,"column":27},"end":{"line":756,"column":9}},"256":{"start":{"line":758,"column":8},"end":{"line":760,"column":9}},"257":{"start":{"line":759,"column":10},"end":{"line":759,"column":105}},"258":{"start":{"line":763,"column":23},"end":{"line":765,"column":20}},"259":{"start":{"line":764,"column":10},"end":{"line":764,"column":35}},"260":{"start":{"line":767,"column":8},"end":{"line":771,"column":10}},"261":{"start":{"line":775,"column":27},"end":{"line":780,"column":7}},"262":{"start":{"line":782,"column":6},"end":{"line":785,"column":9}},"263":{"start":{"line":787,"column":6},"end":{"line":787,"column":52}},"264":{"start":{"line":788,"column":6},"end":{"line":788,"column":63}},"265":{"start":{"line":796,"column":2},"end":{"line":822,"column":5}},"266":{"start":{"line":797,"column":4},"end":{"line":821,"column":5}},"267":{"start":{"line":798,"column":21},"end":{"line":798,"column":32}},"268":{"start":{"line":799,"column":21},"end":{"line":799,"column":48}},"269":{"start":{"line":800,"column":22},"end":{"line":800,"column":50}},"270":{"start":{"line":802,"column":6},"end":{"line":804,"column":7}},"271":{"start":{"line":803,"column":8},"end":{"line":803,"column":84}},"272":{"start":{"line":806,"column":21},"end":{"line":811,"column":7}},"273":{"start":{"line":813,"column":6},"end":{"line":815,"column":7}},"274":{"start":{"line":814,"column":8},"end":{"line":814,"column":71}},"275":{"start":{"line":817,"column":6},"end":{"line":817,"column":59}},"276":{"start":{"line":819,"column":6},"end":{"line":819,"column":53}},"277":{"start":{"line":820,"column":6},"end":{"line":820,"column":64}},"278":{"start":{"line":828,"column":2},"end":{"line":908,"column":5}},"279":{"start":{"line":829,"column":4},"end":{"line":907,"column":5}},"280":{"start":{"line":830,"column":21},"end":{"line":830,"column":32}},"281":{"start":{"line":833,"column":24},"end":{"line":842,"column":7}},"282":{"start":{"line":845,"column":28},"end":{"line":853,"column":7}},"283":{"start":{"line":856,"column":32},"end":{"line":864,"column":7}},"284":{"start":{"line":867,"column":29},"end":{"line":876,"column":7}},"285":{"start":{"line":878,"column":20},"end":{"line":901,"column":7}},"286":{"start":{"line":885,"column":50},"end":{"line":889,"column":9}},"287":{"start":{"line":903,"column":6},"end":{"line":903,"column":26}},"288":{"start":{"line":905,"column":6},"end":{"line":905,"column":59}},"289":{"start":{"line":906,"column":6},"end":{"line":906,"column":75}},"290":{"start":{"line":914,"column":2},"end":{"line":937,"column":5}},"291":{"start":{"line":915,"column":4},"end":{"line":936,"column":5}},"292":{"start":{"line":916,"column":21},"end":{"line":916,"column":32}},"293":{"start":{"line":918,"column":21},"end":{"line":924,"column":7}},"294":{"start":{"line":926,"column":6},"end":{"line":928,"column":7}},"295":{"start":{"line":927,"column":8},"end":{"line":927,"column":44}},"296":{"start":{"line":931,"column":23},"end":{"line":931,"column":37}},"297":{"start":{"line":932,"column":6},"end":{"line":932,"column":29}},"298":{"start":{"line":934,"column":6},"end":{"line":934,"column":62}},"299":{"start":{"line":935,"column":6},"end":{"line":935,"column":73}},"300":{"start":{"line":943,"column":2},"end":{"line":1046,"column":5}},"301":{"start":{"line":944,"column":4},"end":{"line":1045,"column":5}},"302":{"start":{"line":945,"column":21},"end":{"line":945,"column":32}},"303":{"start":{"line":946,"column":75},"end":{"line":946,"column":83}},"304":{"start":{"line":948,"column":22},"end":{"line":948,"column":24}},"305":{"start":{"line":949,"column":21},"end":{"line":949,"column":23}},"306":{"start":{"line":950,"column":23},"end":{"line":950,"column":24}},"307":{"start":{"line":952,"column":6},"end":{"line":956,"column":7}},"308":{"start":{"line":953,"column":8},"end":{"line":953,"column":59}},"309":{"start":{"line":954,"column":8},"end":{"line":954,"column":39}},"310":{"start":{"line":955,"column":8},"end":{"line":955,"column":21}},"311":{"start":{"line":958,"column":6},"end":{"line":962,"column":7}},"312":{"start":{"line":959,"column":8},"end":{"line":959,"column":56}},"313":{"start":{"line":960,"column":8},"end":{"line":960,"column":36}},"314":{"start":{"line":961,"column":8},"end":{"line":961,"column":21}},"315":{"start":{"line":965,"column":34},"end":{"line":965,"column":39}},"316":{"start":{"line":966,"column":28},"end":{"line":966,"column":32}},"317":{"start":{"line":968,"column":6},"end":{"line":980,"column":7}},"318":{"start":{"line":970,"column":32},"end":{"line":973,"column":9}},"319":{"start":{"line":974,"column":8},"end":{"line":974,"column":82}},"320":{"start":{"line":975,"column":8},"end":{"line":975,"column":92}},"321":{"start":{"line":977,"column":8},"end":{"line":977,"column":63}},"322":{"start":{"line":978,"column":8},"end":{"line":978,"column":43}},"323":{"start":{"line":979,"column":8},"end":{"line":979,"column":21}},"324":{"start":{"line":982,"column":6},"end":{"line":984,"column":7}},"325":{"start":{"line":983,"column":8},"end":{"line":983,"column":76}},"326":{"start":{"line":986,"column":6},"end":{"line":986,"column":26}},"327":{"start":{"line":988,"column":6},"end":{"line":993,"column":8}},"328":{"start":{"line":996,"column":6},"end":{"line":1027,"column":7}},"329":{"start":{"line":998,"column":35},"end":{"line":1001,"column":9}},"330":{"start":{"line":1002,"column":31},"end":{"line":1002,"column":80}},"331":{"start":{"line":1002,"column":64},"end":{"line":1002,"column":79}},"332":{"start":{"line":1004,"column":8},"end":{"line":1026,"column":9}},"333":{"start":{"line":1006,"column":10},"end":{"line":1009,"column":12}},"334":{"start":{"line":1012,"column":10},"end":{"line":1015,"column":12}},"335":{"start":{"line":1018,"column":31},"end":{"line":1021,"column":11}},"336":{"start":{"line":1023,"column":10},"end":{"line":1023,"column":119}},"337":{"start":{"line":1025,"column":10},"end":{"line":1025,"column":81}},"338":{"start":{"line":1030,"column":21},"end":{"line":1036,"column":7}},"339":{"start":{"line":1038,"column":6},"end":{"line":1041,"column":9}},"340":{"start":{"line":1043,"column":6},"end":{"line":1043,"column":62}},"341":{"start":{"line":1044,"column":6},"end":{"line":1044,"column":74}},"342":{"start":{"line":1052,"column":2},"end":{"line":1100,"column":5}},"343":{"start":{"line":1053,"column":4},"end":{"line":1099,"column":5}},"344":{"start":{"line":1054,"column":21},"end":{"line":1054,"column":32}},"345":{"start":{"line":1055,"column":31},"end":{"line":1055,"column":39}},"346":{"start":{"line":1057,"column":6},"end":{"line":1059,"column":7}},"347":{"start":{"line":1058,"column":8},"end":{"line":1058,"column":75}},"348":{"start":{"line":1062,"column":28},"end":{"line":1065,"column":7}},"349":{"start":{"line":1067,"column":6},"end":{"line":1069,"column":7}},"350":{"start":{"line":1068,"column":8},"end":{"line":1068,"column":122}},"351":{"start":{"line":1072,"column":28},"end":{"line":1072,"column":62}},"352":{"start":{"line":1075,"column":6},"end":{"line":1080,"column":8}},"353":{"start":{"line":1083,"column":21},"end":{"line":1089,"column":7}},"354":{"start":{"line":1091,"column":6},"end":{"line":1095,"column":9}},"355":{"start":{"line":1097,"column":6},"end":{"line":1097,"column":59}},"356":{"start":{"line":1098,"column":6},"end":{"line":1098,"column":71}},"357":{"start":{"line":1106,"column":2},"end":{"line":1163,"column":5}},"358":{"start":{"line":1107,"column":4},"end":{"line":1162,"column":5}},"359":{"start":{"line":1108,"column":21},"end":{"line":1108,"column":32}},"360":{"start":{"line":1111,"column":28},"end":{"line":1114,"column":7}},"361":{"start":{"line":1116,"column":6},"end":{"line":1118,"column":7}},"362":{"start":{"line":1117,"column":8},"end":{"line":1117,"column":79}},"363":{"start":{"line":1123,"column":28},"end":{"line":1126,"column":7}},"364":{"start":{"line":1127,"column":6},"end":{"line":1127,"column":101}},"365":{"start":{"line":1130,"column":35},"end":{"line":1133,"column":7}},"366":{"start":{"line":1134,"column":6},"end":{"line":1134,"column":106}},"367":{"start":{"line":1137,"column":27},"end":{"line":1140,"column":7}},"368":{"start":{"line":1141,"column":6},"end":{"line":1141,"column":90}},"369":{"start":{"line":1144,"column":6},"end":{"line":1147,"column":8}},"370":{"start":{"line":1148,"column":6},"end":{"line":1148,"column":68}},"371":{"start":{"line":1150,"column":6},"end":{"line":1158,"column":9}},"372":{"start":{"line":1160,"column":6},"end":{"line":1160,"column":66}},"373":{"start":{"line":1161,"column":6},"end":{"line":1161,"column":77}},"374":{"start":{"line":1165,"column":2},"end":{"line":1165,"column":16}},"375":{"start":{"line":1169,"column":15},"end":{"line":1169,"column":35}}},"fnMap":{"0":{"name":"createGitHubRoutes","decl":{"start":{"line":11,"column":9},"end":{"line":11,"column":27}},"loc":{"start":{"line":11,"column":43},"end":{"line":1166,"column":1}},"line":11},"1":{"name":"(anonymous_1)","decl":{"start":{"line":20,"column":32},"end":{"line":20,"column":37}},"loc":{"start":{"line":20,"column":52},"end":{"line":95,"column":3}},"line":20},"2":{"name":"retryQuery","decl":{"start":{"line":102,"column":17},"end":{"line":102,"column":27}},"loc":{"start":{"line":102,"column":53},"end":{"line":119,"column":3}},"line":102},"3":{"name":"(anonymous_3)","decl":{"start":{"line":113,"column":28},"end":{"line":113,"column":35}},"loc":{"start":{"line":113,"column":39},"end":{"line":113,"column":74}},"line":113},"4":{"name":"(anonymous_4)","decl":{"start":{"line":121,"column":29},"end":{"line":121,"column":34}},"loc":{"start":{"line":121,"column":49},"end":{"line":448,"column":3}},"line":121},"5":{"name":"(anonymous_5)","decl":{"start":{"line":126,"column":46},"end":{"line":126,"column":51}},"loc":{"start":{"line":126,"column":58},"end":{"line":131,"column":7}},"line":126},"6":{"name":"(anonymous_6)","decl":{"start":{"line":150,"column":23},"end":{"line":150,"column":28}},"loc":{"start":{"line":150,"column":35},"end":{"line":157,"column":7}},"line":150},"7":{"name":"(anonymous_7)","decl":{"start":{"line":169,"column":52},"end":{"line":169,"column":56}},"loc":{"start":{"line":169,"column":60},"end":{"line":169,"column":81}},"line":169},"8":{"name":"(anonymous_8)","decl":{"start":{"line":170,"column":51},"end":{"line":170,"column":55}},"loc":{"start":{"line":170,"column":59},"end":{"line":170,"column":81}},"line":170},"9":{"name":"(anonymous_9)","decl":{"start":{"line":174,"column":30},"end":{"line":174,"column":34}},"loc":{"start":{"line":174,"column":38},"end":{"line":174,"column":51}},"line":174},"10":{"name":"(anonymous_10)","decl":{"start":{"line":204,"column":44},"end":{"line":204,"column":49}},"loc":{"start":{"line":204,"column":56},"end":{"line":209,"column":11}},"line":204},"11":{"name":"(anonymous_11)","decl":{"start":{"line":213,"column":29},"end":{"line":213,"column":34}},"loc":{"start":{"line":213,"column":41},"end":{"line":245,"column":13}},"line":213},"12":{"name":"(anonymous_12)","decl":{"start":{"line":250,"column":29},"end":{"line":250,"column":34}},"loc":{"start":{"line":250,"column":41},"end":{"line":281,"column":13}},"line":250},"13":{"name":"(anonymous_13)","decl":{"start":{"line":291,"column":29},"end":{"line":291,"column":34}},"loc":{"start":{"line":291,"column":41},"end":{"line":296,"column":13}},"line":291},"14":{"name":"(anonymous_14)","decl":{"start":{"line":299,"column":30},"end":{"line":299,"column":37}},"loc":{"start":{"line":299,"column":41},"end":{"line":299,"column":65}},"line":299},"15":{"name":"(anonymous_15)","decl":{"start":{"line":312,"column":47},"end":{"line":312,"column":48}},"loc":{"start":{"line":313,"column":14},"end":{"line":313,"column":96}},"line":313},"16":{"name":"(anonymous_16)","decl":{"start":{"line":313,"column":25},"end":{"line":313,"column":26}},"loc":{"start":{"line":313,"column":31},"end":{"line":313,"column":88}},"line":313},"17":{"name":"(anonymous_17)","decl":{"start":{"line":334,"column":37},"end":{"line":334,"column":42}},"loc":{"start":{"line":334,"column":49},"end":{"line":353,"column":21}},"line":334},"18":{"name":"(anonymous_18)","decl":{"start":{"line":361,"column":36},"end":{"line":361,"column":43}},"loc":{"start":{"line":361,"column":47},"end":{"line":361,"column":71}},"line":361},"19":{"name":"(anonymous_19)","decl":{"start":{"line":387,"column":23},"end":{"line":387,"column":28}},"loc":{"start":{"line":387,"column":35},"end":{"line":394,"column":7}},"line":387},"20":{"name":"(anonymous_20)","decl":{"start":{"line":413,"column":25},"end":{"line":413,"column":30}},"loc":{"start":{"line":413,"column":37},"end":{"line":420,"column":9}},"line":413},"21":{"name":"(anonymous_21)","decl":{"start":{"line":454,"column":36},"end":{"line":454,"column":41}},"loc":{"start":{"line":454,"column":56},"end":{"line":547,"column":3}},"line":454},"22":{"name":"(anonymous_22)","decl":{"start":{"line":517,"column":46},"end":{"line":517,"column":47}},"loc":{"start":{"line":517,"column":51},"end":{"line":517,"column":72}},"line":517},"23":{"name":"(anonymous_23)","decl":{"start":{"line":518,"column":45},"end":{"line":518,"column":46}},"loc":{"start":{"line":518,"column":50},"end":{"line":518,"column":72}},"line":518},"24":{"name":"(anonymous_24)","decl":{"start":{"line":523,"column":24},"end":{"line":523,"column":29}},"loc":{"start":{"line":523,"column":40},"end":{"line":538,"column":9}},"line":523},"25":{"name":"(anonymous_25)","decl":{"start":{"line":553,"column":44},"end":{"line":553,"column":49}},"loc":{"start":{"line":553,"column":64},"end":{"line":591,"column":3}},"line":553},"26":{"name":"(anonymous_26)","decl":{"start":{"line":597,"column":52},"end":{"line":597,"column":57}},"loc":{"start":{"line":597,"column":72},"end":{"line":634,"column":3}},"line":597},"27":{"name":"(anonymous_27)","decl":{"start":{"line":640,"column":37},"end":{"line":640,"column":42}},"loc":{"start":{"line":640,"column":57},"end":{"line":714,"column":3}},"line":640},"28":{"name":"(anonymous_28)","decl":{"start":{"line":720,"column":52},"end":{"line":720,"column":57}},"loc":{"start":{"line":720,"column":72},"end":{"line":790,"column":3}},"line":720},"29":{"name":"(anonymous_29)","decl":{"start":{"line":763,"column":37},"end":{"line":763,"column":38}},"loc":{"start":{"line":764,"column":10},"end":{"line":764,"column":35}},"line":764},"30":{"name":"(anonymous_30)","decl":{"start":{"line":796,"column":63},"end":{"line":796,"column":68}},"loc":{"start":{"line":796,"column":83},"end":{"line":822,"column":3}},"line":796},"31":{"name":"(anonymous_31)","decl":{"start":{"line":828,"column":29},"end":{"line":828,"column":34}},"loc":{"start":{"line":828,"column":49},"end":{"line":908,"column":3}},"line":828},"32":{"name":"(anonymous_32)","decl":{"start":{"line":885,"column":42},"end":{"line":885,"column":45}},"loc":{"start":{"line":885,"column":50},"end":{"line":889,"column":9}},"line":885},"33":{"name":"(anonymous_33)","decl":{"start":{"line":914,"column":32},"end":{"line":914,"column":37}},"loc":{"start":{"line":914,"column":52},"end":{"line":937,"column":3}},"line":914},"34":{"name":"(anonymous_34)","decl":{"start":{"line":943,"column":32},"end":{"line":943,"column":37}},"loc":{"start":{"line":943,"column":52},"end":{"line":1046,"column":3}},"line":943},"35":{"name":"(anonymous_35)","decl":{"start":{"line":1002,"column":59},"end":{"line":1002,"column":60}},"loc":{"start":{"line":1002,"column":64},"end":{"line":1002,"column":79}},"line":1002},"36":{"name":"(anonymous_36)","decl":{"start":{"line":1052,"column":29},"end":{"line":1052,"column":34}},"loc":{"start":{"line":1052,"column":49},"end":{"line":1100,"column":3}},"line":1052},"37":{"name":"(anonymous_37)","decl":{"start":{"line":1106,"column":37},"end":{"line":1106,"column":42}},"loc":{"start":{"line":1106,"column":57},"end":{"line":1163,"column":3}},"line":1106}},"branchMap":{"0":{"loc":{"start":{"line":11,"column":28},"end":{"line":11,"column":41}},"type":"default-arg","locations":[{"start":{"line":11,"column":37},"end":{"line":11,"column":41}}],"line":11},"1":{"loc":{"start":{"line":13,"column":23},"end":{"line":13,"column":37}},"type":"binary-expr","locations":[{"start":{"line":13,"column":23},"end":{"line":13,"column":29}},{"start":{"line":13,"column":33},"end":{"line":13,"column":37}}],"line":13},"2":{"loc":{"start":{"line":25,"column":6},"end":{"line":27,"column":7}},"type":"if","locations":[{"start":{"line":25,"column":6},"end":{"line":27,"column":7}},{"start":{},"end":{}}],"line":25},"3":{"loc":{"start":{"line":25,"column":10},"end":{"line":25,"column":98}},"type":"binary-expr","locations":[{"start":{"line":25,"column":10},"end":{"line":25,"column":26}},{"start":{"line":25,"column":30},"end":{"line":25,"column":65}},{"start":{"line":25,"column":69},"end":{"line":25,"column":98}}],"line":25},"4":{"loc":{"start":{"line":37,"column":40},"end":{"line":38,"column":68}},"type":"binary-expr","locations":[{"start":{"line":37,"column":40},"end":{"line":37,"column":64}},{"start":{"line":38,"column":8},"end":{"line":38,"column":68}}],"line":37},"5":{"loc":{"start":{"line":49,"column":6},"end":{"line":84,"column":7}},"type":"if","locations":[{"start":{"line":49,"column":6},"end":{"line":84,"column":7}},{"start":{"line":77,"column":13},"end":{"line":84,"column":7}}],"line":49},"6":{"loc":{"start":{"line":58,"column":8},"end":{"line":76,"column":9}},"type":"if","locations":[{"start":{"line":58,"column":8},"end":{"line":76,"column":9}},{"start":{},"end":{}}],"line":58},"7":{"loc":{"start":{"line":64,"column":37},"end":{"line":64,"column":67}},"type":"binary-expr","locations":[{"start":{"line":64,"column":37},"end":{"line":64,"column":62}},{"start":{"line":64,"column":66},"end":{"line":64,"column":67}}],"line":64},"8":{"loc":{"start":{"line":102,"column":37},"end":{"line":102,"column":51}},"type":"default-arg","locations":[{"start":{"line":102,"column":50},"end":{"line":102,"column":51}}],"line":102},"9":{"loc":{"start":{"line":107,"column":34},"end":{"line":109,"column":56}},"type":"binary-expr","locations":[{"start":{"line":107,"column":34},"end":{"line":107,"column":82}},{"start":{"line":108,"column":34},"end":{"line":108,"column":68}},{"start":{"line":109,"column":34},"end":{"line":109,"column":56}}],"line":107},"10":{"loc":{"start":{"line":111,"column":8},"end":{"line":115,"column":9}},"type":"if","locations":[{"start":{"line":111,"column":8},"end":{"line":115,"column":9}},{"start":{},"end":{}}],"line":111},"11":{"loc":{"start":{"line":111,"column":12},"end":{"line":111,"column":51}},"type":"binary-expr","locations":[{"start":{"line":111,"column":12},"end":{"line":111,"column":29}},{"start":{"line":111,"column":33},"end":{"line":111,"column":51}}],"line":111},"12":{"loc":{"start":{"line":133,"column":6},"end":{"line":135,"column":7}},"type":"if","locations":[{"start":{"line":133,"column":6},"end":{"line":135,"column":7}},{"start":{},"end":{}}],"line":133},"13":{"loc":{"start":{"line":133,"column":10},"end":{"line":133,"column":85}},"type":"binary-expr","locations":[{"start":{"line":133,"column":10},"end":{"line":133,"column":42}},{"start":{"line":133,"column":46},"end":{"line":133,"column":85}}],"line":133},"14":{"loc":{"start":{"line":140,"column":29},"end":{"line":140,"column":77}},"type":"cond-expr","locations":[{"start":{"line":140,"column":43},"end":{"line":140,"column":70}},{"start":{"line":140,"column":73},"end":{"line":140,"column":77}}],"line":140},"15":{"loc":{"start":{"line":143,"column":6},"end":{"line":147,"column":7}},"type":"if","locations":[{"start":{"line":143,"column":6},"end":{"line":147,"column":7}},{"start":{},"end":{}}],"line":143},"16":{"loc":{"start":{"line":143,"column":10},"end":{"line":143,"column":50}},"type":"binary-expr","locations":[{"start":{"line":143,"column":10},"end":{"line":143,"column":31}},{"start":{"line":143,"column":35},"end":{"line":143,"column":50}}],"line":143},"17":{"loc":{"start":{"line":163,"column":8},"end":{"line":163,"column":30}},"type":"binary-expr","locations":[{"start":{"line":163,"column":8},"end":{"line":163,"column":22}},{"start":{"line":163,"column":26},"end":{"line":163,"column":30}}],"line":163},"18":{"loc":{"start":{"line":172,"column":35},"end":{"line":174,"column":52}},"type":"cond-expr","locations":[{"start":{"line":173,"column":10},"end":{"line":173,"column":22}},{"start":{"line":174,"column":10},"end":{"line":174,"column":52}}],"line":172},"19":{"loc":{"start":{"line":195,"column":12},"end":{"line":195,"column":34}},"type":"binary-expr","locations":[{"start":{"line":195,"column":12},"end":{"line":195,"column":26}},{"start":{"line":195,"column":30},"end":{"line":195,"column":34}}],"line":195},"20":{"loc":{"start":{"line":211,"column":10},"end":{"line":284,"column":11}},"type":"if","locations":[{"start":{"line":211,"column":10},"end":{"line":284,"column":11}},{"start":{"line":248,"column":17},"end":{"line":284,"column":11}}],"line":211},"21":{"loc":{"start":{"line":307,"column":14},"end":{"line":307,"column":36}},"type":"binary-expr","locations":[{"start":{"line":307,"column":14},"end":{"line":307,"column":28}},{"start":{"line":307,"column":32},"end":{"line":307,"column":36}}],"line":307},"22":{"loc":{"start":{"line":318,"column":39},"end":{"line":318,"column":65}},"type":"binary-expr","locations":[{"start":{"line":318,"column":39},"end":{"line":318,"column":60}},{"start":{"line":318,"column":64},"end":{"line":318,"column":65}}],"line":318},"23":{"loc":{"start":{"line":321,"column":12},"end":{"line":367,"column":13}},"type":"if","locations":[{"start":{"line":321,"column":12},"end":{"line":367,"column":13}},{"start":{"line":365,"column":19},"end":{"line":367,"column":13}}],"line":321},"24":{"loc":{"start":{"line":321,"column":16},"end":{"line":321,"column":57}},"type":"binary-expr","locations":[{"start":{"line":321,"column":16},"end":{"line":321,"column":29}},{"start":{"line":321,"column":33},"end":{"line":321,"column":57}}],"line":321},"25":{"loc":{"start":{"line":330,"column":20},"end":{"line":332,"column":21}},"type":"if","locations":[{"start":{"line":330,"column":20},"end":{"line":332,"column":21}},{"start":{},"end":{}}],"line":330},"26":{"loc":{"start":{"line":348,"column":26},"end":{"line":348,"column":56}},"type":"binary-expr","locations":[{"start":{"line":348,"column":26},"end":{"line":348,"column":51}},{"start":{"line":348,"column":55},"end":{"line":348,"column":56}}],"line":348},"27":{"loc":{"start":{"line":349,"column":26},"end":{"line":349,"column":53}},"type":"binary-expr","locations":[{"start":{"line":349,"column":26},"end":{"line":349,"column":48}},{"start":{"line":349,"column":52},"end":{"line":349,"column":53}}],"line":349},"28":{"loc":{"start":{"line":350,"column":26},"end":{"line":350,"column":53}},"type":"binary-expr","locations":[{"start":{"line":350,"column":26},"end":{"line":350,"column":48}},{"start":{"line":350,"column":52},"end":{"line":350,"column":53}}],"line":350},"29":{"loc":{"start":{"line":360,"column":16},"end":{"line":362,"column":17}},"type":"if","locations":[{"start":{"line":360,"column":16},"end":{"line":362,"column":17}},{"start":{},"end":{}}],"line":360},"30":{"loc":{"start":{"line":370,"column":12},"end":{"line":378,"column":13}},"type":"if","locations":[{"start":{"line":370,"column":12},"end":{"line":378,"column":13}},{"start":{"line":372,"column":19},"end":{"line":378,"column":13}}],"line":370},"31":{"loc":{"start":{"line":370,"column":16},"end":{"line":370,"column":80}},"type":"binary-expr","locations":[{"start":{"line":370,"column":16},"end":{"line":370,"column":36}},{"start":{"line":370,"column":40},"end":{"line":370,"column":80}}],"line":370},"32":{"loc":{"start":{"line":372,"column":19},"end":{"line":378,"column":13}},"type":"if","locations":[{"start":{"line":372,"column":19},"end":{"line":378,"column":13}},{"start":{"line":374,"column":19},"end":{"line":378,"column":13}}],"line":372},"33":{"loc":{"start":{"line":374,"column":19},"end":{"line":378,"column":13}},"type":"if","locations":[{"start":{"line":374,"column":19},"end":{"line":378,"column":13}},{"start":{"line":376,"column":19},"end":{"line":378,"column":13}}],"line":374},"34":{"loc":{"start":{"line":404,"column":34},"end":{"line":404,"column":64}},"type":"binary-expr","locations":[{"start":{"line":404,"column":34},"end":{"line":404,"column":55}},{"start":{"line":404,"column":59},"end":{"line":404,"column":64}}],"line":404},"35":{"loc":{"start":{"line":406,"column":16},"end":{"line":406,"column":54}},"type":"cond-expr","locations":[{"start":{"line":406,"column":36},"end":{"line":406,"column":42}},{"start":{"line":406,"column":45},"end":{"line":406,"column":54}}],"line":406},"36":{"loc":{"start":{"line":426,"column":32},"end":{"line":428,"column":85}},"type":"binary-expr","locations":[{"start":{"line":426,"column":32},"end":{"line":426,"column":78}},{"start":{"line":427,"column":32},"end":{"line":427,"column":64}},{"start":{"line":428,"column":32},"end":{"line":428,"column":85}}],"line":426},"37":{"loc":{"start":{"line":430,"column":6},"end":{"line":446,"column":7}},"type":"if","locations":[{"start":{"line":430,"column":6},"end":{"line":446,"column":7}},{"start":{"line":441,"column":13},"end":{"line":446,"column":7}}],"line":430},"38":{"loc":{"start":{"line":457,"column":34},"end":{"line":457,"column":50}},"type":"default-arg","locations":[{"start":{"line":457,"column":41},"end":{"line":457,"column":50}}],"line":457},"39":{"loc":{"start":{"line":464,"column":33},"end":{"line":464,"column":87}},"type":"binary-expr","locations":[{"start":{"line":464,"column":33},"end":{"line":464,"column":78}},{"start":{"line":464,"column":82},"end":{"line":464,"column":87}}],"line":464},"40":{"loc":{"start":{"line":479,"column":6},"end":{"line":491,"column":7}},"type":"if","locations":[{"start":{"line":479,"column":6},"end":{"line":491,"column":7}},{"start":{"line":482,"column":13},"end":{"line":491,"column":7}}],"line":479},"41":{"loc":{"start":{"line":479,"column":10},"end":{"line":479,"column":92}},"type":"binary-expr","locations":[{"start":{"line":479,"column":10},"end":{"line":479,"column":37}},{"start":{"line":479,"column":42},"end":{"line":479,"column":61}},{"start":{"line":479,"column":65},"end":{"line":479,"column":91}}],"line":479},"42":{"loc":{"start":{"line":482,"column":13},"end":{"line":491,"column":7}},"type":"if","locations":[{"start":{"line":482,"column":13},"end":{"line":491,"column":7}},{"start":{"line":489,"column":13},"end":{"line":491,"column":7}}],"line":482},"43":{"loc":{"start":{"line":482,"column":17},"end":{"line":482,"column":56}},"type":"binary-expr","locations":[{"start":{"line":482,"column":17},"end":{"line":482,"column":43}},{"start":{"line":482,"column":47},"end":{"line":482,"column":56}}],"line":482},"44":{"loc":{"start":{"line":494,"column":6},"end":{"line":496,"column":7}},"type":"if","locations":[{"start":{"line":494,"column":6},"end":{"line":496,"column":7}},{"start":{},"end":{}}],"line":494},"45":{"loc":{"start":{"line":499,"column":6},"end":{"line":503,"column":7}},"type":"if","locations":[{"start":{"line":499,"column":6},"end":{"line":503,"column":7}},{"start":{},"end":{}}],"line":499},"46":{"loc":{"start":{"line":507,"column":24},"end":{"line":507,"column":68}},"type":"cond-expr","locations":[{"start":{"line":507,"column":52},"end":{"line":507,"column":56}},{"start":{"line":507,"column":59},"end":{"line":507,"column":68}}],"line":507},"47":{"loc":{"start":{"line":508,"column":25},"end":{"line":510,"column":76}},"type":"cond-expr","locations":[{"start":{"line":508,"column":49},"end":{"line":508,"column":62}},{"start":{"line":509,"column":24},"end":{"line":510,"column":76}}],"line":508},"48":{"loc":{"start":{"line":509,"column":24},"end":{"line":510,"column":76}},"type":"cond-expr","locations":[{"start":{"line":509,"column":50},"end":{"line":509,"column":62}},{"start":{"line":510,"column":24},"end":{"line":510,"column":76}}],"line":509},"49":{"loc":{"start":{"line":510,"column":24},"end":{"line":510,"column":76}},"type":"cond-expr","locations":[{"start":{"line":510,"column":50},"end":{"line":510,"column":62}},{"start":{"line":510,"column":65},"end":{"line":510,"column":76}}],"line":510},"50":{"loc":{"start":{"line":535,"column":23},"end":{"line":535,"column":103}},"type":"cond-expr","locations":[{"start":{"line":535,"column":60},"end":{"line":535,"column":86}},{"start":{"line":535,"column":89},"end":{"line":535,"column":103}}],"line":535},"51":{"loc":{"start":{"line":536,"column":27},"end":{"line":536,"column":50}},"type":"binary-expr","locations":[{"start":{"line":536,"column":27},"end":{"line":536,"column":44}},{"start":{"line":536,"column":48},"end":{"line":536,"column":50}}],"line":536},"52":{"loc":{"start":{"line":558,"column":6},"end":{"line":560,"column":7}},"type":"if","locations":[{"start":{"line":558,"column":6},"end":{"line":560,"column":7}},{"start":{},"end":{}}],"line":558},"53":{"loc":{"start":{"line":568,"column":6},"end":{"line":570,"column":7}},"type":"if","locations":[{"start":{"line":568,"column":6},"end":{"line":570,"column":7}},{"start":{},"end":{}}],"line":568},"54":{"loc":{"start":{"line":573,"column":23},"end":{"line":573,"column":103}},"type":"cond-expr","locations":[{"start":{"line":573,"column":60},"end":{"line":573,"column":86}},{"start":{"line":573,"column":89},"end":{"line":573,"column":103}}],"line":573},"55":{"loc":{"start":{"line":584,"column":27},"end":{"line":584,"column":50}},"type":"binary-expr","locations":[{"start":{"line":584,"column":27},"end":{"line":584,"column":44}},{"start":{"line":584,"column":48},"end":{"line":584,"column":50}}],"line":584},"56":{"loc":{"start":{"line":603,"column":6},"end":{"line":605,"column":7}},"type":"if","locations":[{"start":{"line":603,"column":6},"end":{"line":605,"column":7}},{"start":{},"end":{}}],"line":603},"57":{"loc":{"start":{"line":607,"column":6},"end":{"line":609,"column":7}},"type":"if","locations":[{"start":{"line":607,"column":6},"end":{"line":609,"column":7}},{"start":{},"end":{}}],"line":607},"58":{"loc":{"start":{"line":619,"column":6},"end":{"line":621,"column":7}},"type":"if","locations":[{"start":{"line":619,"column":6},"end":{"line":621,"column":7}},{"start":{},"end":{}}],"line":619},"59":{"loc":{"start":{"line":624,"column":23},"end":{"line":624,"column":103}},"type":"cond-expr","locations":[{"start":{"line":624,"column":60},"end":{"line":624,"column":86}},{"start":{"line":624,"column":89},"end":{"line":624,"column":103}}],"line":624},"60":{"loc":{"start":{"line":627,"column":31},"end":{"line":627,"column":70}},"type":"cond-expr","locations":[{"start":{"line":627,"column":45},"end":{"line":627,"column":55}},{"start":{"line":627,"column":58},"end":{"line":627,"column":70}}],"line":627},"61":{"loc":{"start":{"line":653,"column":6},"end":{"line":657,"column":7}},"type":"if","locations":[{"start":{"line":653,"column":6},"end":{"line":657,"column":7}},{"start":{},"end":{}}],"line":653},"62":{"loc":{"start":{"line":659,"column":6},"end":{"line":663,"column":7}},"type":"if","locations":[{"start":{"line":659,"column":6},"end":{"line":663,"column":7}},{"start":{},"end":{}}],"line":659},"63":{"loc":{"start":{"line":679,"column":6},"end":{"line":690,"column":7}},"type":"if","locations":[{"start":{"line":679,"column":6},"end":{"line":690,"column":7}},{"start":{},"end":{}}],"line":679},"64":{"loc":{"start":{"line":693,"column":6},"end":{"line":707,"column":7}},"type":"if","locations":[{"start":{"line":693,"column":6},"end":{"line":707,"column":7}},{"start":{},"end":{}}],"line":693},"65":{"loc":{"start":{"line":706,"column":42},"end":{"line":706,"column":77}},"type":"binary-expr","locations":[{"start":{"line":706,"column":42},"end":{"line":706,"column":72}},{"start":{"line":706,"column":76},"end":{"line":706,"column":77}}],"line":706},"66":{"loc":{"start":{"line":726,"column":6},"end":{"line":728,"column":7}},"type":"if","locations":[{"start":{"line":726,"column":6},"end":{"line":728,"column":7}},{"start":{},"end":{}}],"line":726},"67":{"loc":{"start":{"line":730,"column":6},"end":{"line":732,"column":7}},"type":"if","locations":[{"start":{"line":730,"column":6},"end":{"line":732,"column":7}},{"start":{},"end":{}}],"line":730},"68":{"loc":{"start":{"line":740,"column":6},"end":{"line":742,"column":7}},"type":"if","locations":[{"start":{"line":740,"column":6},"end":{"line":742,"column":7}},{"start":{},"end":{}}],"line":740},"69":{"loc":{"start":{"line":751,"column":6},"end":{"line":772,"column":7}},"type":"if","locations":[{"start":{"line":751,"column":6},"end":{"line":772,"column":7}},{"start":{},"end":{}}],"line":751},"70":{"loc":{"start":{"line":758,"column":8},"end":{"line":760,"column":9}},"type":"if","locations":[{"start":{"line":758,"column":8},"end":{"line":760,"column":9}},{"start":{},"end":{}}],"line":758},"71":{"loc":{"start":{"line":802,"column":6},"end":{"line":804,"column":7}},"type":"if","locations":[{"start":{"line":802,"column":6},"end":{"line":804,"column":7}},{"start":{},"end":{}}],"line":802},"72":{"loc":{"start":{"line":802,"column":10},"end":{"line":802,"column":41}},"type":"binary-expr","locations":[{"start":{"line":802,"column":10},"end":{"line":802,"column":23}},{"start":{"line":802,"column":27},"end":{"line":802,"column":41}}],"line":802},"73":{"loc":{"start":{"line":813,"column":6},"end":{"line":815,"column":7}},"type":"if","locations":[{"start":{"line":813,"column":6},"end":{"line":815,"column":7}},{"start":{},"end":{}}],"line":813},"74":{"loc":{"start":{"line":880,"column":26},"end":{"line":880,"column":68}},"type":"binary-expr","locations":[{"start":{"line":880,"column":26},"end":{"line":880,"column":63}},{"start":{"line":880,"column":67},"end":{"line":880,"column":68}}],"line":880},"75":{"loc":{"start":{"line":881,"column":29},"end":{"line":881,"column":67}},"type":"binary-expr","locations":[{"start":{"line":881,"column":29},"end":{"line":881,"column":62}},{"start":{"line":881,"column":66},"end":{"line":881,"column":67}}],"line":881},"76":{"loc":{"start":{"line":882,"column":32},"end":{"line":882,"column":67}},"type":"binary-expr","locations":[{"start":{"line":882,"column":32},"end":{"line":882,"column":62}},{"start":{"line":882,"column":66},"end":{"line":882,"column":67}}],"line":882},"77":{"loc":{"start":{"line":883,"column":32},"end":{"line":883,"column":67}},"type":"binary-expr","locations":[{"start":{"line":883,"column":32},"end":{"line":883,"column":62}},{"start":{"line":883,"column":66},"end":{"line":883,"column":67}}],"line":883},"78":{"loc":{"start":{"line":891,"column":34},"end":{"line":891,"column":79}},"type":"binary-expr","locations":[{"start":{"line":891,"column":34},"end":{"line":891,"column":74}},{"start":{"line":891,"column":78},"end":{"line":891,"column":79}}],"line":891},"79":{"loc":{"start":{"line":892,"column":32},"end":{"line":892,"column":75}},"type":"binary-expr","locations":[{"start":{"line":892,"column":32},"end":{"line":892,"column":70}},{"start":{"line":892,"column":74},"end":{"line":892,"column":75}}],"line":892},"80":{"loc":{"start":{"line":893,"column":40},"end":{"line":893,"column":91}},"type":"binary-expr","locations":[{"start":{"line":893,"column":40},"end":{"line":893,"column":86}},{"start":{"line":893,"column":90},"end":{"line":893,"column":91}}],"line":893},"81":{"loc":{"start":{"line":895,"column":32},"end":{"line":900,"column":16}},"type":"cond-expr","locations":[{"start":{"line":895,"column":65},"end":{"line":900,"column":9}},{"start":{"line":900,"column":12},"end":{"line":900,"column":16}}],"line":895},"82":{"loc":{"start":{"line":897,"column":21},"end":{"line":899,"column":46}},"type":"cond-expr","locations":[{"start":{"line":898,"column":14},"end":{"line":898,"column":58}},{"start":{"line":899,"column":14},"end":{"line":899,"column":46}}],"line":897},"83":{"loc":{"start":{"line":926,"column":6},"end":{"line":928,"column":7}},"type":"if","locations":[{"start":{"line":926,"column":6},"end":{"line":928,"column":7}},{"start":{},"end":{}}],"line":926},"84":{"loc":{"start":{"line":952,"column":6},"end":{"line":956,"column":7}},"type":"if","locations":[{"start":{"line":952,"column":6},"end":{"line":956,"column":7}},{"start":{},"end":{}}],"line":952},"85":{"loc":{"start":{"line":958,"column":6},"end":{"line":962,"column":7}},"type":"if","locations":[{"start":{"line":958,"column":6},"end":{"line":962,"column":7}},{"start":{},"end":{}}],"line":958},"86":{"loc":{"start":{"line":958,"column":10},"end":{"line":958,"column":82}},"type":"binary-expr","locations":[{"start":{"line":958,"column":10},"end":{"line":958,"column":24}},{"start":{"line":958,"column":28},"end":{"line":958,"column":82}}],"line":958},"87":{"loc":{"start":{"line":968,"column":6},"end":{"line":980,"column":7}},"type":"if","locations":[{"start":{"line":968,"column":6},"end":{"line":980,"column":7}},{"start":{},"end":{}}],"line":968},"88":{"loc":{"start":{"line":974,"column":26},"end":{"line":974,"column":81}},"type":"binary-expr","locations":[{"start":{"line":974,"column":26},"end":{"line":974,"column":72}},{"start":{"line":974,"column":76},"end":{"line":974,"column":81}}],"line":974},"89":{"loc":{"start":{"line":975,"column":32},"end":{"line":975,"column":91}},"type":"binary-expr","locations":[{"start":{"line":975,"column":32},"end":{"line":975,"column":56}},{"start":{"line":975,"column":60},"end":{"line":975,"column":91}}],"line":975},"90":{"loc":{"start":{"line":982,"column":6},"end":{"line":984,"column":7}},"type":"if","locations":[{"start":{"line":982,"column":6},"end":{"line":984,"column":7}},{"start":{},"end":{}}],"line":982},"91":{"loc":{"start":{"line":996,"column":6},"end":{"line":1027,"column":7}},"type":"if","locations":[{"start":{"line":996,"column":6},"end":{"line":1027,"column":7}},{"start":{},"end":{}}],"line":996},"92":{"loc":{"start":{"line":1004,"column":8},"end":{"line":1026,"column":9}},"type":"if","locations":[{"start":{"line":1004,"column":8},"end":{"line":1026,"column":9}},{"start":{"line":1024,"column":15},"end":{"line":1026,"column":9}}],"line":1004},"93":{"loc":{"start":{"line":1040,"column":18},"end":{"line":1040,"column":40}},"type":"binary-expr","locations":[{"start":{"line":1040,"column":18},"end":{"line":1040,"column":32}},{"start":{"line":1040,"column":36},"end":{"line":1040,"column":40}}],"line":1040},"94":{"loc":{"start":{"line":1057,"column":6},"end":{"line":1059,"column":7}},"type":"if","locations":[{"start":{"line":1057,"column":6},"end":{"line":1059,"column":7}},{"start":{},"end":{}}],"line":1057},"95":{"loc":{"start":{"line":1057,"column":10},"end":{"line":1057,"column":89}},"type":"binary-expr","locations":[{"start":{"line":1057,"column":10},"end":{"line":1057,"column":23}},{"start":{"line":1057,"column":27},"end":{"line":1057,"column":59}},{"start":{"line":1057,"column":63},"end":{"line":1057,"column":89}}],"line":1057},"96":{"loc":{"start":{"line":1067,"column":6},"end":{"line":1069,"column":7}},"type":"if","locations":[{"start":{"line":1067,"column":6},"end":{"line":1069,"column":7}},{"start":{},"end":{}}],"line":1067},"97":{"loc":{"start":{"line":1094,"column":18},"end":{"line":1094,"column":40}},"type":"binary-expr","locations":[{"start":{"line":1094,"column":18},"end":{"line":1094,"column":32}},{"start":{"line":1094,"column":36},"end":{"line":1094,"column":40}}],"line":1094},"98":{"loc":{"start":{"line":1116,"column":6},"end":{"line":1118,"column":7}},"type":"if","locations":[{"start":{"line":1116,"column":6},"end":{"line":1118,"column":7}},{"start":{},"end":{}}],"line":1116}},"s":{"0":1,"1":1,"2":1,"3":1,"4":3,"5":3,"6":3,"7":3,"8":1,"9":2,"10":2,"11":2,"12":3,"13":3,"14":2,"15":2,"16":1,"17":1,"18":1,"19":1,"20":1,"21":1,"22":1,"23":1,"24":1,"25":0,"26":0,"27":7,"28":7,"29":7,"30":7,"31":0,"32":0,"33":0,"34":0,"35":0,"36":0,"37":0,"38":1,"39":2,"40":2,"41":2,"42":2,"43":2,"44":1,"45":1,"46":1,"47":2,"48":0,"49":1,"50":1,"51":1,"52":1,"53":2,"54":1,"55":2,"56":1,"57":2,"58":2,"59":2,"60":2,"61":2,"62":2,"63":2,"64":2,"65":2,"66":2,"67":2,"68":2,"69":1,"70":1,"71":1,"72":1,"73":1,"74":1,"75":1,"76":0,"77":0,"78":0,"79":0,"80":1,"81":1,"82":1,"83":1,"84":1,"85":1,"86":1,"87":1,"88":1,"89":1,"90":1,"91":1,"92":1,"93":0,"94":1,"95":1,"96":1,"97":0,"98":0,"99":0,"100":0,"101":0,"102":0,"103":0,"104":0,"105":0,"106":0,"107":0,"108":0,"109":0,"110":0,"111":0,"112":0,"113":0,"114":1,"115":0,"116":0,"117":0,"118":0,"119":0,"120":0,"121":0,"122":0,"123":0,"124":1,"125":1,"126":1,"127":0,"128":0,"129":0,"130":0,"131":0,"132":0,"133":0,"134":0,"135":0,"136":1,"137":2,"138":2,"139":2,"140":2,"141":2,"142":2,"143":2,"144":2,"145":2,"146":2,"147":2,"148":2,"149":2,"150":0,"151":0,"152":0,"153":0,"154":2,"155":0,"156":2,"157":1,"158":1,"159":1,"160":2,"161":2,"162":2,"163":2,"164":2,"165":2,"166":1,"167":2,"168":1,"169":2,"170":2,"171":1,"172":1,"173":2,"174":2,"175":0,"176":0,"177":1,"178":2,"179":2,"180":2,"181":2,"182":0,"183":2,"184":2,"185":1,"186":1,"187":1,"188":2,"189":1,"190":2,"191":0,"192":0,"193":1,"194":2,"195":2,"196":2,"197":2,"198":2,"199":0,"200":2,"201":1,"202":1,"203":1,"204":0,"205":1,"206":1,"207":2,"208":0,"209":0,"210":1,"211":1,"212":1,"213":1,"214":1,"215":1,"216":1,"217":1,"218":0,"219":0,"220":0,"221":1,"222":0,"223":0,"224":0,"225":1,"226":1,"227":1,"228":1,"229":1,"230":1,"231":1,"232":1,"233":1,"234":0,"235":0,"236":0,"237":0,"238":1,"239":0,"240":0,"241":1,"242":0,"243":0,"244":0,"245":0,"246":0,"247":0,"248":0,"249":0,"250":0,"251":0,"252":0,"253":0,"254":0,"255":0,"256":0,"257":0,"258":0,"259":0,"260":0,"261":0,"262":0,"263":0,"264":0,"265":1,"266":0,"267":0,"268":0,"269":0,"270":0,"271":0,"272":0,"273":0,"274":0,"275":0,"276":0,"277":0,"278":1,"279":1,"280":1,"281":1,"282":1,"283":1,"284":1,"285":1,"286":1,"287":1,"288":0,"289":0,"290":1,"291":2,"292":2,"293":2,"294":2,"295":1,"296":1,"297":1,"298":0,"299":0,"300":1,"301":1,"302":1,"303":1,"304":1,"305":1,"306":1,"307":1,"308":1,"309":1,"310":1,"311":1,"312":1,"313":1,"314":1,"315":1,"316":1,"317":1,"318":0,"319":0,"320":0,"321":0,"322":0,"323":0,"324":1,"325":0,"326":1,"327":1,"328":1,"329":0,"330":0,"331":0,"332":0,"333":0,"334":0,"335":0,"336":0,"337":0,"338":1,"339":1,"340":0,"341":0,"342":1,"343":2,"344":2,"345":2,"346":2,"347":0,"348":2,"349":2,"350":1,"351":1,"352":1,"353":1,"354":1,"355":0,"356":0,"357":1,"358":2,"359":2,"360":2,"361":2,"362":1,"363":1,"364":1,"365":1,"366":1,"367":1,"368":1,"369":1,"370":1,"371":1,"372":0,"373":0,"374":1,"375":1},"f":{"0":1,"1":3,"2":7,"3":0,"4":2,"5":2,"6":1,"7":2,"8":2,"9":2,"10":1,"11":0,"12":1,"13":1,"14":1,"15":1,"16":0,"17":0,"18":0,"19":1,"20":0,"21":2,"22":1,"23":1,"24":1,"25":2,"26":2,"27":1,"28":0,"29":0,"30":0,"31":1,"32":1,"33":2,"34":1,"35":0,"36":2,"37":2},"b":{"0":[1],"1":[1,1],"2":[1,2],"3":[3,2,2],"4":[2,1],"5":[1,1],"6":[1,0],"7":[1,0],"8":[7],"9":[0,0,0],"10":[0,0],"11":[0,0],"12":[1,1],"13":[2,1],"14":[0,1],"15":[0,2],"16":[2,0],"17":[1,1],"18":[0,1],"19":[1,1],"20":[0,1],"21":[1,1],"22":[1,1],"23":[0,1],"24":[1,1],"25":[0,0],"26":[0,0],"27":[0,0],"28":[0,0],"29":[0,0],"30":[0,0],"31":[0,0],"32":[0,0],"33":[0,0],"34":[1,1],"35":[0,1],"36":[0,0,0],"37":[0,0],"38":[2],"39":[2,2],"40":[2,0],"41":[2,2,2],"42":[0,0],"43":[0,0],"44":[0,2],"45":[1,1],"46":[2,0],"47":[0,2],"48":[2,0],"49":[0,0],"50":[1,0],"51":[1,0],"52":[0,2],"53":[1,1],"54":[1,0],"55":[1,0],"56":[0,2],"57":[1,1],"58":[0,1],"59":[1,0],"60":[1,0],"61":[0,1],"62":[0,1],"63":[1,0],"64":[0,1],"65":[0,0],"66":[0,0],"67":[0,0],"68":[0,0],"69":[0,0],"70":[0,0],"71":[0,0],"72":[0,0],"73":[0,0],"74":[1,0],"75":[1,0],"76":[1,0],"77":[1,0],"78":[1,0],"79":[1,0],"80":[1,0],"81":[0,1],"82":[0,0],"83":[1,1],"84":[1,0],"85":[1,0],"86":[1,1],"87":[0,1],"88":[0,0],"89":[0,0],"90":[0,1],"91":[0,1],"92":[0,0],"93":[1,0],"94":[0,2],"95":[2,2,2],"96":[1,1],"97":[1,0],"98":[1,1]},"meta":{"lastBranch":99,"lastFunction":38,"lastStatement":376,"seen":{"f:11:9:11:27":0,"b:11:37:11:41":0,"s:12:17:12:33":0,"s:13:23:13:37":1,"b:13:23:13:29:13:33:13:37":1,"s:14:23:14:57":2,"s:20:2:95:5":3,"f:20:32:20:37":1,"s:21:4:94:5":4,"s:22:34:22:42":5,"s:23:21:23:32":6,"b:25:6:27:7:undefined:undefined:undefined:undefined":2,"s:25:6:27:7":7,"b:25:10:25:26:25:30:25:65:25:69:25:98":3,"s:26:8:26:78":8,"s:29:23:29:59":9,"s:32:23:35:7":10,"s:37:40:38:68":11,"b:37:40:37:64:38:8:38:68":4,"s:42:6:42:74":12,"s:43:35:46:7":13,"s:47:6:47:91":14,"b:49:6:84:7:77:13:84:7":5,"s:49:6:84:7":15,"s:51:8:56:10":16,"b:58:8:76:9:undefined:undefined:undefined:undefined":6,"s:58:8:76:9":17,"s:60:29:63:11":18,"s:64:28:64:68":19,"b:64:37:64:62:64:66:64:67":7,"s:66:10:66:104":20,"s:68:10:74:13":21,"s:75:10:75:17":22,"s:79:8:83:10":23,"s:86:6:90:9":24,"s:92:6:92:63":25,"s:93:6:93:74":26,"f:102:17:102:27":2,"b:102:50:102:51":8,"s:103:4:118:5":27,"s:103:17:103:18":28,"s:104:6:117:7":29,"s:105:8:105:31":30,"s:107:34:109:56":31,"b:107:34:107:82:108:34:108:68:109:34:109:56":9,"b:111:8:115:9:undefined:undefined:undefined:undefined":10,"s:111:8:115:9":32,"b:111:12:111:29:111:33:111:51":11,"s:112:10:112:101":33,"s:113:10:113:76":34,"f:113:28:113:35":3,"s:113:39:113:74":35,"s:114:10:114:19":36,"s:116:8:116:20":37,"s:121:2:448:5":38,"f:121:29:121:34":4,"s:122:4:447:5":39,"s:123:21:123:32":40,"s:126:29:131:8":41,"f:126:46:126:51":5,"s:127:8:130:10":42,"b:133:6:135:7:undefined:undefined:undefined:undefined":12,"s:133:6:135:7":43,"b:133:10:133:42:133:46:133:85":13,"s:134:8:134:122":44,"s:137:71:137:93":45,"s:140:29:140:77":46,"b:140:43:140:70:140:73:140:77":14,"b:143:6:147:7:undefined:undefined:undefined:undefined":15,"s:143:6:147:7":47,"b:143:10:143:31:143:35:143:50":16,"s:144:8:146:11":48,"s:150:6:157:9":49,"f:150:23:150:28":6,"s:151:8:156:10":50,"s:161:27:165:7":51,"b:163:8:163:22:163:26:163:30":17,"s:169:32:169:89":52,"f:169:52:169:56":7,"s:169:60:169:81":53,"s:170:31:170:89":54,"f:170:51:170:55":8,"s:170:59:170:81":55,"s:172:35:174:52":56,"b:173:10:173:22:174:10:174:52":18,"f:174:30:174:34":9,"s:174:38:174:51":57,"s:176:6:176:49":58,"s:177:6:177:69":59,"s:178:6:178:59":60,"s:179:6:179:61":61,"s:180:6:180:75":62,"s:181:6:181:79":63,"s:182:6:182:61":64,"s:184:18:184:19":65,"s:185:20:185:21":66,"s:186:19:186:21":67,"s:189:6:384:7":68,"s:190:8:383:9":69,"s:192:30:197:11":70,"b:195:12:195:26:195:30:195:34":19,"s:199:29:199:96":71,"s:201:10:201:100":72,"s:204:27:209:12":73,"f:204:44:204:49":10,"s:205:12:208:14":74,"b:211:10:284:11:248:17:284:11":20,"s:211:10:284:11":75,"s:213:12:245:15":76,"f:213:29:213:34":11,"s:214:14:244:16":77,"s:246:12:246:22":78,"s:247:12:247:98":79,"s:250:12:281:15":80,"f:250:29:250:34":12,"s:251:14:280:16":81,"s:282:12:282:20":82,"s:283:12:283:96":83,"s:288:10:379:11":84,"s:291:12:296:15":85,"f:291:29:291:34":13,"s:292:14:295:16":86,"s:299:12:299:67":87,"f:299:30:299:37":14,"s:299:41:299:65":88,"s:301:12:301:92":89,"s:304:40:310:13":90,"b:307:14:307:28:307:32:307:36":21,"s:312:35:314:13":91,"f:312:47:312:48":15,"s:313:14:313:96":92,"f:313:25:313:26":16,"s:313:31:313:88":93,"s:316:34:316:91":94,"s:318:12:318:107":95,"b:318:39:318:60:318:64:318:65":22,"b:321:12:367:13:365:19:367:13":23,"s:321:12:367:13":96,"b:321:16:321:29:321:33:321:57":24,"s:322:32:322:33":97,"s:324:32:324:34":98,"s:325:14:363:15":99,"s:325:27:325:28":100,"s:326:30:326:67":101,"s:327:16:358:17":102,"s:328:18:357:19":103,"b:330:20:332:21:undefined:undefined:undefined:undefined":25,"s:330:20:332:21":104,"s:331:22:331:124":105,"s:334:20:353:23":106,"f:334:37:334:42":17,"s:335:22:352:24":107,"b:348:26:348:51:348:55:348:56":26,"b:349:26:349:48:349:52:349:53":27,"b:350:26:350:48:350:52:350:53":28,"s:354:20:354:34":108,"s:356:20:356:125":109,"b:360:16:362:17:undefined:undefined:undefined:undefined":29,"s:360:16:362:17":110,"s:361:18:361:73":111,"f:361:36:361:43":18,"s:361:47:361:71":112,"s:364:14:364:120":113,"s:366:14:366:118":114,"b:370:12:378:13:372:19:378:13":30,"s:370:12:378:13":115,"b:370:16:370:36:370:40:370:80":31,"s:371:14:371:102":116,"b:372:19:378:13:374:19:378:13":32,"s:372:19:378:13":117,"s:373:14:373:98":118,"b:374:19:378:13:376:19:378:13":33,"s:374:19:378:13":119,"s:375:14:375:102":120,"s:377:14:377:103":121,"s:381:10:381:90":122,"s:382:10:382:75":123,"s:387:6:394:9":124,"f:387:23:387:28":19,"s:388:8:393:10":125,"s:396:6:407:9":126,"b:404:34:404:55:404:59:404:64":34,"b:406:36:406:42:406:45:406:54":35,"s:409:6:409:58":127,"s:412:6:423:7":128,"s:413:8:420:11":129,"f:413:25:413:30":20,"s:414:10:419:12":130,"s:422:8:422:78":131,"s:426:32:428:85":132,"b:426:32:426:78:427:32:427:64:428:32:428:85":36,"b:430:6:446:7:441:13:446:7":37,"s:430:6:446:7":133,"s:431:8:440:11":134,"s:442:8:445:11":135,"s:454:2:547:5":136,"f:454:36:454:41":21,"s:455:4:546:5":137,"s:456:21:456:32":138,"s:457:72:457:81":139,"b:457:41:457:50":38,"s:460:29:463:7":140,"s:464:33:464:87":141,"b:464:33:464:78:464:82:464:87":39,"s:465:23:465:61":142,"s:467:6:467:157":143,"s:469:18:472:7":144,"s:473:21:473:29":145,"s:474:23:474:24":146,"b:479:6:491:7:482:13:491:7":40,"s:479:6:491:7":147,"b:479:10:479:37:479:42:479:61:479:65:479:91":41,"s:480:8:480:43":148,"s:481:8:481:63":149,"b:482:13:491:7:489:13:491:7":42,"s:482:13:491:7":150,"b:482:17:482:43:482:47:482:56":43,"s:484:8:484:72":151,"s:485:8:488:11":152,"s:490:8:490:74":153,"b:494:6:496:7:undefined:undefined:undefined:undefined":44,"s:494:6:496:7":154,"s:495:8:495:43":155,"b:499:6:503:7:undefined:undefined:undefined:undefined":45,"s:499:6:503:7":156,"s:500:8:500:50":157,"s:501:8:501:30":158,"s:502:8:502:21":159,"s:506:25:506:66":160,"s:507:24:507:68":161,"b:507:52:507:56:507:59:507:68":46,"s:508:25:510:76":162,"b:508:49:508:62:509:24:510:76":47,"b:509:50:509:62:510:24:510:76":48,"b:510:50:510:62:510:65:510:76":49,"s:512:6:512:46":163,"s:514:21:514:60":164,"s:517:27:517:80":165,"f:517:46:517:47":22,"s:517:51:517:72":166,"s:518:26:518:80":167,"f:518:45:518:46":23,"s:518:50:518:72":168,"s:519:6:519:115":169,"s:522:27:539:7":170,"f:523:24:523:29":24,"s:525:31:531:11":171,"s:533:10:537:12":172,"b:535:60:535:86:535:89:535:103":50,"b:536:27:536:44:536:48:536:50":51,"s:541:6:541:81":173,"s:542:6:542:33":174,"s:544:6:544:59":175,"s:545:6:545:70":176,"s:553:2:591:5":177,"f:553:44:553:49":25,"s:554:4:590:5":178,"s:555:21:555:32":179,"s:556:21:556:48":180,"b:558:6:560:7:undefined:undefined:undefined:undefined":52,"s:558:6:560:7":181,"s:559:8:559:72":182,"s:562:21:566:7":183,"b:568:6:570:7:undefined:undefined:undefined:undefined":53,"s:568:6:570:7":184,"s:569:8:569:71":185,"s:572:19:572:33":186,"s:573:6:573:104":187,"b:573:60:573:86:573:89:573:103":54,"s:576:27:582:7":188,"s:584:6:584:51":189,"b:584:27:584:44:584:48:584:50":55,"s:586:6:586:37":190,"s:588:6:588:57":191,"s:589:6:589:68":192,"s:597:2:634:5":193,"f:597:52:597:57":26,"s:598:4:633:5":194,"s:599:21:599:32":195,"s:600:21:600:48":196,"s:601:30:601:38":197,"b:603:6:605:7:undefined:undefined:undefined:undefined":56,"s:603:6:605:7":198,"s:604:8:604:72":199,"b:607:6:609:7:undefined:undefined:undefined:undefined":57,"s:607:6:609:7":200,"s:608:8:608:80":201,"s:611:21:617:7":202,"b:619:6:621:7:undefined:undefined:undefined:undefined":58,"s:619:6:621:7":203,"s:620:8:620:71":204,"s:623:19:623:33":205,"s:624:6:624:104":206,"b:624:60:624:86:624:89:624:103":59,"s:626:6:629:9":207,"b:627:45:627:55:627:58:627:70":60,"s:631:6:631:62":208,"s:632:6:632:74":209,"s:640:2:714:5":210,"f:640:37:640:42":27,"s:641:4:713:5":211,"s:642:21:642:32":212,"s:643:39:643:48":213,"s:645:18:649:7":214,"s:650:21:650:29":215,"s:651:23:651:24":216,"b:653:6:657:7:undefined:undefined:undefined:undefined":61,"s:653:6:657:7":217,"s:654:8:654:47":218,"s:655:8:655:32":219,"s:656:8:656:21":220,"b:659:6:663:7:undefined:undefined:undefined:undefined":62,"s:659:6:663:7":221,"s:660:8:660:47":222,"s:661:8:661:30":223,"s:662:8:662:21":224,"s:665:6:665:50":225,"s:667:21:667:60":226,"s:669:6:669:96":227,"s:672:24:678:7":228,"b:679:6:690:7:undefined:undefined:undefined:undefined":63,"s:679:6:690:7":229,"s:680:8:680:133":230,"s:682:28:688:9":231,"s:689:8:689:59":232,"b:693:6:707:7:undefined:undefined:undefined:undefined":64,"s:693:6:707:7":233,"s:694:27:698:9":234,"s:699:8:699:99":235,"s:702:27:705:9":236,"s:706:8:706:94":237,"b:706:42:706:72:706:76:706:77":65,"s:709:6:709:47":238,"s:711:6:711:60":239,"s:712:6:712:93":240,"s:720:2:790:5":241,"f:720:52:720:57":28,"s:721:4:789:5":242,"s:722:21:722:32":243,"s:723:21:723:48":244,"s:724:28:724:36":245,"b:726:6:728:7:undefined:undefined:undefined:undefined":66,"s:726:6:728:7":246,"s:727:8:727:72":247,"b:730:6:732:7:undefined:undefined:undefined:undefined":67,"s:730:6:732:7":248,"s:731:8:731:77":249,"s:735:24:738:7":250,"b:740:6:742:7:undefined:undefined:undefined:undefined":68,"s:740:6:742:7":251,"s:741:8:741:71":252,"s:745:6:748:8":253,"b:751:6:772:7:undefined:undefined:undefined:undefined":69,"s:751:6:772:7":254,"s:753:27:756:9":255,"b:758:8:760:9:undefined:undefined:undefined:undefined":70,"s:758:8:760:9":256,"s:759:10:759:105":257,"s:763:23:765:20":258,"f:763:37:763:38":29,"s:764:10:764:35":259,"s:767:8:771:10":260,"s:775:27:780:7":261,"s:782:6:785:9":262,"s:787:6:787:52":263,"s:788:6:788:63":264,"s:796:2:822:5":265,"f:796:63:796:68":30,"s:797:4:821:5":266,"s:798:21:798:32":267,"s:799:21:799:48":268,"s:800:22:800:50":269,"b:802:6:804:7:undefined:undefined:undefined:undefined":71,"s:802:6:804:7":270,"b:802:10:802:23:802:27:802:41":72,"s:803:8:803:84":271,"s:806:21:811:7":272,"b:813:6:815:7:undefined:undefined:undefined:undefined":73,"s:813:6:815:7":273,"s:814:8:814:71":274,"s:817:6:817:59":275,"s:819:6:819:53":276,"s:820:6:820:64":277,"s:828:2:908:5":278,"f:828:29:828:34":31,"s:829:4:907:5":279,"s:830:21:830:32":280,"s:833:24:842:7":281,"s:845:28:853:7":282,"s:856:32:864:7":283,"s:867:29:876:7":284,"s:878:20:901:7":285,"b:880:26:880:63:880:67:880:68":74,"b:881:29:881:62:881:66:881:67":75,"b:882:32:882:62:882:66:882:67":76,"b:883:32:883:62:883:66:883:67":77,"f:885:42:885:45":32,"s:885:50:889:9":286,"b:891:34:891:74:891:78:891:79":78,"b:892:32:892:70:892:74:892:75":79,"b:893:40:893:86:893:90:893:91":80,"b:895:65:900:9:900:12:900:16":81,"b:898:14:898:58:899:14:899:46":82,"s:903:6:903:26":287,"s:905:6:905:59":288,"s:906:6:906:75":289,"s:914:2:937:5":290,"f:914:32:914:37":33,"s:915:4:936:5":291,"s:916:21:916:32":292,"s:918:21:924:7":293,"b:926:6:928:7:undefined:undefined:undefined:undefined":83,"s:926:6:928:7":294,"s:927:8:927:44":295,"s:931:23:931:37":296,"s:932:6:932:29":297,"s:934:6:934:62":298,"s:935:6:935:73":299,"s:943:2:1046:5":300,"f:943:32:943:37":34,"s:944:4:1045:5":301,"s:945:21:945:32":302,"s:946:75:946:83":303,"s:948:22:948:24":304,"s:949:21:949:23":305,"s:950:23:950:24":306,"b:952:6:956:7:undefined:undefined:undefined:undefined":84,"s:952:6:956:7":307,"s:953:8:953:59":308,"s:954:8:954:39":309,"s:955:8:955:21":310,"b:958:6:962:7:undefined:undefined:undefined:undefined":85,"s:958:6:962:7":311,"b:958:10:958:24:958:28:958:82":86,"s:959:8:959:56":312,"s:960:8:960:36":313,"s:961:8:961:21":314,"s:965:34:965:39":315,"s:966:28:966:32":316,"b:968:6:980:7:undefined:undefined:undefined:undefined":87,"s:968:6:980:7":317,"s:970:32:973:9":318,"s:974:8:974:82":319,"b:974:26:974:72:974:76:974:81":88,"s:975:8:975:92":320,"b:975:32:975:56:975:60:975:91":89,"s:977:8:977:63":321,"s:978:8:978:43":322,"s:979:8:979:21":323,"b:982:6:984:7:undefined:undefined:undefined:undefined":90,"s:982:6:984:7":324,"s:983:8:983:76":325,"s:986:6:986:26":326,"s:988:6:993:8":327,"b:996:6:1027:7:undefined:undefined:undefined:undefined":91,"s:996:6:1027:7":328,"s:998:35:1001:9":329,"s:1002:31:1002:80":330,"f:1002:59:1002:60":35,"s:1002:64:1002:79":331,"b:1004:8:1026:9:1024:15:1026:9":92,"s:1004:8:1026:9":332,"s:1006:10:1009:12":333,"s:1012:10:1015:12":334,"s:1018:31:1021:11":335,"s:1023:10:1023:119":336,"s:1025:10:1025:81":337,"s:1030:21:1036:7":338,"s:1038:6:1041:9":339,"b:1040:18:1040:32:1040:36:1040:40":93,"s:1043:6:1043:62":340,"s:1044:6:1044:74":341,"s:1052:2:1100:5":342,"f:1052:29:1052:34":36,"s:1053:4:1099:5":343,"s:1054:21:1054:32":344,"s:1055:31:1055:39":345,"b:1057:6:1059:7:undefined:undefined:undefined:undefined":94,"s:1057:6:1059:7":346,"b:1057:10:1057:23:1057:27:1057:59:1057:63:1057:89":95,"s:1058:8:1058:75":347,"s:1062:28:1065:7":348,"b:1067:6:1069:7:undefined:undefined:undefined:undefined":96,"s:1067:6:1069:7":349,"s:1068:8:1068:122":350,"s:1072:28:1072:62":351,"s:1075:6:1080:8":352,"s:1083:21:1089:7":353,"s:1091:6:1095:9":354,"b:1094:18:1094:32:1094:36:1094:40":97,"s:1097:6:1097:59":355,"s:1098:6:1098:71":356,"s:1106:2:1163:5":357,"f:1106:37:1106:42":37,"s:1107:4:1162:5":358,"s:1108:21:1108:32":359,"s:1111:28:1114:7":360,"b:1116:6:1118:7:undefined:undefined:undefined:undefined":98,"s:1116:6:1118:7":361,"s:1117:8:1117:79":362,"s:1123:28:1126:7":363,"s:1127:6:1127:101":364,"s:1130:35:1133:7":365,"s:1134:6:1134:106":366,"s:1137:27:1140:7":367,"s:1141:6:1141:90":368,"s:1144:6:1147:8":369,"s:1148:6:1148:68":370,"s:1150:6:1158:9":371,"s:1160:6:1160:66":372,"s:1161:6:1161:77":373,"s:1165:2:1165:16":374,"s:1169:15:1169:35":375}}}
}
